f(u, N, dt, f_u, flags, dt) : Computing G(x)
f(u, N, dt, f_u, flags, dt) : 
========================================================
Newton iteration number 0
Current state of Newton iteration:
   fcount_newton   == 1
   fcount_optimiza == 0
   L2Norm(x)       == 0.0394337
   L2Norm(dxN)     == 0
   L2Norm(dxOpt)   == 0
   L2Dist(x,x0)    == 0
gx == L2Norm(G(x)) : 
   initial  gx == 1.06881e-05
   previous gx == 1.06881e-05
   current  gx == 1.06881e-05
rx == 1/2 L2Norm2(G(x)) : 
   initial  rx == 5.71176e-11
   previous rx == 5.71176e-11
   current  rx == 5.71176e-11
         delta == 0.01
Newt,GMRES == 0,0, f(u, N, dt, f_u, flags, dt) :  res == 0.303407
Newt,GMRES == 0,1, f(u, N, dt, f_u, flags, dt) :  res == 0.0148208
Newt,GMRES == 0,2, f(u, N, dt, f_u, flags, dt) :  res == 3.94344e-05
GMRES converged. Breaking.
------------------------------------------------
Beginning hookstep calculations.
-------------------------------------------
Hookstep number 0
delta == 0.01
Newton step is within trust region: 
L2Norm(dxN) == 0.000499383 <= 0.01 == delta
Computing residual of hookstep dxH
L2Norm(dxH) == 0.000499383
f(u, N, dt, f_u, flags, dt) : 
r(x), r(x+dxH) == 5.71176e-11, 1.54643e-12
Computing local quadratic model of residual
f(u, N, dt, f_u, flags, dt) : 
Determining what to do with current Newton/hookstep and trust region
rx       ==   5.71176e-11 residual at current position
rH       ==   1.54643e-12 residual of newton/hookstep
Delta_rH ==  -5.55712e-11 actual improvement in residual from newton/hookstep

             -6.96754e-14 lower bound for acceptable improvement
             -4.84209e-12 upper bound for ok improvement.
             -3.63157e-11 upper bound for good improvement.
Delta_rH ==  -5.55712e-11 ------> Good <------
             -4.35788e-11 upper bound for accurate prediction.
              -5.3263e-11 lower bound for accurate prediction.
             -6.96754e-11 local linear model of improvement
lambda       == 2.47001 is the reduction/increase factor for delta suggested by quadratic model
lambda*delta == 0.0247001 is the delta suggested by quadratic model
Improvement is Good (some form of acceptable).
Stop adjusting trust region and take a step because
Improvement is merely Poor, Ok, or Good : 1
Newton step is within trust region      : 1
Backup step is better                   : 0
Delta has reached local limit           : 0
Take current step and leave delta unchanged, for the following reasons:
improvement            : Good
|newtonstep| <= delta  : true
delta >= deltaMax      : false
delta == 0.01

Taking best step and continuing Newton iteration.
L2Norm(G(x)) == 1.75866e-06
rx           == 1.54643e-12
L2Norm(dxN)  == 0.000499383
L2Norm(dxOpt)== 0.000499383
========================================================
Newton iteration number 1
Current state of Newton iteration:
   fcount_newton   == 4
   fcount_optimiza == 2
   L2Norm(x)       == 0.0399331
   L2Norm(dxN)     == 0.000499383
   L2Norm(dxOpt)   == 0.000499383
   L2Dist(x,x0)    == 0.000499383
gx == L2Norm(G(x)) : 
   initial  gx == 1.06881e-05
   previous gx == 1.06881e-05
   current  gx == 1.75866e-06
rx == 1/2 L2Norm2(G(x)) : 
   initial  rx == 5.71176e-11
   previous rx == 5.71176e-11
   current  rx == 1.54643e-12
         delta == 0.01
Newt,GMRES == 1,0, f(u, N, dt, f_u, flags, dt) :  res == 0.97553
Newt,GMRES == 1,1, f(u, N, dt, f_u, flags, dt) :  res == 0.0272833
Newt,GMRES == 1,2, f(u, N, dt, f_u, flags, dt) :  res == 2.2524e-05
GMRES converged. Breaking.
------------------------------------------------
Beginning hookstep calculations.
-------------------------------------------
Hookstep number 0
delta == 0.01
Newton step is within trust region: 
L2Norm(dxN) == 0.000232126 <= 0.01 == delta
Computing residual of hookstep dxH
L2Norm(dxH) == 0.000232126
f(u, N, dt, f_u, flags, dt) : 
r(x), r(x+dxH) == 1.54643e-12, 3.15295e-12
Computing local quadratic model of residual
f(u, N, dt, f_u, flags, dt) : 
Determining what to do with current Newton/hookstep and trust region
rx       ==   1.54643e-12 residual at current position
rH       ==   3.15295e-12 residual of newton/hookstep
Delta_rH ==   1.60652e-12 actual improvement in residual from newton/hookstep

Delta_rH ==   1.60652e-12 ------> Unacceptable <------ 
             -8.06706e-15 lower bound for acceptable improvement
              2.47029e-13 upper bound for ok improvement.
              1.85272e-12 upper bound for good improvement.
              2.71732e-12 upper bound for accurate prediction.
              2.22326e-12 lower bound for accurate prediction.
             -8.06706e-12 local linear model of improvement
lambda       == 0.416964 is the reduction/increase factor for delta suggested by quadratic model
lambda*delta == 0.00416964 is the delta suggested by quadratic model
Improvement is unacceptable.
No backup step is available.
Reduce trust region by minimizing local quadratic model and recompute hookstep.
  old delta == 0.01
  new delta == 0.00416964
delta new == 0.00416964
That delta is still bigger than the Newton step.
Reducing delta to half the length of the Newton step.
  old delta == 0.00416964
  new delta == 0.000116063
-------------------------------------------
Hookstep number 1
delta == 0.000116063
Newton step is outside trust region: 
L2Norm(dxN) == 0.000232126 > 0.000116063 == delta
Calculate hookstep dxH(mu) with radius L2Norm(dxH(mu)) == delta
mu, L2Norm(dxH(mu)) == 0, 0.000232126
mu, L2Norm(dxH(mu)) == 0.00567113, 0.000132643
mu, L2Norm(dxH(mu)) == 0.00744337, 0.000116977
mu, L2Norm(dxH(mu)) == 0.00756106, 0.000116066
mu, L2Norm(dxH(mu)) == 0.00756152, 0.000116063
Found hookstep of proper radius
ndxHmu == 0.000116063 ~= 0.000116063 == delta 
Computing residual of hookstep dxH
L2Norm(dxH) == 0.000116063
f(u, N, dt, f_u, flags, dt) : 
r(x), r(x+dxH) == 1.54643e-12, 6.80731e-14
Computing local quadratic model of residual
f(u, N, dt, f_u, flags, dt) : 
Determining what to do with current Newton/hookstep and trust region
rx       ==   1.54643e-12 residual at current position
rH       ==   6.80731e-14 residual of newton/hookstep
Delta_rH ==  -1.47836e-12 actual improvement in residual from newton/hookstep

              -4.0389e-15 lower bound for acceptable improvement
             -1.40122e-13 upper bound for ok improvement.
             -1.05092e-12 upper bound for good improvement.
              -1.2611e-12 upper bound for accurate prediction.
Delta_rH ==  -1.47836e-12 ------> Accurate <------
             -1.54135e-12 lower bound for accurate prediction.
              -4.0389e-12 local linear model of improvement
lambda       == 0.788682 is the reduction/increase factor for delta suggested by quadratic model
lambda*delta == 9.15368e-05 is the delta suggested by quadratic model
Improvement is Accurate
  old delta == 0.000116063
  new delta == 0.000174094
Continue adjusting trust region radius delta because
Suggested delta has room: new_delta < deltaMaxLocal 0.000174094 < 0.01
Increase delta and recompute hookstep.
 old delta == 0.000116063
 new delta == 0.000174094
-------------------------------------------
Hookstep number 2
delta == 0.000174094
Newton step is outside trust region: 
L2Norm(dxN) == 0.000232126 > 0.000174094 == delta
Calculate hookstep dxH(mu) with radius L2Norm(dxH(mu)) == delta
mu, L2Norm(dxH(mu)) == 0, 0.000232126
mu, L2Norm(dxH(mu)) == 0.00220544, 0.00017971
mu, L2Norm(dxH(mu)) == 0.00251558, 0.000174179
mu, L2Norm(dxH(mu)) == 0.0025205, 0.000174094
Found hookstep of proper radius
ndxHmu == 0.000174094 ~= 0.000174094 == delta 
Computing residual of hookstep dxH
L2Norm(dxH) == 0.000174094
f(u, N, dt, f_u, flags, dt) : 
r(x), r(x+dxH) == 1.54643e-12, 1.03329e-12
Computing local quadratic model of residual
f(u, N, dt, f_u, flags, dt) : 
Determining what to do with current Newton/hookstep and trust region
rx       ==   1.54643e-12 residual at current position
rH       ==   1.03329e-12 residual of newton/hookstep
Delta_rH ==  -5.13147e-13 actual improvement in residual from newton/hookstep

               -6.053e-15 lower bound for acceptable improvement
             -1.24105e-14 upper bound for ok improvement.
             -9.30786e-14 upper bound for good improvement.
Delta_rH ==  -5.13147e-13 ------> Good <------
             -1.11694e-13 upper bound for accurate prediction.
             -1.36515e-13 lower bound for accurate prediction.
               -6.053e-12 local linear model of improvement
lambda       == 0.546314 is the reduction/increase factor for delta suggested by quadratic model
lambda*delta == 9.51102e-05 is the delta suggested by quadratic model
Improvement is Good (some form of acceptable).
Stop adjusting trust region and take a step because
Improvement is merely Poor, Ok, or Good : 1
Newton step is within trust region      : 0
Backup step is better                   : 1
Delta has reached local limit           : 0
Take backup step and set delta to backup value.
  old delta == 0.000174094
  new delta == 0.000116063

Taking best step and continuing Newton iteration.
L2Norm(G(x)) == 3.6898e-07
rx           == 6.80731e-14
L2Norm(dxN)  == 0.000232126
L2Norm(dxOpt)== 0.000116063
========================================================
Newton iteration number 2
Current state of Newton iteration:
   fcount_newton   == 7
   fcount_optimiza == 8
   L2Norm(x)       == 0.0400491
   L2Norm(dxN)     == 0.000232126
   L2Norm(dxOpt)   == 0.000116063
   L2Dist(x,x0)    == 0.000615446
gx == L2Norm(G(x)) : 
   initial  gx == 1.06881e-05
   previous gx == 1.75866e-06
   current  gx == 3.6898e-07
rx == 1/2 L2Norm2(G(x)) : 
   initial  rx == 5.71176e-11
   previous rx == 1.54643e-12
   current  rx == 6.80731e-14
         delta == 0.000116063
Newton search converged. Breaking.
L2Norm(G(x)) == 3.6898e-07 < epsSearch == 1e-06
