f(u, N, dt, f_u, flags, dt) : f(u, N, dt, f_u, flags, dt) : Computing G(x)
f(u, N, dt, f_u, flags, dt) : 
========================================================
Newton iteration number 0
Current state of Newton iteration:
   fcount_newton   == 1
   fcount_optimiza == 0
   L2Norm(x)       == 0.191472
   L2Norm(dxN)     == 0
   L2Norm(dxOpt)   == 0
   L2Dist(x,x0)    == 0
gx == L2Norm(G(x)) : 
   initial  gx == 1.10386e-09
   previous gx == 1.10386e-09
   current  gx == 1.10386e-09
rx == 1/2 L2Norm2(G(x)) : 
   initial  rx == 6.09257e-19
   previous rx == 6.09257e-19
   current  rx == 6.09257e-19
         delta == 0.01
Newt,GMRES == 0,0, f(u, N, dt, f_u, flags, dt) :  res == 0.282252
Newt,GMRES == 0,1, f(u, N, dt, f_u, flags, dt) :  res == 0.0947754
Newt,GMRES == 0,2, f(u, N, dt, f_u, flags, dt) :  res == 3.20722e-05
GMRES converged. Breaking.
Hookstep optimization is currently not implemented with Arclength Continuation.
Optimized Newton algorithm with AC: Computing residual to check convergence...f(u, N, dt, f_u, flags, dt) : : gx = 1.33081e-11 < 1.10386e-09
The residual is decreasing if we take this AC-Newton step.

Taking best step and continuing Newton iteration.
L2Norm(G(x)) == 1.33081e-11
rx           == 8.85526e-23
L2Norm(dxN)  == 2.54432e-07
L2Norm(dxOpt)== 2.54432e-07
========================================================
Newton iteration number 1
Current state of Newton iteration:
   fcount_newton   == 4
   fcount_optimiza == 1
   L2Norm(x)       == 0.191472
   L2Norm(dxN)     == 2.54432e-07
   L2Norm(dxOpt)   == 2.54432e-07
   L2Dist(x,x0)    == 2.54432e-07
gx == L2Norm(G(x)) : 
   initial  gx == 1.10386e-09
   previous gx == 1.10386e-09
   current  gx == 1.33081e-11
rx == 1/2 L2Norm2(G(x)) : 
   initial  rx == 6.09257e-19
   previous rx == 6.09257e-19
   current  rx == 8.85526e-23
         delta == 0.01
Newt,GMRES == 1,0, f(u, N, dt, f_u, flags, dt) :  res == 0.186946
Newt,GMRES == 1,1, f(u, N, dt, f_u, flags, dt) :  res == 0.00254462
Newt,GMRES == 1,2, f(u, N, dt, f_u, flags, dt) :  res == 3.60525e-07
GMRES converged. Breaking.
Hookstep optimization is currently not implemented with Arclength Continuation.
Optimized Newton algorithm with AC: Computing residual to check convergence...f(u, N, dt, f_u, flags, dt) : : gx = 1.82115e-12 < 1.33081e-11
The residual is decreasing if we take this AC-Newton step.

Taking best step and continuing Newton iteration.
L2Norm(G(x)) == 1.82115e-12
rx           == 1.6583e-24
L2Norm(dxN)  == 2.96784e-09
L2Norm(dxOpt)== 2.96784e-09
========================================================
Newton iteration number 2
Current state of Newton iteration:
   fcount_newton   == 7
   fcount_optimiza == 2
   L2Norm(x)       == 0.191472
   L2Norm(dxN)     == 2.96784e-09
   L2Norm(dxOpt)   == 2.96784e-09
   L2Dist(x,x0)    == 2.51465e-07
gx == L2Norm(G(x)) : 
   initial  gx == 1.10386e-09
   previous gx == 1.33081e-11
   current  gx == 1.82115e-12
rx == 1/2 L2Norm2(G(x)) : 
   initial  rx == 6.09257e-19
   previous rx == 8.85526e-23
   current  rx == 1.6583e-24
         delta == 0.01
Newton search converged. Breaking.
L2Norm(G(x)) == 1.82115e-12 < epsSearch == 1e-11
