f(u, N, dt, f_u, flags, dt) : f(u, N, dt, f_u, flags, dt) : Computing G(x)
f(u, N, dt, f_u, flags, dt) : 
========================================================
Newton iteration number 0
Current state of Newton iteration:
   fcount_newton   == 1
   fcount_optimiza == 0
   L2Norm(x)       == 0.0180776
   L2Norm(dxN)     == 0
   L2Norm(dxOpt)   == 0
   L2Dist(x,x0)    == 0
gx == L2Norm(G(x)) : 
   initial  gx == 5.33997e-07
   previous gx == 5.33997e-07
   current  gx == 5.33997e-07
rx == 1/2 L2Norm2(G(x)) : 
   initial  rx == 1.42576e-13
   previous rx == 1.42576e-13
   current  rx == 1.42576e-13
         delta == 0.01
Newt,GMRES == 0,0, f(u, N, dt, f_u, flags, dt) :  res == 0.671968
Newt,GMRES == 0,1, f(u, N, dt, f_u, flags, dt) :  res == 0.00677246
Newt,GMRES == 0,2, f(u, N, dt, f_u, flags, dt) :  res == 0.000251952
GMRES converged. Breaking.
Hookstep optimization is currently not implemented with Arclength Continuation.
Optimized Newton algorithm with AC: Computing residual to check convergence...f(u, N, dt, f_u, flags, dt) : : gx = 9.69442e-10 < 5.33997e-07
The residual is decreasing if we take this AC-Newton step.

Taking best step and continuing Newton iteration.
L2Norm(G(x)) == 9.69442e-10
rx           == 4.69909e-19
L2Norm(dxN)  == 2.77968e-05
L2Norm(dxOpt)== 2.77968e-05
========================================================
Newton iteration number 1
Current state of Newton iteration:
   fcount_newton   == 4
   fcount_optimiza == 1
   L2Norm(x)       == 0.0180504
   L2Norm(dxN)     == 2.77968e-05
   L2Norm(dxOpt)   == 2.77968e-05
   L2Dist(x,x0)    == 2.77968e-05
gx == L2Norm(G(x)) : 
   initial  gx == 5.33997e-07
   previous gx == 5.33997e-07
   current  gx == 9.69442e-10
rx == 1/2 L2Norm2(G(x)) : 
   initial  rx == 1.42576e-13
   previous rx == 1.42576e-13
   current  rx == 4.69909e-19
         delta == 0.01
Newt,GMRES == 1,0, f(u, N, dt, f_u, flags, dt) :  res == 0.861104
Newt,GMRES == 1,1, f(u, N, dt, f_u, flags, dt) :  res == 0.655138
Newt,GMRES == 1,2, f(u, N, dt, f_u, flags, dt) :  res == 0.098602
Newt,GMRES == 1,3, f(u, N, dt, f_u, flags, dt) :  res == 1.8336e-08
GMRES converged. Breaking.
Hookstep optimization is currently not implemented with Arclength Continuation.
Optimized Newton algorithm with AC: Computing residual to check convergence...f(u, N, dt, f_u, flags, dt) : : gx = 4.4948e-12 < 9.69442e-10
The residual is decreasing if we take this AC-Newton step.

Taking best step and continuing Newton iteration.
L2Norm(G(x)) == 4.4948e-12
rx           == 1.01016e-23
L2Norm(dxN)  == 5.72301e-08
L2Norm(dxOpt)== 5.72301e-08
========================================================
Newton iteration number 2
Current state of Newton iteration:
   fcount_newton   == 8
   fcount_optimiza == 2
   L2Norm(x)       == 0.0180504
   L2Norm(dxN)     == 5.72301e-08
   L2Norm(dxOpt)   == 5.72301e-08
   L2Dist(x,x0)    == 2.78263e-05
gx == L2Norm(G(x)) : 
   initial  gx == 5.33997e-07
   previous gx == 9.69442e-10
   current  gx == 4.4948e-12
rx == 1/2 L2Norm2(G(x)) : 
   initial  rx == 1.42576e-13
   previous rx == 4.69909e-19
   current  rx == 1.01016e-23
         delta == 0.01
Newton search converged. Breaking.
L2Norm(G(x)) == 4.4948e-12 < epsSearch == 1e-11
