f(u, N, dt, f_u, flags, dt) : Computing G(x)
f(u, N, dt, f_u, flags, dt) : 
========================================================
Newton iteration number 0
Current state of Newton iteration:
   fcount_newton   == 1
   fcount_optimiza == 0
   L2Norm(x)       == 0.00950095
   L2Norm(dxN)     == 0
   L2Norm(dxOpt)   == 0
   L2Dist(x,x0)    == 0
gx == L2Norm(G(x)) : 
   initial  gx == 1.47205e-05
   previous gx == 1.47205e-05
   current  gx == 1.47205e-05
rx == 1/2 L2Norm2(G(x)) : 
   initial  rx == 1.08346e-10
   previous rx == 1.08346e-10
   current  rx == 1.08346e-10
         delta == 0.01
Newt,GMRES == 0,0, f(u, N, dt, f_u, flags, dt) :  res == 0.999899
Newt,GMRES == 0,1, f(u, N, dt, f_u, flags, dt) :  res == 0.982641
Newt,GMRES == 0,2, f(u, N, dt, f_u, flags, dt) :  res == 0.179519
Newt,GMRES == 0,3, f(u, N, dt, f_u, flags, dt) :  res == 0.0283209
GMRES converged. Breaking.
Hookstep optimization is currently not implemented with Arclength Continuation.
Optimized Newton algorithm with AC: Computing residual to check convergence...f(u, N, dt, f_u, flags, dt) : : gx = 1.1066e-05 < 1.47205e-05
The residual is decreasing if we take this AC-Newton step.

Taking best step and continuing Newton iteration.
L2Norm(G(x)) == 1.1066e-05
rx           == 6.12282e-11
L2Norm(dxN)  == 0.00192352
L2Norm(dxOpt)== 0.00192352
========================================================
Newton iteration number 1
Current state of Newton iteration:
   fcount_newton   == 5
   fcount_optimiza == 1
   L2Norm(x)       == 0.00777558
   L2Norm(dxN)     == 0.00192352
   L2Norm(dxOpt)   == 0.00192352
   L2Dist(x,x0)    == 0.00192355
gx == L2Norm(G(x)) : 
   initial  gx == 1.47205e-05
   previous gx == 1.47205e-05
   current  gx == 1.1066e-05
rx == 1/2 L2Norm2(G(x)) : 
   initial  rx == 1.08346e-10
   previous rx == 1.08346e-10
   current  rx == 6.12282e-11
         delta == 0.01
Newt,GMRES == 1,0, f(u, N, dt, f_u, flags, dt) :  res == 0.978522
Newt,GMRES == 1,1, f(u, N, dt, f_u, flags, dt) :  res == 0.309294
Newt,GMRES == 1,2, f(u, N, dt, f_u, flags, dt) :  res == 0.0432865
GMRES converged. Breaking.
Hookstep optimization is currently not implemented with Arclength Continuation.
Optimized Newton algorithm with AC: Computing residual to check convergence...f(u, N, dt, f_u, flags, dt) : : gx = 6.42789e-07 < 1.1066e-05
The residual is decreasing if we take this AC-Newton step.

Taking best step and continuing Newton iteration.
L2Norm(G(x)) == 6.42789e-07
rx           == 2.06589e-13
L2Norm(dxN)  == 0.000657609
L2Norm(dxOpt)== 0.000657609
========================================================
Newton iteration number 2
Current state of Newton iteration:
   fcount_newton   == 8
   fcount_optimiza == 2
   L2Norm(x)       == 0.00838045
   L2Norm(dxN)     == 0.000657609
   L2Norm(dxOpt)   == 0.000657609
   L2Dist(x,x0)    == 0.00139408
gx == L2Norm(G(x)) : 
   initial  gx == 1.47205e-05
   previous gx == 1.1066e-05
   current  gx == 6.42789e-07
rx == 1/2 L2Norm2(G(x)) : 
   initial  rx == 1.08346e-10
   previous rx == 6.12282e-11
   current  rx == 2.06589e-13
         delta == 0.01
Newt,GMRES == 2,0, f(u, N, dt, f_u, flags, dt) :  res == 0.999924
Newt,GMRES == 2,1, f(u, N, dt, f_u, flags, dt) :  res == 0.996605
Newt,GMRES == 2,2, f(u, N, dt, f_u, flags, dt) :  res == 0.260027
Newt,GMRES == 2,3, f(u, N, dt, f_u, flags, dt) :  res == 0.020765
GMRES converged. Breaking.
Hookstep optimization is currently not implemented with Arclength Continuation.
Optimized Newton algorithm with AC: Computing residual to check convergence...f(u, N, dt, f_u, flags, dt) : : gx = 1.46466e-08 < 6.42789e-07
The residual is decreasing if we take this AC-Newton step.

Taking best step and continuing Newton iteration.
L2Norm(G(x)) == 1.46466e-08
rx           == 1.07261e-16
L2Norm(dxN)  == 8.3736e-05
L2Norm(dxOpt)== 8.3736e-05
========================================================
Newton iteration number 3
Current state of Newton iteration:
   fcount_newton   == 12
   fcount_optimiza == 3
   L2Norm(x)       == 0.00840889
   L2Norm(dxN)     == 8.3736e-05
   L2Norm(dxOpt)   == 8.3736e-05
   L2Dist(x,x0)    == 0.00136459
gx == L2Norm(G(x)) : 
   initial  gx == 1.47205e-05
   previous gx == 6.42789e-07
   current  gx == 1.46466e-08
rx == 1/2 L2Norm2(G(x)) : 
   initial  rx == 1.08346e-10
   previous rx == 2.06589e-13
   current  rx == 1.07261e-16
         delta == 0.01
Newt,GMRES == 3,0, f(u, N, dt, f_u, flags, dt) :  res == 0.971632
Newt,GMRES == 3,1, f(u, N, dt, f_u, flags, dt) :  res == 0.701986
Newt,GMRES == 3,2, f(u, N, dt, f_u, flags, dt) :  res == 0.196175
Newt,GMRES == 3,3, f(u, N, dt, f_u, flags, dt) :  res == 0.0350175
GMRES converged. Breaking.
Hookstep optimization is currently not implemented with Arclength Continuation.
Optimized Newton algorithm with AC: Computing residual to check convergence...f(u, N, dt, f_u, flags, dt) : : gx = 5.15331e-10 < 1.46466e-08
The residual is decreasing if we take this AC-Newton step.

Taking best step and continuing Newton iteration.
L2Norm(G(x)) == 5.15331e-10
rx           == 1.32783e-19
L2Norm(dxN)  == 1.75131e-06
L2Norm(dxOpt)== 1.75131e-06
========================================================
Newton iteration number 4
Current state of Newton iteration:
   fcount_newton   == 16
   fcount_optimiza == 4
   L2Norm(x)       == 0.0084092
   L2Norm(dxN)     == 1.75131e-06
   L2Norm(dxOpt)   == 1.75131e-06
   L2Dist(x,x0)    == 0.00136411
gx == L2Norm(G(x)) : 
   initial  gx == 1.47205e-05
   previous gx == 1.46466e-08
   current  gx == 5.15331e-10
rx == 1/2 L2Norm2(G(x)) : 
   initial  rx == 1.08346e-10
   previous rx == 1.07261e-16
   current  rx == 1.32783e-19
         delta == 0.01
Newt,GMRES == 4,0, f(u, N, dt, f_u, flags, dt) :  res == 0.809369
Newt,GMRES == 4,1, f(u, N, dt, f_u, flags, dt) :  res == 0.277252
Newt,GMRES == 4,2, f(u, N, dt, f_u, flags, dt) :  res == 0.259652
Newt,GMRES == 4,3, f(u, N, dt, f_u, flags, dt) :  res == 0.0392221
GMRES converged. Breaking.
Hookstep optimization is currently not implemented with Arclength Continuation.
Optimized Newton algorithm with AC: Computing residual to check convergence...f(u, N, dt, f_u, flags, dt) : : gx = 2.04991e-11 < 5.15331e-10
The residual is decreasing if we take this AC-Newton step.

Taking best step and continuing Newton iteration.
L2Norm(G(x)) == 2.04991e-11
rx           == 2.10106e-22
L2Norm(dxN)  == 6.94941e-08
L2Norm(dxOpt)== 6.94941e-08
========================================================
Newton iteration number 5
Current state of Newton iteration:
   fcount_newton   == 20
   fcount_optimiza == 5
   L2Norm(x)       == 0.0084092
   L2Norm(dxN)     == 6.94941e-08
   L2Norm(dxOpt)   == 6.94941e-08
   L2Dist(x,x0)    == 0.00136411
gx == L2Norm(G(x)) : 
   initial  gx == 1.47205e-05
   previous gx == 5.15331e-10
   current  gx == 2.04991e-11
rx == 1/2 L2Norm2(G(x)) : 
   initial  rx == 1.08346e-10
   previous rx == 1.32783e-19
   current  rx == 2.10106e-22
         delta == 0.01
Newt,GMRES == 5,0, f(u, N, dt, f_u, flags, dt) :  res == 0.548736
Newt,GMRES == 5,1, f(u, N, dt, f_u, flags, dt) :  res == 0.52192
Newt,GMRES == 5,2, f(u, N, dt, f_u, flags, dt) :  res == 0.207587
Newt,GMRES == 5,3, f(u, N, dt, f_u, flags, dt) :  res == 0.0403342
GMRES converged. Breaking.
Hookstep optimization is currently not implemented with Arclength Continuation.
Optimized Newton algorithm with AC: Computing residual to check convergence...f(u, N, dt, f_u, flags, dt) : : gx = 1.0715e-12 < 2.04991e-11
The residual is decreasing if we take this AC-Newton step.

Taking best step and continuing Newton iteration.
L2Norm(G(x)) == 1.0715e-12
rx           == 5.74059e-25
L2Norm(dxN)  == 2.55715e-09
L2Norm(dxOpt)== 2.55715e-09
========================================================
Newton iteration number 6
Current state of Newton iteration:
   fcount_newton   == 24
   fcount_optimiza == 6
   L2Norm(x)       == 0.0084092
   L2Norm(dxN)     == 2.55715e-09
   L2Norm(dxOpt)   == 2.55715e-09
   L2Dist(x,x0)    == 0.00136411
gx == L2Norm(G(x)) : 
   initial  gx == 1.47205e-05
   previous gx == 2.04991e-11
   current  gx == 1.0715e-12
rx == 1/2 L2Norm2(G(x)) : 
   initial  rx == 1.08346e-10
   previous rx == 2.10106e-22
   current  rx == 5.74059e-25
         delta == 0.01
Newton search converged. Breaking.
L2Norm(G(x)) == 1.0715e-12 < epsSearch == 1e-11
