f(u, N, dt, f_u, flags, dt) : f(u, N, dt, f_u, flags, dt) : Computing G(x)
f(u, N, dt, f_u, flags, dt) : 
========================================================
Newton iteration number 0
Current state of Newton iteration:
   fcount_newton   == 1
   fcount_optimiza == 0
   L2Norm(x)       == 0.0420925
   L2Norm(dxN)     == 0
   L2Norm(dxOpt)   == 0
   L2Dist(x,x0)    == 0
gx == L2Norm(G(x)) : 
   initial  gx == 4.63652e-06
   previous gx == 4.63652e-06
   current  gx == 4.63652e-06
rx == 1/2 L2Norm2(G(x)) : 
   initial  rx == 1.07487e-11
   previous rx == 1.07487e-11
   current  rx == 1.07487e-11
         delta == 0.01
Newt,GMRES == 0,0, f(u, N, dt, f_u, flags, dt) :  res == 0.926735
Newt,GMRES == 0,1, f(u, N, dt, f_u, flags, dt) :  res == 0.106945
Newt,GMRES == 0,2, f(u, N, dt, f_u, flags, dt) :  res == 0.003478
Newt,GMRES == 0,3, f(u, N, dt, f_u, flags, dt) :  res == 1.31957e-10
GMRES converged. Breaking.
Hookstep optimization is currently not implemented with Arclength Continuation.
Optimized Newton algorithm with AC: Computing residual to check convergence...f(u, N, dt, f_u, flags, dt) : : gx = 1.64466e-06 < 4.63652e-06
The residual is decreasing if we take this AC-Newton step.

Taking best step and continuing Newton iteration.
L2Norm(G(x)) == 1.64466e-06
rx           == 1.35245e-12
L2Norm(dxN)  == 0.00136188
L2Norm(dxOpt)== 0.00136188
========================================================
Newton iteration number 1
Current state of Newton iteration:
   fcount_newton   == 5
   fcount_optimiza == 1
   L2Norm(x)       == 0.0407552
   L2Norm(dxN)     == 0.00136188
   L2Norm(dxOpt)   == 0.00136188
   L2Dist(x,x0)    == 0.00136188
gx == L2Norm(G(x)) : 
   initial  gx == 4.63652e-06
   previous gx == 4.63652e-06
   current  gx == 1.64466e-06
rx == 1/2 L2Norm2(G(x)) : 
   initial  rx == 1.07487e-11
   previous rx == 1.07487e-11
   current  rx == 1.35245e-12
         delta == 0.01
Newt,GMRES == 1,0, f(u, N, dt, f_u, flags, dt) :  res == 0.999233
Newt,GMRES == 1,1, f(u, N, dt, f_u, flags, dt) :  res == 0.105966
Newt,GMRES == 1,2, f(u, N, dt, f_u, flags, dt) :  res == 0.0189615
Newt,GMRES == 1,3, f(u, N, dt, f_u, flags, dt) :  res == 2.42497e-08
GMRES converged. Breaking.
Hookstep optimization is currently not implemented with Arclength Continuation.
Optimized Newton algorithm with AC: Computing residual to check convergence...f(u, N, dt, f_u, flags, dt) : : gx = 3.21574e-08 < 1.64466e-06
The residual is decreasing if we take this AC-Newton step.

Taking best step and continuing Newton iteration.
L2Norm(G(x)) == 3.21574e-08
rx           == 5.17048e-16
L2Norm(dxN)  == 0.000292227
L2Norm(dxOpt)== 0.000292227
========================================================
Newton iteration number 2
Current state of Newton iteration:
   fcount_newton   == 9
   fcount_optimiza == 2
   L2Norm(x)       == 0.0410417
   L2Norm(dxN)     == 0.000292227
   L2Norm(dxOpt)   == 0.000292227
   L2Dist(x,x0)    == 0.00106971
gx == L2Norm(G(x)) : 
   initial  gx == 4.63652e-06
   previous gx == 1.64466e-06
   current  gx == 3.21574e-08
rx == 1/2 L2Norm2(G(x)) : 
   initial  rx == 1.07487e-11
   previous rx == 1.35245e-12
   current  rx == 5.17048e-16
         delta == 0.01
Newt,GMRES == 2,0, f(u, N, dt, f_u, flags, dt) :  res == 0.998869
Newt,GMRES == 2,1, f(u, N, dt, f_u, flags, dt) :  res == 0.38042
Newt,GMRES == 2,2, f(u, N, dt, f_u, flags, dt) :  res == 0.096324
Newt,GMRES == 2,3, f(u, N, dt, f_u, flags, dt) :  res == 5.66232e-08
GMRES converged. Breaking.
Hookstep optimization is currently not implemented with Arclength Continuation.
Optimized Newton algorithm with AC: Computing residual to check convergence...f(u, N, dt, f_u, flags, dt) : : gx = 3.96171e-10 < 3.21574e-08
The residual is decreasing if we take this AC-Newton step.

Taking best step and continuing Newton iteration.
L2Norm(G(x)) == 3.96171e-10
rx           == 7.84756e-20
L2Norm(dxN)  == 6.2596e-06
L2Norm(dxOpt)== 6.2596e-06
========================================================
Newton iteration number 3
Current state of Newton iteration:
   fcount_newton   == 13
   fcount_optimiza == 3
   L2Norm(x)       == 0.0410478
   L2Norm(dxN)     == 6.2596e-06
   L2Norm(dxOpt)   == 6.2596e-06
   L2Dist(x,x0)    == 0.00106349
gx == L2Norm(G(x)) : 
   initial  gx == 4.63652e-06
   previous gx == 3.21574e-08
   current  gx == 3.96171e-10
rx == 1/2 L2Norm2(G(x)) : 
   initial  rx == 1.07487e-11
   previous rx == 5.17048e-16
   current  rx == 7.84756e-20
         delta == 0.01
Newt,GMRES == 3,0, f(u, N, dt, f_u, flags, dt) :  res == 0.999904
Newt,GMRES == 3,1, f(u, N, dt, f_u, flags, dt) :  res == 0.971682
Newt,GMRES == 3,2, f(u, N, dt, f_u, flags, dt) :  res == 0.0081035
Newt,GMRES == 3,3, f(u, N, dt, f_u, flags, dt) :  res == 8.52646e-09
GMRES converged. Breaking.
Hookstep optimization is currently not implemented with Arclength Continuation.
Optimized Newton algorithm with AC: Computing residual to check convergence...f(u, N, dt, f_u, flags, dt) : : gx = 5.32757e-12 < 3.96171e-10
The residual is decreasing if we take this AC-Newton step.

Taking best step and continuing Newton iteration.
L2Norm(G(x)) == 5.32757e-12
rx           == 1.41915e-23
L2Norm(dxN)  == 7.24784e-08
L2Norm(dxOpt)== 7.24784e-08
========================================================
Newton iteration number 4
Current state of Newton iteration:
   fcount_newton   == 17
   fcount_optimiza == 4
   L2Norm(x)       == 0.0410478
   L2Norm(dxN)     == 7.24784e-08
   L2Norm(dxOpt)   == 7.24784e-08
   L2Dist(x,x0)    == 0.00106343
gx == L2Norm(G(x)) : 
   initial  gx == 4.63652e-06
   previous gx == 3.96171e-10
   current  gx == 5.32757e-12
rx == 1/2 L2Norm2(G(x)) : 
   initial  rx == 1.07487e-11
   previous rx == 7.84756e-20
   current  rx == 1.41915e-23
         delta == 0.01
Newton search converged. Breaking.
L2Norm(G(x)) == 5.32757e-12 < epsSearch == 1e-11
