f(u, N, dt, f_u, flags, dt) : f(u, N, dt, f_u, flags, dt) : Computing G(x)
f(u, N, dt, f_u, flags, dt) : 
========================================================
Newton iteration number 0
Current state of Newton iteration:
   fcount_newton   == 1
   fcount_optimiza == 0
   L2Norm(x)       == 0.0763588
   L2Norm(dxN)     == 0
   L2Norm(dxOpt)   == 0
   L2Dist(x,x0)    == 0
gx == L2Norm(G(x)) : 
   initial  gx == 3.56813e-08
   previous gx == 3.56813e-08
   current  gx == 3.56813e-08
rx == 1/2 L2Norm2(G(x)) : 
   initial  rx == 6.36576e-16
   previous rx == 6.36576e-16
   current  rx == 6.36576e-16
         delta == 0.01
Newt,GMRES == 0,0, f(u, N, dt, f_u, flags, dt) :  res == 0.756371
Newt,GMRES == 0,1, f(u, N, dt, f_u, flags, dt) :  res == 0.00022021
GMRES converged. Breaking.
Hookstep optimization is currently not implemented with Arclength Continuation.
Optimized Newton algorithm with AC: Computing residual to check convergence...f(u, N, dt, f_u, flags, dt) : : gx = 7.60186e-12 < 3.56813e-08
The residual is decreasing if we take this AC-Newton step.

Taking best step and continuing Newton iteration.
L2Norm(G(x)) == 7.60186e-12
rx           == 2.88942e-23
L2Norm(dxN)  == 3.57272e-06
L2Norm(dxOpt)== 3.57272e-06
========================================================
Newton iteration number 1
Current state of Newton iteration:
   fcount_newton   == 3
   fcount_optimiza == 1
   L2Norm(x)       == 0.0763553
   L2Norm(dxN)     == 3.57272e-06
   L2Norm(dxOpt)   == 3.57272e-06
   L2Dist(x,x0)    == 3.57272e-06
gx == L2Norm(G(x)) : 
   initial  gx == 3.56813e-08
   previous gx == 3.56813e-08
   current  gx == 7.60186e-12
rx == 1/2 L2Norm2(G(x)) : 
   initial  rx == 6.36576e-16
   previous rx == 6.36576e-16
   current  rx == 2.88942e-23
         delta == 0.01
Newton search converged. Breaking.
L2Norm(G(x)) == 7.60186e-12 < epsSearch == 1e-11
