f(u, N, dt, f_u, flags, dt) : f(u, N, dt, f_u, flags, dt) : Computing G(x)
f(u, N, dt, f_u, flags, dt) : 
========================================================
Newton iteration number 0
Current state of Newton iteration:
   fcount_newton   == 1
   fcount_optimiza == 0
   L2Norm(x)       == 0.00862321
   L2Norm(dxN)     == 0
   L2Norm(dxOpt)   == 0
   L2Dist(x,x0)    == 0
gx == L2Norm(G(x)) : 
   initial  gx == 1.72053e-05
   previous gx == 1.72053e-05
   current  gx == 1.72053e-05
rx == 1/2 L2Norm2(G(x)) : 
   initial  rx == 1.48012e-10
   previous rx == 1.48012e-10
   current  rx == 1.48012e-10
         delta == 0.01
Newt,GMRES == 0,0, f(u, N, dt, f_u, flags, dt) :  res == 0.997775
Newt,GMRES == 0,1, f(u, N, dt, f_u, flags, dt) :  res == 0.623622
Newt,GMRES == 0,2, f(u, N, dt, f_u, flags, dt) :  res == 0.106411
Newt,GMRES == 0,3, f(u, N, dt, f_u, flags, dt) :  res == 0.0185172
GMRES converged. Breaking.
Hookstep optimization is currently not implemented with Arclength Continuation.
Optimized Newton algorithm with AC: Computing residual to check convergence...f(u, N, dt, f_u, flags, dt) : : gx = 5.14974e-06 < 1.72053e-05
The residual is decreasing if we take this AC-Newton step.

Taking best step and continuing Newton iteration.
L2Norm(G(x)) == 5.14974e-06
rx           == 1.32599e-11
L2Norm(dxN)  == 0.00133781
L2Norm(dxOpt)== 0.00133781
========================================================
Newton iteration number 1
Current state of Newton iteration:
   fcount_newton   == 5
   fcount_optimiza == 1
   L2Norm(x)       == 0.00745561
   L2Norm(dxN)     == 0.00133781
   L2Norm(dxOpt)   == 0.00133781
   L2Dist(x,x0)    == 0.00133783
gx == L2Norm(G(x)) : 
   initial  gx == 1.72053e-05
   previous gx == 1.72053e-05
   current  gx == 5.14974e-06
rx == 1/2 L2Norm2(G(x)) : 
   initial  rx == 1.48012e-10
   previous rx == 1.48012e-10
   current  rx == 1.32599e-11
         delta == 0.01
Newt,GMRES == 1,0, f(u, N, dt, f_u, flags, dt) :  res == 0.985726
Newt,GMRES == 1,1, f(u, N, dt, f_u, flags, dt) :  res == 0.373382
Newt,GMRES == 1,2, f(u, N, dt, f_u, flags, dt) :  res == 0.0710345
GMRES converged. Breaking.
Hookstep optimization is currently not implemented with Arclength Continuation.
Optimized Newton algorithm with AC: Computing residual to check convergence...f(u, N, dt, f_u, flags, dt) : : gx = 3.70181e-07 < 5.14974e-06
The residual is decreasing if we take this AC-Newton step.

Taking best step and continuing Newton iteration.
L2Norm(G(x)) == 3.70181e-07
rx           == 6.8517e-14
L2Norm(dxN)  == 0.000293952
L2Norm(dxOpt)== 0.000293952
========================================================
Newton iteration number 2
Current state of Newton iteration:
   fcount_newton   == 8
   fcount_optimiza == 2
   L2Norm(x)       == 0.00769965
   L2Norm(dxN)     == 0.000293952
   L2Norm(dxOpt)   == 0.000293952
   L2Dist(x,x0)    == 0.00113578
gx == L2Norm(G(x)) : 
   initial  gx == 1.72053e-05
   previous gx == 5.14974e-06
   current  gx == 3.70181e-07
rx == 1/2 L2Norm2(G(x)) : 
   initial  rx == 1.48012e-10
   previous rx == 1.32599e-11
   current  rx == 6.8517e-14
         delta == 0.01
Newt,GMRES == 2,0, f(u, N, dt, f_u, flags, dt) :  res == 0.997659
Newt,GMRES == 2,1, f(u, N, dt, f_u, flags, dt) :  res == 0.518862
Newt,GMRES == 2,2, f(u, N, dt, f_u, flags, dt) :  res == 0.332955
Newt,GMRES == 2,3, f(u, N, dt, f_u, flags, dt) :  res == 0.0241068
GMRES converged. Breaking.
Hookstep optimization is currently not implemented with Arclength Continuation.
Optimized Newton algorithm with AC: Computing residual to check convergence...f(u, N, dt, f_u, flags, dt) : : gx = 9.09364e-09 < 3.70181e-07
The residual is decreasing if we take this AC-Newton step.

Taking best step and continuing Newton iteration.
L2Norm(G(x)) == 9.09364e-09
rx           == 4.13472e-17
L2Norm(dxN)  == 5.58991e-05
L2Norm(dxOpt)== 5.58991e-05
========================================================
Newton iteration number 3
Current state of Newton iteration:
   fcount_newton   == 12
   fcount_optimiza == 3
   L2Norm(x)       == 0.00770834
   L2Norm(dxN)     == 5.58991e-05
   L2Norm(dxOpt)   == 5.58991e-05
   L2Dist(x,x0)    == 0.00111364
gx == L2Norm(G(x)) : 
   initial  gx == 1.72053e-05
   previous gx == 3.70181e-07
   current  gx == 9.09364e-09
rx == 1/2 L2Norm2(G(x)) : 
   initial  rx == 1.48012e-10
   previous rx == 6.8517e-14
   current  rx == 4.13472e-17
         delta == 0.01
Newt,GMRES == 3,0, f(u, N, dt, f_u, flags, dt) :  res == 0.976796
Newt,GMRES == 3,1, f(u, N, dt, f_u, flags, dt) :  res == 0.248075
Newt,GMRES == 3,2, f(u, N, dt, f_u, flags, dt) :  res == 0.212107
Newt,GMRES == 3,3, f(u, N, dt, f_u, flags, dt) :  res == 0.0346773
GMRES converged. Breaking.
Hookstep optimization is currently not implemented with Arclength Continuation.
Optimized Newton algorithm with AC: Computing residual to check convergence...f(u, N, dt, f_u, flags, dt) : : gx = 3.17187e-10 < 9.09364e-09
The residual is decreasing if we take this AC-Newton step.

Taking best step and continuing Newton iteration.
L2Norm(G(x)) == 3.17187e-10
rx           == 5.03037e-20
L2Norm(dxN)  == 1.19469e-06
L2Norm(dxOpt)== 1.19469e-06
========================================================
Newton iteration number 4
Current state of Newton iteration:
   fcount_newton   == 16
   fcount_optimiza == 4
   L2Norm(x)       == 0.00770844
   L2Norm(dxN)     == 1.19469e-06
   L2Norm(dxOpt)   == 1.19469e-06
   L2Dist(x,x0)    == 0.00111337
gx == L2Norm(G(x)) : 
   initial  gx == 1.72053e-05
   previous gx == 9.09364e-09
   current  gx == 3.17187e-10
rx == 1/2 L2Norm2(G(x)) : 
   initial  rx == 1.48012e-10
   previous rx == 4.13472e-17
   current  rx == 5.03037e-20
         delta == 0.01
Newt,GMRES == 4,0, f(u, N, dt, f_u, flags, dt) :  res == 0.997185
Newt,GMRES == 4,1, f(u, N, dt, f_u, flags, dt) :  res == 0.557718
Newt,GMRES == 4,2, f(u, N, dt, f_u, flags, dt) :  res == 0.294436
Newt,GMRES == 4,3, f(u, N, dt, f_u, flags, dt) :  res == 0.0415004
GMRES converged. Breaking.
Hookstep optimization is currently not implemented with Arclength Continuation.
Optimized Newton algorithm with AC: Computing residual to check convergence...f(u, N, dt, f_u, flags, dt) : : gx = 1.31313e-11 < 3.17187e-10
The residual is decreasing if we take this AC-Newton step.

Taking best step and continuing Newton iteration.
L2Norm(G(x)) == 1.31313e-11
rx           == 8.62156e-23
L2Norm(dxN)  == 4.34354e-08
L2Norm(dxOpt)== 4.34354e-08
========================================================
Newton iteration number 5
Current state of Newton iteration:
   fcount_newton   == 20
   fcount_optimiza == 5
   L2Norm(x)       == 0.00770844
   L2Norm(dxN)     == 4.34354e-08
   L2Norm(dxOpt)   == 4.34354e-08
   L2Dist(x,x0)    == 0.00111335
gx == L2Norm(G(x)) : 
   initial  gx == 1.72053e-05
   previous gx == 3.17187e-10
   current  gx == 1.31313e-11
rx == 1/2 L2Norm2(G(x)) : 
   initial  rx == 1.48012e-10
   previous rx == 5.03037e-20
   current  rx == 8.62156e-23
         delta == 0.01
Newt,GMRES == 5,0, f(u, N, dt, f_u, flags, dt) :  res == 0.995149
Newt,GMRES == 5,1, f(u, N, dt, f_u, flags, dt) :  res == 0.276839
Newt,GMRES == 5,2, f(u, N, dt, f_u, flags, dt) :  res == 0.215502
Newt,GMRES == 5,3, f(u, N, dt, f_u, flags, dt) :  res == 0.0449906
GMRES converged. Breaking.
Hookstep optimization is currently not implemented with Arclength Continuation.
Optimized Newton algorithm with AC: Computing residual to check convergence...f(u, N, dt, f_u, flags, dt) : : gx = 2.38962e-12 < 1.31313e-11
The residual is decreasing if we take this AC-Newton step.

Taking best step and continuing Newton iteration.
L2Norm(G(x)) == 2.38962e-12
rx           == 2.85514e-24
L2Norm(dxN)  == 1.72014e-09
L2Norm(dxOpt)== 1.72014e-09
========================================================
Newton iteration number 6
Current state of Newton iteration:
   fcount_newton   == 24
   fcount_optimiza == 6
   L2Norm(x)       == 0.00770844
   L2Norm(dxN)     == 1.72014e-09
   L2Norm(dxOpt)   == 1.72014e-09
   L2Dist(x,x0)    == 0.00111335
gx == L2Norm(G(x)) : 
   initial  gx == 1.72053e-05
   previous gx == 1.31313e-11
   current  gx == 2.38962e-12
rx == 1/2 L2Norm2(G(x)) : 
   initial  rx == 1.48012e-10
   previous rx == 8.62156e-23
   current  rx == 2.85514e-24
         delta == 0.01
Newton search converged. Breaking.
L2Norm(G(x)) == 2.38962e-12 < epsSearch == 1e-11
