f(u, N, dt, f_u, flags, dt) : f(u, N, dt, f_u, flags, dt) : Computing G(x)
f(u, N, dt, f_u, flags, dt) : 
========================================================
Newton iteration number 0
Current state of Newton iteration:
   fcount_newton   == 1
   fcount_optimiza == 0
   L2Norm(x)       == 0.00855748
   L2Norm(dxN)     == 0
   L2Norm(dxOpt)   == 0
   L2Dist(x,x0)    == 0
gx == L2Norm(G(x)) : 
   initial  gx == 5.69793e-09
   previous gx == 5.69793e-09
   current  gx == 5.69793e-09
rx == 1/2 L2Norm2(G(x)) : 
   initial  rx == 1.62332e-17
   previous rx == 1.62332e-17
   current  rx == 1.62332e-17
         delta == 0.01
Newt,GMRES == 0,0, f(u, N, dt, f_u, flags, dt) :  res == 0.502202
Newt,GMRES == 0,1, f(u, N, dt, f_u, flags, dt) :  res == 0.109939
Newt,GMRES == 0,2, f(u, N, dt, f_u, flags, dt) :  res == 0.0216304
GMRES converged. Breaking.
Hookstep optimization is currently not implemented with Arclength Continuation.
Optimized Newton algorithm with AC: Computing residual to check convergence...f(u, N, dt, f_u, flags, dt) : : gx = 1.23156e-10 < 5.69793e-09
The residual is decreasing if we take this AC-Newton step.

Taking best step and continuing Newton iteration.
L2Norm(G(x)) == 1.23156e-10
rx           == 7.58375e-21
L2Norm(dxN)  == 3.71185e-07
L2Norm(dxOpt)== 3.71185e-07
========================================================
Newton iteration number 1
Current state of Newton iteration:
   fcount_newton   == 4
   fcount_optimiza == 1
   L2Norm(x)       == 0.00855785
   L2Norm(dxN)     == 3.71185e-07
   L2Norm(dxOpt)   == 3.71185e-07
   L2Dist(x,x0)    == 3.71185e-07
gx == L2Norm(G(x)) : 
   initial  gx == 5.69793e-09
   previous gx == 5.69793e-09
   current  gx == 1.23156e-10
rx == 1/2 L2Norm2(G(x)) : 
   initial  rx == 1.62332e-17
   previous rx == 1.62332e-17
   current  rx == 7.58375e-21
         delta == 0.01
Newt,GMRES == 1,0, f(u, N, dt, f_u, flags, dt) :  res == 0.265214
Newt,GMRES == 1,1, f(u, N, dt, f_u, flags, dt) :  res == 0.246275
Newt,GMRES == 1,2, f(u, N, dt, f_u, flags, dt) :  res == 0.215121
Newt,GMRES == 1,3, f(u, N, dt, f_u, flags, dt) :  res == 0.0185424
GMRES converged. Breaking.
Hookstep optimization is currently not implemented with Arclength Continuation.
Optimized Newton algorithm with AC: Computing residual to check convergence...f(u, N, dt, f_u, flags, dt) : : gx = 2.42354e-12 < 1.23156e-10
The residual is decreasing if we take this AC-Newton step.

Taking best step and continuing Newton iteration.
L2Norm(G(x)) == 2.42354e-12
rx           == 2.93678e-24
L2Norm(dxN)  == 1.67858e-08
L2Norm(dxOpt)== 1.67858e-08
========================================================
Newton iteration number 2
Current state of Newton iteration:
   fcount_newton   == 8
   fcount_optimiza == 2
   L2Norm(x)       == 0.00855785
   L2Norm(dxN)     == 1.67858e-08
   L2Norm(dxOpt)   == 1.67858e-08
   L2Dist(x,x0)    == 3.72137e-07
gx == L2Norm(G(x)) : 
   initial  gx == 5.69793e-09
   previous gx == 1.23156e-10
   current  gx == 2.42354e-12
rx == 1/2 L2Norm2(G(x)) : 
   initial  rx == 1.62332e-17
   previous rx == 7.58375e-21
   current  rx == 2.93678e-24
         delta == 0.01
Newton search converged. Breaking.
L2Norm(G(x)) == 2.42354e-12 < epsSearch == 1e-11
