f(u, N, dt, f_u, flags, dt) : f(u, N, dt, f_u, flags, dt) : Computing G(x)
f(u, N, dt, f_u, flags, dt) : 
========================================================
Newton iteration number 0
Current state of Newton iteration:
   fcount_newton   == 1
   fcount_optimiza == 0
   L2Norm(x)       == 0.00883483
   L2Norm(dxN)     == 0
   L2Norm(dxOpt)   == 0
   L2Dist(x,x0)    == 0
gx == L2Norm(G(x)) : 
   initial  gx == 9.06662e-09
   previous gx == 9.06662e-09
   current  gx == 9.06662e-09
rx == 1/2 L2Norm2(G(x)) : 
   initial  rx == 4.11018e-17
   previous rx == 4.11018e-17
   current  rx == 4.11018e-17
         delta == 0.01
Newt,GMRES == 0,0, f(u, N, dt, f_u, flags, dt) :  res == 0.61803
Newt,GMRES == 0,1, f(u, N, dt, f_u, flags, dt) :  res == 0.144358
Newt,GMRES == 0,2, f(u, N, dt, f_u, flags, dt) :  res == 0.0269708
GMRES converged. Breaking.
Hookstep optimization is currently not implemented with Arclength Continuation.
Optimized Newton algorithm with AC: Computing residual to check convergence...f(u, N, dt, f_u, flags, dt) : : gx = 2.44228e-10 < 9.06662e-09
The residual is decreasing if we take this AC-Newton step.

Taking best step and continuing Newton iteration.
L2Norm(G(x)) == 2.44228e-10
rx           == 2.98237e-20
L2Norm(dxN)  == 6.976e-07
L2Norm(dxOpt)== 6.976e-07
========================================================
Newton iteration number 1
Current state of Newton iteration:
   fcount_newton   == 4
   fcount_optimiza == 1
   L2Norm(x)       == 0.00883551
   L2Norm(dxN)     == 6.976e-07
   L2Norm(dxOpt)   == 6.976e-07
   L2Dist(x,x0)    == 6.976e-07
gx == L2Norm(G(x)) : 
   initial  gx == 9.06662e-09
   previous gx == 9.06662e-09
   current  gx == 2.44228e-10
rx == 1/2 L2Norm2(G(x)) : 
   initial  rx == 4.11018e-17
   previous rx == 4.11018e-17
   current  rx == 2.98237e-20
         delta == 0.01
Newt,GMRES == 1,0, f(u, N, dt, f_u, flags, dt) :  res == 0.243908
Newt,GMRES == 1,1, f(u, N, dt, f_u, flags, dt) :  res == 0.233632
Newt,GMRES == 1,2, f(u, N, dt, f_u, flags, dt) :  res == 0.189796
Newt,GMRES == 1,3, f(u, N, dt, f_u, flags, dt) :  res == 0.0213168
GMRES converged. Breaking.
Hookstep optimization is currently not implemented with Arclength Continuation.
Optimized Newton algorithm with AC: Computing residual to check convergence...f(u, N, dt, f_u, flags, dt) : : gx = 5.78011e-12 < 2.44228e-10
The residual is decreasing if we take this AC-Newton step.

Taking best step and continuing Newton iteration.
L2Norm(G(x)) == 5.78011e-12
rx           == 1.67049e-23
L2Norm(dxN)  == 3.23266e-08
L2Norm(dxOpt)== 3.23266e-08
========================================================
Newton iteration number 2
Current state of Newton iteration:
   fcount_newton   == 8
   fcount_optimiza == 2
   L2Norm(x)       == 0.00883552
   L2Norm(dxN)     == 3.23266e-08
   L2Norm(dxOpt)   == 3.23266e-08
   L2Dist(x,x0)    == 6.9937e-07
gx == L2Norm(G(x)) : 
   initial  gx == 9.06662e-09
   previous gx == 2.44228e-10
   current  gx == 5.78011e-12
rx == 1/2 L2Norm2(G(x)) : 
   initial  rx == 4.11018e-17
   previous rx == 2.98237e-20
   current  rx == 1.67049e-23
         delta == 0.01
Newton search converged. Breaking.
L2Norm(G(x)) == 5.78011e-12 < epsSearch == 1e-11
