f(u, N, dt, f_u, flags, dt) : f(u, N, dt, f_u, flags, dt) : Computing G(x)
f(u, N, dt, f_u, flags, dt) : 
========================================================
Newton iteration number 0
Current state of Newton iteration:
   fcount_newton   == 1
   fcount_optimiza == 0
   L2Norm(x)       == 0.0111522
   L2Norm(dxN)     == 0
   L2Norm(dxOpt)   == 0
   L2Dist(x,x0)    == 0
gx == L2Norm(G(x)) : 
   initial  gx == 1.77353e-07
   previous gx == 1.77353e-07
   current  gx == 1.77353e-07
rx == 1/2 L2Norm2(G(x)) : 
   initial  rx == 1.5727e-14
   previous rx == 1.5727e-14
   current  rx == 1.5727e-14
         delta == 0.01
Newt,GMRES == 0,0, f(u, N, dt, f_u, flags, dt) :  res == 0.999959
Newt,GMRES == 0,1, f(u, N, dt, f_u, flags, dt) :  res == 0.675602
Newt,GMRES == 0,2, f(u, N, dt, f_u, flags, dt) :  res == 0.532716
Newt,GMRES == 0,3, f(u, N, dt, f_u, flags, dt) :  res == 0.110872
Newt,GMRES == 0,4, f(u, N, dt, f_u, flags, dt) :  res == 0.0165942
GMRES converged. Breaking.
Hookstep optimization is currently not implemented with Arclength Continuation.
Optimized Newton algorithm with AC: Computing residual to check convergence...f(u, N, dt, f_u, flags, dt) : : gx = 8.43874e-08 < 1.77353e-07
The residual is decreasing if we take this AC-Newton step.

Taking best step and continuing Newton iteration.
L2Norm(G(x)) == 8.43874e-08
rx           == 3.56062e-15
L2Norm(dxN)  == 0.000242882
L2Norm(dxOpt)== 0.000242882
========================================================
Newton iteration number 1
Current state of Newton iteration:
   fcount_newton   == 6
   fcount_optimiza == 1
   L2Norm(x)       == 0.0109179
   L2Norm(dxN)     == 0.000242882
   L2Norm(dxOpt)   == 0.000242882
   L2Dist(x,x0)    == 0.000242883
gx == L2Norm(G(x)) : 
   initial  gx == 1.77353e-07
   previous gx == 1.77353e-07
   current  gx == 8.43874e-08
rx == 1/2 L2Norm2(G(x)) : 
   initial  rx == 1.5727e-14
   previous rx == 1.5727e-14
   current  rx == 3.56062e-15
         delta == 0.01
Newt,GMRES == 1,0, f(u, N, dt, f_u, flags, dt) :  res == 0.999246
Newt,GMRES == 1,1, f(u, N, dt, f_u, flags, dt) :  res == 0.761875
Newt,GMRES == 1,2, f(u, N, dt, f_u, flags, dt) :  res == 0.754196
Newt,GMRES == 1,3, f(u, N, dt, f_u, flags, dt) :  res == 0.74773
Newt,GMRES == 1,4, f(u, N, dt, f_u, flags, dt) :  res == 0.418154
Newt,GMRES == 1,5, f(u, N, dt, f_u, flags, dt) :  res == 0.236087
Newt,GMRES == 1,6, f(u, N, dt, f_u, flags, dt) :  res == 0.232688
Newt,GMRES == 1,7, f(u, N, dt, f_u, flags, dt) :  res == 0.231749
Newt,GMRES == 1,8, f(u, N, dt, f_u, flags, dt) :  res == 0.222928
Newt,GMRES == 1,9, f(u, N, dt, f_u, flags, dt) :  res == 0.12651
Newt,GMRES == 1,10, f(u, N, dt, f_u, flags, dt) :  res == 0.0165004
GMRES converged. Breaking.
Hookstep optimization is currently not implemented with Arclength Continuation.
Optimized Newton algorithm with AC: Computing residual to check convergence...f(u, N, dt, f_u, flags, dt) : : gx = 8.86899e-07 > 8.43874e-08
The error is increasing if we take the Newton step. Newton step optimization leaves step size correction to arclength continuation.
