f(u, N, dt, f_u, flags, dt) : f(u, N, dt, f_u, flags, dt) : Computing G(x)
f(u, N, dt, f_u, flags, dt) : 
========================================================
Newton iteration number 0
Current state of Newton iteration:
   fcount_newton   == 1
   fcount_optimiza == 0
   L2Norm(x)       == 0.216342
   L2Norm(dxN)     == 0
   L2Norm(dxOpt)   == 0
   L2Dist(x,x0)    == 0
gx == L2Norm(G(x)) : 
   initial  gx == 1.62028e-09
   previous gx == 1.62028e-09
   current  gx == 1.62028e-09
rx == 1/2 L2Norm2(G(x)) : 
   initial  rx == 1.31266e-18
   previous rx == 1.31266e-18
   current  rx == 1.31266e-18
         delta == 0.01
Newt,GMRES == 0,0, f(u, N, dt, f_u, flags, dt) :  res == 0.297184
Newt,GMRES == 0,1, f(u, N, dt, f_u, flags, dt) :  res == 0.0212006
Newt,GMRES == 0,2, f(u, N, dt, f_u, flags, dt) :  res == 0.000218242
GMRES converged. Breaking.
Hookstep optimization is currently not implemented with Arclength Continuation.
Optimized Newton algorithm with AC: Computing residual to check convergence...f(u, N, dt, f_u, flags, dt) : : gx = 1.19554e-11 < 1.62028e-09
The residual is decreasing if we take this AC-Newton step.

Taking best step and continuing Newton iteration.
L2Norm(G(x)) == 1.19554e-11
rx           == 7.14663e-23
L2Norm(dxN)  == 1.64563e-07
L2Norm(dxOpt)== 1.64563e-07
========================================================
Newton iteration number 1
Current state of Newton iteration:
   fcount_newton   == 4
   fcount_optimiza == 1
   L2Norm(x)       == 0.216342
   L2Norm(dxN)     == 1.64563e-07
   L2Norm(dxOpt)   == 1.64563e-07
   L2Dist(x,x0)    == 1.64563e-07
gx == L2Norm(G(x)) : 
   initial  gx == 1.62028e-09
   previous gx == 1.62028e-09
   current  gx == 1.19554e-11
rx == 1/2 L2Norm2(G(x)) : 
   initial  rx == 1.31266e-18
   previous rx == 1.31266e-18
   current  rx == 7.14663e-23
         delta == 0.01
Newt,GMRES == 1,0, f(u, N, dt, f_u, flags, dt) :  res == 0.770262
Newt,GMRES == 1,1, f(u, N, dt, f_u, flags, dt) :  res == 0.0187777
Newt,GMRES == 1,2, f(u, N, dt, f_u, flags, dt) :  res == 0.000175171
GMRES converged. Breaking.
Hookstep optimization is currently not implemented with Arclength Continuation.
Optimized Newton algorithm with AC: Computing residual to check convergence...f(u, N, dt, f_u, flags, dt) : : gx = 3.57807e-12 < 1.19554e-11
The residual is decreasing if we take this AC-Newton step.

Taking best step and continuing Newton iteration.
L2Norm(G(x)) == 3.57807e-12
rx           == 6.40129e-24
L2Norm(dxN)  == 1.72171e-09
L2Norm(dxOpt)== 1.72171e-09
========================================================
Newton iteration number 2
Current state of Newton iteration:
   fcount_newton   == 7
   fcount_optimiza == 2
   L2Norm(x)       == 0.216342
   L2Norm(dxN)     == 1.72171e-09
   L2Norm(dxOpt)   == 1.72171e-09
   L2Dist(x,x0)    == 1.64728e-07
gx == L2Norm(G(x)) : 
   initial  gx == 1.62028e-09
   previous gx == 1.19554e-11
   current  gx == 3.57807e-12
rx == 1/2 L2Norm2(G(x)) : 
   initial  rx == 1.31266e-18
   previous rx == 7.14663e-23
   current  rx == 6.40129e-24
         delta == 0.01
Newton search converged. Breaking.
L2Norm(G(x)) == 3.57807e-12 < epsSearch == 1e-11
