f(u, N, dt, f_u, flags, dt) : f(u, N, dt, f_u, flags, dt) : Computing G(x)
f(u, N, dt, f_u, flags, dt) : 
========================================================
Newton iteration number 0
Current state of Newton iteration:
   fcount_newton   == 1
   fcount_optimiza == 0
   L2Norm(x)       == 0.00953874
   L2Norm(dxN)     == 0
   L2Norm(dxOpt)   == 0
   L2Dist(x,x0)    == 0
gx == L2Norm(G(x)) : 
   initial  gx == 9.95355e-06
   previous gx == 9.95355e-06
   current  gx == 9.95355e-06
rx == 1/2 L2Norm2(G(x)) : 
   initial  rx == 4.95365e-11
   previous rx == 4.95365e-11
   current  rx == 4.95365e-11
         delta == 0.01
Newt,GMRES == 0,0, f(u, N, dt, f_u, flags, dt) :  res == 0.999927
Newt,GMRES == 0,1, f(u, N, dt, f_u, flags, dt) :  res == 0.993139
Newt,GMRES == 0,2, f(u, N, dt, f_u, flags, dt) :  res == 0.16421
Newt,GMRES == 0,3, f(u, N, dt, f_u, flags, dt) :  res == 0.0228748
GMRES converged. Breaking.
Hookstep optimization is currently not implemented with Arclength Continuation.
Optimized Newton algorithm with AC: Computing residual to check convergence...f(u, N, dt, f_u, flags, dt) : : gx = 5.22201e-06 < 9.95355e-06
The residual is decreasing if we take this AC-Newton step.

Taking best step and continuing Newton iteration.
L2Norm(G(x)) == 5.22201e-06
rx           == 1.36347e-11
L2Norm(dxN)  == 0.00127502
L2Norm(dxOpt)== 0.00127502
========================================================
Newton iteration number 1
Current state of Newton iteration:
   fcount_newton   == 5
   fcount_optimiza == 1
   L2Norm(x)       == 0.00837921
   L2Norm(dxN)     == 0.00127502
   L2Norm(dxOpt)   == 0.00127502
   L2Dist(x,x0)    == 0.00127503
gx == L2Norm(G(x)) : 
   initial  gx == 9.95355e-06
   previous gx == 9.95355e-06
   current  gx == 5.22201e-06
rx == 1/2 L2Norm2(G(x)) : 
   initial  rx == 4.95365e-11
   previous rx == 4.95365e-11
   current  rx == 1.36347e-11
         delta == 0.01
Newt,GMRES == 1,0, f(u, N, dt, f_u, flags, dt) :  res == 0.983659
Newt,GMRES == 1,1, f(u, N, dt, f_u, flags, dt) :  res == 0.298107
Newt,GMRES == 1,2, f(u, N, dt, f_u, flags, dt) :  res == 0.0461068
GMRES converged. Breaking.
Hookstep optimization is currently not implemented with Arclength Continuation.
Optimized Newton algorithm with AC: Computing residual to check convergence...f(u, N, dt, f_u, flags, dt) : : gx = 4.17475e-07 < 5.22201e-06
The residual is decreasing if we take this AC-Newton step.

Taking best step and continuing Newton iteration.
L2Norm(G(x)) == 4.17475e-07
rx           == 8.71429e-14
L2Norm(dxN)  == 0.000341904
L2Norm(dxOpt)== 0.000341904
========================================================
Newton iteration number 2
Current state of Newton iteration:
   fcount_newton   == 8
   fcount_optimiza == 2
   L2Norm(x)       == 0.00869938
   L2Norm(dxN)     == 0.000341904
   L2Norm(dxOpt)   == 0.000341904
   L2Dist(x,x0)    == 0.00100064
gx == L2Norm(G(x)) : 
   initial  gx == 9.95355e-06
   previous gx == 5.22201e-06
   current  gx == 4.17475e-07
rx == 1/2 L2Norm2(G(x)) : 
   initial  rx == 4.95365e-11
   previous rx == 1.36347e-11
   current  rx == 8.71429e-14
         delta == 0.01
Newt,GMRES == 2,0, f(u, N, dt, f_u, flags, dt) :  res == 0.997182
Newt,GMRES == 2,1, f(u, N, dt, f_u, flags, dt) :  res == 0.893159
Newt,GMRES == 2,2, f(u, N, dt, f_u, flags, dt) :  res == 0.20064
Newt,GMRES == 2,3, f(u, N, dt, f_u, flags, dt) :  res == 0.0140072
GMRES converged. Breaking.
Hookstep optimization is currently not implemented with Arclength Continuation.
Optimized Newton algorithm with AC: Computing residual to check convergence...f(u, N, dt, f_u, flags, dt) : : gx = 6.07494e-09 < 4.17475e-07
The residual is decreasing if we take this AC-Newton step.

Taking best step and continuing Newton iteration.
L2Norm(G(x)) == 6.07494e-09
rx           == 1.84524e-17
L2Norm(dxN)  == 4.59772e-05
L2Norm(dxOpt)== 4.59772e-05
========================================================
Newton iteration number 3
Current state of Newton iteration:
   fcount_newton   == 12
   fcount_optimiza == 3
   L2Norm(x)       == 0.00872664
   L2Norm(dxN)     == 4.59772e-05
   L2Norm(dxOpt)   == 4.59772e-05
   L2Dist(x,x0)    == 0.000971793
gx == L2Norm(G(x)) : 
   initial  gx == 9.95355e-06
   previous gx == 4.17475e-07
   current  gx == 6.07494e-09
rx == 1/2 L2Norm2(G(x)) : 
   initial  rx == 4.95365e-11
   previous rx == 8.71429e-14
   current  rx == 1.84524e-17
         delta == 0.01
Newt,GMRES == 3,0, f(u, N, dt, f_u, flags, dt) :  res == 0.976725
Newt,GMRES == 3,1, f(u, N, dt, f_u, flags, dt) :  res == 0.271034
Newt,GMRES == 3,2, f(u, N, dt, f_u, flags, dt) :  res == 0.198724
Newt,GMRES == 3,3, f(u, N, dt, f_u, flags, dt) :  res == 0.0340204
GMRES converged. Breaking.
Hookstep optimization is currently not implemented with Arclength Continuation.
Optimized Newton algorithm with AC: Computing residual to check convergence...f(u, N, dt, f_u, flags, dt) : : gx = 2.06456e-10 < 6.07494e-09
The residual is decreasing if we take this AC-Newton step.

Taking best step and continuing Newton iteration.
L2Norm(G(x)) == 2.06456e-10
rx           == 2.1312e-20
L2Norm(dxN)  == 7.44218e-07
L2Norm(dxOpt)== 7.44218e-07
========================================================
Newton iteration number 4
Current state of Newton iteration:
   fcount_newton   == 16
   fcount_optimiza == 4
   L2Norm(x)       == 0.00872672
   L2Norm(dxN)     == 7.44218e-07
   L2Norm(dxOpt)   == 7.44218e-07
   L2Dist(x,x0)    == 0.000971544
gx == L2Norm(G(x)) : 
   initial  gx == 9.95355e-06
   previous gx == 6.07494e-09
   current  gx == 2.06456e-10
rx == 1/2 L2Norm2(G(x)) : 
   initial  rx == 4.95365e-11
   previous rx == 1.84524e-17
   current  rx == 2.1312e-20
         delta == 0.01
Newt,GMRES == 4,0, f(u, N, dt, f_u, flags, dt) :  res == 0.987768
Newt,GMRES == 4,1, f(u, N, dt, f_u, flags, dt) :  res == 0.211259
Newt,GMRES == 4,2, f(u, N, dt, f_u, flags, dt) :  res == 0.177841
Newt,GMRES == 4,3, f(u, N, dt, f_u, flags, dt) :  res == 0.0385735
GMRES converged. Breaking.
Hookstep optimization is currently not implemented with Arclength Continuation.
Optimized Newton algorithm with AC: Computing residual to check convergence...f(u, N, dt, f_u, flags, dt) : : gx = 7.97435e-12 < 2.06456e-10
The residual is decreasing if we take this AC-Newton step.

Taking best step and continuing Newton iteration.
L2Norm(G(x)) == 7.97435e-12
rx           == 3.17951e-23
L2Norm(dxN)  == 2.72124e-08
L2Norm(dxOpt)== 2.72124e-08
========================================================
Newton iteration number 5
Current state of Newton iteration:
   fcount_newton   == 20
   fcount_optimiza == 5
   L2Norm(x)       == 0.00872672
   L2Norm(dxN)     == 2.72124e-08
   L2Norm(dxOpt)   == 2.72124e-08
   L2Dist(x,x0)    == 0.000971537
gx == L2Norm(G(x)) : 
   initial  gx == 9.95355e-06
   previous gx == 2.06456e-10
   current  gx == 7.97435e-12
rx == 1/2 L2Norm2(G(x)) : 
   initial  rx == 4.95365e-11
   previous rx == 2.1312e-20
   current  rx == 3.17951e-23
         delta == 0.01
Newton search converged. Breaking.
L2Norm(G(x)) == 7.97435e-12 < epsSearch == 1e-11
