f(u, N, dt, f_u, flags, dt) : f(u, N, dt, f_u, flags, dt) : Computing G(x)
f(u, N, dt, f_u, flags, dt) : 
========================================================
Newton iteration number 0
Current state of Newton iteration:
   fcount_newton   == 1
   fcount_optimiza == 0
   L2Norm(x)       == 0.212526
   L2Norm(dxN)     == 0
   L2Norm(dxOpt)   == 0
   L2Dist(x,x0)    == 0
gx == L2Norm(G(x)) : 
   initial  gx == 8.99677e-10
   previous gx == 8.99677e-10
   current  gx == 8.99677e-10
rx == 1/2 L2Norm2(G(x)) : 
   initial  rx == 4.0471e-19
   previous rx == 4.0471e-19
   current  rx == 4.0471e-19
         delta == 0.01
Newt,GMRES == 0,0, f(u, N, dt, f_u, flags, dt) :  res == 0.30663
Newt,GMRES == 0,1, f(u, N, dt, f_u, flags, dt) :  res == 0.209275
Newt,GMRES == 0,2, f(u, N, dt, f_u, flags, dt) :  res == 0.000159872
GMRES converged. Breaking.
Hookstep optimization is currently not implemented with Arclength Continuation.
Optimized Newton algorithm with AC: Computing residual to check convergence...f(u, N, dt, f_u, flags, dt) : : gx = 2.7727e-11 < 8.99677e-10
The residual is decreasing if we take this AC-Newton step.

Taking best step and continuing Newton iteration.
L2Norm(G(x)) == 2.7727e-11
rx           == 3.84393e-22
L2Norm(dxN)  == 1.11479e-07
L2Norm(dxOpt)== 1.11479e-07
========================================================
Newton iteration number 1
Current state of Newton iteration:
   fcount_newton   == 4
   fcount_optimiza == 1
   L2Norm(x)       == 0.212526
   L2Norm(dxN)     == 1.11479e-07
   L2Norm(dxOpt)   == 1.11479e-07
   L2Dist(x,x0)    == 1.11479e-07
gx == L2Norm(G(x)) : 
   initial  gx == 8.99677e-10
   previous gx == 8.99677e-10
   current  gx == 2.7727e-11
rx == 1/2 L2Norm2(G(x)) : 
   initial  rx == 4.0471e-19
   previous rx == 4.0471e-19
   current  rx == 3.84393e-22
         delta == 0.01
Newt,GMRES == 1,0, f(u, N, dt, f_u, flags, dt) :  res == 0.132727
Newt,GMRES == 1,1, f(u, N, dt, f_u, flags, dt) :  res == 0.00611032
Newt,GMRES == 1,2, f(u, N, dt, f_u, flags, dt) :  res == 1.61469e-05
GMRES converged. Breaking.
Hookstep optimization is currently not implemented with Arclength Continuation.
Optimized Newton algorithm with AC: Computing residual to check convergence...f(u, N, dt, f_u, flags, dt) : : gx = 8.59877e-12 < 2.7727e-11
The residual is decreasing if we take this AC-Newton step.

Taking best step and continuing Newton iteration.
L2Norm(G(x)) == 8.59877e-12
rx           == 3.69694e-23
L2Norm(dxN)  == 4.50393e-09
L2Norm(dxOpt)== 4.50393e-09
========================================================
Newton iteration number 2
Current state of Newton iteration:
   fcount_newton   == 7
   fcount_optimiza == 2
   L2Norm(x)       == 0.212526
   L2Norm(dxN)     == 4.50393e-09
   L2Norm(dxOpt)   == 4.50393e-09
   L2Dist(x,x0)    == 1.08232e-07
gx == L2Norm(G(x)) : 
   initial  gx == 8.99677e-10
   previous gx == 2.7727e-11
   current  gx == 8.59877e-12
rx == 1/2 L2Norm2(G(x)) : 
   initial  rx == 4.0471e-19
   previous rx == 3.84393e-22
   current  rx == 3.69694e-23
         delta == 0.01
Newton search converged. Breaking.
L2Norm(G(x)) == 8.59877e-12 < epsSearch == 1e-11
