f(u, N, dt, f_u, flags, dt) : f(u, N, dt, f_u, flags, dt) : Computing G(x)
f(u, N, dt, f_u, flags, dt) : 
========================================================
Newton iteration number 0
Current state of Newton iteration:
   fcount_newton   == 1
   fcount_optimiza == 0
   L2Norm(x)       == 0.0560135
   L2Norm(dxN)     == 0
   L2Norm(dxOpt)   == 0
   L2Dist(x,x0)    == 0
gx == L2Norm(G(x)) : 
   initial  gx == 1.66326e-06
   previous gx == 1.66326e-06
   current  gx == 1.66326e-06
rx == 1/2 L2Norm2(G(x)) : 
   initial  rx == 1.38322e-12
   previous rx == 1.38322e-12
   current  rx == 1.38322e-12
         delta == 0.01
Newt,GMRES == 0,0, f(u, N, dt, f_u, flags, dt) :  res == 0.956895
Newt,GMRES == 0,1, f(u, N, dt, f_u, flags, dt) :  res == 0.00916801
Newt,GMRES == 0,2, f(u, N, dt, f_u, flags, dt) :  res == 7.69246e-06
GMRES converged. Breaking.
Hookstep optimization is currently not implemented with Arclength Continuation.
Optimized Newton algorithm with AC: Computing residual to check convergence...f(u, N, dt, f_u, flags, dt) : : gx = 7.8001e-09 < 1.66326e-06
The residual is decreasing if we take this AC-Newton step.

Taking best step and continuing Newton iteration.
L2Norm(G(x)) == 7.8001e-09
rx           == 3.04207e-17
L2Norm(dxN)  == 0.000200613
L2Norm(dxOpt)== 0.000200613
========================================================
Newton iteration number 1
Current state of Newton iteration:
   fcount_newton   == 4
   fcount_optimiza == 1
   L2Norm(x)       == 0.0558149
   L2Norm(dxN)     == 0.000200613
   L2Norm(dxOpt)   == 0.000200613
   L2Dist(x,x0)    == 0.000200613
gx == L2Norm(G(x)) : 
   initial  gx == 1.66326e-06
   previous gx == 1.66326e-06
   current  gx == 7.8001e-09
rx == 1/2 L2Norm2(G(x)) : 
   initial  rx == 1.38322e-12
   previous rx == 1.38322e-12
   current  rx == 3.04207e-17
         delta == 0.01
Newt,GMRES == 1,0, f(u, N, dt, f_u, flags, dt) :  res == 0.962456
Newt,GMRES == 1,1, f(u, N, dt, f_u, flags, dt) :  res == 0.00069555
GMRES converged. Breaking.
Hookstep optimization is currently not implemented with Arclength Continuation.
Optimized Newton algorithm with AC: Computing residual to check convergence...f(u, N, dt, f_u, flags, dt) : : gx = 1.85869e-11 < 7.8001e-09
The residual is decreasing if we take this AC-Newton step.

Taking best step and continuing Newton iteration.
L2Norm(G(x)) == 1.85869e-11
rx           == 1.72736e-22
L2Norm(dxN)  == 9.43419e-07
L2Norm(dxOpt)== 9.43419e-07
========================================================
Newton iteration number 2
Current state of Newton iteration:
   fcount_newton   == 6
   fcount_optimiza == 2
   L2Norm(x)       == 0.055814
   L2Norm(dxN)     == 9.43419e-07
   L2Norm(dxOpt)   == 9.43419e-07
   L2Dist(x,x0)    == 0.000201556
gx == L2Norm(G(x)) : 
   initial  gx == 1.66326e-06
   previous gx == 7.8001e-09
   current  gx == 1.85869e-11
rx == 1/2 L2Norm2(G(x)) : 
   initial  rx == 1.38322e-12
   previous rx == 3.04207e-17
   current  rx == 1.72736e-22
         delta == 0.01
Newt,GMRES == 2,0, f(u, N, dt, f_u, flags, dt) :  res == 0.955824
Newt,GMRES == 2,1, f(u, N, dt, f_u, flags, dt) :  res == 0.0513528
Newt,GMRES == 2,2, f(u, N, dt, f_u, flags, dt) :  res == 0.000441766
GMRES converged. Breaking.
Hookstep optimization is currently not implemented with Arclength Continuation.
Optimized Newton algorithm with AC: Computing residual to check convergence...f(u, N, dt, f_u, flags, dt) : : gx = 1.32258e-12 < 1.85869e-11
The residual is decreasing if we take this AC-Newton step.

Taking best step and continuing Newton iteration.
L2Norm(G(x)) == 1.32258e-12
rx           == 8.74609e-25
L2Norm(dxN)  == 2.18976e-09
L2Norm(dxOpt)== 2.18976e-09
========================================================
Newton iteration number 3
Current state of Newton iteration:
   fcount_newton   == 9
   fcount_optimiza == 3
   L2Norm(x)       == 0.055814
   L2Norm(dxN)     == 2.18976e-09
   L2Norm(dxOpt)   == 2.18976e-09
   L2Dist(x,x0)    == 0.000201558
gx == L2Norm(G(x)) : 
   initial  gx == 1.66326e-06
   previous gx == 1.85869e-11
   current  gx == 1.32258e-12
rx == 1/2 L2Norm2(G(x)) : 
   initial  rx == 1.38322e-12
   previous rx == 1.72736e-22
   current  rx == 8.74609e-25
         delta == 0.01
Newton search converged. Breaking.
L2Norm(G(x)) == 1.32258e-12 < epsSearch == 1e-11
