Computing G(x)
f(u, N, dt, f_u, flags, dt) : 
========================================================
Newton iteration number 0
Current state of Newton iteration:
   fcount_newton   == 1
   fcount_optimiza == 0
   L2Norm(x)       == 0.0187873
   L2Norm(dxN)     == 0
   L2Norm(dxOpt)   == 0
   L2Dist(x,x0)    == 0
gx == L2Norm(G(x)) : 
   initial  gx == 1.9134e-05
   previous gx == 1.9134e-05
   current  gx == 1.9134e-05
rx == 1/2 L2Norm2(G(x)) : 
   initial  rx == 1.83054e-10
   previous rx == 1.83054e-10
   current  rx == 1.83054e-10
         delta == 0.01
Newt,GMRES == 0,0, f(u, N, dt, f_u, flags, dt) :  res == 0.748749
Newt,GMRES == 0,1, f(u, N, dt, f_u, flags, dt) :  res == 0.0264115
Newt,GMRES == 0,2, f(u, N, dt, f_u, flags, dt) :  res == 3.02757e-06
GMRES converged. Breaking.
------------------------------------------------
Beginning hookstep calculations.
-------------------------------------------
Hookstep number 0
delta == 0.01
Newton step is outside trust region: 
L2Norm(dxN) == 0.0114398 > 0.01 == delta
Calculate hookstep dxH(mu) with radius L2Norm(dxH(mu)) == delta
mu, L2Norm(dxH(mu)) == 0, 0.0114398
mu, L2Norm(dxH(mu)) == 0.000225666, 0.0100798
mu, L2Norm(dxH(mu)) == 0.000240761, 0.0100003
mu, L2Norm(dxH(mu)) == 0.000240821, 0.01
Found hookstep of proper radius
ndxHmu == 0.01 ~= 0.01 == delta 
Computing residual of hookstep dxH
L2Norm(dxH) == 0.01
f(u, N, dt, f_u, flags, dt) : 
r(x), r(x+dxH) == 1.83054e-10, 1.23625e-09
Computing local quadratic model of residual
f(u, N, dt, f_u, flags, dt) : 
Determining what to do with current Newton/hookstep and trust region
rx       ==   1.83054e-10 residual at current position
rH       ==   1.23625e-09 residual of newton/hookstep
Delta_rH ==   1.05319e-09 actual improvement in residual from newton/hookstep

Delta_rH ==   1.05319e-09 ------> Unacceptable <------ 
             -1.01284e-12 lower bound for acceptable improvement
              4.06453e-11 upper bound for ok improvement.
               3.0484e-10 upper bound for good improvement.
              4.47099e-10 upper bound for accurate prediction.
              3.65808e-10 lower bound for accurate prediction.
             -1.01284e-09 local linear model of improvement
lambda       == 0.245118 is the reduction/increase factor for delta suggested by quadratic model
lambda*delta == 0.00245118 is the delta suggested by quadratic model
Improvement is unacceptable.
No backup step is available.
Reduce trust region by minimizing local quadratic model and recompute hookstep.
  old delta == 0.01
  new delta == 0.00245118
delta new == 0.00245118
-------------------------------------------
Hookstep number 1
delta == 0.00245118
Newton step is outside trust region: 
L2Norm(dxN) == 0.0114398 > 0.00245118 == delta
Calculate hookstep dxH(mu) with radius L2Norm(dxH(mu)) == delta
mu, L2Norm(dxH(mu)) == 0, 0.0114398
mu, L2Norm(dxH(mu)) == 0.0037238, 0.00354569
mu, L2Norm(dxH(mu)) == 0.00576151, 0.0025738
mu, L2Norm(dxH(mu)) == 0.00612456, 0.00245396
mu, L2Norm(dxH(mu)) == 0.00613341, 0.00245118
Found hookstep of proper radius
ndxHmu == 0.00245118 ~= 0.00245118 == delta 
Computing residual of hookstep dxH
L2Norm(dxH) == 0.00245118
f(u, N, dt, f_u, flags, dt) : 
r(x), r(x+dxH) == 1.83054e-10, 4.66391e-11
Computing local quadratic model of residual
f(u, N, dt, f_u, flags, dt) : 
Determining what to do with current Newton/hookstep and trust region
rx       ==   1.83054e-10 residual at current position
rH       ==   4.66391e-11 residual of newton/hookstep
Delta_rH ==  -1.36415e-10 actual improvement in residual from newton/hookstep

             -2.48268e-13 lower bound for acceptable improvement
             -1.63063e-11 upper bound for ok improvement.
             -1.22297e-10 upper bound for good improvement.
Delta_rH ==  -1.36415e-10 ------> Good <------
             -1.46756e-10 upper bound for accurate prediction.
             -1.79369e-10 lower bound for accurate prediction.
             -2.48268e-10 local linear model of improvement
lambda       == 1.1098 is the reduction/increase factor for delta suggested by quadratic model
lambda*delta == 0.00272032 is the delta suggested by quadratic model
Improvement is Good (some form of acceptable).
Stop adjusting trust region and take a step because
Improvement is merely Poor, Ok, or Good : 1
Newton step is within trust region      : 0
Backup step is better                   : 0
Delta has reached local limit           : 0
Take step and increase delta, if there's room.
  old delta == 0.00245118
  new delta == 0.00272032

Taking best step and continuing Newton iteration.
L2Norm(G(x)) == 9.65806e-06
rx           == 4.66391e-11
L2Norm(dxN)  == 0.0114398
L2Norm(dxOpt)== 0.00245118
========================================================
Newton iteration number 1
Current state of Newton iteration:
   fcount_newton   == 4
   fcount_optimiza == 4
   L2Norm(x)       == 0.0212385
   L2Norm(dxN)     == 0.0114398
   L2Norm(dxOpt)   == 0.00245118
   L2Dist(x,x0)    == 0.00245118
gx == L2Norm(G(x)) : 
   initial  gx == 1.9134e-05
   previous gx == 1.9134e-05
   current  gx == 9.65806e-06
rx == 1/2 L2Norm2(G(x)) : 
   initial  rx == 1.83054e-10
   previous rx == 1.83054e-10
   current  rx == 4.66391e-11
         delta == 0.00272032
Newt,GMRES == 1,0, f(u, N, dt, f_u, flags, dt) :  res == 0.982198
Newt,GMRES == 1,1, f(u, N, dt, f_u, flags, dt) :  res == 0.0393876
Newt,GMRES == 1,2, f(u, N, dt, f_u, flags, dt) :  res == 2.64915e-05
GMRES converged. Breaking.
------------------------------------------------
Beginning hookstep calculations.
-------------------------------------------
Hookstep number 0
delta == 0.00272032
Newton step is within trust region: 
L2Norm(dxN) == 0.00119272 <= 0.00272032 == delta
Computing residual of hookstep dxH
L2Norm(dxH) == 0.00119272
f(u, N, dt, f_u, flags, dt) : 
r(x), r(x+dxH) == 4.66391e-11, 5.81915e-12
Computing local quadratic model of residual
f(u, N, dt, f_u, flags, dt) : 
Determining what to do with current Newton/hookstep and trust region
rx       ==   4.66391e-11 residual at current position
rH       ==   5.81915e-12 residual of newton/hookstep
Delta_rH ==  -4.08199e-11 actual improvement in residual from newton/hookstep

             -4.39743e-14 lower bound for acceptable improvement
             -3.35815e-12 upper bound for ok improvement.
             -2.51861e-11 upper bound for good improvement.
Delta_rH ==  -4.08199e-11 ------> Good <------
             -3.02234e-11 upper bound for accurate prediction.
             -3.69397e-11 lower bound for accurate prediction.
             -4.39743e-11 local linear model of improvement
lambda       == 6.97032 is the reduction/increase factor for delta suggested by quadratic model
lambda*delta == 0.0189615 is the delta suggested by quadratic model
Improvement is Good (some form of acceptable).
Stop adjusting trust region and take a step because
Improvement is merely Poor, Ok, or Good : 1
Newton step is within trust region      : 1
Backup step is better                   : 0
Delta has reached local limit           : 0
Take current step and leave delta unchanged, for the following reasons:
improvement            : Good
|newtonstep| <= delta  : true
delta >= deltaMax      : false
delta == 0.00272032

Taking best step and continuing Newton iteration.
L2Norm(G(x)) == 3.4115e-06
rx           == 5.81915e-12
L2Norm(dxN)  == 0.00119272
L2Norm(dxOpt)== 0.00119272
========================================================
Newton iteration number 2
Current state of Newton iteration:
   fcount_newton   == 7
   fcount_optimiza == 6
   L2Norm(x)       == 0.0224312
   L2Norm(dxN)     == 0.00119272
   L2Norm(dxOpt)   == 0.00119272
   L2Dist(x,x0)    == 0.0036439
gx == L2Norm(G(x)) : 
   initial  gx == 1.9134e-05
   previous gx == 9.65806e-06
   current  gx == 3.4115e-06
rx == 1/2 L2Norm2(G(x)) : 
   initial  rx == 1.83054e-10
   previous rx == 4.66391e-11
   current  rx == 5.81915e-12
         delta == 0.00272032
Newt,GMRES == 2,0, f(u, N, dt, f_u, flags, dt) :  res == 0.986165
Newt,GMRES == 2,1, f(u, N, dt, f_u, flags, dt) :  res == 0.0354462
Newt,GMRES == 2,2, f(u, N, dt, f_u, flags, dt) :  res == 6.29347e-06
GMRES converged. Breaking.
------------------------------------------------
Beginning hookstep calculations.
-------------------------------------------
Hookstep number 0
delta == 0.00272032
Newton step is within trust region: 
L2Norm(dxN) == 0.00054626 <= 0.00272032 == delta
Computing residual of hookstep dxH
L2Norm(dxH) == 0.00054626
f(u, N, dt, f_u, flags, dt) : 
r(x), r(x+dxH) == 5.81915e-12, 1.92786e-14
Computing local quadratic model of residual
f(u, N, dt, f_u, flags, dt) : 
Determining what to do with current Newton/hookstep and trust region
rx       ==   5.81915e-12 residual at current position
rH       ==   1.92786e-14 residual of newton/hookstep
Delta_rH ==  -5.79987e-12 actual improvement in residual from newton/hookstep

             -8.38691e-15 lower bound for acceptable improvement
             -5.36275e-13 upper bound for ok improvement.
             -4.02206e-12 upper bound for good improvement.
             -4.82648e-12 upper bound for accurate prediction.
Delta_rH ==  -5.79987e-12 ------> Accurate <------
             -5.89903e-12 lower bound for accurate prediction.
             -8.38691e-12 local linear model of improvement
lambda       == 1.62095 is the reduction/increase factor for delta suggested by quadratic model
lambda*delta == 0.00440949 is the delta suggested by quadratic model
Improvement is Accurate (some form of acceptable).
Stop adjusting trust region and take a step because
Improvement is merely Poor, Ok, or Good : 0
Newton step is within trust region      : 1
Backup step is better                   : 0
Delta has reached local limit           : 0
Take current step and leave delta unchanged, for the following reasons:
improvement            : Accurate
|newtonstep| <= delta  : true
delta >= deltaMax      : false
delta == 0.00272032

Taking best step and continuing Newton iteration.
L2Norm(G(x)) == 1.9636e-07
rx           == 1.92786e-14
L2Norm(dxN)  == 0.00054626
L2Norm(dxOpt)== 0.00054626
========================================================
Newton iteration number 3
Current state of Newton iteration:
   fcount_newton   == 10
   fcount_optimiza == 8
   L2Norm(x)       == 0.0229774
   L2Norm(dxN)     == 0.00054626
   L2Norm(dxOpt)   == 0.00054626
   L2Dist(x,x0)    == 0.00419016
gx == L2Norm(G(x)) : 
   initial  gx == 1.9134e-05
   previous gx == 3.4115e-06
   current  gx == 1.9636e-07
rx == 1/2 L2Norm2(G(x)) : 
   initial  rx == 1.83054e-10
   previous rx == 5.81915e-12
   current  rx == 1.92786e-14
         delta == 0.00272032
Newton search converged. Breaking.
L2Norm(G(x)) == 1.9636e-07 < epsSearch == 1e-06
