f(u, N, dt, f_u, flags, dt) : f(u, N, dt, f_u, flags, dt) : Computing G(x)
f(u, N, dt, f_u, flags, dt) : 
========================================================
Newton iteration number 0
Current state of Newton iteration:
   fcount_newton   == 1
   fcount_optimiza == 0
   L2Norm(x)       == 0.00929666
   L2Norm(dxN)     == 0
   L2Norm(dxOpt)   == 0
   L2Dist(x,x0)    == 0
gx == L2Norm(G(x)) : 
   initial  gx == 2.13674e-08
   previous gx == 2.13674e-08
   current  gx == 2.13674e-08
rx == 1/2 L2Norm2(G(x)) : 
   initial  rx == 2.28283e-16
   previous rx == 2.28283e-16
   current  rx == 2.28283e-16
         delta == 0.01
Newt,GMRES == 0,0, f(u, N, dt, f_u, flags, dt) :  res == 0.824804
Newt,GMRES == 0,1, f(u, N, dt, f_u, flags, dt) :  res == 0.234751
Newt,GMRES == 0,2, f(u, N, dt, f_u, flags, dt) :  res == 0.0405228
GMRES converged. Breaking.
Hookstep optimization is currently not implemented with Arclength Continuation.
Optimized Newton algorithm with AC: Computing residual to check convergence...f(u, N, dt, f_u, flags, dt) : : gx = 8.64734e-10 < 2.13674e-08
The residual is decreasing if we take this AC-Newton step.

Taking best step and continuing Newton iteration.
L2Norm(G(x)) == 8.64734e-10
rx           == 3.73883e-19
L2Norm(dxN)  == 2.30888e-06
L2Norm(dxOpt)== 2.30888e-06
========================================================
Newton iteration number 1
Current state of Newton iteration:
   fcount_newton   == 4
   fcount_optimiza == 1
   L2Norm(x)       == 0.00929892
   L2Norm(dxN)     == 2.30888e-06
   L2Norm(dxOpt)   == 2.30888e-06
   L2Dist(x,x0)    == 2.30888e-06
gx == L2Norm(G(x)) : 
   initial  gx == 2.13674e-08
   previous gx == 2.13674e-08
   current  gx == 8.64734e-10
rx == 1/2 L2Norm2(G(x)) : 
   initial  rx == 2.28283e-16
   previous rx == 2.28283e-16
   current  rx == 3.73883e-19
         delta == 0.01
Newt,GMRES == 1,0, f(u, N, dt, f_u, flags, dt) :  res == 0.221371
Newt,GMRES == 1,1, f(u, N, dt, f_u, flags, dt) :  res == 0.204481
Newt,GMRES == 1,2, f(u, N, dt, f_u, flags, dt) :  res == 0.0334906
GMRES converged. Breaking.
Hookstep optimization is currently not implemented with Arclength Continuation.
Optimized Newton algorithm with AC: Computing residual to check convergence...f(u, N, dt, f_u, flags, dt) : : gx = 2.7245e-11 < 8.64734e-10
The residual is decreasing if we take this AC-Newton step.

Taking best step and continuing Newton iteration.
L2Norm(G(x)) == 2.7245e-11
rx           == 3.71145e-22
L2Norm(dxN)  == 1.10911e-07
L2Norm(dxOpt)== 1.10911e-07
========================================================
Newton iteration number 2
Current state of Newton iteration:
   fcount_newton   == 7
   fcount_optimiza == 2
   L2Norm(x)       == 0.00929894
   L2Norm(dxN)     == 1.10911e-07
   L2Norm(dxOpt)   == 1.10911e-07
   L2Dist(x,x0)    == 2.3183e-06
gx == L2Norm(G(x)) : 
   initial  gx == 2.13674e-08
   previous gx == 8.64734e-10
   current  gx == 2.7245e-11
rx == 1/2 L2Norm2(G(x)) : 
   initial  rx == 2.28283e-16
   previous rx == 3.73883e-19
   current  rx == 3.71145e-22
         delta == 0.01
Newt,GMRES == 2,0, f(u, N, dt, f_u, flags, dt) :  res == 0.930779
Newt,GMRES == 2,1, f(u, N, dt, f_u, flags, dt) :  res == 0.811453
Newt,GMRES == 2,2, f(u, N, dt, f_u, flags, dt) :  res == 0.107094
Newt,GMRES == 2,3, f(u, N, dt, f_u, flags, dt) :  res == 0.0290229
GMRES converged. Breaking.
Hookstep optimization is currently not implemented with Arclength Continuation.
Optimized Newton algorithm with AC: Computing residual to check convergence...f(u, N, dt, f_u, flags, dt) : : gx = 1.68038e-12 < 2.7245e-11
The residual is decreasing if we take this AC-Newton step.

Taking best step and continuing Newton iteration.
L2Norm(G(x)) == 1.68038e-12
rx           == 1.41184e-24
L2Norm(dxN)  == 3.01334e-09
L2Norm(dxOpt)== 3.01334e-09
========================================================
Newton iteration number 3
Current state of Newton iteration:
   fcount_newton   == 11
   fcount_optimiza == 3
   L2Norm(x)       == 0.00929893
   L2Norm(dxN)     == 3.01334e-09
   L2Norm(dxOpt)   == 3.01334e-09
   L2Dist(x,x0)    == 2.31593e-06
gx == L2Norm(G(x)) : 
   initial  gx == 2.13674e-08
   previous gx == 2.7245e-11
   current  gx == 1.68038e-12
rx == 1/2 L2Norm2(G(x)) : 
   initial  rx == 2.28283e-16
   previous rx == 3.71145e-22
   current  rx == 1.41184e-24
         delta == 0.01
Newton search converged. Breaking.
L2Norm(G(x)) == 1.68038e-12 < epsSearch == 1e-11
