f(u, N, dt, f_u, flags, dt) : Computing G(x)
f(u, N, dt, f_u, flags, dt) : 
========================================================
Newton iteration number 0
Current state of Newton iteration:
   fcount_newton   == 1
   fcount_optimiza == 0
   L2Norm(x)       == 0.0463863
   L2Norm(dxN)     == 0
   L2Norm(dxOpt)   == 0
   L2Dist(x,x0)    == 0
gx == L2Norm(G(x)) : 
   initial  gx == 4.41448e-06
   previous gx == 4.41448e-06
   current  gx == 4.41448e-06
rx == 1/2 L2Norm2(G(x)) : 
   initial  rx == 9.7438e-12
   previous rx == 9.7438e-12
   current  rx == 9.7438e-12
         delta == 0.01
Newt,GMRES == 0,0, f(u, N, dt, f_u, flags, dt) :  res == 0.999792
Newt,GMRES == 0,1, f(u, N, dt, f_u, flags, dt) :  res == 0.133739
Newt,GMRES == 0,2, f(u, N, dt, f_u, flags, dt) :  res == 0.00346955
Newt,GMRES == 0,3, f(u, N, dt, f_u, flags, dt) :  res == 1.54369e-09
GMRES converged. Breaking.
Hookstep optimization is currently not implemented with Arclength Continuation.
Optimized Newton algorithm with AC: Computing residual to check convergence...f(u, N, dt, f_u, flags, dt) : : gx = 3.42858e-06 < 4.41448e-06
The residual is decreasing if we take this AC-Newton step.

Taking best step and continuing Newton iteration.
L2Norm(G(x)) == 3.42858e-06
rx           == 5.87757e-12
L2Norm(dxN)  == 0.00245989
L2Norm(dxOpt)== 0.00245989
========================================================
Newton iteration number 1
Current state of Newton iteration:
   fcount_newton   == 5
   fcount_optimiza == 1
   L2Norm(x)       == 0.0439631
   L2Norm(dxN)     == 0.00245989
   L2Norm(dxOpt)   == 0.00245989
   L2Dist(x,x0)    == 0.00245989
gx == L2Norm(G(x)) : 
   initial  gx == 4.41448e-06
   previous gx == 4.41448e-06
   current  gx == 3.42858e-06
rx == 1/2 L2Norm2(G(x)) : 
   initial  rx == 9.7438e-12
   previous rx == 9.7438e-12
   current  rx == 5.87757e-12
         delta == 0.01
Newt,GMRES == 1,0, f(u, N, dt, f_u, flags, dt) :  res == 0.999979
Newt,GMRES == 1,1, f(u, N, dt, f_u, flags, dt) :  res == 0.216909
Newt,GMRES == 1,2, f(u, N, dt, f_u, flags, dt) :  res == 0.0289455
Newt,GMRES == 1,3, f(u, N, dt, f_u, flags, dt) :  res == 7.00312e-08
GMRES converged. Breaking.
Hookstep optimization is currently not implemented with Arclength Continuation.
Optimized Newton algorithm with AC: Computing residual to check convergence...f(u, N, dt, f_u, flags, dt) : : gx = 6.39076e-06 > 3.42858e-06
The error is increasing if we take the Newton step. Newton step optimization leaves step size correction to arclength continuation.
