f(u, N, dt, f_u, flags, dt) : Computing G(x)
f(u, N, dt, f_u, flags, dt) : 
========================================================
Newton iteration number 0
Current state of Newton iteration:
   fcount_newton   == 1
   fcount_optimiza == 0
   L2Norm(x)       == 0.010882
   L2Norm(dxN)     == 0
   L2Norm(dxOpt)   == 0
   L2Dist(x,x0)    == 0
gx == L2Norm(G(x)) : 
   initial  gx == 3.81487e-08
   previous gx == 3.81487e-08
   current  gx == 3.81487e-08
rx == 1/2 L2Norm2(G(x)) : 
   initial  rx == 7.27661e-16
   previous rx == 7.27661e-16
   current  rx == 7.27661e-16
         delta == 0.01
Newt,GMRES == 0,0, f(u, N, dt, f_u, flags, dt) :  res == 0.999919
Newt,GMRES == 0,1, f(u, N, dt, f_u, flags, dt) :  res == 0.844564
Newt,GMRES == 0,2, f(u, N, dt, f_u, flags, dt) :  res == 0.841023
Newt,GMRES == 0,3, f(u, N, dt, f_u, flags, dt) :  res == 0.403508
Newt,GMRES == 0,4, f(u, N, dt, f_u, flags, dt) :  res == 0.0479117
GMRES converged. Breaking.
Hookstep optimization is currently not implemented with Arclength Continuation.
Optimized Newton algorithm with AC: Computing residual to check convergence...f(u, N, dt, f_u, flags, dt) : : gx = 8.59432e-08 > 3.81487e-08
The error is increasing if we take the Newton step. Newton step optimization leaves step size correction to arclength continuation.
