f(u, N, dt, f_u, flags, dt) : f(u, N, dt, f_u, flags, dt) : Computing G(x)
f(u, N, dt, f_u, flags, dt) : 
========================================================
Newton iteration number 0
Current state of Newton iteration:
   fcount_newton   == 1
   fcount_optimiza == 0
   L2Norm(x)       == 0.126606
   L2Norm(dxN)     == 0
   L2Norm(dxOpt)   == 0
   L2Dist(x,x0)    == 0
gx == L2Norm(G(x)) : 
   initial  gx == 4.7032e-10
   previous gx == 4.7032e-10
   current  gx == 4.7032e-10
rx == 1/2 L2Norm2(G(x)) : 
   initial  rx == 1.10601e-19
   previous rx == 1.10601e-19
   current  rx == 1.10601e-19
         delta == 0.01
Newt,GMRES == 0,0, f(u, N, dt, f_u, flags, dt) :  res == 0.474692
Newt,GMRES == 0,1, f(u, N, dt, f_u, flags, dt) :  res == 0.000757851
GMRES converged. Breaking.
Hookstep optimization is currently not implemented with Arclength Continuation.
Optimized Newton algorithm with AC: Computing residual to check convergence...f(u, N, dt, f_u, flags, dt) : : gx = 1.36136e-14 < 4.7032e-10
The residual is decreasing if we take this AC-Newton step.

Taking best step and continuing Newton iteration.
L2Norm(G(x)) == 1.36136e-14
rx           == 9.26657e-29
L2Norm(dxN)  == 4.70317e-08
L2Norm(dxOpt)== 4.70317e-08
========================================================
Newton iteration number 1
Current state of Newton iteration:
   fcount_newton   == 3
   fcount_optimiza == 1
   L2Norm(x)       == 0.126606
   L2Norm(dxN)     == 4.70317e-08
   L2Norm(dxOpt)   == 4.70317e-08
   L2Dist(x,x0)    == 4.70317e-08
gx == L2Norm(G(x)) : 
   initial  gx == 4.7032e-10
   previous gx == 4.7032e-10
   current  gx == 1.36136e-14
rx == 1/2 L2Norm2(G(x)) : 
   initial  rx == 1.10601e-19
   previous rx == 1.10601e-19
   current  rx == 9.26657e-29
         delta == 0.01
Newton search converged. Breaking.
L2Norm(G(x)) == 1.36136e-14 < epsSearch == 1e-11
