f(u, N, dt, f_u, flags, dt) : f(u, N, dt, f_u, flags, dt) : Computing G(x)
f(u, N, dt, f_u, flags, dt) : 
========================================================
Newton iteration number 0
Current state of Newton iteration:
   fcount_newton   == 1
   fcount_optimiza == 0
   L2Norm(x)       == 0.0224991
   L2Norm(dxN)     == 0
   L2Norm(dxOpt)   == 0
   L2Dist(x,x0)    == 0
gx == L2Norm(G(x)) : 
   initial  gx == 2.96687e-07
   previous gx == 2.96687e-07
   current  gx == 2.96687e-07
rx == 1/2 L2Norm2(G(x)) : 
   initial  rx == 4.40115e-14
   previous rx == 4.40115e-14
   current  rx == 4.40115e-14
         delta == 0.01
Newt,GMRES == 0,0, f(u, N, dt, f_u, flags, dt) :  res == 0.963557
Newt,GMRES == 0,1, f(u, N, dt, f_u, flags, dt) :  res == 0.189797
Newt,GMRES == 0,2, f(u, N, dt, f_u, flags, dt) :  res == 0.189439
Newt,GMRES == 0,3, f(u, N, dt, f_u, flags, dt) :  res == 0.0546331
GMRES converged. Breaking.
Hookstep optimization is currently not implemented with Arclength Continuation.
Optimized Newton algorithm with AC: Computing residual to check convergence...f(u, N, dt, f_u, flags, dt) : : gx = 1.58856e-08 < 2.96687e-07
The residual is decreasing if we take this AC-Newton step.

Taking best step and continuing Newton iteration.
L2Norm(G(x)) == 1.58856e-08
rx           == 1.26177e-16
L2Norm(dxN)  == 4.16215e-05
L2Norm(dxOpt)== 4.16215e-05
========================================================
Newton iteration number 1
Current state of Newton iteration:
   fcount_newton   == 5
   fcount_optimiza == 1
   L2Norm(x)       == 0.0224855
   L2Norm(dxN)     == 4.16215e-05
   L2Norm(dxOpt)   == 4.16215e-05
   L2Dist(x,x0)    == 4.16215e-05
gx == L2Norm(G(x)) : 
   initial  gx == 2.96687e-07
   previous gx == 2.96687e-07
   current  gx == 1.58856e-08
rx == 1/2 L2Norm2(G(x)) : 
   initial  rx == 4.40115e-14
   previous rx == 4.40115e-14
   current  rx == 1.26177e-16
         delta == 0.01
Newt,GMRES == 1,0, f(u, N, dt, f_u, flags, dt) :  res == 0.719525
Newt,GMRES == 1,1, f(u, N, dt, f_u, flags, dt) :  res == 0.317738
Newt,GMRES == 1,2, f(u, N, dt, f_u, flags, dt) :  res == 0.252357
Newt,GMRES == 1,3, f(u, N, dt, f_u, flags, dt) :  res == 0.236933
Newt,GMRES == 1,4, f(u, N, dt, f_u, flags, dt) :  res == 0.0569803
GMRES converged. Breaking.
Hookstep optimization is currently not implemented with Arclength Continuation.
Optimized Newton algorithm with AC: Computing residual to check convergence...f(u, N, dt, f_u, flags, dt) : : gx = 9.07309e-10 < 1.58856e-08
The residual is decreasing if we take this AC-Newton step.

Taking best step and continuing Newton iteration.
L2Norm(G(x)) == 9.07309e-10
rx           == 4.11605e-19
L2Norm(dxN)  == 3.0118e-06
L2Norm(dxOpt)== 3.0118e-06
========================================================
Newton iteration number 2
Current state of Newton iteration:
   fcount_newton   == 10
   fcount_optimiza == 2
   L2Norm(x)       == 0.0224865
   L2Norm(dxN)     == 3.0118e-06
   L2Norm(dxOpt)   == 3.0118e-06
   L2Dist(x,x0)    == 4.26668e-05
gx == L2Norm(G(x)) : 
   initial  gx == 2.96687e-07
   previous gx == 1.58856e-08
   current  gx == 9.07309e-10
rx == 1/2 L2Norm2(G(x)) : 
   initial  rx == 4.40115e-14
   previous rx == 1.26177e-16
   current  rx == 4.11605e-19
         delta == 0.01
Newton search converged. Breaking.
L2Norm(G(x)) == 9.07309e-10 < epsSearch == 1e-08
