f(u, N, dt, f_u, flags, dt) : f(u, N, dt, f_u, flags, dt) : Computing G(x)
f(u, N, dt, f_u, flags, dt) : 
========================================================
Newton iteration number 0
Current state of Newton iteration:
   fcount_newton   == 1
   fcount_optimiza == 0
   L2Norm(x)       == 0.175308
   L2Norm(dxN)     == 0
   L2Norm(dxOpt)   == 0
   L2Dist(x,x0)    == 0
gx == L2Norm(G(x)) : 
   initial  gx == 3.95489e-10
   previous gx == 3.95489e-10
   current  gx == 3.95489e-10
rx == 1/2 L2Norm2(G(x)) : 
   initial  rx == 7.82056e-20
   previous rx == 7.82056e-20
   current  rx == 7.82056e-20
         delta == 0.01
Newt,GMRES == 0,0, f(u, N, dt, f_u, flags, dt) :  res == 0.128941
Newt,GMRES == 0,1, f(u, N, dt, f_u, flags, dt) :  res == 0.0826509
Newt,GMRES == 0,2, f(u, N, dt, f_u, flags, dt) :  res == 5.05516e-06
GMRES converged. Breaking.
Hookstep optimization is currently not implemented with Arclength Continuation.
Optimized Newton algorithm with AC: Computing residual to check convergence...f(u, N, dt, f_u, flags, dt) : : gx = 1.26203e-11 < 3.95489e-10
The residual is decreasing if we take this AC-Newton step.

Taking best step and continuing Newton iteration.
L2Norm(G(x)) == 1.26203e-11
rx           == 7.96355e-23
L2Norm(dxN)  == 6.49028e-08
L2Norm(dxOpt)== 6.49028e-08
========================================================
Newton iteration number 1
Current state of Newton iteration:
   fcount_newton   == 4
   fcount_optimiza == 1
   L2Norm(x)       == 0.175308
   L2Norm(dxN)     == 6.49028e-08
   L2Norm(dxOpt)   == 6.49028e-08
   L2Dist(x,x0)    == 6.49028e-08
gx == L2Norm(G(x)) : 
   initial  gx == 3.95489e-10
   previous gx == 3.95489e-10
   current  gx == 1.26203e-11
rx == 1/2 L2Norm2(G(x)) : 
   initial  rx == 7.82056e-20
   previous rx == 7.82056e-20
   current  rx == 7.96355e-23
         delta == 0.01
Newt,GMRES == 1,0, f(u, N, dt, f_u, flags, dt) :  res == 0.65206
Newt,GMRES == 1,1, f(u, N, dt, f_u, flags, dt) :  res == 8.93432e-05
GMRES converged. Breaking.
Hookstep optimization is currently not implemented with Arclength Continuation.
Optimized Newton algorithm with AC: Computing residual to check convergence...f(u, N, dt, f_u, flags, dt) : : gx = 3.87607e-12 < 1.26203e-11
The residual is decreasing if we take this AC-Newton step.

Taking best step and continuing Newton iteration.
L2Norm(G(x)) == 3.87607e-12
rx           == 7.51194e-24
L2Norm(dxN)  == 2.08718e-09
L2Norm(dxOpt)== 2.08718e-09
========================================================
Newton iteration number 2
Current state of Newton iteration:
   fcount_newton   == 6
   fcount_optimiza == 2
   L2Norm(x)       == 0.175308
   L2Norm(dxN)     == 2.08718e-09
   L2Norm(dxOpt)   == 2.08718e-09
   L2Dist(x,x0)    == 6.28224e-08
gx == L2Norm(G(x)) : 
   initial  gx == 3.95489e-10
   previous gx == 1.26203e-11
   current  gx == 3.87607e-12
rx == 1/2 L2Norm2(G(x)) : 
   initial  rx == 7.82056e-20
   previous rx == 7.96355e-23
   current  rx == 7.51194e-24
         delta == 0.01
Newton search converged. Breaking.
L2Norm(G(x)) == 3.87607e-12 < epsSearch == 1e-11
