f(u, N, dt, f_u, flags, dt) : f(u, N, dt, f_u, flags, dt) : Computing G(x)
f(u, N, dt, f_u, flags, dt) : 
========================================================
Newton iteration number 0
Current state of Newton iteration:
   fcount_newton   == 1
   fcount_optimiza == 0
   L2Norm(x)       == 0.0110165
   L2Norm(dxN)     == 0
   L2Norm(dxOpt)   == 0
   L2Dist(x,x0)    == 0
gx == L2Norm(G(x)) : 
   initial  gx == 1.36923e-07
   previous gx == 1.36923e-07
   current  gx == 1.36923e-07
rx == 1/2 L2Norm2(G(x)) : 
   initial  rx == 9.37391e-15
   previous rx == 9.37391e-15
   current  rx == 9.37391e-15
         delta == 0.01
Newt,GMRES == 0,0, f(u, N, dt, f_u, flags, dt) :  res == 0.999881
Newt,GMRES == 0,1, f(u, N, dt, f_u, flags, dt) :  res == 0.763662
Newt,GMRES == 0,2, f(u, N, dt, f_u, flags, dt) :  res == 0.689658
Newt,GMRES == 0,3, f(u, N, dt, f_u, flags, dt) :  res == 0.216767
Newt,GMRES == 0,4, f(u, N, dt, f_u, flags, dt) :  res == 0.0320919
GMRES converged. Breaking.
Hookstep optimization is currently not implemented with Arclength Continuation.
Optimized Newton algorithm with AC: Computing residual to check convergence...f(u, N, dt, f_u, flags, dt) : : gx = 2.95716e-07 > 1.36923e-07
The error is increasing if we take the Newton step. Newton step optimization leaves step size correction to arclength continuation.
