f(u, N, dt, f_u, flags, dt) : f(u, N, dt, f_u, flags, dt) : Computing G(x)
f(u, N, dt, f_u, flags, dt) : 
========================================================
Newton iteration number 0
Current state of Newton iteration:
   fcount_newton   == 1
   fcount_optimiza == 0
   L2Norm(x)       == 0.0198201
   L2Norm(dxN)     == 0
   L2Norm(dxOpt)   == 0
   L2Dist(x,x0)    == 0
gx == L2Norm(G(x)) : 
   initial  gx == 7.71146e-07
   previous gx == 7.71146e-07
   current  gx == 7.71146e-07
rx == 1/2 L2Norm2(G(x)) : 
   initial  rx == 2.97333e-13
   previous rx == 2.97333e-13
   current  rx == 2.97333e-13
         delta == 0.01
Newt,GMRES == 0,0, f(u, N, dt, f_u, flags, dt) :  res == 0.641913
Newt,GMRES == 0,1, f(u, N, dt, f_u, flags, dt) :  res == 0.0392163
Newt,GMRES == 0,2, f(u, N, dt, f_u, flags, dt) :  res == 0.000161243
GMRES converged. Breaking.
Hookstep optimization is currently not implemented with Arclength Continuation.
Optimized Newton algorithm with AC: Computing residual to check convergence...f(u, N, dt, f_u, flags, dt) : : gx = 7.43528e-10 < 7.71146e-07
The residual is decreasing if we take this AC-Newton step.

Taking best step and continuing Newton iteration.
L2Norm(G(x)) == 7.43528e-10
rx           == 2.76417e-19
L2Norm(dxN)  == 3.69356e-05
L2Norm(dxOpt)== 3.69356e-05
========================================================
Newton iteration number 1
Current state of Newton iteration:
   fcount_newton   == 4
   fcount_optimiza == 1
   L2Norm(x)       == 0.0197844
   L2Norm(dxN)     == 3.69356e-05
   L2Norm(dxOpt)   == 3.69356e-05
   L2Dist(x,x0)    == 3.69356e-05
gx == L2Norm(G(x)) : 
   initial  gx == 7.71146e-07
   previous gx == 7.71146e-07
   current  gx == 7.43528e-10
rx == 1/2 L2Norm2(G(x)) : 
   initial  rx == 2.97333e-13
   previous rx == 2.97333e-13
   current  rx == 2.76417e-19
         delta == 0.01
Newt,GMRES == 1,0, f(u, N, dt, f_u, flags, dt) :  res == 0.99987
Newt,GMRES == 1,1, f(u, N, dt, f_u, flags, dt) :  res == 0.999849
Newt,GMRES == 1,2, f(u, N, dt, f_u, flags, dt) :  res == 0.173651
Newt,GMRES == 1,3, f(u, N, dt, f_u, flags, dt) :  res == 3.54917e-08
GMRES converged. Breaking.
Hookstep optimization is currently not implemented with Arclength Continuation.
Optimized Newton algorithm with AC: Computing residual to check convergence...f(u, N, dt, f_u, flags, dt) : : gx = 7.00673e-12 < 7.43528e-10
The residual is decreasing if we take this AC-Newton step.

Taking best step and continuing Newton iteration.
L2Norm(G(x)) == 7.00673e-12
rx           == 2.45471e-23
L2Norm(dxN)  == 8.68199e-08
L2Norm(dxOpt)== 8.68199e-08
========================================================
Newton iteration number 2
Current state of Newton iteration:
   fcount_newton   == 8
   fcount_optimiza == 2
   L2Norm(x)       == 0.0197844
   L2Norm(dxN)     == 8.68199e-08
   L2Norm(dxOpt)   == 8.68199e-08
   L2Dist(x,x0)    == 3.68908e-05
gx == L2Norm(G(x)) : 
   initial  gx == 7.71146e-07
   previous gx == 7.43528e-10
   current  gx == 7.00673e-12
rx == 1/2 L2Norm2(G(x)) : 
   initial  rx == 2.97333e-13
   previous rx == 2.76417e-19
   current  rx == 2.45471e-23
         delta == 0.01
Newton search converged. Breaking.
L2Norm(G(x)) == 7.00673e-12 < epsSearch == 1e-11
