f(u, N, dt, f_u, flags, dt) : f(u, N, dt, f_u, flags, dt) : Computing G(x)
f(u, N, dt, f_u, flags, dt) : 
========================================================
Newton iteration number 0
Current state of Newton iteration:
   fcount_newton   == 1
   fcount_optimiza == 0
   L2Norm(x)       == 0.0350862
   L2Norm(dxN)     == 0
   L2Norm(dxOpt)   == 0
   L2Dist(x,x0)    == 0
gx == L2Norm(G(x)) : 
   initial  gx == 6.83352e-06
   previous gx == 6.83352e-06
   current  gx == 6.83352e-06
rx == 1/2 L2Norm2(G(x)) : 
   initial  rx == 2.33485e-11
   previous rx == 2.33485e-11
   current  rx == 2.33485e-11
         delta == 0.01
Newt,GMRES == 0,0, f(u, N, dt, f_u, flags, dt) :  res == 0.902861
Newt,GMRES == 0,1, f(u, N, dt, f_u, flags, dt) :  res == 0.0454543
Newt,GMRES == 0,2, f(u, N, dt, f_u, flags, dt) :  res == 0.00132142
Newt,GMRES == 0,3, f(u, N, dt, f_u, flags, dt) :  res == 5.20336e-10
GMRES converged. Breaking.
Hookstep optimization is currently not implemented with Arclength Continuation.
Optimized Newton algorithm with AC: Computing residual to check convergence...f(u, N, dt, f_u, flags, dt) : : gx = 1.5407e-07 < 6.83352e-06
The residual is decreasing if we take this AC-Newton step.

Taking best step and continuing Newton iteration.
L2Norm(G(x)) == 1.5407e-07
rx           == 1.18688e-14
L2Norm(dxN)  == 0.000460532
L2Norm(dxOpt)== 0.000460532
========================================================
Newton iteration number 1
Current state of Newton iteration:
   fcount_newton   == 5
   fcount_optimiza == 1
   L2Norm(x)       == 0.0346376
   L2Norm(dxN)     == 0.000460532
   L2Norm(dxOpt)   == 0.000460532
   L2Dist(x,x0)    == 0.000460532
gx == L2Norm(G(x)) : 
   initial  gx == 6.83352e-06
   previous gx == 6.83352e-06
   current  gx == 1.5407e-07
rx == 1/2 L2Norm2(G(x)) : 
   initial  rx == 2.33485e-11
   previous rx == 2.33485e-11
   current  rx == 1.18688e-14
         delta == 0.01
Newt,GMRES == 1,0, f(u, N, dt, f_u, flags, dt) :  res == 0.929308
Newt,GMRES == 1,1, f(u, N, dt, f_u, flags, dt) :  res == 0.298852
Newt,GMRES == 1,2, f(u, N, dt, f_u, flags, dt) :  res == 0.0715124
Newt,GMRES == 1,3, f(u, N, dt, f_u, flags, dt) :  res == 7.4164e-09
GMRES converged. Breaking.
Hookstep optimization is currently not implemented with Arclength Continuation.
Optimized Newton algorithm with AC: Computing residual to check convergence...f(u, N, dt, f_u, flags, dt) : : gx = 9.99382e-10 < 1.5407e-07
The residual is decreasing if we take this AC-Newton step.

Taking best step and continuing Newton iteration.
L2Norm(G(x)) == 9.99382e-10
rx           == 4.99382e-19
L2Norm(dxN)  == 1.19234e-05
L2Norm(dxOpt)== 1.19234e-05
========================================================
Newton iteration number 2
Current state of Newton iteration:
   fcount_newton   == 9
   fcount_optimiza == 2
   L2Norm(x)       == 0.0346478
   L2Norm(dxN)     == 1.19234e-05
   L2Norm(dxOpt)   == 1.19234e-05
   L2Dist(x,x0)    == 0.000449455
gx == L2Norm(G(x)) : 
   initial  gx == 6.83352e-06
   previous gx == 1.5407e-07
   current  gx == 9.99382e-10
rx == 1/2 L2Norm2(G(x)) : 
   initial  rx == 2.33485e-11
   previous rx == 1.18688e-14
   current  rx == 4.99382e-19
         delta == 0.01
Newt,GMRES == 2,0, f(u, N, dt, f_u, flags, dt) :  res == 0.954656
Newt,GMRES == 2,1, f(u, N, dt, f_u, flags, dt) :  res == 0.535689
Newt,GMRES == 2,2, f(u, N, dt, f_u, flags, dt) :  res == 0.0387157
Newt,GMRES == 2,3, f(u, N, dt, f_u, flags, dt) :  res == 2.88853e-08
GMRES converged. Breaking.
Hookstep optimization is currently not implemented with Arclength Continuation.
Optimized Newton algorithm with AC: Computing residual to check convergence...f(u, N, dt, f_u, flags, dt) : : gx = 2.34387e-11 < 9.99382e-10
The residual is decreasing if we take this AC-Newton step.

Taking best step and continuing Newton iteration.
L2Norm(G(x)) == 2.34387e-11
rx           == 2.74687e-22
L2Norm(dxN)  == 1.27213e-07
L2Norm(dxOpt)== 1.27213e-07
========================================================
Newton iteration number 3
Current state of Newton iteration:
   fcount_newton   == 13
   fcount_optimiza == 3
   L2Norm(x)       == 0.0346478
   L2Norm(dxN)     == 1.27213e-07
   L2Norm(dxOpt)   == 1.27213e-07
   L2Dist(x,x0)    == 0.000449511
gx == L2Norm(G(x)) : 
   initial  gx == 6.83352e-06
   previous gx == 9.99382e-10
   current  gx == 2.34387e-11
rx == 1/2 L2Norm2(G(x)) : 
   initial  rx == 2.33485e-11
   previous rx == 4.99382e-19
   current  rx == 2.74687e-22
         delta == 0.01
Newt,GMRES == 3,0, f(u, N, dt, f_u, flags, dt) :  res == 0.936876
Newt,GMRES == 3,1, f(u, N, dt, f_u, flags, dt) :  res == 0.180975
Newt,GMRES == 3,2, f(u, N, dt, f_u, flags, dt) :  res == 9.22914e-05
GMRES converged. Breaking.
Hookstep optimization is currently not implemented with Arclength Continuation.
Optimized Newton algorithm with AC: Computing residual to check convergence...f(u, N, dt, f_u, flags, dt) : : gx = 2.74535e-12 < 2.34387e-11
The residual is decreasing if we take this AC-Newton step.

Taking best step and continuing Newton iteration.
L2Norm(G(x)) == 2.74535e-12
rx           == 3.76848e-24
L2Norm(dxN)  == 1.7263e-09
L2Norm(dxOpt)== 1.7263e-09
========================================================
Newton iteration number 4
Current state of Newton iteration:
   fcount_newton   == 16
   fcount_optimiza == 4
   L2Norm(x)       == 0.0346478
   L2Norm(dxN)     == 1.7263e-09
   L2Norm(dxOpt)   == 1.7263e-09
   L2Dist(x,x0)    == 0.000449512
gx == L2Norm(G(x)) : 
   initial  gx == 6.83352e-06
   previous gx == 2.34387e-11
   current  gx == 2.74535e-12
rx == 1/2 L2Norm2(G(x)) : 
   initial  rx == 2.33485e-11
   previous rx == 2.74687e-22
   current  rx == 3.76848e-24
         delta == 0.01
Newton search converged. Breaking.
L2Norm(G(x)) == 2.74535e-12 < epsSearch == 1e-11
