f(u, N, dt, f_u, flags, dt) : f(u, N, dt, f_u, flags, dt) : Computing G(x)
f(u, N, dt, f_u, flags, dt) : 
========================================================
Newton iteration number 0
Current state of Newton iteration:
   fcount_newton   == 1
   fcount_optimiza == 0
   L2Norm(x)       == 0.00939766
   L2Norm(dxN)     == 0
   L2Norm(dxOpt)   == 0
   L2Dist(x,x0)    == 0
gx == L2Norm(G(x)) : 
   initial  gx == 9.97215e-06
   previous gx == 9.97215e-06
   current  gx == 9.97215e-06
rx == 1/2 L2Norm2(G(x)) : 
   initial  rx == 4.97219e-11
   previous rx == 4.97219e-11
   current  rx == 4.97219e-11
         delta == 0.01
Newt,GMRES == 0,0, f(u, N, dt, f_u, flags, dt) :  res == 0.999769
Newt,GMRES == 0,1, f(u, N, dt, f_u, flags, dt) :  res == 0.971297
Newt,GMRES == 0,2, f(u, N, dt, f_u, flags, dt) :  res == 0.148907
Newt,GMRES == 0,3, f(u, N, dt, f_u, flags, dt) :  res == 0.0213352
GMRES converged. Breaking.
Hookstep optimization is currently not implemented with Arclength Continuation.
Optimized Newton algorithm with AC: Computing residual to check convergence...f(u, N, dt, f_u, flags, dt) : : gx = 4.42272e-06 < 9.97215e-06
The residual is decreasing if we take this AC-Newton step.

Taking best step and continuing Newton iteration.
L2Norm(G(x)) == 4.42272e-06
rx           == 9.78023e-12
L2Norm(dxN)  == 0.00117461
L2Norm(dxOpt)== 0.00117461
========================================================
Newton iteration number 1
Current state of Newton iteration:
   fcount_newton   == 5
   fcount_optimiza == 1
   L2Norm(x)       == 0.00834917
   L2Norm(dxN)     == 0.00117461
   L2Norm(dxOpt)   == 0.00117461
   L2Dist(x,x0)    == 0.00117463
gx == L2Norm(G(x)) : 
   initial  gx == 9.97215e-06
   previous gx == 9.97215e-06
   current  gx == 4.42272e-06
rx == 1/2 L2Norm2(G(x)) : 
   initial  rx == 4.97219e-11
   previous rx == 4.97219e-11
   current  rx == 9.78023e-12
         delta == 0.01
Newt,GMRES == 1,0, f(u, N, dt, f_u, flags, dt) :  res == 0.989588
Newt,GMRES == 1,1, f(u, N, dt, f_u, flags, dt) :  res == 0.288656
Newt,GMRES == 1,2, f(u, N, dt, f_u, flags, dt) :  res == 0.0445638
GMRES converged. Breaking.
Hookstep optimization is currently not implemented with Arclength Continuation.
Optimized Newton algorithm with AC: Computing residual to check convergence...f(u, N, dt, f_u, flags, dt) : : gx = 3.10532e-07 < 4.42272e-06
The residual is decreasing if we take this AC-Newton step.

Taking best step and continuing Newton iteration.
L2Norm(G(x)) == 3.10532e-07
rx           == 4.82152e-14
L2Norm(dxN)  == 0.000284526
L2Norm(dxOpt)== 0.000284526
========================================================
Newton iteration number 2
Current state of Newton iteration:
   fcount_newton   == 8
   fcount_optimiza == 2
   L2Norm(x)       == 0.00861611
   L2Norm(dxN)     == 0.000284526
   L2Norm(dxOpt)   == 0.000284526
   L2Dist(x,x0)    == 0.000949934
gx == L2Norm(G(x)) : 
   initial  gx == 9.97215e-06
   previous gx == 4.42272e-06
   current  gx == 3.10532e-07
rx == 1/2 L2Norm2(G(x)) : 
   initial  rx == 4.97219e-11
   previous rx == 9.78023e-12
   current  rx == 4.82152e-14
         delta == 0.01
Newt,GMRES == 2,0, f(u, N, dt, f_u, flags, dt) :  res == 0.998516
Newt,GMRES == 2,1, f(u, N, dt, f_u, flags, dt) :  res == 0.938714
Newt,GMRES == 2,2, f(u, N, dt, f_u, flags, dt) :  res == 0.219047
Newt,GMRES == 2,3, f(u, N, dt, f_u, flags, dt) :  res == 0.0165445
GMRES converged. Breaking.
Hookstep optimization is currently not implemented with Arclength Continuation.
Optimized Newton algorithm with AC: Computing residual to check convergence...f(u, N, dt, f_u, flags, dt) : : gx = 5.34009e-09 < 3.10532e-07
The residual is decreasing if we take this AC-Newton step.

Taking best step and continuing Newton iteration.
L2Norm(G(x)) == 5.34009e-09
rx           == 1.42583e-17
L2Norm(dxN)  == 3.53881e-05
L2Norm(dxOpt)== 3.53881e-05
========================================================
Newton iteration number 3
Current state of Newton iteration:
   fcount_newton   == 12
   fcount_optimiza == 3
   L2Norm(x)       == 0.00863497
   L2Norm(dxN)     == 3.53881e-05
   L2Norm(dxOpt)   == 3.53881e-05
   L2Dist(x,x0)    == 0.000929777
gx == L2Norm(G(x)) : 
   initial  gx == 9.97215e-06
   previous gx == 3.10532e-07
   current  gx == 5.34009e-09
rx == 1/2 L2Norm2(G(x)) : 
   initial  rx == 4.97219e-11
   previous rx == 4.82152e-14
   current  rx == 1.42583e-17
         delta == 0.01
Newt,GMRES == 3,0, f(u, N, dt, f_u, flags, dt) :  res == 0.996862
Newt,GMRES == 3,1, f(u, N, dt, f_u, flags, dt) :  res == 0.598741
Newt,GMRES == 3,2, f(u, N, dt, f_u, flags, dt) :  res == 0.188845
Newt,GMRES == 3,3, f(u, N, dt, f_u, flags, dt) :  res == 0.0323762
GMRES converged. Breaking.
Hookstep optimization is currently not implemented with Arclength Continuation.
Optimized Newton algorithm with AC: Computing residual to check convergence...f(u, N, dt, f_u, flags, dt) : : gx = 1.72689e-10 < 5.34009e-09
The residual is decreasing if we take this AC-Newton step.

Taking best step and continuing Newton iteration.
L2Norm(G(x)) == 1.72689e-10
rx           == 1.49107e-20
L2Norm(dxN)  == 6.32248e-07
L2Norm(dxOpt)== 6.32248e-07
========================================================
Newton iteration number 4
Current state of Newton iteration:
   fcount_newton   == 16
   fcount_optimiza == 4
   L2Norm(x)       == 0.00863493
   L2Norm(dxN)     == 6.32248e-07
   L2Norm(dxOpt)   == 6.32248e-07
   L2Dist(x,x0)    == 0.000929647
gx == L2Norm(G(x)) : 
   initial  gx == 9.97215e-06
   previous gx == 5.34009e-09
   current  gx == 1.72689e-10
rx == 1/2 L2Norm2(G(x)) : 
   initial  rx == 4.97219e-11
   previous rx == 1.42583e-17
   current  rx == 1.49107e-20
         delta == 0.01
Newt,GMRES == 4,0, f(u, N, dt, f_u, flags, dt) :  res == 0.991805
Newt,GMRES == 4,1, f(u, N, dt, f_u, flags, dt) :  res == 0.281695
Newt,GMRES == 4,2, f(u, N, dt, f_u, flags, dt) :  res == 0.269254
Newt,GMRES == 4,3, f(u, N, dt, f_u, flags, dt) :  res == 0.0372875
GMRES converged. Breaking.
Hookstep optimization is currently not implemented with Arclength Continuation.
Optimized Newton algorithm with AC: Computing residual to check convergence...f(u, N, dt, f_u, flags, dt) : : gx = 6.92665e-12 < 1.72689e-10
The residual is decreasing if we take this AC-Newton step.

Taking best step and continuing Newton iteration.
L2Norm(G(x)) == 6.92665e-12
rx           == 2.39893e-23
L2Norm(dxN)  == 2.33708e-08
L2Norm(dxOpt)== 2.33708e-08
========================================================
Newton iteration number 5
Current state of Newton iteration:
   fcount_newton   == 20
   fcount_optimiza == 5
   L2Norm(x)       == 0.00863493
   L2Norm(dxN)     == 2.33708e-08
   L2Norm(dxOpt)   == 2.33708e-08
   L2Dist(x,x0)    == 0.000929642
gx == L2Norm(G(x)) : 
   initial  gx == 9.97215e-06
   previous gx == 1.72689e-10
   current  gx == 6.92665e-12
rx == 1/2 L2Norm2(G(x)) : 
   initial  rx == 4.97219e-11
   previous rx == 1.49107e-20
   current  rx == 2.39893e-23
         delta == 0.01
Newton search converged. Breaking.
L2Norm(G(x)) == 6.92665e-12 < epsSearch == 1e-11
