f(u, N, dt, f_u, flags, dt) : f(u, N, dt, f_u, flags, dt) : Computing G(x)
f(u, N, dt, f_u, flags, dt) : 
========================================================
Newton iteration number 0
Current state of Newton iteration:
   fcount_newton   == 1
   fcount_optimiza == 0
   L2Norm(x)       == 0.00854208
   L2Norm(dxN)     == 0
   L2Norm(dxOpt)   == 0
   L2Dist(x,x0)    == 0
gx == L2Norm(G(x)) : 
   initial  gx == 1.71239e-05
   previous gx == 1.71239e-05
   current  gx == 1.71239e-05
rx == 1/2 L2Norm2(G(x)) : 
   initial  rx == 1.46614e-10
   previous rx == 1.46614e-10
   current  rx == 1.46614e-10
         delta == 0.01
Newt,GMRES == 0,0, f(u, N, dt, f_u, flags, dt) :  res == 0.99752
Newt,GMRES == 0,1, f(u, N, dt, f_u, flags, dt) :  res == 0.597146
Newt,GMRES == 0,2, f(u, N, dt, f_u, flags, dt) :  res == 0.101882
Newt,GMRES == 0,3, f(u, N, dt, f_u, flags, dt) :  res == 0.0179689
GMRES converged. Breaking.
Hookstep optimization is currently not implemented with Arclength Continuation.
Optimized Newton algorithm with AC: Computing residual to check convergence...f(u, N, dt, f_u, flags, dt) : : gx = 4.67169e-06 < 1.71239e-05
The residual is decreasing if we take this AC-Newton step.

Taking best step and continuing Newton iteration.
L2Norm(G(x)) == 4.67169e-06
rx           == 1.09123e-11
L2Norm(dxN)  == 0.00128051
L2Norm(dxOpt)== 0.00128051
========================================================
Newton iteration number 1
Current state of Newton iteration:
   fcount_newton   == 5
   fcount_optimiza == 1
   L2Norm(x)       == 0.00742782
   L2Norm(dxN)     == 0.00128051
   L2Norm(dxOpt)   == 0.00128051
   L2Dist(x,x0)    == 0.00128053
gx == L2Norm(G(x)) : 
   initial  gx == 1.71239e-05
   previous gx == 1.71239e-05
   current  gx == 4.67169e-06
rx == 1/2 L2Norm2(G(x)) : 
   initial  rx == 1.46614e-10
   previous rx == 1.46614e-10
   current  rx == 1.09123e-11
         delta == 0.01
Newt,GMRES == 1,0, f(u, N, dt, f_u, flags, dt) :  res == 0.986427
Newt,GMRES == 1,1, f(u, N, dt, f_u, flags, dt) :  res == 0.376072
Newt,GMRES == 1,2, f(u, N, dt, f_u, flags, dt) :  res == 0.0732629
GMRES converged. Breaking.
Hookstep optimization is currently not implemented with Arclength Continuation.
Optimized Newton algorithm with AC: Computing residual to check convergence...f(u, N, dt, f_u, flags, dt) : : gx = 3.46559e-07 < 4.67169e-06
The residual is decreasing if we take this AC-Newton step.

Taking best step and continuing Newton iteration.
L2Norm(G(x)) == 3.46559e-07
rx           == 6.00514e-14
L2Norm(dxN)  == 0.000265406
L2Norm(dxOpt)== 0.000265406
========================================================
Newton iteration number 2
Current state of Newton iteration:
   fcount_newton   == 8
   fcount_optimiza == 2
   L2Norm(x)       == 0.00764649
   L2Norm(dxN)     == 0.000265406
   L2Norm(dxOpt)   == 0.000265406
   L2Dist(x,x0)    == 0.00110139
gx == L2Norm(G(x)) : 
   initial  gx == 1.71239e-05
   previous gx == 4.67169e-06
   current  gx == 3.46559e-07
rx == 1/2 L2Norm2(G(x)) : 
   initial  rx == 1.46614e-10
   previous rx == 1.09123e-11
   current  rx == 6.00514e-14
         delta == 0.01
Newt,GMRES == 2,0, f(u, N, dt, f_u, flags, dt) :  res == 0.998
Newt,GMRES == 2,1, f(u, N, dt, f_u, flags, dt) :  res == 0.564167
Newt,GMRES == 2,2, f(u, N, dt, f_u, flags, dt) :  res == 0.336908
Newt,GMRES == 2,3, f(u, N, dt, f_u, flags, dt) :  res == 0.024072
GMRES converged. Breaking.
Hookstep optimization is currently not implemented with Arclength Continuation.
Optimized Newton algorithm with AC: Computing residual to check convergence...f(u, N, dt, f_u, flags, dt) : : gx = 8.51179e-09 < 3.46559e-07
The residual is decreasing if we take this AC-Newton step.

Taking best step and continuing Newton iteration.
L2Norm(G(x)) == 8.51179e-09
rx           == 3.62253e-17
L2Norm(dxN)  == 5.2395e-05
L2Norm(dxOpt)== 5.2395e-05
========================================================
Newton iteration number 3
Current state of Newton iteration:
   fcount_newton   == 12
   fcount_optimiza == 3
   L2Norm(x)       == 0.00765472
   L2Norm(dxN)     == 5.2395e-05
   L2Norm(dxOpt)   == 5.2395e-05
   L2Dist(x,x0)    == 0.00108029
gx == L2Norm(G(x)) : 
   initial  gx == 1.71239e-05
   previous gx == 3.46559e-07
   current  gx == 8.51179e-09
rx == 1/2 L2Norm2(G(x)) : 
   initial  rx == 1.46614e-10
   previous rx == 6.00514e-14
   current  rx == 3.62253e-17
         delta == 0.01
Newt,GMRES == 3,0, f(u, N, dt, f_u, flags, dt) :  res == 0.968302
Newt,GMRES == 3,1, f(u, N, dt, f_u, flags, dt) :  res == 0.312748
Newt,GMRES == 3,2, f(u, N, dt, f_u, flags, dt) :  res == 0.221824
Newt,GMRES == 3,3, f(u, N, dt, f_u, flags, dt) :  res == 0.0343916
GMRES converged. Breaking.
Hookstep optimization is currently not implemented with Arclength Continuation.
Optimized Newton algorithm with AC: Computing residual to check convergence...f(u, N, dt, f_u, flags, dt) : : gx = 2.96698e-10 < 8.51179e-09
The residual is decreasing if we take this AC-Newton step.

Taking best step and continuing Newton iteration.
L2Norm(G(x)) == 2.96698e-10
rx           == 4.40147e-20
L2Norm(dxN)  == 1.13646e-06
L2Norm(dxOpt)== 1.13646e-06
========================================================
Newton iteration number 4
Current state of Newton iteration:
   fcount_newton   == 16
   fcount_optimiza == 4
   L2Norm(x)       == 0.00765482
   L2Norm(dxN)     == 1.13646e-06
   L2Norm(dxOpt)   == 1.13646e-06
   L2Dist(x,x0)    == 0.00108005
gx == L2Norm(G(x)) : 
   initial  gx == 1.71239e-05
   previous gx == 8.51179e-09
   current  gx == 2.96698e-10
rx == 1/2 L2Norm2(G(x)) : 
   initial  rx == 1.46614e-10
   previous rx == 3.62253e-17
   current  rx == 4.40147e-20
         delta == 0.01
Newt,GMRES == 4,0, f(u, N, dt, f_u, flags, dt) :  res == 0.992314
Newt,GMRES == 4,1, f(u, N, dt, f_u, flags, dt) :  res == 0.505215
Newt,GMRES == 4,2, f(u, N, dt, f_u, flags, dt) :  res == 0.297959
Newt,GMRES == 4,3, f(u, N, dt, f_u, flags, dt) :  res == 0.0412513
GMRES converged. Breaking.
Hookstep optimization is currently not implemented with Arclength Continuation.
Optimized Newton algorithm with AC: Computing residual to check convergence...f(u, N, dt, f_u, flags, dt) : : gx = 1.25914e-11 < 2.96698e-10
The residual is decreasing if we take this AC-Newton step.

Taking best step and continuing Newton iteration.
L2Norm(G(x)) == 1.25914e-11
rx           == 7.92714e-23
L2Norm(dxN)  == 4.1202e-08
L2Norm(dxOpt)== 4.1202e-08
========================================================
Newton iteration number 5
Current state of Newton iteration:
   fcount_newton   == 20
   fcount_optimiza == 5
   L2Norm(x)       == 0.00765482
   L2Norm(dxN)     == 4.1202e-08
   L2Norm(dxOpt)   == 4.1202e-08
   L2Dist(x,x0)    == 0.00108003
gx == L2Norm(G(x)) : 
   initial  gx == 1.71239e-05
   previous gx == 2.96698e-10
   current  gx == 1.25914e-11
rx == 1/2 L2Norm2(G(x)) : 
   initial  rx == 1.46614e-10
   previous rx == 4.40147e-20
   current  rx == 7.92714e-23
         delta == 0.01
Newt,GMRES == 5,0, f(u, N, dt, f_u, flags, dt) :  res == 0.974322
Newt,GMRES == 5,1, f(u, N, dt, f_u, flags, dt) :  res == 0.733
Newt,GMRES == 5,2, f(u, N, dt, f_u, flags, dt) :  res == 0.219292
Newt,GMRES == 5,3, f(u, N, dt, f_u, flags, dt) :  res == 0.0434383
GMRES converged. Breaking.
Hookstep optimization is currently not implemented with Arclength Continuation.
Optimized Newton algorithm with AC: Computing residual to check convergence...f(u, N, dt, f_u, flags, dt) : : gx = 6.39187e-13 < 1.25914e-11
The residual is decreasing if we take this AC-Newton step.

Taking best step and continuing Newton iteration.
L2Norm(G(x)) == 6.39187e-13
rx           == 2.0428e-25
L2Norm(dxN)  == 1.63293e-09
L2Norm(dxOpt)== 1.63293e-09
========================================================
Newton iteration number 6
Current state of Newton iteration:
   fcount_newton   == 24
   fcount_optimiza == 6
   L2Norm(x)       == 0.00765482
   L2Norm(dxN)     == 1.63293e-09
   L2Norm(dxOpt)   == 1.63293e-09
   L2Dist(x,x0)    == 0.00108003
gx == L2Norm(G(x)) : 
   initial  gx == 1.71239e-05
   previous gx == 1.25914e-11
   current  gx == 6.39187e-13
rx == 1/2 L2Norm2(G(x)) : 
   initial  rx == 1.46614e-10
   previous rx == 7.92714e-23
   current  rx == 2.0428e-25
         delta == 0.01
Newton search converged. Breaking.
L2Norm(G(x)) == 6.39187e-13 < epsSearch == 1e-11
