f(u, N, dt, f_u, flags, dt) : Computing G(x)
f(u, N, dt, f_u, flags, dt) : 
========================================================
Newton iteration number 0
Current state of Newton iteration:
   fcount_newton   == 1
   fcount_optimiza == 0
   L2Norm(x)       == 0.022244
   L2Norm(dxN)     == 0
   L2Norm(dxOpt)   == 0
   L2Dist(x,x0)    == 0
gx == L2Norm(G(x)) : 
   initial  gx == 6.66448e-08
   previous gx == 6.66448e-08
   current  gx == 6.66448e-08
rx == 1/2 L2Norm2(G(x)) : 
   initial  rx == 2.22077e-15
   previous rx == 2.22077e-15
   current  rx == 2.22077e-15
         delta == 0.01
Newt,GMRES == 0,0, f(u, N, dt, f_u, flags, dt) :  res == 0.999999
Newt,GMRES == 0,1, f(u, N, dt, f_u, flags, dt) :  res == 0.945168
Newt,GMRES == 0,2, f(u, N, dt, f_u, flags, dt) :  res == 0.626882
Newt,GMRES == 0,3, f(u, N, dt, f_u, flags, dt) :  res == 0.136848
Newt,GMRES == 0,4, f(u, N, dt, f_u, flags, dt) :  res == 0.0927756
GMRES converged. Breaking.
Hookstep optimization is currently not implemented with Arclength Continuation.
Optimized Newton algorithm with AC: Computing residual to check convergence...f(u, N, dt, f_u, flags, dt) : : gx = 2.40041e-08 < 6.66448e-08
The residual is decreasing if we take this AC-Newton step.

Taking best step and continuing Newton iteration.
L2Norm(G(x)) == 2.40041e-08
rx           == 2.88099e-16
L2Norm(dxN)  == 0.000186611
L2Norm(dxOpt)== 0.000186611
========================================================
Newton iteration number 1
Current state of Newton iteration:
   fcount_newton   == 6
   fcount_optimiza == 1
   L2Norm(x)       == 0.0223182
   L2Norm(dxN)     == 0.000186611
   L2Norm(dxOpt)   == 0.000186611
   L2Dist(x,x0)    == 0.000186619
gx == L2Norm(G(x)) : 
   initial  gx == 6.66448e-08
   previous gx == 6.66448e-08
   current  gx == 2.40041e-08
rx == 1/2 L2Norm2(G(x)) : 
   initial  rx == 2.22077e-15
   previous rx == 2.22077e-15
   current  rx == 2.88099e-16
         delta == 0.01
Newt,GMRES == 1,0, f(u, N, dt, f_u, flags, dt) :  res == 0.999997
Newt,GMRES == 1,1, f(u, N, dt, f_u, flags, dt) :  res == 0.980146
Newt,GMRES == 1,2, f(u, N, dt, f_u, flags, dt) :  res == 0.951228
Newt,GMRES == 1,3, f(u, N, dt, f_u, flags, dt) :  res == 0.560609
Newt,GMRES == 1,4, f(u, N, dt, f_u, flags, dt) :  res == 0.420749
Newt,GMRES == 1,5, f(u, N, dt, f_u, flags, dt) :  res == 0.392051
Newt,GMRES == 1,6, f(u, N, dt, f_u, flags, dt) :  res == 0.391842
Newt,GMRES == 1,7, f(u, N, dt, f_u, flags, dt) :  res == 0.391157
Newt,GMRES == 1,8, f(u, N, dt, f_u, flags, dt) :  res == 0.387911
Newt,GMRES == 1,9, f(u, N, dt, f_u, flags, dt) :  res == 0.387688
Newt,GMRES == 1,10, f(u, N, dt, f_u, flags, dt) :  res == 0.384319
Newt,GMRES == 1,11, f(u, N, dt, f_u, flags, dt) :  res == 0.166651
Newt,GMRES == 1,12, f(u, N, dt, f_u, flags, dt) :  res == 0.0156697
GMRES converged. Breaking.
Hookstep optimization is currently not implemented with Arclength Continuation.
Optimized Newton algorithm with AC: Computing residual to check convergence...f(u, N, dt, f_u, flags, dt) : : gx = 2.85162e-08 > 2.40041e-08
The error is increasing if we take the Newton step. Newton step optimization leaves step size correction to arclength continuation.
