f(u, N, dt, f_u, flags, dt) : f(u, N, dt, f_u, flags, dt) : Computing G(x)
f(u, N, dt, f_u, flags, dt) : 
========================================================
Newton iteration number 0
Current state of Newton iteration:
   fcount_newton   == 1
   fcount_optimiza == 0
   L2Norm(x)       == 0.103537
   L2Norm(dxN)     == 0
   L2Norm(dxOpt)   == 0
   L2Dist(x,x0)    == 0
gx == L2Norm(G(x)) : 
   initial  gx == 2.4009e-09
   previous gx == 2.4009e-09
   current  gx == 2.4009e-09
rx == 1/2 L2Norm2(G(x)) : 
   initial  rx == 2.88216e-18
   previous rx == 2.88216e-18
   current  rx == 2.88216e-18
         delta == 0.01
Newt,GMRES == 0,0, f(u, N, dt, f_u, flags, dt) :  res == 0.564431
Newt,GMRES == 0,1, f(u, N, dt, f_u, flags, dt) :  res == 1.10816e-07
GMRES converged. Breaking.
Hookstep optimization is currently not implemented with Arclength Continuation.
Optimized Newton algorithm with AC: Computing residual to check convergence...f(u, N, dt, f_u, flags, dt) : : gx = 2.62319e-14 < 2.4009e-09
The residual is decreasing if we take this AC-Newton step.

Taking best step and continuing Newton iteration.
L2Norm(G(x)) == 2.62319e-14
rx           == 3.44056e-28
L2Norm(dxN)  == 2.40079e-07
L2Norm(dxOpt)== 2.40079e-07
========================================================
Newton iteration number 1
Current state of Newton iteration:
   fcount_newton   == 3
   fcount_optimiza == 1
   L2Norm(x)       == 0.103537
   L2Norm(dxN)     == 2.40079e-07
   L2Norm(dxOpt)   == 2.40079e-07
   L2Dist(x,x0)    == 2.40079e-07
gx == L2Norm(G(x)) : 
   initial  gx == 2.4009e-09
   previous gx == 2.4009e-09
   current  gx == 2.62319e-14
rx == 1/2 L2Norm2(G(x)) : 
   initial  rx == 2.88216e-18
   previous rx == 2.88216e-18
   current  rx == 3.44056e-28
         delta == 0.01
Newton search converged. Breaking.
L2Norm(G(x)) == 2.62319e-14 < epsSearch == 1e-11
