f(u, N, dt, f_u, flags, dt) : Computing G(x)
f(u, N, dt, f_u, flags, dt) : 
========================================================
Newton iteration number 0
Current state of Newton iteration:
   fcount_newton   == 1
   fcount_optimiza == 0
   L2Norm(x)       == 0.0109068
   L2Norm(dxN)     == 0
   L2Norm(dxOpt)   == 0
   L2Dist(x,x0)    == 0
gx == L2Norm(G(x)) : 
   initial  gx == 7.65982e-09
   previous gx == 7.65982e-09
   current  gx == 7.65982e-09
rx == 1/2 L2Norm2(G(x)) : 
   initial  rx == 2.93364e-17
   previous rx == 2.93364e-17
   current  rx == 2.93364e-17
         delta == 0.01
Newt,GMRES == 0,0, f(u, N, dt, f_u, flags, dt) :  res == 0.999979
Newt,GMRES == 0,1, f(u, N, dt, f_u, flags, dt) :  res == 0.814392
Newt,GMRES == 0,2, f(u, N, dt, f_u, flags, dt) :  res == 0.814367
Newt,GMRES == 0,3, f(u, N, dt, f_u, flags, dt) :  res == 0.584758
Newt,GMRES == 0,4, f(u, N, dt, f_u, flags, dt) :  res == 0.0896457
GMRES converged. Breaking.
Hookstep optimization is currently not implemented with Arclength Continuation.
Optimized Newton algorithm with AC: Computing residual to check convergence...f(u, N, dt, f_u, flags, dt) : : gx = 4.89157e-09 < 7.65982e-09
The residual is decreasing if we take this AC-Newton step.

Taking best step and continuing Newton iteration.
L2Norm(G(x)) == 4.89157e-09
rx           == 1.19637e-17
L2Norm(dxN)  == 5.72016e-05
L2Norm(dxOpt)== 5.72016e-05
========================================================
Newton iteration number 1
Current state of Newton iteration:
   fcount_newton   == 6
   fcount_optimiza == 1
   L2Norm(x)       == 0.0109619
   L2Norm(dxN)     == 5.72016e-05
   L2Norm(dxOpt)   == 5.72016e-05
   L2Dist(x,x0)    == 5.72043e-05
gx == L2Norm(G(x)) : 
   initial  gx == 7.65982e-09
   previous gx == 7.65982e-09
   current  gx == 4.89157e-09
rx == 1/2 L2Norm2(G(x)) : 
   initial  rx == 2.93364e-17
   previous rx == 2.93364e-17
   current  rx == 1.19637e-17
         delta == 0.01
Newt,GMRES == 1,0, f(u, N, dt, f_u, flags, dt) :  res == 0.99999
Newt,GMRES == 1,1, f(u, N, dt, f_u, flags, dt) :  res == 0.757056
Newt,GMRES == 1,2, f(u, N, dt, f_u, flags, dt) :  res == 0.756215
Newt,GMRES == 1,3, f(u, N, dt, f_u, flags, dt) :  res == 0.566897
Newt,GMRES == 1,4, f(u, N, dt, f_u, flags, dt) :  res == 0.0933949
GMRES converged. Breaking.
Hookstep optimization is currently not implemented with Arclength Continuation.
Optimized Newton algorithm with AC: Computing residual to check convergence...f(u, N, dt, f_u, flags, dt) : : gx = 6.35623e-09 > 4.89157e-09
The error is increasing if we take the Newton step. Newton step optimization leaves step size correction to arclength continuation.
