f(u, N, dt, f_u, flags, dt) : f(u, N, dt, f_u, flags, dt) : Computing G(x)
f(u, N, dt, f_u, flags, dt) : 
========================================================
Newton iteration number 0
Current state of Newton iteration:
   fcount_newton   == 1
   fcount_optimiza == 0
   L2Norm(x)       == 0.043965
   L2Norm(dxN)     == 0
   L2Norm(dxOpt)   == 0
   L2Dist(x,x0)    == 0
gx == L2Norm(G(x)) : 
   initial  gx == 6.40983e-06
   previous gx == 6.40983e-06
   current  gx == 6.40983e-06
rx == 1/2 L2Norm2(G(x)) : 
   initial  rx == 2.0543e-11
   previous rx == 2.0543e-11
   current  rx == 2.0543e-11
         delta == 0.01
Newt,GMRES == 0,0, f(u, N, dt, f_u, flags, dt) :  res == 0.99996
Newt,GMRES == 0,1, f(u, N, dt, f_u, flags, dt) :  res == 0.213625
Newt,GMRES == 0,2, f(u, N, dt, f_u, flags, dt) :  res == 0.0004992
GMRES converged. Breaking.
Hookstep optimization is currently not implemented with Arclength Continuation.
Optimized Newton algorithm with AC: Computing residual to check convergence...f(u, N, dt, f_u, flags, dt) : : gx = 1.44944e-05 > 6.40983e-06
The error is increasing if we take the Newton step. Newton step optimization leaves step size correction to arclength continuation.
