f(u, N, dt, f_u, flags, dt) : f(u, N, dt, f_u, flags, dt) : Computing G(x)
f(u, N, dt, f_u, flags, dt) : 
========================================================
Newton iteration number 0
Current state of Newton iteration:
   fcount_newton   == 1
   fcount_optimiza == 0
   L2Norm(x)       == 0.0252041
   L2Norm(dxN)     == 0
   L2Norm(dxOpt)   == 0
   L2Dist(x,x0)    == 0
gx == L2Norm(G(x)) : 
   initial  gx == 1.56062e-05
   previous gx == 1.56062e-05
   current  gx == 1.56062e-05
rx == 1/2 L2Norm2(G(x)) : 
   initial  rx == 1.21776e-10
   previous rx == 1.21776e-10
   current  rx == 1.21776e-10
         delta == 0.01
Newt,GMRES == 0,0, f(u, N, dt, f_u, flags, dt) :  res == 0.999441
Newt,GMRES == 0,1, f(u, N, dt, f_u, flags, dt) :  res == 0.115766
Newt,GMRES == 0,2, f(u, N, dt, f_u, flags, dt) :  res == 0.0902119
GMRES converged. Breaking.
Hookstep optimization is currently not implemented with Arclength Continuation.
Optimized Newton algorithm with AC: Computing residual to check convergence...f(u, N, dt, f_u, flags, dt) : : gx = 1.18065e-06 < 1.56062e-05
The residual is decreasing if we take this AC-Newton step.

Taking best step and continuing Newton iteration.
L2Norm(G(x)) == 1.18065e-06
rx           == 6.96963e-13
L2Norm(dxN)  == 0.00171956
L2Norm(dxOpt)== 0.00171956
========================================================
Newton iteration number 1
Current state of Newton iteration:
   fcount_newton   == 4
   fcount_optimiza == 1
   L2Norm(x)       == 0.0243192
   L2Norm(dxN)     == 0.00171956
   L2Norm(dxOpt)   == 0.00171956
   L2Dist(x,x0)    == 0.00171958
gx == L2Norm(G(x)) : 
   initial  gx == 1.56062e-05
   previous gx == 1.56062e-05
   current  gx == 1.18065e-06
rx == 1/2 L2Norm2(G(x)) : 
   initial  rx == 1.21776e-10
   previous rx == 1.21776e-10
   current  rx == 6.96963e-13
         delta == 0.01
Newt,GMRES == 1,0, f(u, N, dt, f_u, flags, dt) :  res == 0.999982
Newt,GMRES == 1,1, f(u, N, dt, f_u, flags, dt) :  res == 0.848684
Newt,GMRES == 1,2, f(u, N, dt, f_u, flags, dt) :  res == 0.494554
Newt,GMRES == 1,3, f(u, N, dt, f_u, flags, dt) :  res == 0.29271
Newt,GMRES == 1,4, f(u, N, dt, f_u, flags, dt) :  res == 0.0917602
GMRES converged. Breaking.
Hookstep optimization is currently not implemented with Arclength Continuation.
Optimized Newton algorithm with AC: Computing residual to check convergence...f(u, N, dt, f_u, flags, dt) : : gx = 2.93026e-06 > 1.18065e-06
The error is increasing if we take the Newton step. Newton step optimization leaves step size correction to arclength continuation.
