f(u, N, dt, f_u, flags, dt) : Computing G(x)
f(u, N, dt, f_u, flags, dt) : 
========================================================
Newton iteration number 0
Current state of Newton iteration:
   fcount_newton   == 1
   fcount_optimiza == 0
   L2Norm(x)       == 0.0474338
   L2Norm(dxN)     == 0
   L2Norm(dxOpt)   == 0
   L2Dist(x,x0)    == 0
gx == L2Norm(G(x)) : 
   initial  gx == 1.59663e-06
   previous gx == 1.59663e-06
   current  gx == 1.59663e-06
rx == 1/2 L2Norm2(G(x)) : 
   initial  rx == 1.27461e-12
   previous rx == 1.27461e-12
   current  rx == 1.27461e-12
         delta == 0.01
Newt,GMRES == 0,0, f(u, N, dt, f_u, flags, dt) :  res == 0.999358
Newt,GMRES == 0,1, f(u, N, dt, f_u, flags, dt) :  res == 0.07323
Newt,GMRES == 0,2, f(u, N, dt, f_u, flags, dt) :  res == 0.00272635
Newt,GMRES == 0,3, f(u, N, dt, f_u, flags, dt) :  res == 4.39883e-10
GMRES converged. Breaking.
Hookstep optimization is currently not implemented with Arclength Continuation.
Optimized Newton algorithm with AC: Computing residual to check convergence...f(u, N, dt, f_u, flags, dt) : : gx = 1.36007e-07 < 1.59663e-06
The residual is decreasing if we take this AC-Newton step.

Taking best step and continuing Newton iteration.
L2Norm(G(x)) == 1.36007e-07
rx           == 9.24892e-15
L2Norm(dxN)  == 0.000538501
L2Norm(dxOpt)== 0.000538501
========================================================
Newton iteration number 1
Current state of Newton iteration:
   fcount_newton   == 5
   fcount_optimiza == 1
   L2Norm(x)       == 0.0469027
   L2Norm(dxN)     == 0.000538501
   L2Norm(dxOpt)   == 0.000538501
   L2Dist(x,x0)    == 0.000538501
gx == L2Norm(G(x)) : 
   initial  gx == 1.59663e-06
   previous gx == 1.59663e-06
   current  gx == 1.36007e-07
rx == 1/2 L2Norm2(G(x)) : 
   initial  rx == 1.27461e-12
   previous rx == 1.27461e-12
   current  rx == 9.24892e-15
         delta == 0.01
Newt,GMRES == 1,0, f(u, N, dt, f_u, flags, dt) :  res == 0.999781
Newt,GMRES == 1,1, f(u, N, dt, f_u, flags, dt) :  res == 0.234457
Newt,GMRES == 1,2, f(u, N, dt, f_u, flags, dt) :  res == 0.0162279
Newt,GMRES == 1,3, f(u, N, dt, f_u, flags, dt) :  res == 1.25782e-08
GMRES converged. Breaking.
Hookstep optimization is currently not implemented with Arclength Continuation.
Optimized Newton algorithm with AC: Computing residual to check convergence...f(u, N, dt, f_u, flags, dt) : : gx = 5.97072e-09 < 1.36007e-07
The residual is decreasing if we take this AC-Newton step.

Taking best step and continuing Newton iteration.
L2Norm(G(x)) == 5.97072e-09
rx           == 1.78248e-17
L2Norm(dxN)  == 5.2427e-05
L2Norm(dxOpt)== 5.2427e-05
========================================================
Newton iteration number 2
Current state of Newton iteration:
   fcount_newton   == 9
   fcount_optimiza == 2
   L2Norm(x)       == 0.0468511
   L2Norm(dxN)     == 5.2427e-05
   L2Norm(dxOpt)   == 5.2427e-05
   L2Dist(x,x0)    == 0.000590876
gx == L2Norm(G(x)) : 
   initial  gx == 1.59663e-06
   previous gx == 1.36007e-07
   current  gx == 5.97072e-09
rx == 1/2 L2Norm2(G(x)) : 
   initial  rx == 1.27461e-12
   previous rx == 9.24892e-15
   current  rx == 1.78248e-17
         delta == 0.01
Newt,GMRES == 2,0, f(u, N, dt, f_u, flags, dt) :  res == 0.999821
Newt,GMRES == 2,1, f(u, N, dt, f_u, flags, dt) :  res == 0.0290181
Newt,GMRES == 2,2, f(u, N, dt, f_u, flags, dt) :  res == 0.00365215
Newt,GMRES == 2,3, f(u, N, dt, f_u, flags, dt) :  res == 8.04609e-09
GMRES converged. Breaking.
Hookstep optimization is currently not implemented with Arclength Continuation.
Optimized Newton algorithm with AC: Computing residual to check convergence...f(u, N, dt, f_u, flags, dt) : : gx = 1.09422e-10 < 5.97072e-09
The residual is decreasing if we take this AC-Newton step.

Taking best step and continuing Newton iteration.
L2Norm(G(x)) == 1.09422e-10
rx           == 5.98655e-21
L2Norm(dxN)  == 2.4109e-06
L2Norm(dxOpt)== 2.4109e-06
========================================================
Newton iteration number 3
Current state of Newton iteration:
   fcount_newton   == 13
   fcount_optimiza == 3
   L2Norm(x)       == 0.0468487
   L2Norm(dxN)     == 2.4109e-06
   L2Norm(dxOpt)   == 2.4109e-06
   L2Dist(x,x0)    == 0.000593287
gx == L2Norm(G(x)) : 
   initial  gx == 1.59663e-06
   previous gx == 5.97072e-09
   current  gx == 1.09422e-10
rx == 1/2 L2Norm2(G(x)) : 
   initial  rx == 1.27461e-12
   previous rx == 1.78248e-17
   current  rx == 5.98655e-21
         delta == 0.01
Newt,GMRES == 3,0, f(u, N, dt, f_u, flags, dt) :  res == 0.997544
Newt,GMRES == 3,1, f(u, N, dt, f_u, flags, dt) :  res == 0.397292
Newt,GMRES == 3,2, f(u, N, dt, f_u, flags, dt) :  res == 0.000585401
GMRES converged. Breaking.
Hookstep optimization is currently not implemented with Arclength Continuation.
Optimized Newton algorithm with AC: Computing residual to check convergence...f(u, N, dt, f_u, flags, dt) : : gx = 1.04894e-11 < 1.09422e-10
The residual is decreasing if we take this AC-Newton step.

Taking best step and continuing Newton iteration.
L2Norm(G(x)) == 1.04894e-11
rx           == 5.50133e-23
L2Norm(dxN)  == 2.90411e-08
L2Norm(dxOpt)== 2.90411e-08
========================================================
Newton iteration number 4
Current state of Newton iteration:
   fcount_newton   == 16
   fcount_optimiza == 4
   L2Norm(x)       == 0.0468487
   L2Norm(dxN)     == 2.90411e-08
   L2Norm(dxOpt)   == 2.90411e-08
   L2Dist(x,x0)    == 0.000593313
gx == L2Norm(G(x)) : 
   initial  gx == 1.59663e-06
   previous gx == 1.09422e-10
   current  gx == 1.04894e-11
rx == 1/2 L2Norm2(G(x)) : 
   initial  rx == 1.27461e-12
   previous rx == 5.98655e-21
   current  rx == 5.50133e-23
         delta == 0.01
Newt,GMRES == 4,0, f(u, N, dt, f_u, flags, dt) :  res == 0.99981
Newt,GMRES == 4,1, f(u, N, dt, f_u, flags, dt) :  res == 0.30592
Newt,GMRES == 4,2, f(u, N, dt, f_u, flags, dt) :  res == 0.00637269
Newt,GMRES == 4,3, f(u, N, dt, f_u, flags, dt) :  res == 1.99017e-09
GMRES converged. Breaking.
Hookstep optimization is currently not implemented with Arclength Continuation.
Optimized Newton algorithm with AC: Computing residual to check convergence...f(u, N, dt, f_u, flags, dt) : : gx = 8.79294e-12 < 1.04894e-11
The residual is decreasing if we take this AC-Newton step.

Taking best step and continuing Newton iteration.
L2Norm(G(x)) == 8.79294e-12
rx           == 3.86579e-23
L2Norm(dxN)  == 4.35702e-09
L2Norm(dxOpt)== 4.35702e-09
========================================================
Newton iteration number 5
Current state of Newton iteration:
   fcount_newton   == 20
   fcount_optimiza == 5
   L2Norm(x)       == 0.0468487
   L2Norm(dxN)     == 4.35702e-09
   L2Norm(dxOpt)   == 4.35702e-09
   L2Dist(x,x0)    == 0.000593318
gx == L2Norm(G(x)) : 
   initial  gx == 1.59663e-06
   previous gx == 1.04894e-11
   current  gx == 8.79294e-12
rx == 1/2 L2Norm2(G(x)) : 
   initial  rx == 1.27461e-12
   previous rx == 5.50133e-23
   current  rx == 3.86579e-23
         delta == 0.01
Newton search converged. Breaking.
L2Norm(G(x)) == 8.79294e-12 < epsSearch == 1e-11
