f(u, N, dt, f_u, flags, dt) : f(u, N, dt, f_u, flags, dt) : Computing G(x)
f(u, N, dt, f_u, flags, dt) : 
========================================================
Newton iteration number 0
Current state of Newton iteration:
   fcount_newton   == 1
   fcount_optimiza == 0
   L2Norm(x)       == 0.0432441
   L2Norm(dxN)     == 0
   L2Norm(dxOpt)   == 0
   L2Dist(x,x0)    == 0
gx == L2Norm(G(x)) : 
   initial  gx == 2.95381e-06
   previous gx == 2.95381e-06
   current  gx == 2.95381e-06
rx == 1/2 L2Norm2(G(x)) : 
   initial  rx == 4.36249e-12
   previous rx == 4.36249e-12
   current  rx == 4.36249e-12
         delta == 0.01
Newt,GMRES == 0,0, f(u, N, dt, f_u, flags, dt) :  res == 0.998582
Newt,GMRES == 0,1, f(u, N, dt, f_u, flags, dt) :  res == 0.16538
Newt,GMRES == 0,2, f(u, N, dt, f_u, flags, dt) :  res == 3.83656e-07
GMRES converged. Breaking.
Hookstep optimization is currently not implemented with Arclength Continuation.
Optimized Newton algorithm with AC: Computing residual to check convergence...f(u, N, dt, f_u, flags, dt) : : gx = 1.59475e-06 < 2.95381e-06
The residual is decreasing if we take this AC-Newton step.

Taking best step and continuing Newton iteration.
L2Norm(G(x)) == 1.59475e-06
rx           == 1.27162e-12
L2Norm(dxN)  == 0.00149146
L2Norm(dxOpt)== 0.00149146
========================================================
Newton iteration number 1
Current state of Newton iteration:
   fcount_newton   == 4
   fcount_optimiza == 1
   L2Norm(x)       == 0.0417782
   L2Norm(dxN)     == 0.00149146
   L2Norm(dxOpt)   == 0.00149146
   L2Dist(x,x0)    == 0.00149146
gx == L2Norm(G(x)) : 
   initial  gx == 2.95381e-06
   previous gx == 2.95381e-06
   current  gx == 1.59475e-06
rx == 1/2 L2Norm2(G(x)) : 
   initial  rx == 4.36249e-12
   previous rx == 4.36249e-12
   current  rx == 1.27162e-12
         delta == 0.01
Newt,GMRES == 1,0, f(u, N, dt, f_u, flags, dt) :  res == 0.999859
Newt,GMRES == 1,1, f(u, N, dt, f_u, flags, dt) :  res == 0.115306
Newt,GMRES == 1,2, f(u, N, dt, f_u, flags, dt) :  res == 0.000964886
GMRES converged. Breaking.
Hookstep optimization is currently not implemented with Arclength Continuation.
Optimized Newton algorithm with AC: Computing residual to check convergence...f(u, N, dt, f_u, flags, dt) : : gx = 5.20191e-08 < 1.59475e-06
The residual is decreasing if we take this AC-Newton step.

Taking best step and continuing Newton iteration.
L2Norm(G(x)) == 5.20191e-08
rx           == 1.353e-15
L2Norm(dxN)  == 0.000390682
L2Norm(dxOpt)== 0.000390682
========================================================
Newton iteration number 2
Current state of Newton iteration:
   fcount_newton   == 7
   fcount_optimiza == 2
   L2Norm(x)       == 0.0421619
   L2Norm(dxN)     == 0.000390682
   L2Norm(dxOpt)   == 0.000390682
   L2Dist(x,x0)    == 0.00110078
gx == L2Norm(G(x)) : 
   initial  gx == 2.95381e-06
   previous gx == 1.59475e-06
   current  gx == 5.20191e-08
rx == 1/2 L2Norm2(G(x)) : 
   initial  rx == 4.36249e-12
   previous rx == 1.27162e-12
   current  rx == 1.353e-15
         delta == 0.01
Newt,GMRES == 2,0, f(u, N, dt, f_u, flags, dt) :  res == 0.999753
Newt,GMRES == 2,1, f(u, N, dt, f_u, flags, dt) :  res == 0.355146
Newt,GMRES == 2,2, f(u, N, dt, f_u, flags, dt) :  res == 0.0436449
Newt,GMRES == 2,3, f(u, N, dt, f_u, flags, dt) :  res == 1.34281e-08
GMRES converged. Breaking.
Hookstep optimization is currently not implemented with Arclength Continuation.
Optimized Newton algorithm with AC: Computing residual to check convergence...f(u, N, dt, f_u, flags, dt) : : gx = 2.38654e-10 < 5.20191e-08
The residual is decreasing if we take this AC-Newton step.

Taking best step and continuing Newton iteration.
L2Norm(G(x)) == 2.38654e-10
rx           == 2.84778e-20
L2Norm(dxN)  == 1.48403e-05
L2Norm(dxOpt)== 1.48403e-05
========================================================
Newton iteration number 3
Current state of Newton iteration:
   fcount_newton   == 11
   fcount_optimiza == 3
   L2Norm(x)       == 0.0421764
   L2Norm(dxN)     == 1.48403e-05
   L2Norm(dxOpt)   == 1.48403e-05
   L2Dist(x,x0)    == 0.00108595
gx == L2Norm(G(x)) : 
   initial  gx == 2.95381e-06
   previous gx == 5.20191e-08
   current  gx == 2.38654e-10
rx == 1/2 L2Norm2(G(x)) : 
   initial  rx == 4.36249e-12
   previous rx == 1.353e-15
   current  rx == 2.84778e-20
         delta == 0.01
Newt,GMRES == 3,0, f(u, N, dt, f_u, flags, dt) :  res == 0.999916
Newt,GMRES == 3,1, f(u, N, dt, f_u, flags, dt) :  res == 0.839378
Newt,GMRES == 3,2, f(u, N, dt, f_u, flags, dt) :  res == 0.0687701
Newt,GMRES == 3,3, f(u, N, dt, f_u, flags, dt) :  res == 4.63218e-08
GMRES converged. Breaking.
Hookstep optimization is currently not implemented with Arclength Continuation.
Optimized Newton algorithm with AC: Computing residual to check convergence...f(u, N, dt, f_u, flags, dt) : : gx = 1.867e-12 < 2.38654e-10
The residual is decreasing if we take this AC-Newton step.

Taking best step and continuing Newton iteration.
L2Norm(G(x)) == 1.867e-12
rx           == 1.74285e-24
L2Norm(dxN)  == 6.18457e-08
L2Norm(dxOpt)== 6.18457e-08
========================================================
Newton iteration number 4
Current state of Newton iteration:
   fcount_newton   == 15
   fcount_optimiza == 4
   L2Norm(x)       == 0.0421763
   L2Norm(dxN)     == 6.18457e-08
   L2Norm(dxOpt)   == 6.18457e-08
   L2Dist(x,x0)    == 0.00108601
gx == L2Norm(G(x)) : 
   initial  gx == 2.95381e-06
   previous gx == 2.38654e-10
   current  gx == 1.867e-12
rx == 1/2 L2Norm2(G(x)) : 
   initial  rx == 4.36249e-12
   previous rx == 2.84778e-20
   current  rx == 1.74285e-24
         delta == 0.01
Newton search converged. Breaking.
L2Norm(G(x)) == 1.867e-12 < epsSearch == 1e-11
