f(u, N, dt, f_u, flags, dt) : Computing G(x)
f(u, N, dt, f_u, flags, dt) : 
========================================================
Newton iteration number 0
Current state of Newton iteration:
   fcount_newton   == 1
   fcount_optimiza == 0
   L2Norm(x)       == 0.0223322
   L2Norm(dxN)     == 0
   L2Norm(dxOpt)   == 0
   L2Dist(x,x0)    == 0
gx == L2Norm(G(x)) : 
   initial  gx == 1.13372e-08
   previous gx == 1.13372e-08
   current  gx == 1.13372e-08
rx == 1/2 L2Norm2(G(x)) : 
   initial  rx == 6.42664e-17
   previous rx == 6.42664e-17
   current  rx == 6.42664e-17
         delta == 0.01
Newt,GMRES == 0,0, f(u, N, dt, f_u, flags, dt) :  res == 0.999976
Newt,GMRES == 0,1, f(u, N, dt, f_u, flags, dt) :  res == 0.899024
Newt,GMRES == 0,2, f(u, N, dt, f_u, flags, dt) :  res == 0.887569
Newt,GMRES == 0,3, f(u, N, dt, f_u, flags, dt) :  res == 0.54381
Newt,GMRES == 0,4, f(u, N, dt, f_u, flags, dt) :  res == 0.205581
Newt,GMRES == 0,5, f(u, N, dt, f_u, flags, dt) :  res == 0.0326892
GMRES converged. Breaking.
Hookstep optimization is currently not implemented with Arclength Continuation.
Optimized Newton algorithm with AC: Computing residual to check convergence...f(u, N, dt, f_u, flags, dt) : : gx = 5.40245e-09 < 1.13372e-08
The residual is decreasing if we take this AC-Newton step.

Taking best step and continuing Newton iteration.
L2Norm(G(x)) == 5.40245e-09
rx           == 1.45932e-17
L2Norm(dxN)  == 5.96606e-05
L2Norm(dxOpt)== 5.96606e-05
========================================================
Newton iteration number 1
Current state of Newton iteration:
   fcount_newton   == 7
   fcount_optimiza == 1
   L2Norm(x)       == 0.0223081
   L2Norm(dxN)     == 5.96606e-05
   L2Norm(dxOpt)   == 5.96606e-05
   L2Dist(x,x0)    == 5.96624e-05
gx == L2Norm(G(x)) : 
   initial  gx == 1.13372e-08
   previous gx == 1.13372e-08
   current  gx == 5.40245e-09
rx == 1/2 L2Norm2(G(x)) : 
   initial  rx == 6.42664e-17
   previous rx == 6.42664e-17
   current  rx == 1.45932e-17
         delta == 0.01
Newton search converged. Breaking.
L2Norm(G(x)) == 5.40245e-09 < epsSearch == 1e-08
