f(u, N, dt, f_u, flags, dt) : f(u, N, dt, f_u, flags, dt) : Computing G(x)
f(u, N, dt, f_u, flags, dt) : 
========================================================
Newton iteration number 0
Current state of Newton iteration:
   fcount_newton   == 1
   fcount_optimiza == 0
   L2Norm(x)       == 0.0247795
   L2Norm(dxN)     == 0
   L2Norm(dxOpt)   == 0
   L2Dist(x,x0)    == 0
gx == L2Norm(G(x)) : 
   initial  gx == 1.74882e-05
   previous gx == 1.74882e-05
   current  gx == 1.74882e-05
rx == 1/2 L2Norm2(G(x)) : 
   initial  rx == 1.52919e-10
   previous rx == 1.52919e-10
   current  rx == 1.52919e-10
         delta == 0.01
Newt,GMRES == 0,0, f(u, N, dt, f_u, flags, dt) :  res == 0.99941
Newt,GMRES == 0,1, f(u, N, dt, f_u, flags, dt) :  res == 0.453886
Newt,GMRES == 0,2, f(u, N, dt, f_u, flags, dt) :  res == 0.186935
Newt,GMRES == 0,3, f(u, N, dt, f_u, flags, dt) :  res == 0.0500946
GMRES converged. Breaking.
Hookstep optimization is currently not implemented with Arclength Continuation.
Optimized Newton algorithm with AC: Computing residual to check convergence...f(u, N, dt, f_u, flags, dt) : : gx = 2.51251e-06 < 1.74882e-05
The residual is decreasing if we take this AC-Newton step.

Taking best step and continuing Newton iteration.
L2Norm(G(x)) == 2.51251e-06
rx           == 3.15636e-12
L2Norm(dxN)  == 0.00219315
L2Norm(dxOpt)== 0.00219315
========================================================
Newton iteration number 1
Current state of Newton iteration:
   fcount_newton   == 5
   fcount_optimiza == 1
   L2Norm(x)       == 0.022829
   L2Norm(dxN)     == 0.00219315
   L2Norm(dxOpt)   == 0.00219315
   L2Dist(x,x0)    == 0.00219321
gx == L2Norm(G(x)) : 
   initial  gx == 1.74882e-05
   previous gx == 1.74882e-05
   current  gx == 2.51251e-06
rx == 1/2 L2Norm2(G(x)) : 
   initial  rx == 1.52919e-10
   previous rx == 1.52919e-10
   current  rx == 3.15636e-12
         delta == 0.01
Newt,GMRES == 1,0, f(u, N, dt, f_u, flags, dt) :  res == 0.99787
Newt,GMRES == 1,1, f(u, N, dt, f_u, flags, dt) :  res == 0.506525
Newt,GMRES == 1,2, f(u, N, dt, f_u, flags, dt) :  res == 0.232082
Newt,GMRES == 1,3, f(u, N, dt, f_u, flags, dt) :  res == 0.0600411
GMRES converged. Breaking.
Hookstep optimization is currently not implemented with Arclength Continuation.
Optimized Newton algorithm with AC: Computing residual to check convergence...f(u, N, dt, f_u, flags, dt) : : gx = 1.72072e-07 < 2.51251e-06
The residual is decreasing if we take this AC-Newton step.

Taking best step and continuing Newton iteration.
L2Norm(G(x)) == 1.72072e-07
rx           == 1.48044e-14
L2Norm(dxN)  == 0.000393868
L2Norm(dxOpt)== 0.000393868
========================================================
Newton iteration number 2
Current state of Newton iteration:
   fcount_newton   == 9
   fcount_optimiza == 2
   L2Norm(x)       == 0.0230324
   L2Norm(dxN)     == 0.000393868
   L2Norm(dxOpt)   == 0.000393868
   L2Dist(x,x0)    == 0.00202998
gx == L2Norm(G(x)) : 
   initial  gx == 1.74882e-05
   previous gx == 2.51251e-06
   current  gx == 1.72072e-07
rx == 1/2 L2Norm2(G(x)) : 
   initial  rx == 1.52919e-10
   previous rx == 3.15636e-12
   current  rx == 1.48044e-14
         delta == 0.01
Newt,GMRES == 2,0, f(u, N, dt, f_u, flags, dt) :  res == 0.960906
Newt,GMRES == 2,1, f(u, N, dt, f_u, flags, dt) :  res == 0.783615
Newt,GMRES == 2,2, f(u, N, dt, f_u, flags, dt) :  res == 0.553011
Newt,GMRES == 2,3, f(u, N, dt, f_u, flags, dt) :  res == 0.242317
Newt,GMRES == 2,4, f(u, N, dt, f_u, flags, dt) :  res == 0.0514037
GMRES converged. Breaking.
Hookstep optimization is currently not implemented with Arclength Continuation.
Optimized Newton algorithm with AC: Computing residual to check convergence...f(u, N, dt, f_u, flags, dt) : : gx = 8.31461e-09 < 1.72072e-07
The residual is decreasing if we take this AC-Newton step.

Taking best step and continuing Newton iteration.
L2Norm(G(x)) == 8.31461e-09
rx           == 3.45664e-17
L2Norm(dxN)  == 3.56017e-05
L2Norm(dxOpt)== 3.56017e-05
========================================================
Newton iteration number 3
Current state of Newton iteration:
   fcount_newton   == 14
   fcount_optimiza == 3
   L2Norm(x)       == 0.0230413
   L2Norm(dxN)     == 3.56017e-05
   L2Norm(dxOpt)   == 3.56017e-05
   L2Dist(x,x0)    == 0.00202619
gx == L2Norm(G(x)) : 
   initial  gx == 1.74882e-05
   previous gx == 1.72072e-07
   current  gx == 8.31461e-09
rx == 1/2 L2Norm2(G(x)) : 
   initial  rx == 1.52919e-10
   previous rx == 1.48044e-14
   current  rx == 3.45664e-17
         delta == 0.01
Newton search converged. Breaking.
L2Norm(G(x)) == 8.31461e-09 < epsSearch == 1e-08
