f(u, N, dt, f_u, flags, dt) : f(u, N, dt, f_u, flags, dt) : Computing G(x)
f(u, N, dt, f_u, flags, dt) : 
========================================================
Newton iteration number 0
Current state of Newton iteration:
   fcount_newton   == 1
   fcount_optimiza == 0
   L2Norm(x)       == 0.0229279
   L2Norm(dxN)     == 0
   L2Norm(dxOpt)   == 0
   L2Dist(x,x0)    == 0
gx == L2Norm(G(x)) : 
   initial  gx == 6.93453e-06
   previous gx == 6.93453e-06
   current  gx == 6.93453e-06
rx == 1/2 L2Norm2(G(x)) : 
   initial  rx == 2.40438e-11
   previous rx == 2.40438e-11
   current  rx == 2.40438e-11
         delta == 0.01
Newt,GMRES == 0,0, f(u, N, dt, f_u, flags, dt) :  res == 0.999227
Newt,GMRES == 0,1, f(u, N, dt, f_u, flags, dt) :  res == 0.072007
GMRES converged. Breaking.
Hookstep optimization is currently not implemented with Arclength Continuation.
Optimized Newton algorithm with AC: Computing residual to check convergence...f(u, N, dt, f_u, flags, dt) : : gx = 4.97644e-07 < 6.93453e-06
The residual is decreasing if we take this AC-Newton step.

Taking best step and continuing Newton iteration.
L2Norm(G(x)) == 4.97644e-07
rx           == 1.23825e-13
L2Norm(dxN)  == 0.0007261
L2Norm(dxOpt)== 0.0007261
========================================================
Newton iteration number 1
Current state of Newton iteration:
   fcount_newton   == 3
   fcount_optimiza == 1
   L2Norm(x)       == 0.0224028
   L2Norm(dxN)     == 0.0007261
   L2Norm(dxOpt)   == 0.0007261
   L2Dist(x,x0)    == 0.000726112
gx == L2Norm(G(x)) : 
   initial  gx == 6.93453e-06
   previous gx == 6.93453e-06
   current  gx == 4.97644e-07
rx == 1/2 L2Norm2(G(x)) : 
   initial  rx == 2.40438e-11
   previous rx == 2.40438e-11
   current  rx == 1.23825e-13
         delta == 0.01
Newt,GMRES == 1,0, f(u, N, dt, f_u, flags, dt) :  res == 0.990336
Newt,GMRES == 1,1, f(u, N, dt, f_u, flags, dt) :  res == 0.575973
Newt,GMRES == 1,2, f(u, N, dt, f_u, flags, dt) :  res == 0.524051
Newt,GMRES == 1,3, f(u, N, dt, f_u, flags, dt) :  res == 0.468562
Newt,GMRES == 1,4, f(u, N, dt, f_u, flags, dt) :  res == 0.192506
Newt,GMRES == 1,5, f(u, N, dt, f_u, flags, dt) :  res == 0.166426
Newt,GMRES == 1,6, f(u, N, dt, f_u, flags, dt) :  res == 0.112249
Newt,GMRES == 1,7, f(u, N, dt, f_u, flags, dt) :  res == 0.0174115
GMRES converged. Breaking.
Hookstep optimization is currently not implemented with Arclength Continuation.
Optimized Newton algorithm with AC: Computing residual to check convergence...f(u, N, dt, f_u, flags, dt) : : gx = 3.78037e-07 < 4.97644e-07
The residual is decreasing if we take this AC-Newton step.

Taking best step and continuing Newton iteration.
L2Norm(G(x)) == 3.78037e-07
rx           == 7.14558e-14
L2Norm(dxN)  == 0.000470032
L2Norm(dxOpt)== 0.000470032
========================================================
Newton iteration number 2
Current state of Newton iteration:
   fcount_newton   == 11
   fcount_optimiza == 2
   L2Norm(x)       == 0.022217
   L2Norm(dxN)     == 0.000470032
   L2Norm(dxOpt)   == 0.000470032
   L2Dist(x,x0)    == 0.000858569
gx == L2Norm(G(x)) : 
   initial  gx == 6.93453e-06
   previous gx == 4.97644e-07
   current  gx == 3.78037e-07
rx == 1/2 L2Norm2(G(x)) : 
   initial  rx == 2.40438e-11
   previous rx == 1.23825e-13
   current  rx == 7.14558e-14
         delta == 0.01
Newt,GMRES == 2,0, f(u, N, dt, f_u, flags, dt) :  res == 0.999809
Newt,GMRES == 2,1, f(u, N, dt, f_u, flags, dt) :  res == 0.675196
Newt,GMRES == 2,2, f(u, N, dt, f_u, flags, dt) :  res == 0.260601
Newt,GMRES == 2,3, f(u, N, dt, f_u, flags, dt) :  res == 0.229911
Newt,GMRES == 2,4, f(u, N, dt, f_u, flags, dt) :  res == 0.13957
Newt,GMRES == 2,5, f(u, N, dt, f_u, flags, dt) :  res == 0.0361761
GMRES converged. Breaking.
Hookstep optimization is currently not implemented with Arclength Continuation.
Optimized Newton algorithm with AC: Computing residual to check convergence...f(u, N, dt, f_u, flags, dt) : : gx = 3.17595e-07 < 3.78037e-07
The residual is decreasing if we take this AC-Newton step.

Taking best step and continuing Newton iteration.
L2Norm(G(x)) == 3.17595e-07
rx           == 5.04332e-14
L2Norm(dxN)  == 0.000426911
L2Norm(dxOpt)== 0.000426911
========================================================
Newton iteration number 3
Current state of Newton iteration:
   fcount_newton   == 17
   fcount_optimiza == 3
   L2Norm(x)       == 0.0223866
   L2Norm(dxN)     == 0.000426911
   L2Norm(dxOpt)   == 0.000426911
   L2Dist(x,x0)    == 0.000757465
gx == L2Norm(G(x)) : 
   initial  gx == 6.93453e-06
   previous gx == 3.78037e-07
   current  gx == 3.17595e-07
rx == 1/2 L2Norm2(G(x)) : 
   initial  rx == 2.40438e-11
   previous rx == 7.14558e-14
   current  rx == 5.04332e-14
         delta == 0.01
Newt,GMRES == 3,0, f(u, N, dt, f_u, flags, dt) :  res == 0.999979
Newt,GMRES == 3,1, f(u, N, dt, f_u, flags, dt) :  res == 0.871646
Newt,GMRES == 3,2, f(u, N, dt, f_u, flags, dt) :  res == 0.524986
Newt,GMRES == 3,3, f(u, N, dt, f_u, flags, dt) :  res == 0.482553
Newt,GMRES == 3,4, f(u, N, dt, f_u, flags, dt) :  res == 0.32195
Newt,GMRES == 3,5, f(u, N, dt, f_u, flags, dt) :  res == 0.143852
Newt,GMRES == 3,6, f(u, N, dt, f_u, flags, dt) :  res == 0.0193053
GMRES converged. Breaking.
Hookstep optimization is currently not implemented with Arclength Continuation.
Optimized Newton algorithm with AC: Computing residual to check convergence...f(u, N, dt, f_u, flags, dt) : : gx = 3.64535e-07 > 3.17595e-07
The error is increasing if we take the Newton step. Newton step optimization leaves step size correction to arclength continuation.
