f(u, N, dt, f_u, flags, dt) : f(u, N, dt, f_u, flags, dt) : Computing G(x)
f(u, N, dt, f_u, flags, dt) : 
========================================================
Newton iteration number 0
Current state of Newton iteration:
   fcount_newton   == 1
   fcount_optimiza == 0
   L2Norm(x)       == 8.61533e-09
   L2Norm(dxN)     == 0
   L2Norm(dxOpt)   == 0
   L2Dist(x,x0)    == 0
gx == L2Norm(G(x)) : 
   initial  gx == 4.23288e-11
   previous gx == 4.23288e-11
   current  gx == 4.23288e-11
rx == 1/2 L2Norm2(G(x)) : 
   initial  rx == 8.95862e-22
   previous rx == 8.95862e-22
   current  rx == 8.95862e-22
         delta == 0.01
Newt,GMRES == 0,0, f(u, N, dt, f_u, flags, dt) :  res == 0.972319
Newt,GMRES == 0,1, f(u, N, dt, f_u, flags, dt) :  res == 0.687785
Newt,GMRES == 0,2, f(u, N, dt, f_u, flags, dt) :  res == 1.26248e-05
GMRES converged. Breaking.
Hookstep optimization is currently not implemented with Arclength Continuation.
Optimized Newton algorithm with AC: Computing residual to check convergence...f(u, N, dt, f_u, flags, dt) : : gx = 6.1923e-16 < 4.23288e-11
The residual is decreasing if we take this AC-Newton step.

Taking best step and continuing Newton iteration.
L2Norm(G(x)) == 6.1923e-16
rx           == 1.91723e-31
L2Norm(dxN)  == 8.61532e-09
L2Norm(dxOpt)== 8.61532e-09
========================================================
Newton iteration number 1
Current state of Newton iteration:
   fcount_newton   == 4
   fcount_optimiza == 1
   L2Norm(x)       == 6.41801e-14
   L2Norm(dxN)     == 8.61532e-09
   L2Norm(dxOpt)   == 8.61532e-09
   L2Dist(x,x0)    == 8.61532e-09
gx == L2Norm(G(x)) : 
   initial  gx == 4.23288e-11
   previous gx == 4.23288e-11
   current  gx == 6.1923e-16
rx == 1/2 L2Norm2(G(x)) : 
   initial  rx == 8.95862e-22
   previous rx == 8.95862e-22
   current  rx == 1.91723e-31
         delta == 0.01
Newton search converged. Breaking.
L2Norm(G(x)) == 6.1923e-16 < epsSearch == 1e-11
