f(u, N, dt, f_u, flags, dt) : Computing G(x)
f(u, N, dt, f_u, flags, dt) : 
========================================================
Newton iteration number 0
Current state of Newton iteration:
   fcount_newton   == 1
   fcount_optimiza == 0
   L2Norm(x)       == 0.00963926
   L2Norm(dxN)     == 0
   L2Norm(dxOpt)   == 0
   L2Dist(x,x0)    == 0
gx == L2Norm(G(x)) : 
   initial  gx == 1.32419e-05
   previous gx == 1.32419e-05
   current  gx == 1.32419e-05
rx == 1/2 L2Norm2(G(x)) : 
   initial  rx == 8.7674e-11
   previous rx == 8.7674e-11
   current  rx == 8.7674e-11
         delta == 0.01
Newt,GMRES == 0,0, f(u, N, dt, f_u, flags, dt) :  res == 0.999998
Newt,GMRES == 0,1, f(u, N, dt, f_u, flags, dt) :  res == 0.999724
Newt,GMRES == 0,2, f(u, N, dt, f_u, flags, dt) :  res == 0.19362
Newt,GMRES == 0,3, f(u, N, dt, f_u, flags, dt) :  res == 0.0301756
GMRES converged. Breaking.
Hookstep optimization is currently not implemented with Arclength Continuation.
Optimized Newton algorithm with AC: Computing residual to check convergence...f(u, N, dt, f_u, flags, dt) : : gx = 1.02616e-05 < 1.32419e-05
The residual is decreasing if we take this AC-Newton step.

Taking best step and continuing Newton iteration.
L2Norm(G(x)) == 1.02616e-05
rx           == 5.26503e-11
L2Norm(dxN)  == 0.00186106
L2Norm(dxOpt)== 0.00186106
========================================================
Newton iteration number 1
Current state of Newton iteration:
   fcount_newton   == 5
   fcount_optimiza == 1
   L2Norm(x)       == 0.00796918
   L2Norm(dxN)     == 0.00186106
   L2Norm(dxOpt)   == 0.00186106
   L2Dist(x,x0)    == 0.00186109
gx == L2Norm(G(x)) : 
   initial  gx == 1.32419e-05
   previous gx == 1.32419e-05
   current  gx == 1.02616e-05
rx == 1/2 L2Norm2(G(x)) : 
   initial  rx == 8.7674e-11
   previous rx == 8.7674e-11
   current  rx == 5.26503e-11
         delta == 0.01
Newt,GMRES == 1,0, f(u, N, dt, f_u, flags, dt) :  res == 0.979532
Newt,GMRES == 1,1, f(u, N, dt, f_u, flags, dt) :  res == 0.296079
Newt,GMRES == 1,2, f(u, N, dt, f_u, flags, dt) :  res == 0.0405229
GMRES converged. Breaking.
Hookstep optimization is currently not implemented with Arclength Continuation.
Optimized Newton algorithm with AC: Computing residual to check convergence...f(u, N, dt, f_u, flags, dt) : : gx = 7.56653e-07 < 1.02616e-05
The residual is decreasing if we take this AC-Newton step.

Taking best step and continuing Newton iteration.
L2Norm(G(x)) == 7.56653e-07
rx           == 2.86262e-13
L2Norm(dxN)  == 0.000620584
L2Norm(dxOpt)== 0.000620584
========================================================
Newton iteration number 2
Current state of Newton iteration:
   fcount_newton   == 8
   fcount_optimiza == 2
   L2Norm(x)       == 0.0085478
   L2Norm(dxN)     == 0.000620584
   L2Norm(dxOpt)   == 0.000620584
   L2Dist(x,x0)    == 0.00135807
gx == L2Norm(G(x)) : 
   initial  gx == 1.32419e-05
   previous gx == 1.02616e-05
   current  gx == 7.56653e-07
rx == 1/2 L2Norm2(G(x)) : 
   initial  rx == 8.7674e-11
   previous rx == 5.26503e-11
   current  rx == 2.86262e-13
         delta == 0.01
Newt,GMRES == 2,0, f(u, N, dt, f_u, flags, dt) :  res == 0.99888
Newt,GMRES == 2,1, f(u, N, dt, f_u, flags, dt) :  res == 0.904881
Newt,GMRES == 2,2, f(u, N, dt, f_u, flags, dt) :  res == 0.201932
Newt,GMRES == 2,3, f(u, N, dt, f_u, flags, dt) :  res == 0.0153801
GMRES converged. Breaking.
Hookstep optimization is currently not implemented with Arclength Continuation.
Optimized Newton algorithm with AC: Computing residual to check convergence...f(u, N, dt, f_u, flags, dt) : : gx = 1.36775e-08 < 7.56653e-07
The residual is decreasing if we take this AC-Newton step.

Taking best step and continuing Newton iteration.
L2Norm(G(x)) == 1.36775e-08
rx           == 9.35371e-17
L2Norm(dxN)  == 8.35473e-05
L2Norm(dxOpt)== 8.35473e-05
========================================================
Newton iteration number 3
Current state of Newton iteration:
   fcount_newton   == 12
   fcount_optimiza == 3
   L2Norm(x)       == 0.00859177
   L2Norm(dxN)     == 8.35473e-05
   L2Norm(dxOpt)   == 8.35473e-05
   L2Dist(x,x0)    == 0.0013195
gx == L2Norm(G(x)) : 
   initial  gx == 1.32419e-05
   previous gx == 7.56653e-07
   current  gx == 1.36775e-08
rx == 1/2 L2Norm2(G(x)) : 
   initial  rx == 8.7674e-11
   previous rx == 2.86262e-13
   current  rx == 9.35371e-17
         delta == 0.01
Newt,GMRES == 3,0, f(u, N, dt, f_u, flags, dt) :  res == 0.991745
Newt,GMRES == 3,1, f(u, N, dt, f_u, flags, dt) :  res == 0.800682
Newt,GMRES == 3,2, f(u, N, dt, f_u, flags, dt) :  res == 0.206492
Newt,GMRES == 3,3, f(u, N, dt, f_u, flags, dt) :  res == 0.035267
GMRES converged. Breaking.
Hookstep optimization is currently not implemented with Arclength Continuation.
Optimized Newton algorithm with AC: Computing residual to check convergence...f(u, N, dt, f_u, flags, dt) : : gx = 4.83594e-10 < 1.36775e-08
The residual is decreasing if we take this AC-Newton step.

Taking best step and continuing Newton iteration.
L2Norm(G(x)) == 4.83594e-10
rx           == 1.16932e-19
L2Norm(dxN)  == 1.63272e-06
L2Norm(dxOpt)== 1.63272e-06
========================================================
Newton iteration number 4
Current state of Newton iteration:
   fcount_newton   == 16
   fcount_optimiza == 4
   L2Norm(x)       == 0.00859214
   L2Norm(dxN)     == 1.63272e-06
   L2Norm(dxOpt)   == 1.63272e-06
   L2Dist(x,x0)    == 0.00131902
gx == L2Norm(G(x)) : 
   initial  gx == 1.32419e-05
   previous gx == 1.36775e-08
   current  gx == 4.83594e-10
rx == 1/2 L2Norm2(G(x)) : 
   initial  rx == 8.7674e-11
   previous rx == 9.35371e-17
   current  rx == 1.16932e-19
         delta == 0.01
Newt,GMRES == 4,0, f(u, N, dt, f_u, flags, dt) :  res == 0.888589
Newt,GMRES == 4,1, f(u, N, dt, f_u, flags, dt) :  res == 0.191677
Newt,GMRES == 4,2, f(u, N, dt, f_u, flags, dt) :  res == 0.116232
Newt,GMRES == 4,3, f(u, N, dt, f_u, flags, dt) :  res == 0.0398939
GMRES converged. Breaking.
Hookstep optimization is currently not implemented with Arclength Continuation.
Optimized Newton algorithm with AC: Computing residual to check convergence...f(u, N, dt, f_u, flags, dt) : : gx = 1.92913e-11 < 4.83594e-10
The residual is decreasing if we take this AC-Newton step.

Taking best step and continuing Newton iteration.
L2Norm(G(x)) == 1.92913e-11
rx           == 1.86077e-22
L2Norm(dxN)  == 6.34973e-08
L2Norm(dxOpt)== 6.34973e-08
========================================================
Newton iteration number 5
Current state of Newton iteration:
   fcount_newton   == 20
   fcount_optimiza == 5
   L2Norm(x)       == 0.00859215
   L2Norm(dxN)     == 6.34973e-08
   L2Norm(dxOpt)   == 6.34973e-08
   L2Dist(x,x0)    == 0.00131902
gx == L2Norm(G(x)) : 
   initial  gx == 1.32419e-05
   previous gx == 4.83594e-10
   current  gx == 1.92913e-11
rx == 1/2 L2Norm2(G(x)) : 
   initial  rx == 8.7674e-11
   previous rx == 1.16932e-19
   current  rx == 1.86077e-22
         delta == 0.01
Newt,GMRES == 5,0, f(u, N, dt, f_u, flags, dt) :  res == 0.848815
Newt,GMRES == 5,1, f(u, N, dt, f_u, flags, dt) :  res == 0.41529
Newt,GMRES == 5,2, f(u, N, dt, f_u, flags, dt) :  res == 0.220611
Newt,GMRES == 5,3, f(u, N, dt, f_u, flags, dt) :  res == 0.0428985
GMRES converged. Breaking.
Hookstep optimization is currently not implemented with Arclength Continuation.
Optimized Newton algorithm with AC: Computing residual to check convergence...f(u, N, dt, f_u, flags, dt) : : gx = 1.57432e-12 < 1.92913e-11
The residual is decreasing if we take this AC-Newton step.

Taking best step and continuing Newton iteration.
L2Norm(G(x)) == 1.57432e-12
rx           == 1.23925e-24
L2Norm(dxN)  == 2.44473e-09
L2Norm(dxOpt)== 2.44473e-09
========================================================
Newton iteration number 6
Current state of Newton iteration:
   fcount_newton   == 24
   fcount_optimiza == 6
   L2Norm(x)       == 0.00859215
   L2Norm(dxN)     == 2.44473e-09
   L2Norm(dxOpt)   == 2.44473e-09
   L2Dist(x,x0)    == 0.00131902
gx == L2Norm(G(x)) : 
   initial  gx == 1.32419e-05
   previous gx == 1.92913e-11
   current  gx == 1.57432e-12
rx == 1/2 L2Norm2(G(x)) : 
   initial  rx == 8.7674e-11
   previous rx == 1.86077e-22
   current  rx == 1.23925e-24
         delta == 0.01
Newton search converged. Breaking.
L2Norm(G(x)) == 1.57432e-12 < epsSearch == 1e-11
