f(u, N, dt, f_u, flags, dt) : Computing G(x)
f(u, N, dt, f_u, flags, dt) : 
========================================================
Newton iteration number 0
Current state of Newton iteration:
   fcount_newton   == 1
   fcount_optimiza == 0
   L2Norm(x)       == 0.0238827
   L2Norm(dxN)     == 0
   L2Norm(dxOpt)   == 0
   L2Dist(x,x0)    == 0
gx == L2Norm(G(x)) : 
   initial  gx == 2.4183e-07
   previous gx == 2.4183e-07
   current  gx == 2.4183e-07
rx == 1/2 L2Norm2(G(x)) : 
   initial  rx == 2.92409e-14
   previous rx == 2.92409e-14
   current  rx == 2.92409e-14
         delta == 0.01
Newt,GMRES == 0,0, f(u, N, dt, f_u, flags, dt) :  res == 0.995175
Newt,GMRES == 0,1, f(u, N, dt, f_u, flags, dt) :  res == 0.86536
Newt,GMRES == 0,2, f(u, N, dt, f_u, flags, dt) :  res == 0.614608
Newt,GMRES == 0,3, f(u, N, dt, f_u, flags, dt) :  res == 0.184843
Newt,GMRES == 0,4, f(u, N, dt, f_u, flags, dt) :  res == 0.16575
Newt,GMRES == 0,5, f(u, N, dt, f_u, flags, dt) :  res == 0.0430763
GMRES converged. Breaking.
Hookstep optimization is currently not implemented with Arclength Continuation.
Optimized Newton algorithm with AC: Computing residual to check convergence...f(u, N, dt, f_u, flags, dt) : : gx = 6.89151e-08 < 2.4183e-07
The residual is decreasing if we take this AC-Newton step.

Taking best step and continuing Newton iteration.
L2Norm(G(x)) == 6.89151e-08
rx           == 2.37465e-15
L2Norm(dxN)  == 0.00019018
L2Norm(dxOpt)== 0.00019018
========================================================
Newton iteration number 1
Current state of Newton iteration:
   fcount_newton   == 7
   fcount_optimiza == 1
   L2Norm(x)       == 0.0237814
   L2Norm(dxN)     == 0.00019018
   L2Norm(dxOpt)   == 0.00019018
   L2Dist(x,x0)    == 0.00019018
gx == L2Norm(G(x)) : 
   initial  gx == 2.4183e-07
   previous gx == 2.4183e-07
   current  gx == 6.89151e-08
rx == 1/2 L2Norm2(G(x)) : 
   initial  rx == 2.92409e-14
   previous rx == 2.92409e-14
   current  rx == 2.37465e-15
         delta == 0.01
Newt,GMRES == 1,0, f(u, N, dt, f_u, flags, dt) :  res == 0.999969
Newt,GMRES == 1,1, f(u, N, dt, f_u, flags, dt) :  res == 0.88865
Newt,GMRES == 1,2, f(u, N, dt, f_u, flags, dt) :  res == 0.142958
Newt,GMRES == 1,3, f(u, N, dt, f_u, flags, dt) :  res == 0.0385328
GMRES converged. Breaking.
Hookstep optimization is currently not implemented with Arclength Continuation.
Optimized Newton algorithm with AC: Computing residual to check convergence...f(u, N, dt, f_u, flags, dt) : : gx = 4.95809e-09 < 6.89151e-08
The residual is decreasing if we take this AC-Newton step.

Taking best step and continuing Newton iteration.
L2Norm(G(x)) == 4.95809e-09
rx           == 1.22913e-17
L2Norm(dxN)  == 3.84246e-05
L2Norm(dxOpt)== 3.84246e-05
========================================================
Newton iteration number 2
Current state of Newton iteration:
   fcount_newton   == 11
   fcount_optimiza == 2
   L2Norm(x)       == 0.0238013
   L2Norm(dxN)     == 3.84246e-05
   L2Norm(dxOpt)   == 3.84246e-05
   L2Dist(x,x0)    == 0.00015308
gx == L2Norm(G(x)) : 
   initial  gx == 2.4183e-07
   previous gx == 6.89151e-08
   current  gx == 4.95809e-09
rx == 1/2 L2Norm2(G(x)) : 
   initial  rx == 2.92409e-14
   previous rx == 2.37465e-15
   current  rx == 1.22913e-17
         delta == 0.01
Newton search converged. Breaking.
L2Norm(G(x)) == 4.95809e-09 < epsSearch == 1e-08
