f(u, N, dt, f_u, flags, dt) : f(u, N, dt, f_u, flags, dt) : Computing G(x)
f(u, N, dt, f_u, flags, dt) : 
========================================================
Newton iteration number 0
Current state of Newton iteration:
   fcount_newton   == 1
   fcount_optimiza == 0
   L2Norm(x)       == 0.017523
   L2Norm(dxN)     == 0
   L2Norm(dxOpt)   == 0
   L2Dist(x,x0)    == 0
gx == L2Norm(G(x)) : 
   initial  gx == 7.23617e-08
   previous gx == 7.23617e-08
   current  gx == 7.23617e-08
rx == 1/2 L2Norm2(G(x)) : 
   initial  rx == 2.61811e-15
   previous rx == 2.61811e-15
   current  rx == 2.61811e-15
         delta == 0.01
Newt,GMRES == 0,0, f(u, N, dt, f_u, flags, dt) :  res == 1
Newt,GMRES == 0,1, f(u, N, dt, f_u, flags, dt) :  res == 0.337406
Newt,GMRES == 0,2, f(u, N, dt, f_u, flags, dt) :  res == 0.0728529
GMRES converged. Breaking.
Hookstep optimization is currently not implemented with Arclength Continuation.
Optimized Newton algorithm with AC: Computing residual to check convergence...f(u, N, dt, f_u, flags, dt) : : gx = 1.061e-08 < 7.23617e-08
The residual is decreasing if we take this AC-Newton step.

Taking best step and continuing Newton iteration.
L2Norm(G(x)) == 1.061e-08
rx           == 5.62861e-17
L2Norm(dxN)  == 9.62653e-05
L2Norm(dxOpt)== 9.62653e-05
========================================================
Newton iteration number 1
Current state of Newton iteration:
   fcount_newton   == 4
   fcount_optimiza == 1
   L2Norm(x)       == 0.0174385
   L2Norm(dxN)     == 9.62653e-05
   L2Norm(dxOpt)   == 9.62653e-05
   L2Dist(x,x0)    == 9.62869e-05
gx == L2Norm(G(x)) : 
   initial  gx == 7.23617e-08
   previous gx == 7.23617e-08
   current  gx == 1.061e-08
rx == 1/2 L2Norm2(G(x)) : 
   initial  rx == 2.61811e-15
   previous rx == 2.61811e-15
   current  rx == 5.62861e-17
         delta == 0.01
Newt,GMRES == 1,0, f(u, N, dt, f_u, flags, dt) :  res == 0.999998
Newt,GMRES == 1,1, f(u, N, dt, f_u, flags, dt) :  res == 0.846223
Newt,GMRES == 1,2, f(u, N, dt, f_u, flags, dt) :  res == 0.488624
Newt,GMRES == 1,3, f(u, N, dt, f_u, flags, dt) :  res == 0.282597
Newt,GMRES == 1,4, f(u, N, dt, f_u, flags, dt) :  res == 0.211614
Newt,GMRES == 1,5, f(u, N, dt, f_u, flags, dt) :  res == 0.0538659
GMRES converged. Breaking.
Hookstep optimization is currently not implemented with Arclength Continuation.
Optimized Newton algorithm with AC: Computing residual to check convergence...f(u, N, dt, f_u, flags, dt) : : gx = 5.40208e-10 < 1.061e-08
The residual is decreasing if we take this AC-Newton step.

Taking best step and continuing Newton iteration.
L2Norm(G(x)) == 5.40208e-10
rx           == 1.45912e-19
L2Norm(dxN)  == 1.86634e-05
L2Norm(dxOpt)== 1.86634e-05
========================================================
Newton iteration number 2
Current state of Newton iteration:
   fcount_newton   == 10
   fcount_optimiza == 2
   L2Norm(x)       == 0.0174548
   L2Norm(dxN)     == 1.86634e-05
   L2Norm(dxOpt)   == 1.86634e-05
   L2Dist(x,x0)    == 7.81984e-05
gx == L2Norm(G(x)) : 
   initial  gx == 7.23617e-08
   previous gx == 1.061e-08
   current  gx == 5.40208e-10
rx == 1/2 L2Norm2(G(x)) : 
   initial  rx == 2.61811e-15
   previous rx == 5.62861e-17
   current  rx == 1.45912e-19
         delta == 0.01
Newton search converged. Breaking.
L2Norm(G(x)) == 5.40208e-10 < epsSearch == 1e-08
