f(u, N, dt, f_u, flags, dt) : Computing G(x)
f(u, N, dt, f_u, flags, dt) : 
========================================================
Newton iteration number 0
Current state of Newton iteration:
   fcount_newton   == 1
   fcount_optimiza == 0
   L2Norm(x)       == 0.0461879
   L2Norm(dxN)     == 0
   L2Norm(dxOpt)   == 0
   L2Dist(x,x0)    == 0
gx == L2Norm(G(x)) : 
   initial  gx == 6.28222e-07
   previous gx == 6.28222e-07
   current  gx == 6.28222e-07
rx == 1/2 L2Norm2(G(x)) : 
   initial  rx == 1.97332e-13
   previous rx == 1.97332e-13
   current  rx == 1.97332e-13
         delta == 0.01
Newt,GMRES == 0,0, f(u, N, dt, f_u, flags, dt) :  res == 0.999936
Newt,GMRES == 0,1, f(u, N, dt, f_u, flags, dt) :  res == 0.142646
Newt,GMRES == 0,2, f(u, N, dt, f_u, flags, dt) :  res == 0.00396349
Newt,GMRES == 0,3, f(u, N, dt, f_u, flags, dt) :  res == 2.54108e-10
GMRES converged. Breaking.
Hookstep optimization is currently not implemented with Arclength Continuation.
Optimized Newton algorithm with AC: Computing residual to check convergence...f(u, N, dt, f_u, flags, dt) : : gx = 8.2584e-08 < 6.28222e-07
The residual is decreasing if we take this AC-Newton step.

Taking best step and continuing Newton iteration.
L2Norm(G(x)) == 8.2584e-08
rx           == 3.41006e-15
L2Norm(dxN)  == 0.000355
L2Norm(dxOpt)== 0.000355
========================================================
Newton iteration number 1
Current state of Newton iteration:
   fcount_newton   == 5
   fcount_optimiza == 1
   L2Norm(x)       == 0.045838
   L2Norm(dxN)     == 0.000355
   L2Norm(dxOpt)   == 0.000355
   L2Dist(x,x0)    == 0.000355001
gx == L2Norm(G(x)) : 
   initial  gx == 6.28222e-07
   previous gx == 6.28222e-07
   current  gx == 8.2584e-08
rx == 1/2 L2Norm2(G(x)) : 
   initial  rx == 1.97332e-13
   previous rx == 1.97332e-13
   current  rx == 3.41006e-15
         delta == 0.01
Newt,GMRES == 1,0, f(u, N, dt, f_u, flags, dt) :  res == 0.999983
Newt,GMRES == 1,1, f(u, N, dt, f_u, flags, dt) :  res == 0.430707
Newt,GMRES == 1,2, f(u, N, dt, f_u, flags, dt) :  res == 0.0397823
Newt,GMRES == 1,3, f(u, N, dt, f_u, flags, dt) :  res == 3.6467e-08
GMRES converged. Breaking.
Hookstep optimization is currently not implemented with Arclength Continuation.
Optimized Newton algorithm with AC: Computing residual to check convergence...f(u, N, dt, f_u, flags, dt) : : gx = 2.59787e-10 < 8.2584e-08
The residual is decreasing if we take this AC-Newton step.

Taking best step and continuing Newton iteration.
L2Norm(G(x)) == 2.59787e-10
rx           == 3.37448e-20
L2Norm(dxN)  == 6.09299e-05
L2Norm(dxOpt)== 6.09299e-05
========================================================
Newton iteration number 2
Current state of Newton iteration:
   fcount_newton   == 9
   fcount_optimiza == 2
   L2Norm(x)       == 0.045778
   L2Norm(dxN)     == 6.09299e-05
   L2Norm(dxOpt)   == 6.09299e-05
   L2Dist(x,x0)    == 0.000415917
gx == L2Norm(G(x)) : 
   initial  gx == 6.28222e-07
   previous gx == 8.2584e-08
   current  gx == 2.59787e-10
rx == 1/2 L2Norm2(G(x)) : 
   initial  rx == 1.97332e-13
   previous rx == 3.41006e-15
   current  rx == 3.37448e-20
         delta == 0.01
Newt,GMRES == 2,0, f(u, N, dt, f_u, flags, dt) :  res == 0.999769
Newt,GMRES == 2,1, f(u, N, dt, f_u, flags, dt) :  res == 0.669298
Newt,GMRES == 2,2, f(u, N, dt, f_u, flags, dt) :  res == 0.266577
Newt,GMRES == 2,3, f(u, N, dt, f_u, flags, dt) :  res == 5.19244e-07
GMRES converged. Breaking.
Hookstep optimization is currently not implemented with Arclength Continuation.
Optimized Newton algorithm with AC: Computing residual to check convergence...f(u, N, dt, f_u, flags, dt) : : gx = 1.81661e-11 < 2.59787e-10
The residual is decreasing if we take this AC-Newton step.

Taking best step and continuing Newton iteration.
L2Norm(G(x)) == 1.81661e-11
rx           == 1.65004e-22
L2Norm(dxN)  == 1.4636e-07
L2Norm(dxOpt)== 1.4636e-07
========================================================
Newton iteration number 3
Current state of Newton iteration:
   fcount_newton   == 13
   fcount_optimiza == 3
   L2Norm(x)       == 0.0457778
   L2Norm(dxN)     == 1.4636e-07
   L2Norm(dxOpt)   == 1.4636e-07
   L2Dist(x,x0)    == 0.000416062
gx == L2Norm(G(x)) : 
   initial  gx == 6.28222e-07
   previous gx == 2.59787e-10
   current  gx == 1.81661e-11
rx == 1/2 L2Norm2(G(x)) : 
   initial  rx == 1.97332e-13
   previous rx == 3.37448e-20
   current  rx == 1.65004e-22
         delta == 0.01
Newt,GMRES == 3,0, f(u, N, dt, f_u, flags, dt) :  res == 0.999954
Newt,GMRES == 3,1, f(u, N, dt, f_u, flags, dt) :  res == 0.701935
Newt,GMRES == 3,2, f(u, N, dt, f_u, flags, dt) :  res == 0.000485732
GMRES converged. Breaking.
Hookstep optimization is currently not implemented with Arclength Continuation.
Optimized Newton algorithm with AC: Computing residual to check convergence...f(u, N, dt, f_u, flags, dt) : : gx = 4.43066e-12 < 1.81661e-11
The residual is decreasing if we take this AC-Newton step.

Taking best step and continuing Newton iteration.
L2Norm(G(x)) == 4.43066e-12
rx           == 9.81536e-24
L2Norm(dxN)  == 1.31052e-08
L2Norm(dxOpt)== 1.31052e-08
========================================================
Newton iteration number 4
Current state of Newton iteration:
   fcount_newton   == 16
   fcount_optimiza == 4
   L2Norm(x)       == 0.0457778
   L2Norm(dxN)     == 1.31052e-08
   L2Norm(dxOpt)   == 1.31052e-08
   L2Dist(x,x0)    == 0.000416075
gx == L2Norm(G(x)) : 
   initial  gx == 6.28222e-07
   previous gx == 1.81661e-11
   current  gx == 4.43066e-12
rx == 1/2 L2Norm2(G(x)) : 
   initial  rx == 1.97332e-13
   previous rx == 1.65004e-22
   current  rx == 9.81536e-24
         delta == 0.01
Newton search converged. Breaking.
L2Norm(G(x)) == 4.43066e-12 < epsSearch == 1e-11
