f(u, N, dt, f_u, flags, dt) : f(u, N, dt, f_u, flags, dt) : Computing G(x)
f(u, N, dt, f_u, flags, dt) : 
========================================================
Newton iteration number 0
Current state of Newton iteration:
   fcount_newton   == 1
   fcount_optimiza == 0
   L2Norm(x)       == 0.0234448
   L2Norm(dxN)     == 0
   L2Norm(dxOpt)   == 0
   L2Dist(x,x0)    == 0
gx == L2Norm(G(x)) : 
   initial  gx == 1.58822e-05
   previous gx == 1.58822e-05
   current  gx == 1.58822e-05
rx == 1/2 L2Norm2(G(x)) : 
   initial  rx == 1.26122e-10
   previous rx == 1.26122e-10
   current  rx == 1.26122e-10
         delta == 0.01
Newt,GMRES == 0,0, f(u, N, dt, f_u, flags, dt) :  res == 0.999603
Newt,GMRES == 0,1, f(u, N, dt, f_u, flags, dt) :  res == 0.0738378
GMRES converged. Breaking.
Hookstep optimization is currently not implemented with Arclength Continuation.
Optimized Newton algorithm with AC: Computing residual to check convergence...f(u, N, dt, f_u, flags, dt) : : gx = 1.29496e-06 < 1.58822e-05
The residual is decreasing if we take this AC-Newton step.

Taking best step and continuing Newton iteration.
L2Norm(G(x)) == 1.29496e-06
rx           == 8.38464e-13
L2Norm(dxN)  == 0.00167487
L2Norm(dxOpt)== 0.00167487
========================================================
Newton iteration number 1
Current state of Newton iteration:
   fcount_newton   == 3
   fcount_optimiza == 1
   L2Norm(x)       == 0.0221506
   L2Norm(dxN)     == 0.00167487
   L2Norm(dxOpt)   == 0.00167487
   L2Dist(x,x0)    == 0.00167492
gx == L2Norm(G(x)) : 
   initial  gx == 1.58822e-05
   previous gx == 1.58822e-05
   current  gx == 1.29496e-06
rx == 1/2 L2Norm2(G(x)) : 
   initial  rx == 1.26122e-10
   previous rx == 1.26122e-10
   current  rx == 8.38464e-13
         delta == 0.01
Newt,GMRES == 1,0, f(u, N, dt, f_u, flags, dt) :  res == 0.998452
Newt,GMRES == 1,1, f(u, N, dt, f_u, flags, dt) :  res == 0.594572
Newt,GMRES == 1,2, f(u, N, dt, f_u, flags, dt) :  res == 0.418987
Newt,GMRES == 1,3, f(u, N, dt, f_u, flags, dt) :  res == 0.257005
Newt,GMRES == 1,4, f(u, N, dt, f_u, flags, dt) :  res == 0.090319
GMRES converged. Breaking.
Hookstep optimization is currently not implemented with Arclength Continuation.
Optimized Newton algorithm with AC: Computing residual to check convergence...f(u, N, dt, f_u, flags, dt) : : gx = 1.09689e-06 < 1.29496e-06
The residual is decreasing if we take this AC-Newton step.

Taking best step and continuing Newton iteration.
L2Norm(G(x)) == 1.09689e-06
rx           == 6.01584e-13
L2Norm(dxN)  == 0.000917352
L2Norm(dxOpt)== 0.000917352
========================================================
Newton iteration number 2
Current state of Newton iteration:
   fcount_newton   == 8
   fcount_optimiza == 2
   L2Norm(x)       == 0.0217987
   L2Norm(dxN)     == 0.000917352
   L2Norm(dxOpt)   == 0.000917352
   L2Dist(x,x0)    == 0.00196826
gx == L2Norm(G(x)) : 
   initial  gx == 1.58822e-05
   previous gx == 1.29496e-06
   current  gx == 1.09689e-06
rx == 1/2 L2Norm2(G(x)) : 
   initial  rx == 1.26122e-10
   previous rx == 8.38464e-13
   current  rx == 6.01584e-13
         delta == 0.01
Newt,GMRES == 2,0, f(u, N, dt, f_u, flags, dt) :  res == 0.99868
Newt,GMRES == 2,1, f(u, N, dt, f_u, flags, dt) :  res == 0.328238
Newt,GMRES == 2,2, f(u, N, dt, f_u, flags, dt) :  res == 0.0417151
GMRES converged. Breaking.
Hookstep optimization is currently not implemented with Arclength Continuation.
Optimized Newton algorithm with AC: Computing residual to check convergence...f(u, N, dt, f_u, flags, dt) : : gx = 1.45133e-07 < 1.09689e-06
The residual is decreasing if we take this AC-Newton step.

Taking best step and continuing Newton iteration.
L2Norm(G(x)) == 1.45133e-07
rx           == 1.05318e-14
L2Norm(dxN)  == 0.000338232
L2Norm(dxOpt)== 0.000338232
========================================================
Newton iteration number 3
Current state of Newton iteration:
   fcount_newton   == 11
   fcount_optimiza == 3
   L2Norm(x)       == 0.0219271
   L2Norm(dxN)     == 0.000338232
   L2Norm(dxOpt)   == 0.000338232
   L2Dist(x,x0)    == 0.00181443
gx == L2Norm(G(x)) : 
   initial  gx == 1.58822e-05
   previous gx == 1.09689e-06
   current  gx == 1.45133e-07
rx == 1/2 L2Norm2(G(x)) : 
   initial  rx == 1.26122e-10
   previous rx == 6.01584e-13
   current  rx == 1.05318e-14
         delta == 0.01
Newt,GMRES == 3,0, f(u, N, dt, f_u, flags, dt) :  res == 0.999568
Newt,GMRES == 3,1, f(u, N, dt, f_u, flags, dt) :  res == 0.522156
Newt,GMRES == 3,2, f(u, N, dt, f_u, flags, dt) :  res == 0.0479592
GMRES converged. Breaking.
Hookstep optimization is currently not implemented with Arclength Continuation.
Optimized Newton algorithm with AC: Computing residual to check convergence...f(u, N, dt, f_u, flags, dt) : : gx = 9.03175e-09 < 1.45133e-07
The residual is decreasing if we take this AC-Newton step.

Taking best step and continuing Newton iteration.
L2Norm(G(x)) == 9.03175e-09
rx           == 4.07862e-17
L2Norm(dxN)  == 5.90434e-05
L2Norm(dxOpt)== 5.90434e-05
========================================================
Newton iteration number 4
Current state of Newton iteration:
   fcount_newton   == 14
   fcount_optimiza == 4
   L2Norm(x)       == 0.0219502
   L2Norm(dxN)     == 5.90434e-05
   L2Norm(dxOpt)   == 5.90434e-05
   L2Dist(x,x0)    == 0.0017928
gx == L2Norm(G(x)) : 
   initial  gx == 1.58822e-05
   previous gx == 1.45133e-07
   current  gx == 9.03175e-09
rx == 1/2 L2Norm2(G(x)) : 
   initial  rx == 1.26122e-10
   previous rx == 1.05318e-14
   current  rx == 4.07862e-17
         delta == 0.01
Newton search converged. Breaking.
L2Norm(G(x)) == 9.03175e-09 < epsSearch == 1e-08
