f(u, N, dt, f_u, flags, dt) : f(u, N, dt, f_u, flags, dt) : Computing G(x)
f(u, N, dt, f_u, flags, dt) : 
========================================================
Newton iteration number 0
Current state of Newton iteration:
   fcount_newton   == 1
   fcount_optimiza == 0
   L2Norm(x)       == 0.0406065
   L2Norm(dxN)     == 0
   L2Norm(dxOpt)   == 0
   L2Dist(x,x0)    == 0
gx == L2Norm(G(x)) : 
   initial  gx == 5.69767e-06
   previous gx == 5.69767e-06
   current  gx == 5.69767e-06
rx == 1/2 L2Norm2(G(x)) : 
   initial  rx == 1.62317e-11
   previous rx == 1.62317e-11
   current  rx == 1.62317e-11
         delta == 0.01
Newt,GMRES == 0,0, f(u, N, dt, f_u, flags, dt) :  res == 0.979833
Newt,GMRES == 0,1, f(u, N, dt, f_u, flags, dt) :  res == 0.0733265
Newt,GMRES == 0,2, f(u, N, dt, f_u, flags, dt) :  res == 5.60101e-08
GMRES converged. Breaking.
Hookstep optimization is currently not implemented with Arclength Continuation.
Optimized Newton algorithm with AC: Computing residual to check convergence...f(u, N, dt, f_u, flags, dt) : : gx = 8.4785e-07 < 5.69767e-06
The residual is decreasing if we take this AC-Newton step.

Taking best step and continuing Newton iteration.
L2Norm(G(x)) == 8.4785e-07
rx           == 3.59425e-13
L2Norm(dxN)  == 0.000991645
L2Norm(dxOpt)== 0.000991645
========================================================
Newton iteration number 1
Current state of Newton iteration:
   fcount_newton   == 4
   fcount_optimiza == 1
   L2Norm(x)       == 0.0396341
   L2Norm(dxN)     == 0.000991645
   L2Norm(dxOpt)   == 0.000991645
   L2Dist(x,x0)    == 0.000991646
gx == L2Norm(G(x)) : 
   initial  gx == 5.69767e-06
   previous gx == 5.69767e-06
   current  gx == 8.4785e-07
rx == 1/2 L2Norm2(G(x)) : 
   initial  rx == 1.62317e-11
   previous rx == 1.62317e-11
   current  rx == 3.59425e-13
         delta == 0.01
Newt,GMRES == 1,0, f(u, N, dt, f_u, flags, dt) :  res == 0.996499
Newt,GMRES == 1,1, f(u, N, dt, f_u, flags, dt) :  res == 0.118211
Newt,GMRES == 1,2, f(u, N, dt, f_u, flags, dt) :  res == 1.30121e-05
GMRES converged. Breaking.
Hookstep optimization is currently not implemented with Arclength Continuation.
Optimized Newton algorithm with AC: Computing residual to check convergence...f(u, N, dt, f_u, flags, dt) : : gx = 1.04978e-08 < 8.4785e-07
The residual is decreasing if we take this AC-Newton step.

Taking best step and continuing Newton iteration.
L2Norm(G(x)) == 1.04978e-08
rx           == 5.51023e-17
L2Norm(dxN)  == 0.000114573
L2Norm(dxOpt)== 0.000114573
========================================================
Newton iteration number 2
Current state of Newton iteration:
   fcount_newton   == 7
   fcount_optimiza == 2
   L2Norm(x)       == 0.039746
   L2Norm(dxN)     == 0.000114573
   L2Norm(dxOpt)   == 0.000114573
   L2Dist(x,x0)    == 0.000877091
gx == L2Norm(G(x)) : 
   initial  gx == 5.69767e-06
   previous gx == 8.4785e-07
   current  gx == 1.04978e-08
rx == 1/2 L2Norm2(G(x)) : 
   initial  rx == 1.62317e-11
   previous rx == 3.59425e-13
   current  rx == 5.51023e-17
         delta == 0.01
Newt,GMRES == 2,0, f(u, N, dt, f_u, flags, dt) :  res == 0.995969
Newt,GMRES == 2,1, f(u, N, dt, f_u, flags, dt) :  res == 0.164178
Newt,GMRES == 2,2, f(u, N, dt, f_u, flags, dt) :  res == 0.0205778
Newt,GMRES == 2,3, f(u, N, dt, f_u, flags, dt) :  res == 2.33189e-09
GMRES converged. Breaking.
Hookstep optimization is currently not implemented with Arclength Continuation.
Optimized Newton algorithm with AC: Computing residual to check convergence...f(u, N, dt, f_u, flags, dt) : : gx = 7.10777e-11 < 1.04978e-08
The residual is decreasing if we take this AC-Newton step.

Taking best step and continuing Newton iteration.
L2Norm(G(x)) == 7.10777e-11
rx           == 2.52602e-21
L2Norm(dxN)  == 1.46123e-06
L2Norm(dxOpt)== 1.46123e-06
========================================================
Newton iteration number 3
Current state of Newton iteration:
   fcount_newton   == 11
   fcount_optimiza == 3
   L2Norm(x)       == 0.0397474
   L2Norm(dxN)     == 1.46123e-06
   L2Norm(dxOpt)   == 1.46123e-06
   L2Dist(x,x0)    == 0.000875631
gx == L2Norm(G(x)) : 
   initial  gx == 5.69767e-06
   previous gx == 1.04978e-08
   current  gx == 7.10777e-11
rx == 1/2 L2Norm2(G(x)) : 
   initial  rx == 1.62317e-11
   previous rx == 5.51023e-17
   current  rx == 2.52602e-21
         delta == 0.01
Newt,GMRES == 3,0, f(u, N, dt, f_u, flags, dt) :  res == 0.99895
Newt,GMRES == 3,1, f(u, N, dt, f_u, flags, dt) :  res == 0.877634
Newt,GMRES == 3,2, f(u, N, dt, f_u, flags, dt) :  res == 0.00302886
Newt,GMRES == 3,3, f(u, N, dt, f_u, flags, dt) :  res == 8.91002e-10
GMRES converged. Breaking.
Hookstep optimization is currently not implemented with Arclength Continuation.
Optimized Newton algorithm with AC: Computing residual to check convergence...f(u, N, dt, f_u, flags, dt) : : gx = 1.544e-11 < 7.10777e-11
The residual is decreasing if we take this AC-Newton step.

Taking best step and continuing Newton iteration.
L2Norm(G(x)) == 1.544e-11
rx           == 1.19197e-22
L2Norm(dxN)  == 1.07175e-08
L2Norm(dxOpt)== 1.07175e-08
========================================================
Newton iteration number 4
Current state of Newton iteration:
   fcount_newton   == 15
   fcount_optimiza == 4
   L2Norm(x)       == 0.0397474
   L2Norm(dxN)     == 1.07175e-08
   L2Norm(dxOpt)   == 1.07175e-08
   L2Dist(x,x0)    == 0.000875624
gx == L2Norm(G(x)) : 
   initial  gx == 5.69767e-06
   previous gx == 7.10777e-11
   current  gx == 1.544e-11
rx == 1/2 L2Norm2(G(x)) : 
   initial  rx == 1.62317e-11
   previous rx == 2.52602e-21
   current  rx == 1.19197e-22
         delta == 0.01
Newt,GMRES == 4,0, f(u, N, dt, f_u, flags, dt) :  res == 0.997532
Newt,GMRES == 4,1, f(u, N, dt, f_u, flags, dt) :  res == 0.619022
Newt,GMRES == 4,2, f(u, N, dt, f_u, flags, dt) :  res == 5.34128e-05
GMRES converged. Breaking.
Hookstep optimization is currently not implemented with Arclength Continuation.
Optimized Newton algorithm with AC: Computing residual to check convergence...f(u, N, dt, f_u, flags, dt) : : gx = 1.45267e-11 < 1.544e-11
The residual is decreasing if we take this AC-Newton step.

Taking best step and continuing Newton iteration.
L2Norm(G(x)) == 1.45267e-11
rx           == 1.05513e-22
L2Norm(dxN)  == 2.19648e-09
L2Norm(dxOpt)== 2.19648e-09
========================================================
Newton iteration number 5
Current state of Newton iteration:
   fcount_newton   == 18
   fcount_optimiza == 5
   L2Norm(x)       == 0.0397474
   L2Norm(dxN)     == 2.19648e-09
   L2Norm(dxOpt)   == 2.19648e-09
   L2Dist(x,x0)    == 0.000875622
gx == L2Norm(G(x)) : 
   initial  gx == 5.69767e-06
   previous gx == 1.544e-11
   current  gx == 1.45267e-11
rx == 1/2 L2Norm2(G(x)) : 
   initial  rx == 1.62317e-11
   previous rx == 1.19197e-22
   current  rx == 1.05513e-22
         delta == 0.01
Newt,GMRES == 5,0, f(u, N, dt, f_u, flags, dt) :  res == 0.996612
Newt,GMRES == 5,1, f(u, N, dt, f_u, flags, dt) :  res == 0.369527
Newt,GMRES == 5,2, f(u, N, dt, f_u, flags, dt) :  res == 0.000166676
GMRES converged. Breaking.
Hookstep optimization is currently not implemented with Arclength Continuation.
Optimized Newton algorithm with AC: Computing residual to check convergence...f(u, N, dt, f_u, flags, dt) : : gx = 1.44586e-11 < 1.45267e-11
The residual is decreasing if we take this AC-Newton step.

Taking best step and continuing Newton iteration.
L2Norm(G(x)) == 1.44586e-11
rx           == 1.04526e-22
L2Norm(dxN)  == 1.97559e-09
L2Norm(dxOpt)== 1.97559e-09
========================================================
Newton iteration number 6
Current state of Newton iteration:
   fcount_newton   == 21
   fcount_optimiza == 6
   L2Norm(x)       == 0.0397474
   L2Norm(dxN)     == 1.97559e-09
   L2Norm(dxOpt)   == 1.97559e-09
   L2Dist(x,x0)    == 0.000875624
gx == L2Norm(G(x)) : 
   initial  gx == 5.69767e-06
   previous gx == 1.45267e-11
   current  gx == 1.44586e-11
rx == 1/2 L2Norm2(G(x)) : 
   initial  rx == 1.62317e-11
   previous rx == 1.05513e-22
   current  rx == 1.04526e-22
         delta == 0.01
Newt,GMRES == 6,0, f(u, N, dt, f_u, flags, dt) :  res == 0.996179
Newt,GMRES == 6,1, f(u, N, dt, f_u, flags, dt) :  res == 0.0980152
Newt,GMRES == 6,2, f(u, N, dt, f_u, flags, dt) :  res == 0.000395778
GMRES converged. Breaking.
Hookstep optimization is currently not implemented with Arclength Continuation.
Optimized Newton algorithm with AC: Computing residual to check convergence...f(u, N, dt, f_u, flags, dt) : : gx = 7.07594e-12 < 1.44586e-11
The residual is decreasing if we take this AC-Newton step.

Taking best step and continuing Newton iteration.
L2Norm(G(x)) == 7.07594e-12
rx           == 2.50345e-23
L2Norm(dxN)  == 1.91591e-09
L2Norm(dxOpt)== 1.91591e-09
========================================================
Newton iteration number 7
Current state of Newton iteration:
   fcount_newton   == 24
   fcount_optimiza == 7
   L2Norm(x)       == 0.0397474
   L2Norm(dxN)     == 1.91591e-09
   L2Norm(dxOpt)   == 1.91591e-09
   L2Dist(x,x0)    == 0.000875622
gx == L2Norm(G(x)) : 
   initial  gx == 5.69767e-06
   previous gx == 1.44586e-11
   current  gx == 7.07594e-12
rx == 1/2 L2Norm2(G(x)) : 
   initial  rx == 1.62317e-11
   previous rx == 1.04526e-22
   current  rx == 2.50345e-23
         delta == 0.01
Newton search converged. Breaking.
L2Norm(G(x)) == 7.07594e-12 < epsSearch == 1e-11
