f(u, N, dt, f_u, flags, dt) : Computing G(x)
f(u, N, dt, f_u, flags, dt) : 
========================================================
Newton iteration number 0
Current state of Newton iteration:
   fcount_newton   == 1
   fcount_optimiza == 0
   L2Norm(x)       == 0.0247379
   L2Norm(dxN)     == 0
   L2Norm(dxOpt)   == 0
   L2Dist(x,x0)    == 0
gx == L2Norm(G(x)) : 
   initial  gx == 1.95777e-05
   previous gx == 1.95777e-05
   current  gx == 1.95777e-05
rx == 1/2 L2Norm2(G(x)) : 
   initial  rx == 1.91643e-10
   previous rx == 1.91643e-10
   current  rx == 1.91643e-10
         delta == 0.01
Newt,GMRES == 0,0, f(u, N, dt, f_u, flags, dt) :  res == 0.999427
Newt,GMRES == 0,1, f(u, N, dt, f_u, flags, dt) :  res == 0.624836
Newt,GMRES == 0,2, f(u, N, dt, f_u, flags, dt) :  res == 0.120508
Newt,GMRES == 0,3, f(u, N, dt, f_u, flags, dt) :  res == 0.0322555
GMRES converged. Breaking.
Hookstep optimization is currently not implemented with Arclength Continuation.
Optimized Newton algorithm with AC: Computing residual to check convergence...f(u, N, dt, f_u, flags, dt) : : gx = 1.19555e-06 < 1.95777e-05
The residual is decreasing if we take this AC-Newton step.

Taking best step and continuing Newton iteration.
L2Norm(G(x)) == 1.19555e-06
rx           == 7.14675e-13
L2Norm(dxN)  == 0.00220801
L2Norm(dxOpt)== 0.00220801
========================================================
Newton iteration number 1
Current state of Newton iteration:
   fcount_newton   == 5
   fcount_optimiza == 1
   L2Norm(x)       == 0.0227856
   L2Norm(dxN)     == 0.00220801
   L2Norm(dxOpt)   == 0.00220801
   L2Dist(x,x0)    == 0.00220804
gx == L2Norm(G(x)) : 
   initial  gx == 1.95777e-05
   previous gx == 1.95777e-05
   current  gx == 1.19555e-06
rx == 1/2 L2Norm2(G(x)) : 
   initial  rx == 1.91643e-10
   previous rx == 1.91643e-10
   current  rx == 7.14675e-13
         delta == 0.01
Newt,GMRES == 1,0, f(u, N, dt, f_u, flags, dt) :  res == 0.998709
Newt,GMRES == 1,1, f(u, N, dt, f_u, flags, dt) :  res == 0.739452
Newt,GMRES == 1,2, f(u, N, dt, f_u, flags, dt) :  res == 0.34737
Newt,GMRES == 1,3, f(u, N, dt, f_u, flags, dt) :  res == 0.073396
GMRES converged. Breaking.
Hookstep optimization is currently not implemented with Arclength Continuation.
Optimized Newton algorithm with AC: Computing residual to check convergence...f(u, N, dt, f_u, flags, dt) : : gx = 9.40099e-08 < 1.19555e-06
The residual is decreasing if we take this AC-Newton step.

Taking best step and continuing Newton iteration.
L2Norm(G(x)) == 9.40099e-08
rx           == 4.41893e-15
L2Norm(dxN)  == 0.000201202
L2Norm(dxOpt)== 0.000201202
========================================================
Newton iteration number 2
Current state of Newton iteration:
   fcount_newton   == 9
   fcount_optimiza == 2
   L2Norm(x)       == 0.0228629
   L2Norm(dxN)     == 0.000201202
   L2Norm(dxOpt)   == 0.000201202
   L2Dist(x,x0)    == 0.00215515
gx == L2Norm(G(x)) : 
   initial  gx == 1.95777e-05
   previous gx == 1.19555e-06
   current  gx == 9.40099e-08
rx == 1/2 L2Norm2(G(x)) : 
   initial  rx == 1.91643e-10
   previous rx == 7.14675e-13
   current  rx == 4.41893e-15
         delta == 0.01
Newt,GMRES == 2,0, f(u, N, dt, f_u, flags, dt) :  res == 0.996883
Newt,GMRES == 2,1, f(u, N, dt, f_u, flags, dt) :  res == 0.597415
Newt,GMRES == 2,2, f(u, N, dt, f_u, flags, dt) :  res == 0.422913
Newt,GMRES == 2,3, f(u, N, dt, f_u, flags, dt) :  res == 0.188162
Newt,GMRES == 2,4, f(u, N, dt, f_u, flags, dt) :  res == 0.038289
GMRES converged. Breaking.
Hookstep optimization is currently not implemented with Arclength Continuation.
Optimized Newton algorithm with AC: Computing residual to check convergence...f(u, N, dt, f_u, flags, dt) : : gx = 3.52888e-09 < 9.40099e-08
The residual is decreasing if we take this AC-Newton step.

Taking best step and continuing Newton iteration.
L2Norm(G(x)) == 3.52888e-09
rx           == 6.2265e-18
L2Norm(dxN)  == 1.56656e-05
L2Norm(dxOpt)== 1.56656e-05
========================================================
Newton iteration number 3
Current state of Newton iteration:
   fcount_newton   == 14
   fcount_optimiza == 3
   L2Norm(x)       == 0.0228651
   L2Norm(dxN)     == 1.56656e-05
   L2Norm(dxOpt)   == 1.56656e-05
   L2Dist(x,x0)    == 0.00215457
gx == L2Norm(G(x)) : 
   initial  gx == 1.95777e-05
   previous gx == 9.40099e-08
   current  gx == 3.52888e-09
rx == 1/2 L2Norm2(G(x)) : 
   initial  rx == 1.91643e-10
   previous rx == 4.41893e-15
   current  rx == 6.2265e-18
         delta == 0.01
Newton search converged. Breaking.
L2Norm(G(x)) == 3.52888e-09 < epsSearch == 1e-08
