f(u, N, dt, f_u, flags, dt) : f(u, N, dt, f_u, flags, dt) : Computing G(x)
f(u, N, dt, f_u, flags, dt) : 
========================================================
Newton iteration number 0
Current state of Newton iteration:
   fcount_newton   == 1
   fcount_optimiza == 0
   L2Norm(x)       == 0.0236654
   L2Norm(dxN)     == 0
   L2Norm(dxOpt)   == 0
   L2Dist(x,x0)    == 0
gx == L2Norm(G(x)) : 
   initial  gx == 1.57961e-05
   previous gx == 1.57961e-05
   current  gx == 1.57961e-05
rx == 1/2 L2Norm2(G(x)) : 
   initial  rx == 1.24758e-10
   previous rx == 1.24758e-10
   current  rx == 1.24758e-10
         delta == 0.01
Newt,GMRES == 0,0, f(u, N, dt, f_u, flags, dt) :  res == 0.999577
Newt,GMRES == 0,1, f(u, N, dt, f_u, flags, dt) :  res == 0.0620782
GMRES converged. Breaking.
Hookstep optimization is currently not implemented with Arclength Continuation.
Optimized Newton algorithm with AC: Computing residual to check convergence...f(u, N, dt, f_u, flags, dt) : : gx = 1.02788e-06 < 1.57961e-05
The residual is decreasing if we take this AC-Newton step.

Taking best step and continuing Newton iteration.
L2Norm(G(x)) == 1.02788e-06
rx           == 5.28267e-13
L2Norm(dxN)  == 0.001661
L2Norm(dxOpt)== 0.001661
========================================================
Newton iteration number 1
Current state of Newton iteration:
   fcount_newton   == 3
   fcount_optimiza == 1
   L2Norm(x)       == 0.0224194
   L2Norm(dxN)     == 0.001661
   L2Norm(dxOpt)   == 0.001661
   L2Dist(x,x0)    == 0.00166105
gx == L2Norm(G(x)) : 
   initial  gx == 1.57961e-05
   previous gx == 1.57961e-05
   current  gx == 1.02788e-06
rx == 1/2 L2Norm2(G(x)) : 
   initial  rx == 1.24758e-10
   previous rx == 1.24758e-10
   current  rx == 5.28267e-13
         delta == 0.01
Newt,GMRES == 1,0, f(u, N, dt, f_u, flags, dt) :  res == 0.926791
Newt,GMRES == 1,1, f(u, N, dt, f_u, flags, dt) :  res == 0.425246
Newt,GMRES == 1,2, f(u, N, dt, f_u, flags, dt) :  res == 0.196332
Newt,GMRES == 1,3, f(u, N, dt, f_u, flags, dt) :  res == 0.194823
Newt,GMRES == 1,4, f(u, N, dt, f_u, flags, dt) :  res == 0.061066
GMRES converged. Breaking.
Hookstep optimization is currently not implemented with Arclength Continuation.
Optimized Newton algorithm with AC: Computing residual to check convergence...f(u, N, dt, f_u, flags, dt) : : gx = 7.893e-08 < 1.02788e-06
The residual is decreasing if we take this AC-Newton step.

Taking best step and continuing Newton iteration.
L2Norm(G(x)) == 7.893e-08
rx           == 3.11497e-15
L2Norm(dxN)  == 0.000236266
L2Norm(dxOpt)== 0.000236266
========================================================
Newton iteration number 2
Current state of Newton iteration:
   fcount_newton   == 8
   fcount_optimiza == 2
   L2Norm(x)       == 0.0223814
   L2Norm(dxN)     == 0.000236266
   L2Norm(dxOpt)   == 0.000236266
   L2Dist(x,x0)    == 0.00167693
gx == L2Norm(G(x)) : 
   initial  gx == 1.57961e-05
   previous gx == 1.02788e-06
   current  gx == 7.893e-08
rx == 1/2 L2Norm2(G(x)) : 
   initial  rx == 1.24758e-10
   previous rx == 5.28267e-13
   current  rx == 3.11497e-15
         delta == 0.01
Newt,GMRES == 2,0, f(u, N, dt, f_u, flags, dt) :  res == 0.995746
Newt,GMRES == 2,1, f(u, N, dt, f_u, flags, dt) :  res == 0.731123
Newt,GMRES == 2,2, f(u, N, dt, f_u, flags, dt) :  res == 0.692268
Newt,GMRES == 2,3, f(u, N, dt, f_u, flags, dt) :  res == 0.155168
Newt,GMRES == 2,4, f(u, N, dt, f_u, flags, dt) :  res == 0.0808676
GMRES converged. Breaking.
Hookstep optimization is currently not implemented with Arclength Continuation.
Optimized Newton algorithm with AC: Computing residual to check convergence...f(u, N, dt, f_u, flags, dt) : : gx = 2.36314e-08 < 7.893e-08
The residual is decreasing if we take this AC-Newton step.

Taking best step and continuing Newton iteration.
L2Norm(G(x)) == 2.36314e-08
rx           == 2.79222e-16
L2Norm(dxN)  == 0.000112706
L2Norm(dxOpt)== 0.000112706
========================================================
Newton iteration number 3
Current state of Newton iteration:
   fcount_newton   == 13
   fcount_optimiza == 3
   L2Norm(x)       == 0.0223336
   L2Norm(dxN)     == 0.000112706
   L2Norm(dxOpt)   == 0.000112706
   L2Dist(x,x0)    == 0.0016902
gx == L2Norm(G(x)) : 
   initial  gx == 1.57961e-05
   previous gx == 7.893e-08
   current  gx == 2.36314e-08
rx == 1/2 L2Norm2(G(x)) : 
   initial  rx == 1.24758e-10
   previous rx == 3.11497e-15
   current  rx == 2.79222e-16
         delta == 0.01
Newt,GMRES == 3,0, f(u, N, dt, f_u, flags, dt) :  res == 0.999999
Newt,GMRES == 3,1, f(u, N, dt, f_u, flags, dt) :  res == 0.992015
Newt,GMRES == 3,2, f(u, N, dt, f_u, flags, dt) :  res == 0.969467
Newt,GMRES == 3,3, f(u, N, dt, f_u, flags, dt) :  res == 0.753886
Newt,GMRES == 3,4, f(u, N, dt, f_u, flags, dt) :  res == 0.324861
Newt,GMRES == 3,5, f(u, N, dt, f_u, flags, dt) :  res == 0.304958
Newt,GMRES == 3,6, f(u, N, dt, f_u, flags, dt) :  res == 0.303184
Newt,GMRES == 3,7, f(u, N, dt, f_u, flags, dt) :  res == 0.244356
Newt,GMRES == 3,8, f(u, N, dt, f_u, flags, dt) :  res == 0.233274
Newt,GMRES == 3,9, f(u, N, dt, f_u, flags, dt) :  res == 0.230037
Newt,GMRES == 3,10, f(u, N, dt, f_u, flags, dt) :  res == 0.0840925
GMRES converged. Breaking.
Hookstep optimization is currently not implemented with Arclength Continuation.
Optimized Newton algorithm with AC: Computing residual to check convergence...f(u, N, dt, f_u, flags, dt) : : gx = 2.39682e-08 > 2.36314e-08
The error is increasing if we take the Newton step. Newton step optimization leaves step size correction to arclength continuation.
