f(u, N, dt, f_u, flags, dt) : Computing G(x)
f(u, N, dt, f_u, flags, dt) : 
========================================================
Newton iteration number 0
Current state of Newton iteration:
   fcount_newton   == 1
   fcount_optimiza == 0
   L2Norm(x)       == 0.00961446
   L2Norm(dxN)     == 0
   L2Norm(dxOpt)   == 0
   L2Dist(x,x0)    == 0
gx == L2Norm(G(x)) : 
   initial  gx == 1.71448e-05
   previous gx == 1.71448e-05
   current  gx == 1.71448e-05
rx == 1/2 L2Norm2(G(x)) : 
   initial  rx == 1.46973e-10
   previous rx == 1.46973e-10
   current  rx == 1.46973e-10
         delta == 0.01
Newt,GMRES == 0,0, f(u, N, dt, f_u, flags, dt) :  res == 0.999999
Newt,GMRES == 0,1, f(u, N, dt, f_u, flags, dt) :  res == 0.999917
Newt,GMRES == 0,2, f(u, N, dt, f_u, flags, dt) :  res == 0.20898
Newt,GMRES == 0,3, f(u, N, dt, f_u, flags, dt) :  res == 0.0363606
GMRES converged. Breaking.
Hookstep optimization is currently not implemented with Arclength Continuation.
Optimized Newton algorithm with AC: Computing residual to check convergence...f(u, N, dt, f_u, flags, dt) : : gx = 1.48803e-05 < 1.71448e-05
The residual is decreasing if we take this AC-Newton step.

Taking best step and continuing Newton iteration.
L2Norm(G(x)) == 1.48803e-05
rx           == 1.10711e-10
L2Norm(dxN)  == 0.00236879
L2Norm(dxOpt)== 0.00236879
========================================================
Newton iteration number 1
Current state of Newton iteration:
   fcount_newton   == 5
   fcount_optimiza == 1
   L2Norm(x)       == 0.00752143
   L2Norm(dxN)     == 0.00236879
   L2Norm(dxOpt)   == 0.00236879
   L2Dist(x,x0)    == 0.00236882
gx == L2Norm(G(x)) : 
   initial  gx == 1.71448e-05
   previous gx == 1.71448e-05
   current  gx == 1.48803e-05
rx == 1/2 L2Norm2(G(x)) : 
   initial  rx == 1.46973e-10
   previous rx == 1.46973e-10
   current  rx == 1.10711e-10
         delta == 0.01
Newt,GMRES == 1,0, f(u, N, dt, f_u, flags, dt) :  res == 0.981088
Newt,GMRES == 1,1, f(u, N, dt, f_u, flags, dt) :  res == 0.346839
Newt,GMRES == 1,2, f(u, N, dt, f_u, flags, dt) :  res == 0.0465133
GMRES converged. Breaking.
Hookstep optimization is currently not implemented with Arclength Continuation.
Optimized Newton algorithm with AC: Computing residual to check convergence...f(u, N, dt, f_u, flags, dt) : : gx = 8.20239e-07 < 1.48803e-05
The residual is decreasing if we take this AC-Newton step.

Taking best step and continuing Newton iteration.
L2Norm(G(x)) == 8.20239e-07
rx           == 3.36396e-13
L2Norm(dxN)  == 0.000917192
L2Norm(dxOpt)== 0.000917192
========================================================
Newton iteration number 2
Current state of Newton iteration:
   fcount_newton   == 8
   fcount_optimiza == 2
   L2Norm(x)       == 0.0083546
   L2Norm(dxN)     == 0.000917192
   L2Norm(dxOpt)   == 0.000917192
   L2Dist(x,x0)    == 0.00164218
gx == L2Norm(G(x)) : 
   initial  gx == 1.71448e-05
   previous gx == 1.48803e-05
   current  gx == 8.20239e-07
rx == 1/2 L2Norm2(G(x)) : 
   initial  rx == 1.46973e-10
   previous rx == 1.10711e-10
   current  rx == 3.36396e-13
         delta == 0.01
Newt,GMRES == 2,0, f(u, N, dt, f_u, flags, dt) :  res == 0.947426
Newt,GMRES == 2,1, f(u, N, dt, f_u, flags, dt) :  res == 0.45141
Newt,GMRES == 2,2, f(u, N, dt, f_u, flags, dt) :  res == 0.301312
Newt,GMRES == 2,3, f(u, N, dt, f_u, flags, dt) :  res == 0.0259899
GMRES converged. Breaking.
Hookstep optimization is currently not implemented with Arclength Continuation.
Optimized Newton algorithm with AC: Computing residual to check convergence...f(u, N, dt, f_u, flags, dt) : : gx = 2.17675e-08 < 8.20239e-07
The residual is decreasing if we take this AC-Newton step.

Taking best step and continuing Newton iteration.
L2Norm(G(x)) == 2.17675e-08
rx           == 2.36911e-16
L2Norm(dxN)  == 0.000114738
L2Norm(dxOpt)== 0.000114738
========================================================
Newton iteration number 3
Current state of Newton iteration:
   fcount_newton   == 12
   fcount_optimiza == 3
   L2Norm(x)       == 0.00835939
   L2Norm(dxN)     == 0.000114738
   L2Norm(dxOpt)   == 0.000114738
   L2Dist(x,x0)    == 0.00162905
gx == L2Norm(G(x)) : 
   initial  gx == 1.71448e-05
   previous gx == 8.20239e-07
   current  gx == 2.17675e-08
rx == 1/2 L2Norm2(G(x)) : 
   initial  rx == 1.46973e-10
   previous rx == 3.36396e-13
   current  rx == 2.36911e-16
         delta == 0.01
Newt,GMRES == 3,0, f(u, N, dt, f_u, flags, dt) :  res == 0.585792
Newt,GMRES == 3,1, f(u, N, dt, f_u, flags, dt) :  res == 0.216633
Newt,GMRES == 3,2, f(u, N, dt, f_u, flags, dt) :  res == 0.178037
Newt,GMRES == 3,3, f(u, N, dt, f_u, flags, dt) :  res == 0.0344899
GMRES converged. Breaking.
Hookstep optimization is currently not implemented with Arclength Continuation.
Optimized Newton algorithm with AC: Computing residual to check convergence...f(u, N, dt, f_u, flags, dt) : : gx = 7.50329e-10 < 2.17675e-08
The residual is decreasing if we take this AC-Newton step.

Taking best step and continuing Newton iteration.
L2Norm(G(x)) == 7.50329e-10
rx           == 2.81497e-19
L2Norm(dxN)  == 2.64527e-06
L2Norm(dxOpt)== 2.64527e-06
========================================================
Newton iteration number 4
Current state of Newton iteration:
   fcount_newton   == 16
   fcount_optimiza == 4
   L2Norm(x)       == 0.00835958
   L2Norm(dxN)     == 2.64527e-06
   L2Norm(dxOpt)   == 2.64527e-06
   L2Dist(x,x0)    == 0.00162854
gx == L2Norm(G(x)) : 
   initial  gx == 1.71448e-05
   previous gx == 2.17675e-08
   current  gx == 7.50329e-10
rx == 1/2 L2Norm2(G(x)) : 
   initial  rx == 1.46973e-10
   previous rx == 2.36911e-16
   current  rx == 2.81497e-19
         delta == 0.01
Newt,GMRES == 4,0, f(u, N, dt, f_u, flags, dt) :  res == 0.84927
Newt,GMRES == 4,1, f(u, N, dt, f_u, flags, dt) :  res == 0.236958
Newt,GMRES == 4,2, f(u, N, dt, f_u, flags, dt) :  res == 0.235734
Newt,GMRES == 4,3, f(u, N, dt, f_u, flags, dt) :  res == 0.0381933
GMRES converged. Breaking.
Hookstep optimization is currently not implemented with Arclength Continuation.
Optimized Newton algorithm with AC: Computing residual to check convergence...f(u, N, dt, f_u, flags, dt) : : gx = 2.90012e-11 < 7.50329e-10
The residual is decreasing if we take this AC-Newton step.

Taking best step and continuing Newton iteration.
L2Norm(G(x)) == 2.90012e-11
rx           == 4.20534e-22
L2Norm(dxN)  == 1.01936e-07
L2Norm(dxOpt)== 1.01936e-07
========================================================
Newton iteration number 5
Current state of Newton iteration:
   fcount_newton   == 20
   fcount_optimiza == 5
   L2Norm(x)       == 0.00835959
   L2Norm(dxN)     == 1.01936e-07
   L2Norm(dxOpt)   == 1.01936e-07
   L2Dist(x,x0)    == 0.00162853
gx == L2Norm(G(x)) : 
   initial  gx == 1.71448e-05
   previous gx == 7.50329e-10
   current  gx == 2.90012e-11
rx == 1/2 L2Norm2(G(x)) : 
   initial  rx == 1.46973e-10
   previous rx == 2.81497e-19
   current  rx == 4.20534e-22
         delta == 0.01
Newt,GMRES == 5,0, f(u, N, dt, f_u, flags, dt) :  res == 0.611882
Newt,GMRES == 5,1, f(u, N, dt, f_u, flags, dt) :  res == 0.466856
Newt,GMRES == 5,2, f(u, N, dt, f_u, flags, dt) :  res == 0.196618
Newt,GMRES == 5,3, f(u, N, dt, f_u, flags, dt) :  res == 0.0393863
GMRES converged. Breaking.
Hookstep optimization is currently not implemented with Arclength Continuation.
Optimized Newton algorithm with AC: Computing residual to check convergence...f(u, N, dt, f_u, flags, dt) : : gx = 3.09124e-12 < 2.90012e-11
The residual is decreasing if we take this AC-Newton step.

Taking best step and continuing Newton iteration.
L2Norm(G(x)) == 3.09124e-12
rx           == 4.77788e-24
L2Norm(dxN)  == 3.63093e-09
L2Norm(dxOpt)== 3.63093e-09
========================================================
Newton iteration number 6
Current state of Newton iteration:
   fcount_newton   == 24
   fcount_optimiza == 6
   L2Norm(x)       == 0.00835959
   L2Norm(dxN)     == 3.63093e-09
   L2Norm(dxOpt)   == 3.63093e-09
   L2Dist(x,x0)    == 0.00162853
gx == L2Norm(G(x)) : 
   initial  gx == 1.71448e-05
   previous gx == 2.90012e-11
   current  gx == 3.09124e-12
rx == 1/2 L2Norm2(G(x)) : 
   initial  rx == 1.46973e-10
   previous rx == 4.20534e-22
   current  rx == 4.77788e-24
         delta == 0.01
Newton search converged. Breaking.
L2Norm(G(x)) == 3.09124e-12 < epsSearch == 1e-11
