f(u, N, dt, f_u, flags, dt) : f(u, N, dt, f_u, flags, dt) : Computing G(x)
f(u, N, dt, f_u, flags, dt) : 
========================================================
Newton iteration number 0
Current state of Newton iteration:
   fcount_newton   == 1
   fcount_optimiza == 0
   L2Norm(x)       == 0.00895552
   L2Norm(dxN)     == 0
   L2Norm(dxOpt)   == 0
   L2Dist(x,x0)    == 0
gx == L2Norm(G(x)) : 
   initial  gx == 1.73639e-05
   previous gx == 1.73639e-05
   current  gx == 1.73639e-05
rx == 1/2 L2Norm2(G(x)) : 
   initial  rx == 1.50753e-10
   previous rx == 1.50753e-10
   current  rx == 1.50753e-10
         delta == 0.01
Newt,GMRES == 0,0, f(u, N, dt, f_u, flags, dt) :  res == 0.998684
Newt,GMRES == 0,1, f(u, N, dt, f_u, flags, dt) :  res == 0.753215
Newt,GMRES == 0,2, f(u, N, dt, f_u, flags, dt) :  res == 0.12986
Newt,GMRES == 0,3, f(u, N, dt, f_u, flags, dt) :  res == 0.0216966
GMRES converged. Breaking.
Hookstep optimization is currently not implemented with Arclength Continuation.
Optimized Newton algorithm with AC: Computing residual to check convergence...f(u, N, dt, f_u, flags, dt) : : gx = 7.84324e-06 < 1.73639e-05
The residual is decreasing if we take this AC-Newton step.

Taking best step and continuing Newton iteration.
L2Norm(G(x)) == 7.84324e-06
rx           == 3.07582e-11
L2Norm(dxN)  == 0.00161886
L2Norm(dxOpt)== 0.00161886
========================================================
Newton iteration number 1
Current state of Newton iteration:
   fcount_newton   == 5
   fcount_optimiza == 1
   L2Norm(x)       == 0.00752245
   L2Norm(dxN)     == 0.00161886
   L2Norm(dxOpt)   == 0.00161886
   L2Dist(x,x0)    == 0.00161887
gx == L2Norm(G(x)) : 
   initial  gx == 1.73639e-05
   previous gx == 1.73639e-05
   current  gx == 7.84324e-06
rx == 1/2 L2Norm2(G(x)) : 
   initial  rx == 1.50753e-10
   previous rx == 1.50753e-10
   current  rx == 3.07582e-11
         delta == 0.01
Newt,GMRES == 1,0, f(u, N, dt, f_u, flags, dt) :  res == 0.981002
Newt,GMRES == 1,1, f(u, N, dt, f_u, flags, dt) :  res == 0.357382
Newt,GMRES == 1,2, f(u, N, dt, f_u, flags, dt) :  res == 0.0608532
GMRES converged. Breaking.
Hookstep optimization is currently not implemented with Arclength Continuation.
Optimized Newton algorithm with AC: Computing residual to check convergence...f(u, N, dt, f_u, flags, dt) : : gx = 4.85005e-07 < 7.84324e-06
The residual is decreasing if we take this AC-Newton step.

Taking best step and continuing Newton iteration.
L2Norm(G(x)) == 4.85005e-07
rx           == 1.17615e-13
L2Norm(dxN)  == 0.000454597
L2Norm(dxOpt)== 0.000454597
========================================================
Newton iteration number 2
Current state of Newton iteration:
   fcount_newton   == 8
   fcount_optimiza == 2
   L2Norm(x)       == 0.00791408
   L2Norm(dxN)     == 0.000454597
   L2Norm(dxOpt)   == 0.000454597
   L2Dist(x,x0)    == 0.00128255
gx == L2Norm(G(x)) : 
   initial  gx == 1.73639e-05
   previous gx == 7.84324e-06
   current  gx == 4.85005e-07
rx == 1/2 L2Norm2(G(x)) : 
   initial  rx == 1.50753e-10
   previous rx == 3.07582e-11
   current  rx == 1.17615e-13
         delta == 0.01
Newt,GMRES == 2,0, f(u, N, dt, f_u, flags, dt) :  res == 0.996276
Newt,GMRES == 2,1, f(u, N, dt, f_u, flags, dt) :  res == 0.489041
Newt,GMRES == 2,2, f(u, N, dt, f_u, flags, dt) :  res == 0.31387
Newt,GMRES == 2,3, f(u, N, dt, f_u, flags, dt) :  res == 0.0244519
GMRES converged. Breaking.
Hookstep optimization is currently not implemented with Arclength Continuation.
Optimized Newton algorithm with AC: Computing residual to check convergence...f(u, N, dt, f_u, flags, dt) : : gx = 1.22643e-08 < 4.85005e-07
The residual is decreasing if we take this AC-Newton step.

Taking best step and continuing Newton iteration.
L2Norm(G(x)) == 1.22643e-08
rx           == 7.52066e-17
L2Norm(dxN)  == 7.30032e-05
L2Norm(dxOpt)== 7.30032e-05
========================================================
Newton iteration number 3
Current state of Newton iteration:
   fcount_newton   == 12
   fcount_optimiza == 3
   L2Norm(x)       == 0.00792354
   L2Norm(dxN)     == 7.30032e-05
   L2Norm(dxOpt)   == 7.30032e-05
   L2Dist(x,x0)    == 0.00125769
gx == L2Norm(G(x)) : 
   initial  gx == 1.73639e-05
   previous gx == 4.85005e-07
   current  gx == 1.22643e-08
rx == 1/2 L2Norm2(G(x)) : 
   initial  rx == 1.50753e-10
   previous rx == 1.17615e-13
   current  rx == 7.52066e-17
         delta == 0.01
Newt,GMRES == 3,0, f(u, N, dt, f_u, flags, dt) :  res == 0.971244
Newt,GMRES == 3,1, f(u, N, dt, f_u, flags, dt) :  res == 0.427689
Newt,GMRES == 3,2, f(u, N, dt, f_u, flags, dt) :  res == 0.205774
Newt,GMRES == 3,3, f(u, N, dt, f_u, flags, dt) :  res == 0.0359084
GMRES converged. Breaking.
Hookstep optimization is currently not implemented with Arclength Continuation.
Optimized Newton algorithm with AC: Computing residual to check convergence...f(u, N, dt, f_u, flags, dt) : : gx = 4.3982e-10 < 1.22643e-08
The residual is decreasing if we take this AC-Newton step.

Taking best step and continuing Newton iteration.
L2Norm(G(x)) == 4.3982e-10
rx           == 9.67208e-20
L2Norm(dxN)  == 1.53269e-06
L2Norm(dxOpt)== 1.53269e-06
========================================================
Newton iteration number 4
Current state of Newton iteration:
   fcount_newton   == 16
   fcount_optimiza == 4
   L2Norm(x)       == 0.00792372
   L2Norm(dxN)     == 1.53269e-06
   L2Norm(dxOpt)   == 1.53269e-06
   L2Dist(x,x0)    == 0.00125721
gx == L2Norm(G(x)) : 
   initial  gx == 1.73639e-05
   previous gx == 1.22643e-08
   current  gx == 4.3982e-10
rx == 1/2 L2Norm2(G(x)) : 
   initial  rx == 1.50753e-10
   previous rx == 7.52066e-17
   current  rx == 9.67208e-20
         delta == 0.01
Newt,GMRES == 4,0, f(u, N, dt, f_u, flags, dt) :  res == 0.991874
Newt,GMRES == 4,1, f(u, N, dt, f_u, flags, dt) :  res == 0.24625
Newt,GMRES == 4,2, f(u, N, dt, f_u, flags, dt) :  res == 0.245643
Newt,GMRES == 4,3, f(u, N, dt, f_u, flags, dt) :  res == 0.0413444
GMRES converged. Breaking.
Hookstep optimization is currently not implemented with Arclength Continuation.
Optimized Newton algorithm with AC: Computing residual to check convergence...f(u, N, dt, f_u, flags, dt) : : gx = 1.82179e-11 < 4.3982e-10
The residual is decreasing if we take this AC-Newton step.

Taking best step and continuing Newton iteration.
L2Norm(G(x)) == 1.82179e-11
rx           == 1.65947e-22
L2Norm(dxN)  == 5.99608e-08
L2Norm(dxOpt)== 5.99608e-08
========================================================
Newton iteration number 5
Current state of Newton iteration:
   fcount_newton   == 20
   fcount_optimiza == 5
   L2Norm(x)       == 0.00792373
   L2Norm(dxN)     == 5.99608e-08
   L2Norm(dxOpt)   == 5.99608e-08
   L2Dist(x,x0)    == 0.00125719
gx == L2Norm(G(x)) : 
   initial  gx == 1.73639e-05
   previous gx == 4.3982e-10
   current  gx == 1.82179e-11
rx == 1/2 L2Norm2(G(x)) : 
   initial  rx == 1.50753e-10
   previous rx == 9.67208e-20
   current  rx == 1.65947e-22
         delta == 0.01
Newt,GMRES == 5,0, f(u, N, dt, f_u, flags, dt) :  res == 0.977215
Newt,GMRES == 5,1, f(u, N, dt, f_u, flags, dt) :  res == 0.272201
Newt,GMRES == 5,2, f(u, N, dt, f_u, flags, dt) :  res == 0.209966
Newt,GMRES == 5,3, f(u, N, dt, f_u, flags, dt) :  res == 0.0545795
GMRES converged. Breaking.
Hookstep optimization is currently not implemented with Arclength Continuation.
Optimized Newton algorithm with AC: Computing residual to check convergence...f(u, N, dt, f_u, flags, dt) : : gx = 1.92368e-12 < 1.82179e-11
The residual is decreasing if we take this AC-Newton step.

Taking best step and continuing Newton iteration.
L2Norm(G(x)) == 1.92368e-12
rx           == 1.85027e-24
L2Norm(dxN)  == 2.32895e-09
L2Norm(dxOpt)== 2.32895e-09
========================================================
Newton iteration number 6
Current state of Newton iteration:
   fcount_newton   == 24
   fcount_optimiza == 6
   L2Norm(x)       == 0.00792373
   L2Norm(dxN)     == 2.32895e-09
   L2Norm(dxOpt)   == 2.32895e-09
   L2Dist(x,x0)    == 0.00125719
gx == L2Norm(G(x)) : 
   initial  gx == 1.73639e-05
   previous gx == 1.82179e-11
   current  gx == 1.92368e-12
rx == 1/2 L2Norm2(G(x)) : 
   initial  rx == 1.50753e-10
   previous rx == 1.65947e-22
   current  rx == 1.85027e-24
         delta == 0.01
Newton search converged. Breaking.
L2Norm(G(x)) == 1.92368e-12 < epsSearch == 1e-11
