f(u, N, dt, f_u, flags, dt) : f(u, N, dt, f_u, flags, dt) : Computing G(x)
f(u, N, dt, f_u, flags, dt) : 
========================================================
Newton iteration number 0
Current state of Newton iteration:
   fcount_newton   == 1
   fcount_optimiza == 0
   L2Norm(x)       == 0.21711
   L2Norm(dxN)     == 0
   L2Norm(dxOpt)   == 0
   L2Dist(x,x0)    == 0
gx == L2Norm(G(x)) : 
   initial  gx == 1.96336e-09
   previous gx == 1.96336e-09
   current  gx == 1.96336e-09
rx == 1/2 L2Norm2(G(x)) : 
   initial  rx == 1.92739e-18
   previous rx == 1.92739e-18
   current  rx == 1.92739e-18
         delta == 0.01
Newt,GMRES == 0,0, f(u, N, dt, f_u, flags, dt) :  res == 0.307225
Newt,GMRES == 0,1, f(u, N, dt, f_u, flags, dt) :  res == 0.00373553
Newt,GMRES == 0,2, f(u, N, dt, f_u, flags, dt) :  res == 0.000235981
GMRES converged. Breaking.
Hookstep optimization is currently not implemented with Arclength Continuation.
Optimized Newton algorithm with AC: Computing residual to check convergence...f(u, N, dt, f_u, flags, dt) : : gx = 1.29992e-11 < 1.96336e-09
The residual is decreasing if we take this AC-Newton step.

Taking best step and continuing Newton iteration.
L2Norm(G(x)) == 1.29992e-11
rx           == 8.44894e-23
L2Norm(dxN)  == 1.99683e-07
L2Norm(dxOpt)== 1.99683e-07
========================================================
Newton iteration number 1
Current state of Newton iteration:
   fcount_newton   == 4
   fcount_optimiza == 1
   L2Norm(x)       == 0.21711
   L2Norm(dxN)     == 1.99683e-07
   L2Norm(dxOpt)   == 1.99683e-07
   L2Dist(x,x0)    == 1.99683e-07
gx == L2Norm(G(x)) : 
   initial  gx == 1.96336e-09
   previous gx == 1.96336e-09
   current  gx == 1.29992e-11
rx == 1/2 L2Norm2(G(x)) : 
   initial  rx == 1.92739e-18
   previous rx == 1.92739e-18
   current  rx == 8.44894e-23
         delta == 0.01
Newt,GMRES == 1,0, f(u, N, dt, f_u, flags, dt) :  res == 0.777782
Newt,GMRES == 1,1, f(u, N, dt, f_u, flags, dt) :  res == 0.0159142
Newt,GMRES == 1,2, f(u, N, dt, f_u, flags, dt) :  res == 5.27784e-05
GMRES converged. Breaking.
Hookstep optimization is currently not implemented with Arclength Continuation.
Optimized Newton algorithm with AC: Computing residual to check convergence...f(u, N, dt, f_u, flags, dt) : : gx = 1.02826e-11 < 1.29992e-11
The residual is decreasing if we take this AC-Newton step.

Taking best step and continuing Newton iteration.
L2Norm(G(x)) == 1.02826e-11
rx           == 5.28664e-23
L2Norm(dxN)  == 1.80957e-09
L2Norm(dxOpt)== 1.80957e-09
========================================================
Newton iteration number 2
Current state of Newton iteration:
   fcount_newton   == 7
   fcount_optimiza == 2
   L2Norm(x)       == 0.21711
   L2Norm(dxN)     == 1.80957e-09
   L2Norm(dxOpt)   == 1.80957e-09
   L2Dist(x,x0)    == 1.9958e-07
gx == L2Norm(G(x)) : 
   initial  gx == 1.96336e-09
   previous gx == 1.29992e-11
   current  gx == 1.02826e-11
rx == 1/2 L2Norm2(G(x)) : 
   initial  rx == 1.92739e-18
   previous rx == 8.44894e-23
   current  rx == 5.28664e-23
         delta == 0.01
Newt,GMRES == 2,0, f(u, N, dt, f_u, flags, dt) :  res == 0.943722
Newt,GMRES == 2,1, f(u, N, dt, f_u, flags, dt) :  res == 0.00792265
Newt,GMRES == 2,2, f(u, N, dt, f_u, flags, dt) :  res == 3.67274e-07
GMRES converged. Breaking.
Hookstep optimization is currently not implemented with Arclength Continuation.
Optimized Newton algorithm with AC: Computing residual to check convergence...f(u, N, dt, f_u, flags, dt) : : gx = 1.02116e-11 < 1.02826e-11
The residual is decreasing if we take this AC-Newton step.

Taking best step and continuing Newton iteration.
L2Norm(G(x)) == 1.02116e-11
rx           == 5.21384e-23
L2Norm(dxN)  == 1.45601e-09
L2Norm(dxOpt)== 1.45601e-09
========================================================
Newton iteration number 3
Current state of Newton iteration:
   fcount_newton   == 10
   fcount_optimiza == 3
   L2Norm(x)       == 0.21711
   L2Norm(dxN)     == 1.45601e-09
   L2Norm(dxOpt)   == 1.45601e-09
   L2Dist(x,x0)    == 1.99508e-07
gx == L2Norm(G(x)) : 
   initial  gx == 1.96336e-09
   previous gx == 1.02826e-11
   current  gx == 1.02116e-11
rx == 1/2 L2Norm2(G(x)) : 
   initial  rx == 1.92739e-18
   previous rx == 5.28664e-23
   current  rx == 5.21384e-23
         delta == 0.01
Newt,GMRES == 3,0, f(u, N, dt, f_u, flags, dt) :  res == 0.952026
Newt,GMRES == 3,1, f(u, N, dt, f_u, flags, dt) :  res == 0.0109073
Newt,GMRES == 3,2, f(u, N, dt, f_u, flags, dt) :  res == 2.75919e-08
GMRES converged. Breaking.
Hookstep optimization is currently not implemented with Arclength Continuation.
Optimized Newton algorithm with AC: Computing residual to check convergence...f(u, N, dt, f_u, flags, dt) : : gx = 2.94066e-12 < 1.02116e-11
The residual is decreasing if we take this AC-Newton step.

Taking best step and continuing Newton iteration.
L2Norm(G(x)) == 2.94066e-12
rx           == 4.32373e-24
L2Norm(dxN)  == 1.47435e-09
L2Norm(dxOpt)== 1.47435e-09
========================================================
Newton iteration number 4
Current state of Newton iteration:
   fcount_newton   == 13
   fcount_optimiza == 4
   L2Norm(x)       == 0.21711
   L2Norm(dxN)     == 1.47435e-09
   L2Norm(dxOpt)   == 1.47435e-09
   L2Dist(x,x0)    == 1.99495e-07
gx == L2Norm(G(x)) : 
   initial  gx == 1.96336e-09
   previous gx == 1.02116e-11
   current  gx == 2.94066e-12
rx == 1/2 L2Norm2(G(x)) : 
   initial  rx == 1.92739e-18
   previous rx == 5.21384e-23
   current  rx == 4.32373e-24
         delta == 0.01
Newton search converged. Breaking.
L2Norm(G(x)) == 2.94066e-12 < epsSearch == 1e-11
