f(u, N, dt, f_u, flags, dt) : f(u, N, dt, f_u, flags, dt) : Computing G(x)
f(u, N, dt, f_u, flags, dt) : 
========================================================
Newton iteration number 0
Current state of Newton iteration:
   fcount_newton   == 1
   fcount_optimiza == 0
   L2Norm(x)       == 0.0244962
   L2Norm(dxN)     == 0
   L2Norm(dxOpt)   == 0
   L2Dist(x,x0)    == 0
gx == L2Norm(G(x)) : 
   initial  gx == 1.61456e-05
   previous gx == 1.61456e-05
   current  gx == 1.61456e-05
rx == 1/2 L2Norm2(G(x)) : 
   initial  rx == 1.3034e-10
   previous rx == 1.3034e-10
   current  rx == 1.3034e-10
         delta == 0.01
Newt,GMRES == 0,0, f(u, N, dt, f_u, flags, dt) :  res == 0.999369
Newt,GMRES == 0,1, f(u, N, dt, f_u, flags, dt) :  res == 0.580521
Newt,GMRES == 0,2, f(u, N, dt, f_u, flags, dt) :  res == 0.147199
Newt,GMRES == 0,3, f(u, N, dt, f_u, flags, dt) :  res == 0.0387808
GMRES converged. Breaking.
Hookstep optimization is currently not implemented with Arclength Continuation.
Optimized Newton algorithm with AC: Computing residual to check convergence...f(u, N, dt, f_u, flags, dt) : : gx = 1.34693e-06 < 1.61456e-05
The residual is decreasing if we take this AC-Newton step.

Taking best step and continuing Newton iteration.
L2Norm(G(x)) == 1.34693e-06
rx           == 9.07115e-13
L2Norm(dxN)  == 0.00188206
L2Norm(dxOpt)== 0.00188206
========================================================
Newton iteration number 1
Current state of Newton iteration:
   fcount_newton   == 5
   fcount_optimiza == 1
   L2Norm(x)       == 0.0228333
   L2Norm(dxN)     == 0.00188206
   L2Norm(dxOpt)   == 0.00188206
   L2Dist(x,x0)    == 0.0018821
gx == L2Norm(G(x)) : 
   initial  gx == 1.61456e-05
   previous gx == 1.61456e-05
   current  gx == 1.34693e-06
rx == 1/2 L2Norm2(G(x)) : 
   initial  rx == 1.3034e-10
   previous rx == 1.3034e-10
   current  rx == 9.07115e-13
         delta == 0.01
Newt,GMRES == 1,0, f(u, N, dt, f_u, flags, dt) :  res == 0.998238
Newt,GMRES == 1,1, f(u, N, dt, f_u, flags, dt) :  res == 0.631146
Newt,GMRES == 1,2, f(u, N, dt, f_u, flags, dt) :  res == 0.301331
Newt,GMRES == 1,3, f(u, N, dt, f_u, flags, dt) :  res == 0.067683
GMRES converged. Breaking.
Hookstep optimization is currently not implemented with Arclength Continuation.
Optimized Newton algorithm with AC: Computing residual to check convergence...f(u, N, dt, f_u, flags, dt) : : gx = 9.59625e-08 < 1.34693e-06
The residual is decreasing if we take this AC-Newton step.

Taking best step and continuing Newton iteration.
L2Norm(G(x)) == 9.59625e-08
rx           == 4.6044e-15
L2Norm(dxN)  == 0.000220689
L2Norm(dxOpt)== 0.000220689
========================================================
Newton iteration number 2
Current state of Newton iteration:
   fcount_newton   == 9
   fcount_optimiza == 2
   L2Norm(x)       == 0.0229306
   L2Norm(dxN)     == 0.000220689
   L2Norm(dxOpt)   == 0.000220689
   L2Dist(x,x0)    == 0.001814
gx == L2Norm(G(x)) : 
   initial  gx == 1.61456e-05
   previous gx == 1.34693e-06
   current  gx == 9.59625e-08
rx == 1/2 L2Norm2(G(x)) : 
   initial  rx == 1.3034e-10
   previous rx == 9.07115e-13
   current  rx == 4.6044e-15
         delta == 0.01
Newt,GMRES == 2,0, f(u, N, dt, f_u, flags, dt) :  res == 0.993644
Newt,GMRES == 2,1, f(u, N, dt, f_u, flags, dt) :  res == 0.577812
Newt,GMRES == 2,2, f(u, N, dt, f_u, flags, dt) :  res == 0.474293
Newt,GMRES == 2,3, f(u, N, dt, f_u, flags, dt) :  res == 0.216026
Newt,GMRES == 2,4, f(u, N, dt, f_u, flags, dt) :  res == 0.0562398
GMRES converged. Breaking.
Hookstep optimization is currently not implemented with Arclength Continuation.
Optimized Newton algorithm with AC: Computing residual to check convergence...f(u, N, dt, f_u, flags, dt) : : gx = 5.34211e-09 < 9.59625e-08
The residual is decreasing if we take this AC-Newton step.

Taking best step and continuing Newton iteration.
L2Norm(G(x)) == 5.34211e-09
rx           == 1.42691e-17
L2Norm(dxN)  == 1.76635e-05
L2Norm(dxOpt)== 1.76635e-05
========================================================
Newton iteration number 3
Current state of Newton iteration:
   fcount_newton   == 14
   fcount_optimiza == 3
   L2Norm(x)       == 0.0229329
   L2Norm(dxN)     == 1.76635e-05
   L2Norm(dxOpt)   == 1.76635e-05
   L2Dist(x,x0)    == 0.0018136
gx == L2Norm(G(x)) : 
   initial  gx == 1.61456e-05
   previous gx == 9.59625e-08
   current  gx == 5.34211e-09
rx == 1/2 L2Norm2(G(x)) : 
   initial  rx == 1.3034e-10
   previous rx == 4.6044e-15
   current  rx == 1.42691e-17
         delta == 0.01
Newton search converged. Breaking.
L2Norm(G(x)) == 5.34211e-09 < epsSearch == 1e-08
