f(u, N, dt, f_u, flags, dt) : f(u, N, dt, f_u, flags, dt) : f(u, N, dt, f_u, flags, dt) : Computing G(x)
f(u, N, dt, f_u, flags, dt) : 
========================================================
Newton iteration number 0
Current state of Newton iteration:
   fcount_newton   == 1
   fcount_optimiza == 0
   L2Norm(x)       == 0.0151427
   L2Norm(dxN)     == 0
   L2Norm(dxOpt)   == 0
   L2Dist(x,x0)    == 0
gx == L2Norm(G(x)) : 
   initial  gx == 1.81512e-05
   previous gx == 1.81512e-05
   current  gx == 1.81512e-05
rx == 1/2 L2Norm2(G(x)) : 
   initial  rx == 1.64733e-10
   previous rx == 1.64733e-10
   current  rx == 1.64733e-10
         delta == 0.01
Newt,GMRES == 0,0, f(u, N, dt, f_u, flags, dt) :  res == 0.99985
Newt,GMRES == 0,1, f(u, N, dt, f_u, flags, dt) :  res == 0.970335
Newt,GMRES == 0,2, f(u, N, dt, f_u, flags, dt) :  res == 0.0478271
GMRES converged. Breaking.
Hookstep optimization is currently not implemented with Arclength Continuation.
Optimized Newton algorithm with AC: Computing residual to check convergence...f(u, N, dt, f_u, flags, dt) : : gx = 3.58662e-06 < 1.81512e-05
The residual is decreasing if we take this AC-Newton step.

Taking best step and continuing Newton iteration.
L2Norm(G(x)) == 3.58662e-06
rx           == 6.43192e-12
L2Norm(dxN)  == 0.00205052
L2Norm(dxOpt)== 0.00205052
========================================================
Newton iteration number 1
Current state of Newton iteration:
   fcount_newton   == 4
   fcount_optimiza == 1
   L2Norm(x)       == 0.0131725
   L2Norm(dxN)     == 0.00205052
   L2Norm(dxOpt)   == 0.00205052
   L2Dist(x,x0)    == 0.00205055
gx == L2Norm(G(x)) : 
   initial  gx == 1.81512e-05
   previous gx == 1.81512e-05
   current  gx == 3.58662e-06
rx == 1/2 L2Norm2(G(x)) : 
   initial  rx == 1.64733e-10
   previous rx == 1.64733e-10
   current  rx == 6.43192e-12
         delta == 0.01
Newt,GMRES == 1,0, f(u, N, dt, f_u, flags, dt) :  res == 0.999992
Newt,GMRES == 1,1, f(u, N, dt, f_u, flags, dt) :  res == 0.987589
Newt,GMRES == 1,2, f(u, N, dt, f_u, flags, dt) :  res == 0.151005
Newt,GMRES == 1,3, f(u, N, dt, f_u, flags, dt) :  res == 0.0199886
GMRES converged. Breaking.
Hookstep optimization is currently not implemented with Arclength Continuation.
Optimized Newton algorithm with AC: Computing residual to check convergence...f(u, N, dt, f_u, flags, dt) : : gx = 1.65118e-06 < 3.58662e-06
The residual is decreasing if we take this AC-Newton step.

Taking best step and continuing Newton iteration.
L2Norm(G(x)) == 1.65118e-06
rx           == 1.3632e-12
L2Norm(dxN)  == 0.000999361
L2Norm(dxOpt)== 0.000999361
========================================================
Newton iteration number 2
Current state of Newton iteration:
   fcount_newton   == 8
   fcount_optimiza == 2
   L2Norm(x)       == 0.0123948
   L2Norm(dxN)     == 0.000999361
   L2Norm(dxOpt)   == 0.000999361
   L2Dist(x,x0)    == 0.00299075
gx == L2Norm(G(x)) : 
   initial  gx == 1.81512e-05
   previous gx == 3.58662e-06
   current  gx == 1.65118e-06
rx == 1/2 L2Norm2(G(x)) : 
   initial  rx == 1.64733e-10
   previous rx == 6.43192e-12
   current  rx == 1.3632e-12
         delta == 0.01
Newt,GMRES == 2,0, f(u, N, dt, f_u, flags, dt) :  res == 0.999962
Newt,GMRES == 2,1, f(u, N, dt, f_u, flags, dt) :  res == 0.914001
Newt,GMRES == 2,2, f(u, N, dt, f_u, flags, dt) :  res == 0.896605
Newt,GMRES == 2,3, f(u, N, dt, f_u, flags, dt) :  res == 0.384461
Newt,GMRES == 2,4, f(u, N, dt, f_u, flags, dt) :  res == 0.0815797
GMRES converged. Breaking.
Hookstep optimization is currently not implemented with Arclength Continuation.
Optimized Newton algorithm with AC: Computing residual to check convergence...f(u, N, dt, f_u, flags, dt) : : gx = 6.32263e-05 > 1.65118e-06
The error is increasing if we take the Newton step. Newton step optimization leaves step size correction to arclength continuation.
