f(u, N, dt, f_u, flags, dt) : Computing G(x)
f(u, N, dt, f_u, flags, dt) : 
========================================================
Newton iteration number 0
Current state of Newton iteration:
   fcount_newton   == 1
   fcount_optimiza == 0
   L2Norm(x)       == 0.0220577
   L2Norm(dxN)     == 0
   L2Norm(dxOpt)   == 0
   L2Dist(x,x0)    == 0
gx == L2Norm(G(x)) : 
   initial  gx == 3.38897e-06
   previous gx == 3.38897e-06
   current  gx == 3.38897e-06
rx == 1/2 L2Norm2(G(x)) : 
   initial  rx == 5.74256e-12
   previous rx == 5.74256e-12
   current  rx == 5.74256e-12
         delta == 0.01
Newt,GMRES == 0,0, f(u, N, dt, f_u, flags, dt) :  res == 0.908677
Newt,GMRES == 0,1, f(u, N, dt, f_u, flags, dt) :  res == 0.327914
Newt,GMRES == 0,2, f(u, N, dt, f_u, flags, dt) :  res == 0.237203
Newt,GMRES == 0,3, f(u, N, dt, f_u, flags, dt) :  res == 0.0713011
GMRES converged. Breaking.
Hookstep optimization is currently not implemented with Arclength Continuation.
Optimized Newton algorithm with AC: Computing residual to check convergence...f(u, N, dt, f_u, flags, dt) : : gx = 1.41361e-06 < 3.38897e-06
The residual is decreasing if we take this AC-Newton step.

Taking best step and continuing Newton iteration.
L2Norm(G(x)) == 1.41361e-06
rx           == 9.99143e-13
L2Norm(dxN)  == 0.000988245
L2Norm(dxOpt)== 0.000988245
========================================================
Newton iteration number 1
Current state of Newton iteration:
   fcount_newton   == 5
   fcount_optimiza == 1
   L2Norm(x)       == 0.0225825
   L2Norm(dxN)     == 0.000988245
   L2Norm(dxOpt)   == 0.000988245
   L2Dist(x,x0)    == 0.000988245
gx == L2Norm(G(x)) : 
   initial  gx == 3.38897e-06
   previous gx == 3.38897e-06
   current  gx == 1.41361e-06
rx == 1/2 L2Norm2(G(x)) : 
   initial  rx == 5.74256e-12
   previous rx == 5.74256e-12
   current  rx == 9.99143e-13
         delta == 0.01
Newt,GMRES == 1,0, f(u, N, dt, f_u, flags, dt) :  res == 0.999238
Newt,GMRES == 1,1, f(u, N, dt, f_u, flags, dt) :  res == 0.726274
Newt,GMRES == 1,2, f(u, N, dt, f_u, flags, dt) :  res == 0.127219
Newt,GMRES == 1,3, f(u, N, dt, f_u, flags, dt) :  res == 0.0985646
GMRES converged. Breaking.
Hookstep optimization is currently not implemented with Arclength Continuation.
Optimized Newton algorithm with AC: Computing residual to check convergence...f(u, N, dt, f_u, flags, dt) : : gx = 1.06229e-06 < 1.41361e-06
The residual is decreasing if we take this AC-Newton step.

Taking best step and continuing Newton iteration.
L2Norm(G(x)) == 1.06229e-06
rx           == 5.64231e-13
L2Norm(dxN)  == 0.000762398
L2Norm(dxOpt)== 0.000762398
========================================================
Newton iteration number 2
Current state of Newton iteration:
   fcount_newton   == 9
   fcount_optimiza == 2
   L2Norm(x)       == 0.0222848
   L2Norm(dxN)     == 0.000762398
   L2Norm(dxOpt)   == 0.000762398
   L2Dist(x,x0)    == 0.000411736
gx == L2Norm(G(x)) : 
   initial  gx == 3.38897e-06
   previous gx == 1.41361e-06
   current  gx == 1.06229e-06
rx == 1/2 L2Norm2(G(x)) : 
   initial  rx == 5.74256e-12
   previous rx == 9.99143e-13
   current  rx == 5.64231e-13
         delta == 0.01
Newt,GMRES == 2,0, f(u, N, dt, f_u, flags, dt) :  res == 0.999413
Newt,GMRES == 2,1, f(u, N, dt, f_u, flags, dt) :  res == 0.793548
Newt,GMRES == 2,2, f(u, N, dt, f_u, flags, dt) :  res == 0.182578
Newt,GMRES == 2,3, f(u, N, dt, f_u, flags, dt) :  res == 0.0636774
GMRES converged. Breaking.
Hookstep optimization is currently not implemented with Arclength Continuation.
Optimized Newton algorithm with AC: Computing residual to check convergence...f(u, N, dt, f_u, flags, dt) : : gx = 2.88089e-06 > 1.06229e-06
The error is increasing if we take the Newton step. Newton step optimization leaves step size correction to arclength continuation.
