f(u, N, dt, f_u, flags, dt) : f(u, N, dt, f_u, flags, dt) : Computing G(x)
f(u, N, dt, f_u, flags, dt) : 
========================================================
Newton iteration number 0
Current state of Newton iteration:
   fcount_newton   == 1
   fcount_optimiza == 0
   L2Norm(x)       == 0.00960278
   L2Norm(dxN)     == 0
   L2Norm(dxOpt)   == 0
   L2Dist(x,x0)    == 0
gx == L2Norm(G(x)) : 
   initial  gx == 4.00669e-08
   previous gx == 4.00669e-08
   current  gx == 4.00669e-08
rx == 1/2 L2Norm2(G(x)) : 
   initial  rx == 8.02678e-16
   previous rx == 8.02678e-16
   current  rx == 8.02678e-16
         delta == 0.01
Newt,GMRES == 0,0, f(u, N, dt, f_u, flags, dt) :  res == 0.925999
Newt,GMRES == 0,1, f(u, N, dt, f_u, flags, dt) :  res == 0.337925
Newt,GMRES == 0,2, f(u, N, dt, f_u, flags, dt) :  res == 0.0563284
GMRES converged. Breaking.
Hookstep optimization is currently not implemented with Arclength Continuation.
Optimized Newton algorithm with AC: Computing residual to check convergence...f(u, N, dt, f_u, flags, dt) : : gx = 2.25666e-09 < 4.00669e-08
The residual is decreasing if we take this AC-Newton step.

Taking best step and continuing Newton iteration.
L2Norm(G(x)) == 2.25666e-09
rx           == 2.54626e-18
L2Norm(dxN)  == 5.74956e-06
L2Norm(dxOpt)== 5.74956e-06
========================================================
Newton iteration number 1
Current state of Newton iteration:
   fcount_newton   == 4
   fcount_optimiza == 1
   L2Norm(x)       == 0.0096084
   L2Norm(dxN)     == 5.74956e-06
   L2Norm(dxOpt)   == 5.74956e-06
   L2Dist(x,x0)    == 5.74956e-06
gx == L2Norm(G(x)) : 
   initial  gx == 4.00669e-08
   previous gx == 4.00669e-08
   current  gx == 2.25666e-09
rx == 1/2 L2Norm2(G(x)) : 
   initial  rx == 8.02678e-16
   previous rx == 8.02678e-16
   current  rx == 2.54626e-18
         delta == 0.01
Newt,GMRES == 1,0, f(u, N, dt, f_u, flags, dt) :  res == 0.212297
Newt,GMRES == 1,1, f(u, N, dt, f_u, flags, dt) :  res == 0.199036
Newt,GMRES == 1,2, f(u, N, dt, f_u, flags, dt) :  res == 0.0362814
GMRES converged. Breaking.
Hookstep optimization is currently not implemented with Arclength Continuation.
Optimized Newton algorithm with AC: Computing residual to check convergence...f(u, N, dt, f_u, flags, dt) : : gx = 7.9951e-11 < 2.25666e-09
The residual is decreasing if we take this AC-Newton step.

Taking best step and continuing Newton iteration.
L2Norm(G(x)) == 7.9951e-11
rx           == 3.19608e-21
L2Norm(dxN)  == 2.864e-07
L2Norm(dxOpt)== 2.864e-07
========================================================
Newton iteration number 2
Current state of Newton iteration:
   fcount_newton   == 7
   fcount_optimiza == 2
   L2Norm(x)       == 0.00960843
   L2Norm(dxN)     == 2.864e-07
   L2Norm(dxOpt)   == 2.864e-07
   L2Dist(x,x0)    == 5.77398e-06
gx == L2Norm(G(x)) : 
   initial  gx == 4.00669e-08
   previous gx == 2.25666e-09
   current  gx == 7.9951e-11
rx == 1/2 L2Norm2(G(x)) : 
   initial  rx == 8.02678e-16
   previous rx == 2.54626e-18
   current  rx == 3.19608e-21
         delta == 0.01
Newt,GMRES == 2,0, f(u, N, dt, f_u, flags, dt) :  res == 0.972617
Newt,GMRES == 2,1, f(u, N, dt, f_u, flags, dt) :  res == 0.8541
Newt,GMRES == 2,2, f(u, N, dt, f_u, flags, dt) :  res == 0.121066
Newt,GMRES == 2,3, f(u, N, dt, f_u, flags, dt) :  res == 0.0204883
GMRES converged. Breaking.
Hookstep optimization is currently not implemented with Arclength Continuation.
Optimized Newton algorithm with AC: Computing residual to check convergence...f(u, N, dt, f_u, flags, dt) : : gx = 1.63603e-12 < 7.9951e-11
The residual is decreasing if we take this AC-Newton step.

Taking best step and continuing Newton iteration.
L2Norm(G(x)) == 1.63603e-12
rx           == 1.33829e-24
L2Norm(dxN)  == 1.11571e-08
L2Norm(dxOpt)== 1.11571e-08
========================================================
Newton iteration number 3
Current state of Newton iteration:
   fcount_newton   == 11
   fcount_optimiza == 3
   L2Norm(x)       == 0.00960842
   L2Norm(dxN)     == 1.11571e-08
   L2Norm(dxOpt)   == 1.11571e-08
   L2Dist(x,x0)    == 5.76441e-06
gx == L2Norm(G(x)) : 
   initial  gx == 4.00669e-08
   previous gx == 7.9951e-11
   current  gx == 1.63603e-12
rx == 1/2 L2Norm2(G(x)) : 
   initial  rx == 8.02678e-16
   previous rx == 3.19608e-21
   current  rx == 1.33829e-24
         delta == 0.01
Newton search converged. Breaking.
L2Norm(G(x)) == 1.63603e-12 < epsSearch == 1e-11
