f(u, N, dt, f_u, flags, dt) : Computing G(x)
f(u, N, dt, f_u, flags, dt) : 
========================================================
Newton iteration number 0
Current state of Newton iteration:
   fcount_newton   == 1
   fcount_optimiza == 0
   L2Norm(x)       == 0.0172826
   L2Norm(dxN)     == 0
   L2Norm(dxOpt)   == 0
   L2Dist(x,x0)    == 0
gx == L2Norm(G(x)) : 
   initial  gx == 7.02826e-08
   previous gx == 7.02826e-08
   current  gx == 7.02826e-08
rx == 1/2 L2Norm2(G(x)) : 
   initial  rx == 2.46982e-15
   previous rx == 2.46982e-15
   current  rx == 2.46982e-15
         delta == 0.01
Newt,GMRES == 0,0, f(u, N, dt, f_u, flags, dt) :  res == 1
Newt,GMRES == 0,1, f(u, N, dt, f_u, flags, dt) :  res == 0.999991
Newt,GMRES == 0,2, f(u, N, dt, f_u, flags, dt) :  res == 0.865701
Newt,GMRES == 0,3, f(u, N, dt, f_u, flags, dt) :  res == 0.301565
Newt,GMRES == 0,4, f(u, N, dt, f_u, flags, dt) :  res == 0.0631434
GMRES converged. Breaking.
Hookstep optimization is currently not implemented with Arclength Continuation.
Optimized Newton algorithm with AC: Computing residual to check convergence...f(u, N, dt, f_u, flags, dt) : : gx = 1.08421e-07 > 7.02826e-08
The error is increasing if we take the Newton step. Newton step optimization leaves step size correction to arclength continuation.
