f(u, N, dt, f_u, flags, dt) : f(u, N, dt, f_u, flags, dt) : Computing G(x)
f(u, N, dt, f_u, flags, dt) : 
========================================================
Newton iteration number 0
Current state of Newton iteration:
   fcount_newton   == 1
   fcount_optimiza == 0
   L2Norm(x)       == 0.00866084
   L2Norm(dxN)     == 0
   L2Norm(dxOpt)   == 0
   L2Dist(x,x0)    == 0
gx == L2Norm(G(x)) : 
   initial  gx == 1.71728e-05
   previous gx == 1.71728e-05
   current  gx == 1.71728e-05
rx == 1/2 L2Norm2(G(x)) : 
   initial  rx == 1.47453e-10
   previous rx == 1.47453e-10
   current  rx == 1.47453e-10
         delta == 0.01
Newt,GMRES == 0,0, f(u, N, dt, f_u, flags, dt) :  res == 0.997882
Newt,GMRES == 0,1, f(u, N, dt, f_u, flags, dt) :  res == 0.638537
Newt,GMRES == 0,2, f(u, N, dt, f_u, flags, dt) :  res == 0.108667
Newt,GMRES == 0,3, f(u, N, dt, f_u, flags, dt) :  res == 0.0187992
GMRES converged. Breaking.
Hookstep optimization is currently not implemented with Arclength Continuation.
Optimized Newton algorithm with AC: Computing residual to check convergence...f(u, N, dt, f_u, flags, dt) : : gx = 5.38712e-06 < 1.71728e-05
The residual is decreasing if we take this AC-Newton step.

Taking best step and continuing Newton iteration.
L2Norm(G(x)) == 5.38712e-06
rx           == 1.45106e-11
L2Norm(dxN)  == 0.00136189
L2Norm(dxOpt)== 0.00136189
========================================================
Newton iteration number 1
Current state of Newton iteration:
   fcount_newton   == 5
   fcount_optimiza == 1
   L2Norm(x)       == 0.0074706
   L2Norm(dxN)     == 0.00136189
   L2Norm(dxOpt)   == 0.00136189
   L2Dist(x,x0)    == 0.00136191
gx == L2Norm(G(x)) : 
   initial  gx == 1.71728e-05
   previous gx == 1.71728e-05
   current  gx == 5.38712e-06
rx == 1/2 L2Norm2(G(x)) : 
   initial  rx == 1.47453e-10
   previous rx == 1.47453e-10
   current  rx == 1.45106e-11
         delta == 0.01
Newt,GMRES == 1,0, f(u, N, dt, f_u, flags, dt) :  res == 0.985471
Newt,GMRES == 1,1, f(u, N, dt, f_u, flags, dt) :  res == 0.369597
Newt,GMRES == 1,2, f(u, N, dt, f_u, flags, dt) :  res == 0.0694956
GMRES converged. Breaking.
Hookstep optimization is currently not implemented with Arclength Continuation.
Optimized Newton algorithm with AC: Computing residual to check convergence...f(u, N, dt, f_u, flags, dt) : : gx = 3.78479e-07 < 5.38712e-06
The residual is decreasing if we take this AC-Newton step.

Taking best step and continuing Newton iteration.
L2Norm(G(x)) == 3.78479e-07
rx           == 7.16233e-14
L2Norm(dxN)  == 0.000307431
L2Norm(dxOpt)== 0.000307431
========================================================
Newton iteration number 2
Current state of Newton iteration:
   fcount_newton   == 8
   fcount_optimiza == 2
   L2Norm(x)       == 0.00772741
   L2Norm(dxN)     == 0.000307431
   L2Norm(dxOpt)   == 0.000307431
   L2Dist(x,x0)    == 0.00114866
gx == L2Norm(G(x)) : 
   initial  gx == 1.71728e-05
   previous gx == 5.38712e-06
   current  gx == 3.78479e-07
rx == 1/2 L2Norm2(G(x)) : 
   initial  rx == 1.47453e-10
   previous rx == 1.45106e-11
   current  rx == 7.16233e-14
         delta == 0.01
Newt,GMRES == 2,0, f(u, N, dt, f_u, flags, dt) :  res == 0.997494
Newt,GMRES == 2,1, f(u, N, dt, f_u, flags, dt) :  res == 0.49803
Newt,GMRES == 2,2, f(u, N, dt, f_u, flags, dt) :  res == 0.330779
Newt,GMRES == 2,3, f(u, N, dt, f_u, flags, dt) :  res == 0.0241198
GMRES converged. Breaking.
Hookstep optimization is currently not implemented with Arclength Continuation.
Optimized Newton algorithm with AC: Computing residual to check convergence...f(u, N, dt, f_u, flags, dt) : : gx = 9.38968e-09 < 3.78479e-07
The residual is decreasing if we take this AC-Newton step.

Taking best step and continuing Newton iteration.
L2Norm(G(x)) == 9.38968e-09
rx           == 4.4083e-17
L2Norm(dxN)  == 5.71065e-05
L2Norm(dxOpt)== 5.71065e-05
========================================================
Newton iteration number 3
Current state of Newton iteration:
   fcount_newton   == 12
   fcount_optimiza == 3
   L2Norm(x)       == 0.0077362
   L2Norm(dxN)     == 5.71065e-05
   L2Norm(dxOpt)   == 5.71065e-05
   L2Dist(x,x0)    == 0.00112627
gx == L2Norm(G(x)) : 
   initial  gx == 1.71728e-05
   previous gx == 3.78479e-07
   current  gx == 9.38968e-09
rx == 1/2 L2Norm2(G(x)) : 
   initial  rx == 1.47453e-10
   previous rx == 7.16233e-14
   current  rx == 4.4083e-17
         delta == 0.01
Newt,GMRES == 3,0, f(u, N, dt, f_u, flags, dt) :  res == 0.96378
Newt,GMRES == 3,1, f(u, N, dt, f_u, flags, dt) :  res == 0.436462
Newt,GMRES == 3,2, f(u, N, dt, f_u, flags, dt) :  res == 0.217298
Newt,GMRES == 3,3, f(u, N, dt, f_u, flags, dt) :  res == 0.0347283
GMRES converged. Breaking.
Hookstep optimization is currently not implemented with Arclength Continuation.
Optimized Newton algorithm with AC: Computing residual to check convergence...f(u, N, dt, f_u, flags, dt) : : gx = 3.26276e-10 < 9.38968e-09
The residual is decreasing if we take this AC-Newton step.

Taking best step and continuing Newton iteration.
L2Norm(G(x)) == 3.26276e-10
rx           == 5.3228e-20
L2Norm(dxN)  == 1.22064e-06
L2Norm(dxOpt)== 1.22064e-06
========================================================
Newton iteration number 4
Current state of Newton iteration:
   fcount_newton   == 16
   fcount_optimiza == 4
   L2Norm(x)       == 0.00773633
   L2Norm(dxN)     == 1.22064e-06
   L2Norm(dxOpt)   == 1.22064e-06
   L2Dist(x,x0)    == 0.00112597
gx == L2Norm(G(x)) : 
   initial  gx == 1.71728e-05
   previous gx == 9.38968e-09
   current  gx == 3.26276e-10
rx == 1/2 L2Norm2(G(x)) : 
   initial  rx == 1.47453e-10
   previous rx == 4.4083e-17
   current  rx == 5.3228e-20
         delta == 0.01
Newt,GMRES == 4,0, f(u, N, dt, f_u, flags, dt) :  res == 0.994536
Newt,GMRES == 4,1, f(u, N, dt, f_u, flags, dt) :  res == 0.232572
Newt,GMRES == 4,2, f(u, N, dt, f_u, flags, dt) :  res == 0.173011
Newt,GMRES == 4,3, f(u, N, dt, f_u, flags, dt) :  res == 0.041848
GMRES converged. Breaking.
Hookstep optimization is currently not implemented with Arclength Continuation.
Optimized Newton algorithm with AC: Computing residual to check convergence...f(u, N, dt, f_u, flags, dt) : : gx = 1.41882e-11 < 3.26276e-10
The residual is decreasing if we take this AC-Newton step.

Taking best step and continuing Newton iteration.
L2Norm(G(x)) == 1.41882e-11
rx           == 1.00652e-22
L2Norm(dxN)  == 4.48991e-08
L2Norm(dxOpt)== 4.48991e-08
========================================================
Newton iteration number 5
Current state of Newton iteration:
   fcount_newton   == 20
   fcount_optimiza == 5
   L2Norm(x)       == 0.00773634
   L2Norm(dxN)     == 4.48991e-08
   L2Norm(dxOpt)   == 4.48991e-08
   L2Dist(x,x0)    == 0.00112595
gx == L2Norm(G(x)) : 
   initial  gx == 1.71728e-05
   previous gx == 3.26276e-10
   current  gx == 1.41882e-11
rx == 1/2 L2Norm2(G(x)) : 
   initial  rx == 1.47453e-10
   previous rx == 5.3228e-20
   current  rx == 1.00652e-22
         delta == 0.01
Newt,GMRES == 5,0, f(u, N, dt, f_u, flags, dt) :  res == 0.998537
Newt,GMRES == 5,1, f(u, N, dt, f_u, flags, dt) :  res == 0.819052
Newt,GMRES == 5,2, f(u, N, dt, f_u, flags, dt) :  res == 0.212373
Newt,GMRES == 5,3, f(u, N, dt, f_u, flags, dt) :  res == 0.0430428
GMRES converged. Breaking.
Hookstep optimization is currently not implemented with Arclength Continuation.
Optimized Newton algorithm with AC: Computing residual to check convergence...f(u, N, dt, f_u, flags, dt) : : gx = 4.45919e-12 < 1.41882e-11
The residual is decreasing if we take this AC-Newton step.

Taking best step and continuing Newton iteration.
L2Norm(G(x)) == 4.45919e-12
rx           == 9.94218e-24
L2Norm(dxN)  == 1.79796e-09
L2Norm(dxOpt)== 1.79796e-09
========================================================
Newton iteration number 6
Current state of Newton iteration:
   fcount_newton   == 24
   fcount_optimiza == 6
   L2Norm(x)       == 0.00773634
   L2Norm(dxN)     == 1.79796e-09
   L2Norm(dxOpt)   == 1.79796e-09
   L2Dist(x,x0)    == 0.00112595
gx == L2Norm(G(x)) : 
   initial  gx == 1.71728e-05
   previous gx == 1.41882e-11
   current  gx == 4.45919e-12
rx == 1/2 L2Norm2(G(x)) : 
   initial  rx == 1.47453e-10
   previous rx == 1.00652e-22
   current  rx == 9.94218e-24
         delta == 0.01
Newton search converged. Breaking.
L2Norm(G(x)) == 4.45919e-12 < epsSearch == 1e-11
