f(u, N, dt, f_u, flags, dt) : f(u, N, dt, f_u, flags, dt) : Computing G(x)
f(u, N, dt, f_u, flags, dt) : 
========================================================
Newton iteration number 0
Current state of Newton iteration:
   fcount_newton   == 1
   fcount_optimiza == 0
   L2Norm(x)       == 0.222634
   L2Norm(dxN)     == 0
   L2Norm(dxOpt)   == 0
   L2Dist(x,x0)    == 0
gx == L2Norm(G(x)) : 
   initial  gx == 1.61944e-08
   previous gx == 1.61944e-08
   current  gx == 1.61944e-08
rx == 1/2 L2Norm2(G(x)) : 
   initial  rx == 1.3113e-16
   previous rx == 1.3113e-16
   current  rx == 1.3113e-16
         delta == 0.01
Newt,GMRES == 0,0, f(u, N, dt, f_u, flags, dt) :  res == 0.415964
Newt,GMRES == 0,1, f(u, N, dt, f_u, flags, dt) :  res == 0.0399979
Newt,GMRES == 0,2, f(u, N, dt, f_u, flags, dt) :  res == 0.000481881
GMRES converged. Breaking.
Hookstep optimization is currently not implemented with Arclength Continuation.
Optimized Newton algorithm with AC: Computing residual to check convergence...f(u, N, dt, f_u, flags, dt) : : gx = 8.45779e-11 < 1.61944e-08
The residual is decreasing if we take this AC-Newton step.

Taking best step and continuing Newton iteration.
L2Norm(G(x)) == 8.45779e-11
rx           == 3.57671e-21
L2Norm(dxN)  == 1.78378e-06
L2Norm(dxOpt)== 1.78378e-06
========================================================
Newton iteration number 1
Current state of Newton iteration:
   fcount_newton   == 4
   fcount_optimiza == 1
   L2Norm(x)       == 0.222634
   L2Norm(dxN)     == 1.78378e-06
   L2Norm(dxOpt)   == 1.78378e-06
   L2Dist(x,x0)    == 1.78378e-06
gx == L2Norm(G(x)) : 
   initial  gx == 1.61944e-08
   previous gx == 1.61944e-08
   current  gx == 8.45779e-11
rx == 1/2 L2Norm2(G(x)) : 
   initial  rx == 1.3113e-16
   previous rx == 1.3113e-16
   current  rx == 3.57671e-21
         delta == 0.01
Newt,GMRES == 1,0, f(u, N, dt, f_u, flags, dt) :  res == 0.15744
Newt,GMRES == 1,1, f(u, N, dt, f_u, flags, dt) :  res == 0.0593388
Newt,GMRES == 1,2, f(u, N, dt, f_u, flags, dt) :  res == 0.00136978
Newt,GMRES == 1,3, f(u, N, dt, f_u, flags, dt) :  res == 2.93113e-09
GMRES converged. Breaking.
Hookstep optimization is currently not implemented with Arclength Continuation.
Optimized Newton algorithm with AC: Computing residual to check convergence...f(u, N, dt, f_u, flags, dt) : : gx = 3.17974e-12 < 8.45779e-11
The residual is decreasing if we take this AC-Newton step.

Taking best step and continuing Newton iteration.
L2Norm(G(x)) == 3.17974e-12
rx           == 5.05539e-24
L2Norm(dxN)  == 1.05992e-08
L2Norm(dxOpt)== 1.05992e-08
========================================================
Newton iteration number 2
Current state of Newton iteration:
   fcount_newton   == 8
   fcount_optimiza == 2
   L2Norm(x)       == 0.222634
   L2Norm(dxN)     == 1.05992e-08
   L2Norm(dxOpt)   == 1.05992e-08
   L2Dist(x,x0)    == 1.78643e-06
gx == L2Norm(G(x)) : 
   initial  gx == 1.61944e-08
   previous gx == 8.45779e-11
   current  gx == 3.17974e-12
rx == 1/2 L2Norm2(G(x)) : 
   initial  rx == 1.3113e-16
   previous rx == 3.57671e-21
   current  rx == 5.05539e-24
         delta == 0.01
Newton search converged. Breaking.
L2Norm(G(x)) == 3.17974e-12 < epsSearch == 1e-11
