f(u, N, dt, f_u, flags, dt) : f(u, N, dt, f_u, flags, dt) : Computing G(x)
f(u, N, dt, f_u, flags, dt) : 
========================================================
Newton iteration number 0
Current state of Newton iteration:
   fcount_newton   == 1
   fcount_optimiza == 0
   L2Norm(x)       == 0.22347
   L2Norm(dxN)     == 0
   L2Norm(dxOpt)   == 0
   L2Dist(x,x0)    == 0
gx == L2Norm(G(x)) : 
   initial  gx == 2.72086e-08
   previous gx == 2.72086e-08
   current  gx == 2.72086e-08
rx == 1/2 L2Norm2(G(x)) : 
   initial  rx == 3.70155e-16
   previous rx == 3.70155e-16
   current  rx == 3.70155e-16
         delta == 0.01
Newt,GMRES == 0,0, f(u, N, dt, f_u, flags, dt) :  res == 0.456518
Newt,GMRES == 0,1, f(u, N, dt, f_u, flags, dt) :  res == 0.0519835
Newt,GMRES == 0,2, f(u, N, dt, f_u, flags, dt) :  res == 0.00057655
GMRES converged. Breaking.
Hookstep optimization is currently not implemented with Arclength Continuation.
Optimized Newton algorithm with AC: Computing residual to check convergence...f(u, N, dt, f_u, flags, dt) : : gx = 1.95359e-10 < 2.72086e-08
The residual is decreasing if we take this AC-Newton step.

Taking best step and continuing Newton iteration.
L2Norm(G(x)) == 1.95359e-10
rx           == 1.90827e-20
L2Norm(dxN)  == 3.12337e-06
L2Norm(dxOpt)== 3.12337e-06
========================================================
Newton iteration number 1
Current state of Newton iteration:
   fcount_newton   == 4
   fcount_optimiza == 1
   L2Norm(x)       == 0.223471
   L2Norm(dxN)     == 3.12337e-06
   L2Norm(dxOpt)   == 3.12337e-06
   L2Dist(x,x0)    == 3.12337e-06
gx == L2Norm(G(x)) : 
   initial  gx == 2.72086e-08
   previous gx == 2.72086e-08
   current  gx == 1.95359e-10
rx == 1/2 L2Norm2(G(x)) : 
   initial  rx == 3.70155e-16
   previous rx == 3.70155e-16
   current  rx == 1.90827e-20
         delta == 0.01
Newt,GMRES == 1,0, f(u, N, dt, f_u, flags, dt) :  res == 0.382912
Newt,GMRES == 1,1, f(u, N, dt, f_u, flags, dt) :  res == 0.0601284
Newt,GMRES == 1,2, f(u, N, dt, f_u, flags, dt) :  res == 0.00187105
Newt,GMRES == 1,3, f(u, N, dt, f_u, flags, dt) :  res == 3.57506e-09
GMRES converged. Breaking.
Hookstep optimization is currently not implemented with Arclength Continuation.
Optimized Newton algorithm with AC: Computing residual to check convergence...f(u, N, dt, f_u, flags, dt) : : gx = 5.98547e-12 < 1.95359e-10
The residual is decreasing if we take this AC-Newton step.

Taking best step and continuing Newton iteration.
L2Norm(G(x)) == 5.98547e-12
rx           == 1.79129e-23
L2Norm(dxN)  == 2.3967e-08
L2Norm(dxOpt)== 2.3967e-08
========================================================
Newton iteration number 2
Current state of Newton iteration:
   fcount_newton   == 8
   fcount_optimiza == 2
   L2Norm(x)       == 0.223471
   L2Norm(dxN)     == 2.3967e-08
   L2Norm(dxOpt)   == 2.3967e-08
   L2Dist(x,x0)    == 3.10243e-06
gx == L2Norm(G(x)) : 
   initial  gx == 2.72086e-08
   previous gx == 1.95359e-10
   current  gx == 5.98547e-12
rx == 1/2 L2Norm2(G(x)) : 
   initial  rx == 3.70155e-16
   previous rx == 1.90827e-20
   current  rx == 1.79129e-23
         delta == 0.01
Newton search converged. Breaking.
L2Norm(G(x)) == 5.98547e-12 < epsSearch == 1e-11
