f(u, N, dt, f_u, flags, dt) : f(u, N, dt, f_u, flags, dt) : Computing G(x)
f(u, N, dt, f_u, flags, dt) : 
========================================================
Newton iteration number 0
Current state of Newton iteration:
   fcount_newton   == 1
   fcount_optimiza == 0
   L2Norm(x)       == 0.0243748
   L2Norm(dxN)     == 0
   L2Norm(dxOpt)   == 0
   L2Dist(x,x0)    == 0
gx == L2Norm(G(x)) : 
   initial  gx == 6.96028e-06
   previous gx == 6.96028e-06
   current  gx == 6.96028e-06
rx == 1/2 L2Norm2(G(x)) : 
   initial  rx == 2.42227e-11
   previous rx == 2.42227e-11
   current  rx == 2.42227e-11
         delta == 0.01
Newt,GMRES == 0,0, f(u, N, dt, f_u, flags, dt) :  res == 0.998945
Newt,GMRES == 0,1, f(u, N, dt, f_u, flags, dt) :  res == 0.14267
Newt,GMRES == 0,2, f(u, N, dt, f_u, flags, dt) :  res == 0.12743
Newt,GMRES == 0,3, f(u, N, dt, f_u, flags, dt) :  res == 0.0892327
GMRES converged. Breaking.
Hookstep optimization is currently not implemented with Arclength Continuation.
Optimized Newton algorithm with AC: Computing residual to check convergence...f(u, N, dt, f_u, flags, dt) : : gx = 5.09451e-07 < 6.96028e-06
The residual is decreasing if we take this AC-Newton step.

Taking best step and continuing Newton iteration.
L2Norm(G(x)) == 5.09451e-07
rx           == 1.2977e-13
L2Norm(dxN)  == 0.000828964
L2Norm(dxOpt)== 0.000828964
========================================================
Newton iteration number 1
Current state of Newton iteration:
   fcount_newton   == 5
   fcount_optimiza == 1
   L2Norm(x)       == 0.0236756
   L2Norm(dxN)     == 0.000828964
   L2Norm(dxOpt)   == 0.000828964
   L2Dist(x,x0)    == 0.000828982
gx == L2Norm(G(x)) : 
   initial  gx == 6.96028e-06
   previous gx == 6.96028e-06
   current  gx == 5.09451e-07
rx == 1/2 L2Norm2(G(x)) : 
   initial  rx == 2.42227e-11
   previous rx == 2.42227e-11
   current  rx == 1.2977e-13
         delta == 0.01
Newt,GMRES == 1,0, f(u, N, dt, f_u, flags, dt) :  res == 0.744037
Newt,GMRES == 1,1, f(u, N, dt, f_u, flags, dt) :  res == 0.526451
Newt,GMRES == 1,2, f(u, N, dt, f_u, flags, dt) :  res == 0.435628
Newt,GMRES == 1,3, f(u, N, dt, f_u, flags, dt) :  res == 0.37303
Newt,GMRES == 1,4, f(u, N, dt, f_u, flags, dt) :  res == 0.0883212
GMRES converged. Breaking.
Hookstep optimization is currently not implemented with Arclength Continuation.
Optimized Newton algorithm with AC: Computing residual to check convergence...f(u, N, dt, f_u, flags, dt) : : gx = 4.51712e-08 < 5.09451e-07
The residual is decreasing if we take this AC-Newton step.

Taking best step and continuing Newton iteration.
L2Norm(G(x)) == 4.51712e-08
rx           == 1.02022e-15
L2Norm(dxN)  == 0.000166746
L2Norm(dxOpt)== 0.000166746
========================================================
Newton iteration number 2
Current state of Newton iteration:
   fcount_newton   == 10
   fcount_optimiza == 2
   L2Norm(x)       == 0.0236653
   L2Norm(dxN)     == 0.000166746
   L2Norm(dxOpt)   == 0.000166746
   L2Dist(x,x0)    == 0.000851983
gx == L2Norm(G(x)) : 
   initial  gx == 6.96028e-06
   previous gx == 5.09451e-07
   current  gx == 4.51712e-08
rx == 1/2 L2Norm2(G(x)) : 
   initial  rx == 2.42227e-11
   previous rx == 1.2977e-13
   current  rx == 1.02022e-15
         delta == 0.01
Newt,GMRES == 2,0, f(u, N, dt, f_u, flags, dt) :  res == 0.974032
Newt,GMRES == 2,1, f(u, N, dt, f_u, flags, dt) :  res == 0.219855
Newt,GMRES == 2,2, f(u, N, dt, f_u, flags, dt) :  res == 0.172425
Newt,GMRES == 2,3, f(u, N, dt, f_u, flags, dt) :  res == 0.140443
Newt,GMRES == 2,4, f(u, N, dt, f_u, flags, dt) :  res == 0.0711201
GMRES converged. Breaking.
Hookstep optimization is currently not implemented with Arclength Continuation.
Optimized Newton algorithm with AC: Computing residual to check convergence...f(u, N, dt, f_u, flags, dt) : : gx = 3.2596e-09 < 4.51712e-08
The residual is decreasing if we take this AC-Newton step.

Taking best step and continuing Newton iteration.
L2Norm(G(x)) == 3.2596e-09
rx           == 5.3125e-18
L2Norm(dxN)  == 5.99111e-06
L2Norm(dxOpt)== 5.99111e-06
========================================================
Newton iteration number 3
Current state of Newton iteration:
   fcount_newton   == 15
   fcount_optimiza == 3
   L2Norm(x)       == 0.0236652
   L2Norm(dxN)     == 5.99111e-06
   L2Norm(dxOpt)   == 5.99111e-06
   L2Dist(x,x0)    == 0.000853272
gx == L2Norm(G(x)) : 
   initial  gx == 6.96028e-06
   previous gx == 4.51712e-08
   current  gx == 3.2596e-09
rx == 1/2 L2Norm2(G(x)) : 
   initial  rx == 2.42227e-11
   previous rx == 1.02022e-15
   current  rx == 5.3125e-18
         delta == 0.01
Newton search converged. Breaking.
L2Norm(G(x)) == 3.2596e-09 < epsSearch == 1e-08
