f(u, N, dt, f_u, flags, dt) : f(u, N, dt, f_u, flags, dt) : Computing G(x)
f(u, N, dt, f_u, flags, dt) : 
========================================================
Newton iteration number 0
Current state of Newton iteration:
   fcount_newton   == 1
   fcount_optimiza == 0
   L2Norm(x)       == 0.00879814
   L2Norm(dxN)     == 0
   L2Norm(dxOpt)   == 0
   L2Dist(x,x0)    == 0
gx == L2Norm(G(x)) : 
   initial  gx == 1.7268e-05
   previous gx == 1.7268e-05
   current  gx == 1.7268e-05
rx == 1/2 L2Norm2(G(x)) : 
   initial  rx == 1.49092e-10
   previous rx == 1.49092e-10
   current  rx == 1.49092e-10
         delta == 0.01
Newt,GMRES == 0,0, f(u, N, dt, f_u, flags, dt) :  res == 0.998281
Newt,GMRES == 0,1, f(u, N, dt, f_u, flags, dt) :  res == 0.689455
Newt,GMRES == 0,2, f(u, N, dt, f_u, flags, dt) :  res == 0.117683
Newt,GMRES == 0,3, f(u, N, dt, f_u, flags, dt) :  res == 0.0199508
GMRES converged. Breaking.
Hookstep optimization is currently not implemented with Arclength Continuation.
Optimized Newton algorithm with AC: Computing residual to check convergence...f(u, N, dt, f_u, flags, dt) : : gx = 6.42524e-06 < 1.7268e-05
The residual is decreasing if we take this AC-Newton step.

Taking best step and continuing Newton iteration.
L2Norm(G(x)) == 6.42524e-06
rx           == 2.06418e-11
L2Norm(dxN)  == 0.00147302
L2Norm(dxOpt)== 0.00147302
========================================================
Newton iteration number 1
Current state of Newton iteration:
   fcount_newton   == 5
   fcount_optimiza == 1
   L2Norm(x)       == 0.0075029
   L2Norm(dxN)     == 0.00147302
   L2Norm(dxOpt)   == 0.00147302
   L2Dist(x,x0)    == 0.00147304
gx == L2Norm(G(x)) : 
   initial  gx == 1.7268e-05
   previous gx == 1.7268e-05
   current  gx == 6.42524e-06
rx == 1/2 L2Norm2(G(x)) : 
   initial  rx == 1.49092e-10
   previous rx == 1.49092e-10
   current  rx == 2.06418e-11
         delta == 0.01
Newt,GMRES == 1,0, f(u, N, dt, f_u, flags, dt) :  res == 0.983763
Newt,GMRES == 1,1, f(u, N, dt, f_u, flags, dt) :  res == 0.3626
Newt,GMRES == 1,2, f(u, N, dt, f_u, flags, dt) :  res == 0.0651492
GMRES converged. Breaking.
Hookstep optimization is currently not implemented with Arclength Continuation.
Optimized Newton algorithm with AC: Computing residual to check convergence...f(u, N, dt, f_u, flags, dt) : : gx = 4.23549e-07 < 6.42524e-06
The residual is decreasing if we take this AC-Newton step.

Taking best step and continuing Newton iteration.
L2Norm(G(x)) == 4.23549e-07
rx           == 8.9697e-14
L2Norm(dxN)  == 0.00036879
L2Norm(dxOpt)== 0.00036879
========================================================
Newton iteration number 2
Current state of Newton iteration:
   fcount_newton   == 8
   fcount_optimiza == 2
   L2Norm(x)       == 0.00781581
   L2Norm(dxN)     == 0.00036879
   L2Norm(dxOpt)   == 0.00036879
   L2Dist(x,x0)    == 0.00120896
gx == L2Norm(G(x)) : 
   initial  gx == 1.7268e-05
   previous gx == 6.42524e-06
   current  gx == 4.23549e-07
rx == 1/2 L2Norm2(G(x)) : 
   initial  rx == 1.49092e-10
   previous rx == 2.06418e-11
   current  rx == 8.9697e-14
         delta == 0.01
Newt,GMRES == 2,0, f(u, N, dt, f_u, flags, dt) :  res == 0.996899
Newt,GMRES == 2,1, f(u, N, dt, f_u, flags, dt) :  res == 0.466452
Newt,GMRES == 2,2, f(u, N, dt, f_u, flags, dt) :  res == 0.323089
Newt,GMRES == 2,3, f(u, N, dt, f_u, flags, dt) :  res == 0.0243131
GMRES converged. Breaking.
Hookstep optimization is currently not implemented with Arclength Continuation.
Optimized Newton algorithm with AC: Computing residual to check convergence...f(u, N, dt, f_u, flags, dt) : : gx = 1.06171e-08 < 4.23549e-07
The residual is decreasing if we take this AC-Newton step.

Taking best step and continuing Newton iteration.
L2Norm(G(x)) == 1.06171e-08
rx           == 5.6361e-17
L2Norm(dxN)  == 6.38626e-05
L2Norm(dxOpt)== 6.38626e-05
========================================================
Newton iteration number 3
Current state of Newton iteration:
   fcount_newton   == 12
   fcount_optimiza == 3
   L2Norm(x)       == 0.00782512
   L2Norm(dxN)     == 6.38626e-05
   L2Norm(dxOpt)   == 6.38626e-05
   L2Dist(x,x0)    == 0.00118517
gx == L2Norm(G(x)) : 
   initial  gx == 1.7268e-05
   previous gx == 4.23549e-07
   current  gx == 1.06171e-08
rx == 1/2 L2Norm2(G(x)) : 
   initial  rx == 1.49092e-10
   previous rx == 8.9697e-14
   current  rx == 5.6361e-17
         delta == 0.01
Newt,GMRES == 3,0, f(u, N, dt, f_u, flags, dt) :  res == 0.967599
Newt,GMRES == 3,1, f(u, N, dt, f_u, flags, dt) :  res == 0.450321
Newt,GMRES == 3,2, f(u, N, dt, f_u, flags, dt) :  res == 0.209656
Newt,GMRES == 3,3, f(u, N, dt, f_u, flags, dt) :  res == 0.0351123
GMRES converged. Breaking.
Hookstep optimization is currently not implemented with Arclength Continuation.
Optimized Newton algorithm with AC: Computing residual to check convergence...f(u, N, dt, f_u, flags, dt) : : gx = 3.73697e-10 < 1.06171e-08
The residual is decreasing if we take this AC-Newton step.

Taking best step and continuing Newton iteration.
L2Norm(G(x)) == 3.73697e-10
rx           == 6.98248e-20
L2Norm(dxN)  == 1.34809e-06
L2Norm(dxOpt)== 1.34809e-06
========================================================
Newton iteration number 4
Current state of Newton iteration:
   fcount_newton   == 16
   fcount_optimiza == 4
   L2Norm(x)       == 0.00782528
   L2Norm(dxN)     == 1.34809e-06
   L2Norm(dxOpt)   == 1.34809e-06
   L2Dist(x,x0)    == 0.00118479
gx == L2Norm(G(x)) : 
   initial  gx == 1.7268e-05
   previous gx == 1.06171e-08
   current  gx == 3.73697e-10
rx == 1/2 L2Norm2(G(x)) : 
   initial  rx == 1.49092e-10
   previous rx == 5.6361e-17
   current  rx == 6.98248e-20
         delta == 0.01
Newt,GMRES == 4,0, f(u, N, dt, f_u, flags, dt) :  res == 0.995531
Newt,GMRES == 4,1, f(u, N, dt, f_u, flags, dt) :  res == 0.407463
Newt,GMRES == 4,2, f(u, N, dt, f_u, flags, dt) :  res == 0.28633
Newt,GMRES == 4,3, f(u, N, dt, f_u, flags, dt) :  res == 0.0415485
GMRES converged. Breaking.
Hookstep optimization is currently not implemented with Arclength Continuation.
Optimized Newton algorithm with AC: Computing residual to check convergence...f(u, N, dt, f_u, flags, dt) : : gx = 1.56758e-11 < 3.73697e-10
The residual is decreasing if we take this AC-Newton step.

Taking best step and continuing Newton iteration.
L2Norm(G(x)) == 1.56758e-11
rx           == 1.22865e-22
L2Norm(dxN)  == 5.08685e-08
L2Norm(dxOpt)== 5.08685e-08
========================================================
Newton iteration number 5
Current state of Newton iteration:
   fcount_newton   == 20
   fcount_optimiza == 5
   L2Norm(x)       == 0.00782529
   L2Norm(dxN)     == 5.08685e-08
   L2Norm(dxOpt)   == 5.08685e-08
   L2Dist(x,x0)    == 0.00118478
gx == L2Norm(G(x)) : 
   initial  gx == 1.7268e-05
   previous gx == 3.73697e-10
   current  gx == 1.56758e-11
rx == 1/2 L2Norm2(G(x)) : 
   initial  rx == 1.49092e-10
   previous rx == 6.98248e-20
   current  rx == 1.22865e-22
         delta == 0.01
Newt,GMRES == 5,0, f(u, N, dt, f_u, flags, dt) :  res == 0.997318
Newt,GMRES == 5,1, f(u, N, dt, f_u, flags, dt) :  res == 0.627546
Newt,GMRES == 5,2, f(u, N, dt, f_u, flags, dt) :  res == 0.209842
Newt,GMRES == 5,3, f(u, N, dt, f_u, flags, dt) :  res == 0.0426591
GMRES converged. Breaking.
Hookstep optimization is currently not implemented with Arclength Continuation.
Optimized Newton algorithm with AC: Computing residual to check convergence...f(u, N, dt, f_u, flags, dt) : : gx = 2.98664e-12 < 1.56758e-11
The residual is decreasing if we take this AC-Newton step.

Taking best step and continuing Newton iteration.
L2Norm(G(x)) == 2.98664e-12
rx           == 4.46002e-24
L2Norm(dxN)  == 1.98909e-09
L2Norm(dxOpt)== 1.98909e-09
========================================================
Newton iteration number 6
Current state of Newton iteration:
   fcount_newton   == 24
   fcount_optimiza == 6
   L2Norm(x)       == 0.00782529
   L2Norm(dxN)     == 1.98909e-09
   L2Norm(dxOpt)   == 1.98909e-09
   L2Dist(x,x0)    == 0.00118478
gx == L2Norm(G(x)) : 
   initial  gx == 1.7268e-05
   previous gx == 1.56758e-11
   current  gx == 2.98664e-12
rx == 1/2 L2Norm2(G(x)) : 
   initial  rx == 1.49092e-10
   previous rx == 1.22865e-22
   current  rx == 4.46002e-24
         delta == 0.01
Newton search converged. Breaking.
L2Norm(G(x)) == 2.98664e-12 < epsSearch == 1e-11
