f(u, N, dt, f_u, flags, dt) : f(u, N, dt, f_u, flags, dt) : Computing G(x)
f(u, N, dt, f_u, flags, dt) : 
========================================================
Newton iteration number 0
Current state of Newton iteration:
   fcount_newton   == 1
   fcount_optimiza == 0
   L2Norm(x)       == 0.00432908
   L2Norm(dxN)     == 0
   L2Norm(dxOpt)   == 0
   L2Dist(x,x0)    == 0
gx == L2Norm(G(x)) : 
   initial  gx == 1.26994e-05
   previous gx == 1.26994e-05
   current  gx == 1.26994e-05
rx == 1/2 L2Norm2(G(x)) : 
   initial  rx == 8.06376e-11
   previous rx == 8.06376e-11
   current  rx == 8.06376e-11
         delta == 0.01
Newt,GMRES == 0,0, f(u, N, dt, f_u, flags, dt) :  res == 0.993635
Newt,GMRES == 0,1, f(u, N, dt, f_u, flags, dt) :  res == 0.254524
Newt,GMRES == 0,2, f(u, N, dt, f_u, flags, dt) :  res == 2.54113e-07
GMRES converged. Breaking.
Hookstep optimization is currently not implemented with Arclength Continuation.
Optimized Newton algorithm with AC: Computing residual to check convergence...f(u, N, dt, f_u, flags, dt) : : gx = 5.15741e-06 < 1.26994e-05
The residual is decreasing if we take this AC-Newton step.

Taking best step and continuing Newton iteration.
L2Norm(G(x)) == 5.15741e-06
rx           == 1.32994e-11
L2Norm(dxN)  == 0.00248494
L2Norm(dxOpt)== 0.00248494
========================================================
Newton iteration number 1
Current state of Newton iteration:
   fcount_newton   == 4
   fcount_optimiza == 1
   L2Norm(x)       == 0.00194466
   L2Norm(dxN)     == 0.00248494
   L2Norm(dxOpt)   == 0.00248494
   L2Dist(x,x0)    == 0.00248494
gx == L2Norm(G(x)) : 
   initial  gx == 1.26994e-05
   previous gx == 1.26994e-05
   current  gx == 5.15741e-06
rx == 1/2 L2Norm2(G(x)) : 
   initial  rx == 8.06376e-11
   previous rx == 8.06376e-11
   current  rx == 1.32994e-11
         delta == 0.01
Newt,GMRES == 1,0, f(u, N, dt, f_u, flags, dt) :  res == 0.987097
Newt,GMRES == 1,1, f(u, N, dt, f_u, flags, dt) :  res == 0.919566
Newt,GMRES == 1,2, f(u, N, dt, f_u, flags, dt) :  res == 1.05859e-09
GMRES converged. Breaking.
Hookstep optimization is currently not implemented with Arclength Continuation.
Optimized Newton algorithm with AC: Computing residual to check convergence...f(u, N, dt, f_u, flags, dt) : : gx = 1.22002e-06 < 5.15741e-06
The residual is decreasing if we take this AC-Newton step.

Taking best step and continuing Newton iteration.
L2Norm(G(x)) == 1.22002e-06
rx           == 7.44227e-13
L2Norm(dxN)  == 0.00169065
L2Norm(dxOpt)== 0.00169065
========================================================
Newton iteration number 2
Current state of Newton iteration:
   fcount_newton   == 7
   fcount_optimiza == 2
   L2Norm(x)       == 0.000269583
   L2Norm(dxN)     == 0.00169065
   L2Norm(dxOpt)   == 0.00169065
   L2Dist(x,x0)    == 0.00410305
gx == L2Norm(G(x)) : 
   initial  gx == 1.26994e-05
   previous gx == 5.15741e-06
   current  gx == 1.22002e-06
rx == 1/2 L2Norm2(G(x)) : 
   initial  rx == 8.06376e-11
   previous rx == 1.32994e-11
   current  rx == 7.44227e-13
         delta == 0.01
Newt,GMRES == 2,0, f(u, N, dt, f_u, flags, dt) :  res == 0.439831
Newt,GMRES == 2,1, f(u, N, dt, f_u, flags, dt) :  res == 0.439576
Newt,GMRES == 2,2, f(u, N, dt, f_u, flags, dt) :  res == 9.87455e-11
GMRES converged. Breaking.
Hookstep optimization is currently not implemented with Arclength Continuation.
Optimized Newton algorithm with AC: Computing residual to check convergence...f(u, N, dt, f_u, flags, dt) : : gx = 2.45997e-08 < 1.22002e-06
The residual is decreasing if we take this AC-Newton step.

Taking best step and continuing Newton iteration.
L2Norm(G(x)) == 2.45997e-08
rx           == 3.02572e-16
L2Norm(dxN)  == 0.00027237
L2Norm(dxOpt)== 0.00027237
========================================================
Newton iteration number 3
Current state of Newton iteration:
   fcount_newton   == 10
   fcount_optimiza == 3
   L2Norm(x)       == 4.72052e-06
   L2Norm(dxN)     == 0.00027237
   L2Norm(dxOpt)   == 0.00027237
   L2Dist(x,x0)    == 0.00433345
gx == L2Norm(G(x)) : 
   initial  gx == 1.26994e-05
   previous gx == 1.22002e-06
   current  gx == 2.45997e-08
rx == 1/2 L2Norm2(G(x)) : 
   initial  rx == 8.06376e-11
   previous rx == 7.44227e-13
   current  rx == 3.02572e-16
         delta == 0.01
Newt,GMRES == 3,0, f(u, N, dt, f_u, flags, dt) :  res == 0.365387
Newt,GMRES == 3,1, f(u, N, dt, f_u, flags, dt) :  res == 0.365372
Newt,GMRES == 3,2, f(u, N, dt, f_u, flags, dt) :  res == 4.6588e-11
GMRES converged. Breaking.
Hookstep optimization is currently not implemented with Arclength Continuation.
Optimized Newton algorithm with AC: Computing residual to check convergence...f(u, N, dt, f_u, flags, dt) : : gx = 7.02696e-12 < 2.45997e-08
The residual is decreasing if we take this AC-Newton step.

Taking best step and continuing Newton iteration.
L2Norm(G(x)) == 7.02696e-12
rx           == 2.46891e-23
L2Norm(dxN)  == 4.72174e-06
L2Norm(dxOpt)== 4.72174e-06
========================================================
Newton iteration number 4
Current state of Newton iteration:
   fcount_newton   == 13
   fcount_optimiza == 4
   L2Norm(x)       == 1.86111e-09
   L2Norm(dxN)     == 4.72174e-06
   L2Norm(dxOpt)   == 4.72174e-06
   L2Dist(x,x0)    == 0.00432907
gx == L2Norm(G(x)) : 
   initial  gx == 1.26994e-05
   previous gx == 2.45997e-08
   current  gx == 7.02696e-12
rx == 1/2 L2Norm2(G(x)) : 
   initial  rx == 8.06376e-11
   previous rx == 3.02572e-16
   current  rx == 2.46891e-23
         delta == 0.01
Newton search converged. Breaking.
L2Norm(G(x)) == 7.02696e-12 < epsSearch == 1e-11
