f(u, N, dt, f_u, flags, dt) : Computing G(x)
f(u, N, dt, f_u, flags, dt) : 
========================================================
Newton iteration number 0
Current state of Newton iteration:
   fcount_newton   == 1
   fcount_optimiza == 0
   L2Norm(x)       == 0.0124778
   L2Norm(dxN)     == 0
   L2Norm(dxOpt)   == 0
   L2Dist(x,x0)    == 0
gx == L2Norm(G(x)) : 
   initial  gx == 1.74004e-06
   previous gx == 1.74004e-06
   current  gx == 1.74004e-06
rx == 1/2 L2Norm2(G(x)) : 
   initial  rx == 1.51387e-12
   previous rx == 1.51387e-12
   current  rx == 1.51387e-12
         delta == 0.01
Newt,GMRES == 0,0, f(u, N, dt, f_u, flags, dt) :  res == 0.999721
Newt,GMRES == 0,1, f(u, N, dt, f_u, flags, dt) :  res == 0.097287
GMRES converged. Breaking.
Hookstep optimization is currently not implemented with Arclength Continuation.
Optimized Newton algorithm with AC: Computing residual to check convergence...f(u, N, dt, f_u, flags, dt) : : gx = 1.82953e-07 < 1.74004e-06
The residual is decreasing if we take this AC-Newton step.

Taking best step and continuing Newton iteration.
L2Norm(G(x)) == 1.82953e-07
rx           == 1.67358e-14
L2Norm(dxN)  == 0.000227283
L2Norm(dxOpt)== 0.000227283
========================================================
Newton iteration number 1
Current state of Newton iteration:
   fcount_newton   == 3
   fcount_optimiza == 1
   L2Norm(x)       == 0.0123082
   L2Norm(dxN)     == 0.000227283
   L2Norm(dxOpt)   == 0.000227283
   L2Dist(x,x0)    == 0.000227285
gx == L2Norm(G(x)) : 
   initial  gx == 1.74004e-06
   previous gx == 1.74004e-06
   current  gx == 1.82953e-07
rx == 1/2 L2Norm2(G(x)) : 
   initial  rx == 1.51387e-12
   previous rx == 1.51387e-12
   current  rx == 1.67358e-14
         delta == 0.01
Newt,GMRES == 1,0, f(u, N, dt, f_u, flags, dt) :  res == 0.999566
Newt,GMRES == 1,1, f(u, N, dt, f_u, flags, dt) :  res == 0.411705
Newt,GMRES == 1,2, f(u, N, dt, f_u, flags, dt) :  res == 0.398498
Newt,GMRES == 1,3, f(u, N, dt, f_u, flags, dt) :  res == 0.314111
Newt,GMRES == 1,4, f(u, N, dt, f_u, flags, dt) :  res == 0.0417756
GMRES converged. Breaking.
Hookstep optimization is currently not implemented with Arclength Continuation.
Optimized Newton algorithm with AC: Computing residual to check convergence...f(u, N, dt, f_u, flags, dt) : : gx = 8.90153e-08 < 1.82953e-07
The residual is decreasing if we take this AC-Newton step.

Taking best step and continuing Newton iteration.
L2Norm(G(x)) == 8.90153e-08
rx           == 3.96186e-15
L2Norm(dxN)  == 0.000301557
L2Norm(dxOpt)== 0.000301557
========================================================
Newton iteration number 2
Current state of Newton iteration:
   fcount_newton   == 8
   fcount_optimiza == 2
   L2Norm(x)       == 0.0125258
   L2Norm(dxN)     == 0.000301557
   L2Norm(dxOpt)   == 0.000301557
   L2Dist(x,x0)    == 0.000361954
gx == L2Norm(G(x)) : 
   initial  gx == 1.74004e-06
   previous gx == 1.82953e-07
   current  gx == 8.90153e-08
rx == 1/2 L2Norm2(G(x)) : 
   initial  rx == 1.51387e-12
   previous rx == 1.67358e-14
   current  rx == 3.96186e-15
         delta == 0.01
Newt,GMRES == 2,0, f(u, N, dt, f_u, flags, dt) :  res == 1
Newt,GMRES == 2,1, f(u, N, dt, f_u, flags, dt) :  res == 0.978506
Newt,GMRES == 2,2, f(u, N, dt, f_u, flags, dt) :  res == 0.508213
Newt,GMRES == 2,3, f(u, N, dt, f_u, flags, dt) :  res == 0.0575028
GMRES converged. Breaking.
Hookstep optimization is currently not implemented with Arclength Continuation.
Optimized Newton algorithm with AC: Computing residual to check convergence...f(u, N, dt, f_u, flags, dt) : : gx = 2.30833e-08 < 8.90153e-08
The residual is decreasing if we take this AC-Newton step.

Taking best step and continuing Newton iteration.
L2Norm(G(x)) == 2.30833e-08
rx           == 2.6642e-16
L2Norm(dxN)  == 0.000152165
L2Norm(dxOpt)== 0.000152165
========================================================
Newton iteration number 3
Current state of Newton iteration:
   fcount_newton   == 12
   fcount_optimiza == 3
   L2Norm(x)       == 0.0124116
   L2Norm(dxN)     == 0.000152165
   L2Norm(dxOpt)   == 0.000152165
   L2Dist(x,x0)    == 0.000277693
gx == L2Norm(G(x)) : 
   initial  gx == 1.74004e-06
   previous gx == 8.90153e-08
   current  gx == 2.30833e-08
rx == 1/2 L2Norm2(G(x)) : 
   initial  rx == 1.51387e-12
   previous rx == 3.96186e-15
   current  rx == 2.6642e-16
         delta == 0.01
Newt,GMRES == 3,0, f(u, N, dt, f_u, flags, dt) :  res == 0.999971
Newt,GMRES == 3,1, f(u, N, dt, f_u, flags, dt) :  res == 0.764371
Newt,GMRES == 3,2, f(u, N, dt, f_u, flags, dt) :  res == 0.698082
Newt,GMRES == 3,3, f(u, N, dt, f_u, flags, dt) :  res == 0.161962
Newt,GMRES == 3,4, f(u, N, dt, f_u, flags, dt) :  res == 0.0996195
GMRES converged. Breaking.
Hookstep optimization is currently not implemented with Arclength Continuation.
Optimized Newton algorithm with AC: Computing residual to check convergence...f(u, N, dt, f_u, flags, dt) : : gx = 2.21953e-09 < 2.30833e-08
The residual is decreasing if we take this AC-Newton step.

Taking best step and continuing Newton iteration.
L2Norm(G(x)) == 2.21953e-09
rx           == 2.46315e-18
L2Norm(dxN)  == 3.10486e-05
L2Norm(dxOpt)== 3.10486e-05
========================================================
Newton iteration number 4
Current state of Newton iteration:
   fcount_newton   == 17
   fcount_optimiza == 4
   L2Norm(x)       == 0.0124358
   L2Norm(dxN)     == 3.10486e-05
   L2Norm(dxOpt)   == 3.10486e-05
   L2Dist(x,x0)    == 0.000291296
gx == L2Norm(G(x)) : 
   initial  gx == 1.74004e-06
   previous gx == 2.30833e-08
   current  gx == 2.21953e-09
rx == 1/2 L2Norm2(G(x)) : 
   initial  rx == 1.51387e-12
   previous rx == 2.6642e-16
   current  rx == 2.46315e-18
         delta == 0.01
Newt,GMRES == 4,0, f(u, N, dt, f_u, flags, dt) :  res == 0.999929
Newt,GMRES == 4,1, f(u, N, dt, f_u, flags, dt) :  res == 0.758479
Newt,GMRES == 4,2, f(u, N, dt, f_u, flags, dt) :  res == 0.317976
Newt,GMRES == 4,3, f(u, N, dt, f_u, flags, dt) :  res == 0.291551
Newt,GMRES == 4,4, f(u, N, dt, f_u, flags, dt) :  res == 0.192383
Newt,GMRES == 4,5, f(u, N, dt, f_u, flags, dt) :  res == 0.0198193
GMRES converged. Breaking.
Hookstep optimization is currently not implemented with Arclength Continuation.
Optimized Newton algorithm with AC: Computing residual to check convergence...f(u, N, dt, f_u, flags, dt) : : gx = 4.92465e-11 < 2.21953e-09
The residual is decreasing if we take this AC-Newton step.

Taking best step and continuing Newton iteration.
L2Norm(G(x)) == 4.92465e-11
rx           == 1.21261e-21
L2Norm(dxN)  == 2.06341e-06
L2Norm(dxOpt)== 2.06341e-06
========================================================
Newton iteration number 5
Current state of Newton iteration:
   fcount_newton   == 23
   fcount_optimiza == 5
   L2Norm(x)       == 0.0124353
   L2Norm(dxN)     == 2.06341e-06
   L2Norm(dxOpt)   == 2.06341e-06
   L2Dist(x,x0)    == 0.00029096
gx == L2Norm(G(x)) : 
   initial  gx == 1.74004e-06
   previous gx == 2.21953e-09
   current  gx == 4.92465e-11
rx == 1/2 L2Norm2(G(x)) : 
   initial  rx == 1.51387e-12
   previous rx == 2.46315e-18
   current  rx == 1.21261e-21
         delta == 0.01
Newt,GMRES == 5,0, f(u, N, dt, f_u, flags, dt) :  res == 0.999895
Newt,GMRES == 5,1, f(u, N, dt, f_u, flags, dt) :  res == 0.588433
Newt,GMRES == 5,2, f(u, N, dt, f_u, flags, dt) :  res == 0.580393
Newt,GMRES == 5,3, f(u, N, dt, f_u, flags, dt) :  res == 0.184536
Newt,GMRES == 5,4, f(u, N, dt, f_u, flags, dt) :  res == 0.103951
Newt,GMRES == 5,5, f(u, N, dt, f_u, flags, dt) :  res == 0.0696261
GMRES converged. Breaking.
Hookstep optimization is currently not implemented with Arclength Continuation.
Optimized Newton algorithm with AC: Computing residual to check convergence...f(u, N, dt, f_u, flags, dt) : : gx = 3.28778e-12 < 4.92465e-11
The residual is decreasing if we take this AC-Newton step.

Taking best step and continuing Newton iteration.
L2Norm(G(x)) == 3.28778e-12
rx           == 5.40476e-24
L2Norm(dxN)  == 4.60757e-08
L2Norm(dxOpt)== 4.60757e-08
========================================================
Newton iteration number 6
Current state of Newton iteration:
   fcount_newton   == 29
   fcount_optimiza == 6
   L2Norm(x)       == 0.0124353
   L2Norm(dxN)     == 4.60757e-08
   L2Norm(dxOpt)   == 4.60757e-08
   L2Dist(x,x0)    == 0.000290984
gx == L2Norm(G(x)) : 
   initial  gx == 1.74004e-06
   previous gx == 4.92465e-11
   current  gx == 3.28778e-12
rx == 1/2 L2Norm2(G(x)) : 
   initial  rx == 1.51387e-12
   previous rx == 1.21261e-21
   current  rx == 5.40476e-24
         delta == 0.01
Newton search converged. Breaking.
L2Norm(G(x)) == 3.28778e-12 < epsSearch == 1e-11
