f(u, N, dt, f_u, flags, dt) : f(u, N, dt, f_u, flags, dt) : Computing G(x)
f(u, N, dt, f_u, flags, dt) : 
========================================================
Newton iteration number 0
Current state of Newton iteration:
   fcount_newton   == 1
   fcount_optimiza == 0
   L2Norm(x)       == 0.0256486
   L2Norm(dxN)     == 0
   L2Norm(dxOpt)   == 0
   L2Dist(x,x0)    == 0
gx == L2Norm(G(x)) : 
   initial  gx == 3.88178e-06
   previous gx == 3.88178e-06
   current  gx == 3.88178e-06
rx == 1/2 L2Norm2(G(x)) : 
   initial  rx == 7.53409e-12
   previous rx == 7.53409e-12
   current  rx == 7.53409e-12
         delta == 0.01
Newt,GMRES == 0,0, f(u, N, dt, f_u, flags, dt) :  res == 0.640296
Newt,GMRES == 0,1, f(u, N, dt, f_u, flags, dt) :  res == 0.051272
Newt,GMRES == 0,2, f(u, N, dt, f_u, flags, dt) :  res == 0.000437351
GMRES converged. Breaking.
Hookstep optimization is currently not implemented with Arclength Continuation.
Optimized Newton algorithm with AC: Computing residual to check convergence...f(u, N, dt, f_u, flags, dt) : : gx = 1.45272e-08 < 3.88178e-06
The residual is decreasing if we take this AC-Newton step.

Taking best step and continuing Newton iteration.
L2Norm(G(x)) == 1.45272e-08
rx           == 1.0552e-16
L2Norm(dxN)  == 0.00016284
L2Norm(dxOpt)== 0.00016284
========================================================
Newton iteration number 1
Current state of Newton iteration:
   fcount_newton   == 4
   fcount_optimiza == 1
   L2Norm(x)       == 0.0254924
   L2Norm(dxN)     == 0.00016284
   L2Norm(dxOpt)   == 0.00016284
   L2Dist(x,x0)    == 0.00016284
gx == L2Norm(G(x)) : 
   initial  gx == 3.88178e-06
   previous gx == 3.88178e-06
   current  gx == 1.45272e-08
rx == 1/2 L2Norm2(G(x)) : 
   initial  rx == 7.53409e-12
   previous rx == 7.53409e-12
   current  rx == 1.0552e-16
         delta == 0.01
Newt,GMRES == 1,0, f(u, N, dt, f_u, flags, dt) :  res == 0.986014
Newt,GMRES == 1,1, f(u, N, dt, f_u, flags, dt) :  res == 0.961221
Newt,GMRES == 1,2, f(u, N, dt, f_u, flags, dt) :  res == 0.0329081
Newt,GMRES == 1,3, f(u, N, dt, f_u, flags, dt) :  res == 1.03425e-07
GMRES converged. Breaking.
Hookstep optimization is currently not implemented with Arclength Continuation.
Optimized Newton algorithm with AC: Computing residual to check convergence...f(u, N, dt, f_u, flags, dt) : : gx = 3.01696e-11 < 1.45272e-08
The residual is decreasing if we take this AC-Newton step.

Taking best step and continuing Newton iteration.
L2Norm(G(x)) == 3.01696e-11
rx           == 4.55102e-22
L2Norm(dxN)  == 9.99584e-07
L2Norm(dxOpt)== 9.99584e-07
========================================================
Newton iteration number 2
Current state of Newton iteration:
   fcount_newton   == 8
   fcount_optimiza == 2
   L2Norm(x)       == 0.0254922
   L2Norm(dxN)     == 9.99584e-07
   L2Norm(dxOpt)   == 9.99584e-07
   L2Dist(x,x0)    == 0.000162778
gx == L2Norm(G(x)) : 
   initial  gx == 3.88178e-06
   previous gx == 1.45272e-08
   current  gx == 3.01696e-11
rx == 1/2 L2Norm2(G(x)) : 
   initial  rx == 7.53409e-12
   previous rx == 1.0552e-16
   current  rx == 4.55102e-22
         delta == 0.01
Newt,GMRES == 2,0, f(u, N, dt, f_u, flags, dt) :  res == 0.782851
Newt,GMRES == 2,1, f(u, N, dt, f_u, flags, dt) :  res == 0.531044
Newt,GMRES == 2,2, f(u, N, dt, f_u, flags, dt) :  res == 0.0092378
Newt,GMRES == 2,3, f(u, N, dt, f_u, flags, dt) :  res == 1.52518e-08
GMRES converged. Breaking.
Hookstep optimization is currently not implemented with Arclength Continuation.
Optimized Newton algorithm with AC: Computing residual to check convergence...f(u, N, dt, f_u, flags, dt) : : gx = 8.86487e-12 < 3.01696e-11
The residual is decreasing if we take this AC-Newton step.

Taking best step and continuing Newton iteration.
L2Norm(G(x)) == 8.86487e-12
rx           == 3.9293e-23
L2Norm(dxN)  == 4.32338e-09
L2Norm(dxOpt)== 4.32338e-09
========================================================
Newton iteration number 3
Current state of Newton iteration:
   fcount_newton   == 12
   fcount_optimiza == 3
   L2Norm(x)       == 0.0254922
   L2Norm(dxN)     == 4.32338e-09
   L2Norm(dxOpt)   == 4.32338e-09
   L2Dist(x,x0)    == 0.000162779
gx == L2Norm(G(x)) : 
   initial  gx == 3.88178e-06
   previous gx == 3.01696e-11
   current  gx == 8.86487e-12
rx == 1/2 L2Norm2(G(x)) : 
   initial  rx == 7.53409e-12
   previous rx == 4.55102e-22
   current  rx == 3.9293e-23
         delta == 0.01
Newton search converged. Breaking.
L2Norm(G(x)) == 8.86487e-12 < epsSearch == 1e-11
