f(u, N, dt, f_u, flags, dt) : f(u, N, dt, f_u, flags, dt) : Computing G(x)
f(u, N, dt, f_u, flags, dt) : 
========================================================
Newton iteration number 0
Current state of Newton iteration:
   fcount_newton   == 1
   fcount_optimiza == 0
   L2Norm(x)       == 0.0668011
   L2Norm(dxN)     == 0
   L2Norm(dxOpt)   == 0
   L2Dist(x,x0)    == 0
gx == L2Norm(G(x)) : 
   initial  gx == 1.67855e-07
   previous gx == 1.67855e-07
   current  gx == 1.67855e-07
rx == 1/2 L2Norm2(G(x)) : 
   initial  rx == 1.40877e-14
   previous rx == 1.40877e-14
   current  rx == 1.40877e-14
         delta == 0.01
Newt,GMRES == 0,0, f(u, N, dt, f_u, flags, dt) :  res == 0.851207
Newt,GMRES == 0,1, f(u, N, dt, f_u, flags, dt) :  res == 0.00143363
Newt,GMRES == 0,2, f(u, N, dt, f_u, flags, dt) :  res == 3.06e-06
GMRES converged. Breaking.
Hookstep optimization is currently not implemented with Arclength Continuation.
Optimized Newton algorithm with AC: Computing residual to check convergence...f(u, N, dt, f_u, flags, dt) : : gx = 3.17433e-11 < 1.67855e-07
The residual is decreasing if we take this AC-Newton step.

Taking best step and continuing Newton iteration.
L2Norm(G(x)) == 3.17433e-11
rx           == 5.03818e-22
L2Norm(dxN)  == 1.7066e-05
L2Norm(dxOpt)== 1.7066e-05
========================================================
Newton iteration number 1
Current state of Newton iteration:
   fcount_newton   == 4
   fcount_optimiza == 1
   L2Norm(x)       == 0.0667841
   L2Norm(dxN)     == 1.7066e-05
   L2Norm(dxOpt)   == 1.7066e-05
   L2Dist(x,x0)    == 1.7066e-05
gx == L2Norm(G(x)) : 
   initial  gx == 1.67855e-07
   previous gx == 1.67855e-07
   current  gx == 3.17433e-11
rx == 1/2 L2Norm2(G(x)) : 
   initial  rx == 1.40877e-14
   previous rx == 1.40877e-14
   current  rx == 5.03818e-22
         delta == 0.01
Newt,GMRES == 1,0, f(u, N, dt, f_u, flags, dt) :  res == 0.371923
Newt,GMRES == 1,1, f(u, N, dt, f_u, flags, dt) :  res == 0.000137048
GMRES converged. Breaking.
Hookstep optimization is currently not implemented with Arclength Continuation.
Optimized Newton algorithm with AC: Computing residual to check convergence...f(u, N, dt, f_u, flags, dt) : : gx = 7.22214e-14 < 3.17433e-11
The residual is decreasing if we take this AC-Newton step.

Taking best step and continuing Newton iteration.
L2Norm(G(x)) == 7.22214e-14
rx           == 2.60796e-27
L2Norm(dxN)  == 3.22633e-09
L2Norm(dxOpt)== 3.22633e-09
========================================================
Newton iteration number 2
Current state of Newton iteration:
   fcount_newton   == 6
   fcount_optimiza == 2
   L2Norm(x)       == 0.0667841
   L2Norm(dxN)     == 3.22633e-09
   L2Norm(dxOpt)   == 3.22633e-09
   L2Dist(x,x0)    == 1.70668e-05
gx == L2Norm(G(x)) : 
   initial  gx == 1.67855e-07
   previous gx == 3.17433e-11
   current  gx == 7.22214e-14
rx == 1/2 L2Norm2(G(x)) : 
   initial  rx == 1.40877e-14
   previous rx == 5.03818e-22
   current  rx == 2.60796e-27
         delta == 0.01
Newton search converged. Breaking.
L2Norm(G(x)) == 7.22214e-14 < epsSearch == 1e-11
