f(u, N, dt, f_u, flags, dt) : f(u, N, dt, f_u, flags, dt) : Computing G(x)
f(u, N, dt, f_u, flags, dt) : 
========================================================
Newton iteration number 0
Current state of Newton iteration:
   fcount_newton   == 1
   fcount_optimiza == 0
   L2Norm(x)       == 0.0244699
   L2Norm(dxN)     == 0
   L2Norm(dxOpt)   == 0
   L2Dist(x,x0)    == 0
gx == L2Norm(G(x)) : 
   initial  gx == 1.29021e-05
   previous gx == 1.29021e-05
   current  gx == 1.29021e-05
rx == 1/2 L2Norm2(G(x)) : 
   initial  rx == 8.32315e-11
   previous rx == 8.32315e-11
   current  rx == 8.32315e-11
         delta == 0.01
Newt,GMRES == 0,0, f(u, N, dt, f_u, flags, dt) :  res == 0.99944
Newt,GMRES == 0,1, f(u, N, dt, f_u, flags, dt) :  res == 0.355975
Newt,GMRES == 0,2, f(u, N, dt, f_u, flags, dt) :  res == 0.208393
Newt,GMRES == 0,3, f(u, N, dt, f_u, flags, dt) :  res == 0.0614398
GMRES converged. Breaking.
Hookstep optimization is currently not implemented with Arclength Continuation.
Optimized Newton algorithm with AC: Computing residual to check convergence...f(u, N, dt, f_u, flags, dt) : : gx = 1.63882e-06 < 1.29021e-05
The residual is decreasing if we take this AC-Newton step.

Taking best step and continuing Newton iteration.
L2Norm(G(x)) == 1.63882e-06
rx           == 1.34286e-12
L2Norm(dxN)  == 0.00165062
L2Norm(dxOpt)== 0.00165062
========================================================
Newton iteration number 1
Current state of Newton iteration:
   fcount_newton   == 5
   fcount_optimiza == 1
   L2Norm(x)       == 0.0230015
   L2Norm(dxN)     == 0.00165062
   L2Norm(dxOpt)   == 0.00165062
   L2Dist(x,x0)    == 0.00165068
gx == L2Norm(G(x)) : 
   initial  gx == 1.29021e-05
   previous gx == 1.29021e-05
   current  gx == 1.63882e-06
rx == 1/2 L2Norm2(G(x)) : 
   initial  rx == 8.32315e-11
   previous rx == 8.32315e-11
   current  rx == 1.34286e-12
         delta == 0.01
Newt,GMRES == 1,0, f(u, N, dt, f_u, flags, dt) :  res == 0.997056
Newt,GMRES == 1,1, f(u, N, dt, f_u, flags, dt) : 