f(u, N, dt, f_u, flags, dt) : f(u, N, dt, f_u, flags, dt) : Computing G(x)
f(u, N, dt, f_u, flags, dt) : 
========================================================
Newton iteration number 0
Current state of Newton iteration:
   fcount_newton   == 1
   fcount_optimiza == 0
   L2Norm(x)       == 0.00197496
   L2Norm(dxN)     == 0
   L2Norm(dxOpt)   == 0
   L2Dist(x,x0)    == 0
gx == L2Norm(G(x)) : 
   initial  gx == 2.12625e-06
   previous gx == 2.12625e-06
   current  gx == 2.12625e-06
rx == 1/2 L2Norm2(G(x)) : 
   initial  rx == 2.26047e-12
   previous rx == 2.26047e-12
   current  rx == 2.26047e-12
         delta == 0.01
Newt,GMRES == 0,0, f(u, N, dt, f_u, flags, dt) :  res == 0.831782
Newt,GMRES == 0,1, f(u, N, dt, f_u, flags, dt) :  res == 0.276653
Newt,GMRES == 0,2, f(u, N, dt, f_u, flags, dt) :  res == 1.99384e-05
GMRES converged. Breaking.
Hookstep optimization is currently not implemented with Arclength Continuation.
Optimized Newton algorithm with AC: Computing residual to check convergence...f(u, N, dt, f_u, flags, dt) : : gx = 3.67143e-07 < 2.12625e-06
The residual is decreasing if we take this AC-Newton step.

Taking best step and continuing Newton iteration.
L2Norm(G(x)) == 3.67143e-07
rx           == 6.73969e-14
L2Norm(dxN)  == 0.0010629
L2Norm(dxOpt)== 0.0010629
========================================================
Newton iteration number 1
Current state of Newton iteration:
   fcount_newton   == 4
   fcount_optimiza == 1
   L2Norm(x)       == 0.000913261
   L2Norm(dxN)     == 0.0010629
   L2Norm(dxOpt)   == 0.0010629
   L2Dist(x,x0)    == 0.0010629
gx == L2Norm(G(x)) : 
   initial  gx == 2.12625e-06
   previous gx == 2.12625e-06
   current  gx == 3.67143e-07
rx == 1/2 L2Norm2(G(x)) : 
   initial  rx == 2.26047e-12
   previous rx == 2.26047e-12
   current  rx == 6.73969e-14
         delta == 0.01
Newt,GMRES == 1,0, f(u, N, dt, f_u, flags, dt) :  res == 0.936595
Newt,GMRES == 1,1, f(u, N, dt, f_u, flags, dt) :  res == 0.420803
Newt,GMRES == 1,2, f(u, N, dt, f_u, flags, dt) :  res == 6.22675e-09
GMRES converged. Breaking.
Hookstep optimization is currently not implemented with Arclength Continuation.
Optimized Newton algorithm with AC: Computing residual to check convergence...f(u, N, dt, f_u, flags, dt) : : gx = 1.36735e-07 < 3.67143e-07
The residual is decreasing if we take this AC-Newton step.

Taking best step and continuing Newton iteration.
L2Norm(G(x)) == 1.36735e-07
rx           == 9.34819e-15
L2Norm(dxN)  == 0.00067953
L2Norm(dxOpt)== 0.00067953
========================================================
Newton iteration number 2
Current state of Newton iteration:
   fcount_newton   == 7
   fcount_optimiza == 2
   L2Norm(x)       == 0.000233976
   L2Norm(dxN)     == 0.00067953
   L2Norm(dxOpt)   == 0.00067953
   L2Dist(x,x0)    == 0.00174099
gx == L2Norm(G(x)) : 
   initial  gx == 2.12625e-06
   previous gx == 3.67143e-07
   current  gx == 1.36735e-07
rx == 1/2 L2Norm2(G(x)) : 
   initial  rx == 2.26047e-12
   previous rx == 6.73969e-14
   current  rx == 9.34819e-15
         delta == 0.01
Newt,GMRES == 2,0, f(u, N, dt, f_u, flags, dt) :  res == 0.87484
Newt,GMRES == 2,1, f(u, N, dt, f_u, flags, dt) :  res == 0.23407
Newt,GMRES == 2,2, f(u, N, dt, f_u, flags, dt) :  res == 2.45091e-09
GMRES converged. Breaking.
Hookstep optimization is currently not implemented with Arclength Continuation.
Optimized Newton algorithm with AC: Computing residual to check convergence...f(u, N, dt, f_u, flags, dt) : : gx = 1.54091e-08 < 1.36735e-07
The residual is decreasing if we take this AC-Newton step.

Taking best step and continuing Newton iteration.
L2Norm(G(x)) == 1.54091e-08
rx           == 1.18721e-16
L2Norm(dxN)  == 0.000233024
L2Norm(dxOpt)== 0.000233024
========================================================
Newton iteration number 3
Current state of Newton iteration:
   fcount_newton   == 10
   fcount_optimiza == 3
   L2Norm(x)       == 1.77697e-06
   L2Norm(dxN)     == 0.000233024
   L2Norm(dxOpt)   == 0.000233024
   L2Dist(x,x0)    == 0.00197401
gx == L2Norm(G(x)) : 
   initial  gx == 2.12625e-06
   previous gx == 1.36735e-07
   current  gx == 1.54091e-08
rx == 1/2 L2Norm2(G(x)) : 
   initial  rx == 2.26047e-12
   previous rx == 9.34819e-15
   current  rx == 1.18721e-16
         delta == 0.01
Newt,GMRES == 3,0, f(u, N, dt, f_u, flags, dt) :  res == 0.568154
Newt,GMRES == 3,1, f(u, N, dt, f_u, flags, dt) :  res == 0.00769096
Newt,GMRES == 3,2, f(u, N, dt, f_u, flags, dt) :  res == 3.26667e-07
GMRES converged. Breaking.
Hookstep optimization is currently not implemented with Arclength Continuation.
Optimized Newton algorithm with AC: Computing residual to check convergence...f(u, N, dt, f_u, flags, dt) : : gx = 4.50881e-13 < 1.54091e-08
The residual is decreasing if we take this AC-Newton step.

Taking best step and continuing Newton iteration.
L2Norm(G(x)) == 4.50881e-13
rx           == 1.01647e-25
L2Norm(dxN)  == 1.77836e-06
L2Norm(dxOpt)== 1.77836e-06
========================================================
Newton iteration number 4
Current state of Newton iteration:
   fcount_newton   == 13
   fcount_optimiza == 4
   L2Norm(x)       == 2.83855e-09
   L2Norm(dxN)     == 1.77836e-06
   L2Norm(dxOpt)   == 1.77836e-06
   L2Dist(x,x0)    == 0.00197497
gx == L2Norm(G(x)) : 
   initial  gx == 2.12625e-06
   previous gx == 1.54091e-08
   current  gx == 4.50881e-13
rx == 1/2 L2Norm2(G(x)) : 
   initial  rx == 2.26047e-12
   previous rx == 1.18721e-16
   current  rx == 1.01647e-25
         delta == 0.01
Newton search converged. Breaking.
L2Norm(G(x)) == 4.50881e-13 < epsSearch == 1e-11
