f(u, N, dt, f_u, flags, dt) : f(u, N, dt, f_u, flags, dt) : Computing G(x)
f(u, N, dt, f_u, flags, dt) : 
========================================================
Newton iteration number 0
Current state of Newton iteration:
   fcount_newton   == 1
   fcount_optimiza == 0
   L2Norm(x)       == 0.00948498
   L2Norm(dxN)     == 0
   L2Norm(dxOpt)   == 0
   L2Dist(x,x0)    == 0
gx == L2Norm(G(x)) : 
   initial  gx == 4.26351e-07
   previous gx == 4.26351e-07
   current  gx == 4.26351e-07
rx == 1/2 L2Norm2(G(x)) : 
   initial  rx == 9.08877e-14
   previous rx == 9.08877e-14
   current  rx == 9.08877e-14
         delta == 0.01
Newt,GMRES == 0,0, f(u, N, dt, f_u, flags, dt) :  res == 0.991306
Newt,GMRES == 0,1, f(u, N, dt, f_u, flags, dt) :  res == 0.923341
Newt,GMRES == 0,2, f(u, N, dt, f_u, flags, dt) :  res == 5.324e-05
GMRES converged. Breaking.
Hookstep optimization is currently not implemented with Arclength Continuation.
Optimized Newton algorithm with AC: Computing residual to check convergence...f(u, N, dt, f_u, flags, dt) : : gx = 1.97878e-09 < 4.26351e-07
The residual is decreasing if we take this AC-Newton step.

Taking best step and continuing Newton iteration.
L2Norm(G(x)) == 1.97878e-09
rx           == 1.95779e-18
L2Norm(dxN)  == 5.30163e-05
L2Norm(dxOpt)== 5.30163e-05
========================================================
Newton iteration number 1
Current state of Newton iteration:
   fcount_newton   == 4
   fcount_optimiza == 1
   L2Norm(x)       == 0.00943263
   L2Norm(dxN)     == 5.30163e-05
   L2Norm(dxOpt)   == 5.30163e-05
   L2Dist(x,x0)    == 5.30163e-05
gx == L2Norm(G(x)) : 
   initial  gx == 4.26351e-07
   previous gx == 4.26351e-07
   current  gx == 1.97878e-09
rx == 1/2 L2Norm2(G(x)) : 
   initial  rx == 9.08877e-14
   previous rx == 9.08877e-14
   current  rx == 1.95779e-18
         delta == 0.01
Newt,GMRES == 1,0, f(u, N, dt, f_u, flags, dt) :  res == 0.999827
Newt,GMRES == 1,1, f(u, N, dt, f_u, flags, dt) :  res == 0.998742
Newt,GMRES == 1,2, f(u, N, dt, f_u, flags, dt) :  res == 0.00476509
Newt,GMRES == 1,3, f(u, N, dt, f_u, flags, dt) :  res == 2.0528e-09
GMRES converged. Breaking.
Hookstep optimization is currently not implemented with Arclength Continuation.
Optimized Newton algorithm with AC: Computing residual to check convergence...f(u, N, dt, f_u, flags, dt) : : gx = 8.15648e-12 < 1.97878e-09
The residual is decreasing if we take this AC-Newton step.

Taking best step and continuing Newton iteration.
L2Norm(G(x)) == 8.15648e-12
rx           == 3.32641e-23
L2Norm(dxN)  == 2.31293e-07
L2Norm(dxOpt)== 2.31293e-07
========================================================
Newton iteration number 2
Current state of Newton iteration:
   fcount_newton   == 8
   fcount_optimiza == 2
   L2Norm(x)       == 0.0094324
   L2Norm(dxN)     == 2.31293e-07
   L2Norm(dxOpt)   == 2.31293e-07
   L2Dist(x,x0)    == 5.32456e-05
gx == L2Norm(G(x)) : 
   initial  gx == 4.26351e-07
   previous gx == 1.97878e-09
   current  gx == 8.15648e-12
rx == 1/2 L2Norm2(G(x)) : 
   initial  rx == 9.08877e-14
   previous rx == 1.95779e-18
   current  rx == 3.32641e-23
         delta == 0.01
Newton search converged. Breaking.
L2Norm(G(x)) == 8.15648e-12 < epsSearch == 1e-11
