f(u, N, dt, f_u, flags, dt) : f(u, N, dt, f_u, flags, dt) : Computing G(x)
f(u, N, dt, f_u, flags, dt) : 
========================================================
Newton iteration number 0
Current state of Newton iteration:
   fcount_newton   == 1
   fcount_optimiza == 0
   L2Norm(x)       == 0.00935395
   L2Norm(dxN)     == 0
   L2Norm(dxOpt)   == 0
   L2Dist(x,x0)    == 0
gx == L2Norm(G(x)) : 
   initial  gx == 1.76118e-05
   previous gx == 1.76118e-05
   current  gx == 1.76118e-05
rx == 1/2 L2Norm2(G(x)) : 
   initial  rx == 1.55089e-10
   previous rx == 1.55089e-10
   current  rx == 1.55089e-10
         delta == 0.01
Newt,GMRES == 0,0, f(u, N, dt, f_u, flags, dt) :  res == 0.999586
Newt,GMRES == 0,1, f(u, N, dt, f_u, flags, dt) :  res == 0.934948
Newt,GMRES == 0,2, f(u, N, dt, f_u, flags, dt) :  res == 0.172943
Newt,GMRES == 0,3, f(u, N, dt, f_u, flags, dt) :  res == 0.0290745
GMRES converged. Breaking.
Hookstep optimization is currently not implemented with Arclength Continuation.
Optimized Newton algorithm with AC: Computing residual to check convergence...f(u, N, dt, f_u, flags, dt) : : gx = 1.20866e-05 < 1.76118e-05
The residual is decreasing if we take this AC-Newton step.

Taking best step and continuing Newton iteration.
L2Norm(G(x)) == 1.20866e-05
rx           == 7.30431e-11
L2Norm(dxN)  == 0.00207318
L2Norm(dxOpt)== 0.00207318
========================================================
Newton iteration number 1
Current state of Newton iteration:
   fcount_newton   == 5
   fcount_optimiza == 1
   L2Norm(x)       == 0.00751182
   L2Norm(dxN)     == 0.00207318
   L2Norm(dxOpt)   == 0.00207318
   L2Dist(x,x0)    == 0.0020732
gx == L2Norm(G(x)) : 
   initial  gx == 1.76118e-05
   previous gx == 1.76118e-05
   current  gx == 1.20866e-05
rx == 1/2 L2Norm2(G(x)) : 
   initial  rx == 1.55089e-10
   previous rx == 1.55089e-10
   current  rx == 7.30431e-11
         delta == 0.01
Newt,GMRES == 1,0, f(u, N, dt, f_u, flags, dt) :  res == 0.973947
Newt,GMRES == 1,1, f(u, N, dt, f_u, flags, dt) :  res == 0.361773
Newt,GMRES == 1,2, f(u, N, dt, f_u, flags, dt) :  res == 0.0536261
GMRES converged. Breaking.
Hookstep optimization is currently not implemented with Arclength Continuation.
Optimized Newton algorithm with AC: Computing residual to check convergence...f(u, N, dt, f_u, flags, dt) : : gx = 6.93477e-07 < 1.20866e-05
The residual is decreasing if we take this AC-Newton step.

Taking best step and continuing Newton iteration.
L2Norm(G(x)) == 6.93477e-07
rx           == 2.40455e-13
L2Norm(dxN)  == 0.000729223
L2Norm(dxOpt)== 0.000729223
========================================================
Newton iteration number 2
Current state of Newton iteration:
   fcount_newton   == 8
   fcount_optimiza == 2
   L2Norm(x)       == 0.00815569
   L2Norm(dxN)     == 0.000729223
   L2Norm(dxOpt)   == 0.000729223
   L2Dist(x,x0)    == 0.0015057
gx == L2Norm(G(x)) : 
   initial  gx == 1.76118e-05
   previous gx == 1.20866e-05
   current  gx == 6.93477e-07
rx == 1/2 L2Norm2(G(x)) : 
   initial  rx == 1.55089e-10
   previous rx == 7.30431e-11
   current  rx == 2.40455e-13
         delta == 0.01
Newt,GMRES == 2,0, f(u, N, dt, f_u, flags, dt) :  res == 0.99449
Newt,GMRES == 2,1, f(u, N, dt, f_u, flags, dt) :  res == 0.646486
Newt,GMRES == 2,2, f(u, N, dt, f_u, flags, dt) :  res == 0.295838
Newt,GMRES == 2,3, f(u, N, dt, f_u, flags, dt) :  res == 0.024104
GMRES converged. Breaking.
Hookstep optimization is currently not implemented with Arclength Continuation.
Optimized Newton algorithm with AC: Computing residual to check convergence...f(u, N, dt, f_u, flags, dt) : : gx = 1.72513e-08 < 6.93477e-07
The residual is decreasing if we take this AC-Newton step.

Taking best step and continuing Newton iteration.
L2Norm(G(x)) == 1.72513e-08
rx           == 1.48803e-16
L2Norm(dxN)  == 0.000101628
L2Norm(dxOpt)== 0.000101628
========================================================
Newton iteration number 3
Current state of Newton iteration:
   fcount_newton   == 12
   fcount_optimiza == 3
   L2Norm(x)       == 0.00816239
   L2Norm(dxN)     == 0.000101628
   L2Norm(dxOpt)   == 0.000101628
   L2Dist(x,x0)    == 0.00148283
gx == L2Norm(G(x)) : 
   initial  gx == 1.76118e-05
   previous gx == 6.93477e-07
   current  gx == 1.72513e-08
rx == 1/2 L2Norm2(G(x)) : 
   initial  rx == 1.55089e-10
   previous rx == 2.40455e-13
   current  rx == 1.48803e-16
         delta == 0.01
Newt,GMRES == 3,0, f(u, N, dt, f_u, flags, dt) :  res == 0.989434
Newt,GMRES == 3,1, f(u, N, dt, f_u, flags, dt) :  res == 0.490318
Newt,GMRES == 3,2, f(u, N, dt, f_u, flags, dt) :  res == 0.195997
Newt,GMRES == 3,3, f(u, N, dt, f_u, flags, dt) :  res == 0.0352293
GMRES converged. Breaking.
Hookstep optimization is currently not implemented with Arclength Continuation.
Optimized Newton algorithm with AC: Computing residual to check convergence...f(u, N, dt, f_u, flags, dt) : : gx = 6.07618e-10 < 1.72513e-08
The residual is decreasing if we take this AC-Newton step.

Taking best step and continuing Newton iteration.
L2Norm(G(x)) == 6.07618e-10
rx           == 1.846e-19
L2Norm(dxN)  == 2.08958e-06
L2Norm(dxOpt)== 2.08958e-06
========================================================
Newton iteration number 4
Current state of Newton iteration:
   fcount_newton   == 16
   fcount_optimiza == 4
   L2Norm(x)       == 0.00816236
   L2Norm(dxN)     == 2.08958e-06
   L2Norm(dxOpt)   == 2.08958e-06
   L2Dist(x,x0)    == 0.00148243
gx == L2Norm(G(x)) : 
   initial  gx == 1.76118e-05
   previous gx == 1.72513e-08
   current  gx == 6.07618e-10
rx == 1/2 L2Norm2(G(x)) : 
   initial  rx == 1.55089e-10
   previous rx == 1.48803e-16
   current  rx == 1.846e-19
         delta == 0.01
Newt,GMRES == 4,0, f(u, N, dt, f_u, flags, dt) :  res == 0.961532
Newt,GMRES == 4,1, f(u, N, dt, f_u, flags, dt) :  res == 0.220934
Newt,GMRES == 4,2, f(u, N, dt, f_u, flags, dt) :  res == 0.199149
Newt,GMRES == 4,3, f(u, N, dt, f_u, flags, dt) :  res == 0.039419
GMRES converged. Breaking.
Hookstep optimization is currently not implemented with Arclength Continuation.
Optimized Newton algorithm with AC: Computing residual to check convergence...f(u, N, dt, f_u, flags, dt) : : gx = 2.40344e-11 < 6.07618e-10
The residual is decreasing if we take this AC-Newton step.

Taking best step and continuing Newton iteration.
L2Norm(G(x)) == 2.40344e-11
rx           == 2.88827e-22
L2Norm(dxN)  == 8.36227e-08
L2Norm(dxOpt)== 8.36227e-08
========================================================
Newton iteration number 5
Current state of Newton iteration:
   fcount_newton   == 20
   fcount_optimiza == 5
   L2Norm(x)       == 0.00816237
   L2Norm(dxN)     == 8.36227e-08
   L2Norm(dxOpt)   == 8.36227e-08
   L2Dist(x,x0)    == 0.00148242
gx == L2Norm(G(x)) : 
   initial  gx == 1.76118e-05
   previous gx == 6.07618e-10
   current  gx == 2.40344e-11
rx == 1/2 L2Norm2(G(x)) : 
   initial  rx == 1.55089e-10
   previous rx == 1.846e-19
   current  rx == 2.88827e-22
         delta == 0.01
Newt,GMRES == 5,0, f(u, N, dt, f_u, flags, dt) :  res == 0.964869
Newt,GMRES == 5,1, f(u, N, dt, f_u, flags, dt) :  res == 0.252851
Newt,GMRES == 5,2, f(u, N, dt, f_u, flags, dt) :  res == 0.202131
Newt,GMRES == 5,3, f(u, N, dt, f_u, flags, dt) :  res == 0.0415824
GMRES converged. Breaking.
Hookstep optimization is currently not implemented with Arclength Continuation.
Optimized Newton algorithm with AC: Computing residual to check convergence...f(u, N, dt, f_u, flags, dt) : : gx = 1.64789e-12 < 2.40344e-11
The residual is decreasing if we take this AC-Newton step.

Taking best step and continuing Newton iteration.
L2Norm(G(x)) == 1.64789e-12
rx           == 1.35777e-24
L2Norm(dxN)  == 3.01692e-09
L2Norm(dxOpt)== 3.01692e-09
========================================================
Newton iteration number 6
Current state of Newton iteration:
   fcount_newton   == 24
   fcount_optimiza == 6
   L2Norm(x)       == 0.00816237
   L2Norm(dxN)     == 3.01692e-09
   L2Norm(dxOpt)   == 3.01692e-09
   L2Dist(x,x0)    == 0.00148242
gx == L2Norm(G(x)) : 
   initial  gx == 1.76118e-05
   previous gx == 2.40344e-11
   current  gx == 1.64789e-12
rx == 1/2 L2Norm2(G(x)) : 
   initial  rx == 1.55089e-10
   previous rx == 2.88827e-22
   current  rx == 1.35777e-24
         delta == 0.01
Newton search converged. Breaking.
L2Norm(G(x)) == 1.64789e-12 < epsSearch == 1e-11
