f(u, N, dt, f_u, flags, dt) : f(u, N, dt, f_u, flags, dt) : Computing G(x)
f(u, N, dt, f_u, flags, dt) : 
========================================================
Newton iteration number 0
Current state of Newton iteration:
   fcount_newton   == 1
   fcount_optimiza == 0
   L2Norm(x)       == 0.0230177
   L2Norm(dxN)     == 0
   L2Norm(dxOpt)   == 0
   L2Dist(x,x0)    == 0
gx == L2Norm(G(x)) : 
   initial  gx == 5.95465e-06
   previous gx == 5.95465e-06
   current  gx == 5.95465e-06
rx == 1/2 L2Norm2(G(x)) : 
   initial  rx == 1.77289e-11
   previous rx == 1.77289e-11
   current  rx == 1.77289e-11
         delta == 0.01
Newt,GMRES == 0,0, f(u, N, dt, f_u, flags, dt) :  res == 0.999124
Newt,GMRES == 0,1, f(u, N, dt, f_u, flags, dt) :  res == 0.196525
Newt,GMRES == 0,2, f(u, N, dt, f_u, flags, dt) :  res == 0.189787
Newt,GMRES == 0,3, f(u, N, dt, f_u, flags, dt) :  res == 0.0778428
GMRES converged. Breaking.
Hookstep optimization is currently not implemented with Arclength Continuation.
Optimized Newton algorithm with AC: Computing residual to check convergence...f(u, N, dt, f_u, flags, dt) : : gx = 6.08474e-07 < 5.95465e-06
The residual is decreasing if we take this AC-Newton step.

Taking best step and continuing Newton iteration.
L2Norm(G(x)) == 6.08474e-07
rx           == 1.8512e-13
L2Norm(dxN)  == 0.000779447
L2Norm(dxOpt)== 0.000779447
========================================================
Newton iteration number 1
Current state of Newton iteration:
   fcount_newton   == 5
   fcount_optimiza == 1
   L2Norm(x)       == 0.0223553
   L2Norm(dxN)     == 0.000779447
   L2Norm(dxOpt)   == 0.000779447
   L2Dist(x,x0)    == 0.00077947
gx == L2Norm(G(x)) : 
   initial  gx == 5.95465e-06
   previous gx == 5.95465e-06
   current  gx == 6.08474e-07
rx == 1/2 L2Norm2(G(x)) : 
   initial  rx == 1.77289e-11
   previous rx == 1.77289e-11
   current  rx == 1.8512e-13
         delta == 0.01
Newt,GMRES == 1,0, f(u, N, dt, f_u, flags, dt) :  res == 0.999602
Newt,GMRES == 1,1, f(u, N, dt, f_u, flags, dt) :  res == 0.774108
Newt,GMRES == 1,2, f(u, N, dt, f_u, flags, dt) :  res == 0.766236
Newt,GMRES == 1,3, f(u, N, dt, f_u, flags, dt) :  res == 0.7129
Newt,GMRES == 1,4, f(u, N, dt, f_u, flags, dt) :  res == 0.236588
Newt,GMRES == 1,5, f(u, N, dt, f_u, flags, dt) :  res == 0.151374
Newt,GMRES == 1,6, f(u, N, dt, f_u, flags, dt) :  res == 0.144808
Newt,GMRES == 1,7, f(u, N, dt, f_u, flags, dt) :  res == 0.0435585
GMRES converged. Breaking.
Hookstep optimization is currently not implemented with Arclength Continuation.
Optimized Newton algorithm with AC: Computing residual to check convergence...f(u, N, dt, f_u, flags, dt) : : gx = 6.7839e-06 > 6.08474e-07
The error is increasing if we take the Newton step. Newton step optimization leaves step size correction to arclength continuation.
