f(u, N, dt, f_u, flags, dt) : Computing G(x)
f(u, N, dt, f_u, flags, dt) : 
========================================================
Newton iteration number 0
Current state of Newton iteration:
   fcount_newton   == 1
   fcount_optimiza == 0
   L2Norm(x)       == 0.00322304
   L2Norm(dxN)     == 0
   L2Norm(dxOpt)   == 0
   L2Dist(x,x0)    == 0
gx == L2Norm(G(x)) : 
   initial  gx == 1.00095e-05
   previous gx == 1.00095e-05
   current  gx == 1.00095e-05
rx == 1/2 L2Norm2(G(x)) : 
   initial  rx == 5.00954e-11
   previous rx == 5.00954e-11
   current  rx == 5.00954e-11
         delta == 0.01
Newt,GMRES == 0,0, f(u, N, dt, f_u, flags, dt) :  res == 0.510782
Newt,GMRES == 0,1, f(u, N, dt, f_u, flags, dt) :  res == 0.510633
Newt,GMRES == 0,2, f(u, N, dt, f_u, flags, dt) : 