f(u, N, dt, f_u, flags, dt) : f(u, N, dt, f_u, flags, dt) : Computing G(x)
f(u, N, dt, f_u, flags, dt) : 
========================================================
Newton iteration number 0
Current state of Newton iteration:
   fcount_newton   == 1
   fcount_optimiza == 0
   L2Norm(x)       == 0.224787
   L2Norm(dxN)     == 0
   L2Norm(dxOpt)   == 0
   L2Dist(x,x0)    == 0
gx == L2Norm(G(x)) : 
   initial  gx == 7.86638e-08
   previous gx == 7.86638e-08
   current  gx == 7.86638e-08
rx == 1/2 L2Norm2(G(x)) : 
   initial  rx == 3.094e-15
   previous rx == 3.094e-15
   current  rx == 3.094e-15
         delta == 0.01
Newt,GMRES == 0,0, f(u, N, dt, f_u, flags, dt) :  res == 0.55258
Newt,GMRES == 0,1, f(u, N, dt, f_u, flags, dt) :  res == 0.0546707
Newt,GMRES == 0,2, f(u, N, dt, f_u, flags, dt) :  res == 0.000750181
GMRES converged. Breaking.
Hookstep optimization is currently not implemented with Arclength Continuation.
Optimized Newton algorithm with AC: Computing residual to check convergence...f(u, N, dt, f_u, flags, dt) : : gx = 3.13238e-10 < 7.86638e-08
The residual is decreasing if we take this AC-Newton step.

Taking best step and continuing Newton iteration.
L2Norm(G(x)) == 3.13238e-10
rx           == 4.90589e-20
L2Norm(dxN)  == 9.86547e-06
L2Norm(dxOpt)== 9.86547e-06
========================================================
Newton iteration number 1
Current state of Newton iteration:
   fcount_newton   == 4
   fcount_optimiza == 1
   L2Norm(x)       == 0.224791
   L2Norm(dxN)     == 9.86547e-06
   L2Norm(dxOpt)   == 9.86547e-06
   L2Dist(x,x0)    == 9.86547e-06
gx == L2Norm(G(x)) : 
   initial  gx == 7.86638e-08
   previous gx == 7.86638e-08
   current  gx == 3.13238e-10
rx == 1/2 L2Norm2(G(x)) : 
   initial  rx == 3.094e-15
   previous rx == 3.094e-15
   current  rx == 4.90589e-20
         delta == 0.01
Newt,GMRES == 1,0, f(u, N, dt, f_u, flags, dt) :  res == 0.543131
Newt,GMRES == 1,1, f(u, N, dt, f_u, flags, dt) :  res == 0.0621255
Newt,GMRES == 1,2, f(u, N, dt, f_u, flags, dt) :  res == 0.0029257
Newt,GMRES == 1,3, f(u, N, dt, f_u, flags, dt) :  res == 1.40548e-08
GMRES converged. Breaking.
Hookstep optimization is currently not implemented with Arclength Continuation.
Optimized Newton algorithm with AC: Computing residual to check convergence...f(u, N, dt, f_u, flags, dt) : : gx = 4.93708e-12 < 3.13238e-10
The residual is decreasing if we take this AC-Newton step.

Taking best step and continuing Newton iteration.
L2Norm(G(x)) == 4.93708e-12
rx           == 1.21874e-23
L2Norm(dxN)  == 4.10978e-08
L2Norm(dxOpt)== 4.10978e-08
========================================================
Newton iteration number 2
Current state of Newton iteration:
   fcount_newton   == 8
   fcount_optimiza == 2
   L2Norm(x)       == 0.224791
   L2Norm(dxN)     == 4.10978e-08
   L2Norm(dxOpt)   == 4.10978e-08
   L2Dist(x,x0)    == 9.9041e-06
gx == L2Norm(G(x)) : 
   initial  gx == 7.86638e-08
   previous gx == 3.13238e-10
   current  gx == 4.93708e-12
rx == 1/2 L2Norm2(G(x)) : 
   initial  rx == 3.094e-15
   previous rx == 4.90589e-20
   current  rx == 1.21874e-23
         delta == 0.01
Newton search converged. Breaking.
L2Norm(G(x)) == 4.93708e-12 < epsSearch == 1e-11
