f(u, N, dt, f_u, flags, dt) : Computing G(x)
f(u, N, dt, f_u, flags, dt) : 
========================================================
Newton iteration number 0
Current state of Newton iteration:
   fcount_newton   == 1
   fcount_optimiza == 0
   L2Norm(x)       == 0.0107196
   L2Norm(dxN)     == 0
   L2Norm(dxOpt)   == 0
   L2Dist(x,x0)    == 0
gx == L2Norm(G(x)) : 
   initial  gx == 2.60902e-07
   previous gx == 2.60902e-07
   current  gx == 2.60902e-07
rx == 1/2 L2Norm2(G(x)) : 
   initial  rx == 3.40348e-14
   previous rx == 3.40348e-14
   current  rx == 3.40348e-14
         delta == 0.01
Newt,GMRES == 0,0, f(u, N, dt, f_u, flags, dt) :  res == 0.999887
Newt,GMRES == 0,1, f(u, N, dt, f_u, flags, dt) :  res == 0.969834
Newt,GMRES == 0,2, f(u, N, dt, f_u, flags, dt) :  res == 0.59815
Newt,GMRES == 0,3, f(u, N, dt, f_u, flags, dt) :  res == 0.0748756
GMRES converged. Breaking.
Hookstep optimization is currently not implemented with Arclength Continuation.
Optimized Newton algorithm with AC: Computing residual to check convergence...f(u, N, dt, f_u, flags, dt) : : gx = 2.43806e-07 < 2.60902e-07
The residual is decreasing if we take this AC-Newton step.

Taking best step and continuing Newton iteration.
L2Norm(G(x)) == 2.43806e-07
rx           == 2.97206e-14
L2Norm(dxN)  == 0.000350787
L2Norm(dxOpt)== 0.000350787
========================================================
Newton iteration number 1
Current state of Newton iteration:
   fcount_newton   == 5
   fcount_optimiza == 1
   L2Norm(x)       == 0.0110598
   L2Norm(dxN)     == 0.000350787
   L2Norm(dxOpt)   == 0.000350787
   L2Dist(x,x0)    == 0.000350787
gx == L2Norm(G(x)) : 
   initial  gx == 2.60902e-07
   previous gx == 2.60902e-07
   current  gx == 2.43806e-07
rx == 1/2 L2Norm2(G(x)) : 
   initial  rx == 3.40348e-14
   previous rx == 3.40348e-14
   current  rx == 2.97206e-14
         delta == 0.01
Newt,GMRES == 1,0, f(u, N, dt, f_u, flags, dt) :  res == 0.999592
Newt,GMRES == 1,1, f(u, N, dt, f_u, flags, dt) :  res == 0.728089
Newt,GMRES == 1,2, f(u, N, dt, f_u, flags, dt) :  res == 0.631561
Newt,GMRES == 1,3, f(u, N, dt, f_u, flags, dt) :  res == 0.119713
Newt,GMRES == 1,4, f(u, N, dt, f_u, flags, dt) :  res == 0.0148072
GMRES converged. Breaking.
Hookstep optimization is currently not implemented with Arclength Continuation.
Optimized Newton algorithm with AC: Computing residual to check convergence...f(u, N, dt, f_u, flags, dt) : : gx = 4.03161e-07 > 2.43806e-07
The error is increasing if we take the Newton step. Newton step optimization leaves step size correction to arclength continuation.
