f(u, N, dt, f_u, flags, dt) : f(u, N, dt, f_u, flags, dt) : Computing G(x)
f(u, N, dt, f_u, flags, dt) : 
========================================================
Newton iteration number 0
Current state of Newton iteration:
   fcount_newton   == 1
   fcount_optimiza == 0
   L2Norm(x)       == 0.0524151
   L2Norm(dxN)     == 0
   L2Norm(dxOpt)   == 0
   L2Dist(x,x0)    == 0
gx == L2Norm(G(x)) : 
   initial  gx == 3.99193e-06
   previous gx == 3.99193e-06
   current  gx == 3.99193e-06
rx == 1/2 L2Norm2(G(x)) : 
   initial  rx == 7.96777e-12
   previous rx == 7.96777e-12
   current  rx == 7.96777e-12
         delta == 0.01
Newt,GMRES == 0,0, f(u, N, dt, f_u, flags, dt) :  res == 0.982132
Newt,GMRES == 0,1, f(u, N, dt, f_u, flags, dt) :  res == 0.0185042
Newt,GMRES == 0,2, f(u, N, dt, f_u, flags, dt) :  res == 0.000122555
GMRES converged. Breaking.
Hookstep optimization is currently not implemented with Arclength Continuation.
Optimized Newton algorithm with AC: Computing residual to check convergence...f(u, N, dt, f_u, flags, dt) : : gx = 4.74259e-08 < 3.99193e-06
The residual is decreasing if we take this AC-Newton step.

Taking best step and continuing Newton iteration.
L2Norm(G(x)) == 4.74259e-08
rx           == 1.12461e-15
L2Norm(dxN)  == 0.00060334
L2Norm(dxOpt)== 0.00060334
========================================================
Newton iteration number 1
Current state of Newton iteration:
   fcount_newton   == 4
   fcount_optimiza == 1
   L2Norm(x)       == 0.0518186
   L2Norm(dxN)     == 0.00060334
   L2Norm(dxOpt)   == 0.00060334
   L2Dist(x,x0)    == 0.00060334
gx == L2Norm(G(x)) : 
   initial  gx == 3.99193e-06
   previous gx == 3.99193e-06
   current  gx == 4.74259e-08
rx == 1/2 L2Norm2(G(x)) : 
   initial  rx == 7.96777e-12
   previous rx == 7.96777e-12
   current  rx == 1.12461e-15
         delta == 0.01
Newt,GMRES == 1,0, f(u, N, dt, f_u, flags, dt) :  res == 0.987535
Newt,GMRES == 1,1, f(u, N, dt, f_u, flags, dt) :  res == 0.0275851
Newt,GMRES == 1,2, f(u, N, dt, f_u, flags, dt) :  res == 0.00133582
Newt,GMRES == 1,3, f(u, N, dt, f_u, flags, dt) :  res == 1.57913e-10
GMRES converged. Breaking.
Hookstep optimization is currently not implemented with Arclength Continuation.
Optimized Newton algorithm with AC: Computing residual to check convergence...f(u, N, dt, f_u, flags, dt) : : gx = 5.60827e-11 < 4.74259e-08
The residual is decreasing if we take this AC-Newton step.

Taking best step and continuing Newton iteration.
L2Norm(G(x)) == 5.60827e-11
rx           == 1.57263e-21
L2Norm(dxN)  == 7.35871e-06
L2Norm(dxOpt)== 7.35871e-06
========================================================
Newton iteration number 2
Current state of Newton iteration:
   fcount_newton   == 8
   fcount_optimiza == 2
   L2Norm(x)       == 0.0518113
   L2Norm(dxN)     == 7.35871e-06
   L2Norm(dxOpt)   == 7.35871e-06
   L2Dist(x,x0)    == 0.000610687
gx == L2Norm(G(x)) : 
   initial  gx == 3.99193e-06
   previous gx == 4.74259e-08
   current  gx == 5.60827e-11
rx == 1/2 L2Norm2(G(x)) : 
   initial  rx == 7.96777e-12
   previous rx == 1.12461e-15
   current  rx == 1.57263e-21
         delta == 0.01
Newt,GMRES == 2,0, f(u, N, dt, f_u, flags, dt) :  res == 0.985658
Newt,GMRES == 2,1, f(u, N, dt, f_u, flags, dt) :  res == 0.0988342
Newt,GMRES == 2,2, f(u, N, dt, f_u, flags, dt) :  res == 0.000209578
GMRES converged. Breaking.
Hookstep optimization is currently not implemented with Arclength Continuation.
Optimized Newton algorithm with AC: Computing residual to check convergence...f(u, N, dt, f_u, flags, dt) : : gx = 1.31939e-12 < 5.60827e-11
The residual is decreasing if we take this AC-Newton step.

Taking best step and continuing Newton iteration.
L2Norm(G(x)) == 1.31939e-12
rx           == 8.7039e-25
L2Norm(dxN)  == 8.54769e-09
L2Norm(dxOpt)== 8.54769e-09
========================================================
Newton iteration number 3
Current state of Newton iteration:
   fcount_newton   == 11
   fcount_optimiza == 3
   L2Norm(x)       == 0.0518113
   L2Norm(dxN)     == 8.54769e-09
   L2Norm(dxOpt)   == 8.54769e-09
   L2Dist(x,x0)    == 0.000610695
gx == L2Norm(G(x)) : 
   initial  gx == 3.99193e-06
   previous gx == 5.60827e-11
   current  gx == 1.31939e-12
rx == 1/2 L2Norm2(G(x)) : 
   initial  rx == 7.96777e-12
   previous rx == 1.57263e-21
   current  rx == 8.7039e-25
         delta == 0.01
Newton search converged. Breaking.
L2Norm(G(x)) == 1.31939e-12 < epsSearch == 1e-11
