f(u, N, dt, f_u, flags, dt) : f(u, N, dt, f_u, flags, dt) : Computing G(x)
f(u, N, dt, f_u, flags, dt) : 
========================================================
Newton iteration number 0
Current state of Newton iteration:
   fcount_newton   == 1
   fcount_optimiza == 0
   L2Norm(x)       == 0.00974067
   L2Norm(dxN)     == 0
   L2Norm(dxOpt)   == 0
   L2Dist(x,x0)    == 0
gx == L2Norm(G(x)) : 
   initial  gx == 6.37924e-07
   previous gx == 6.37924e-07
   current  gx == 6.37924e-07
rx == 1/2 L2Norm2(G(x)) : 
   initial  rx == 2.03474e-13
   previous rx == 2.03474e-13
   current  rx == 2.03474e-13
         delta == 0.01
Newt,GMRES == 0,0, f(u, N, dt, f_u, flags, dt) :  res == 0.989863
Newt,GMRES == 0,1, f(u, N, dt, f_u, flags, dt) :  res == 0.973217
Newt,GMRES == 0,2, f(u, N, dt, f_u, flags, dt) :  res == 0.163492
Newt,GMRES == 0,3, f(u, N, dt, f_u, flags, dt) :  res == 0.0186938
GMRES converged. Breaking.
Hookstep optimization is currently not implemented with Arclength Continuation.
Optimized Newton algorithm with AC: Computing residual to check convergence...f(u, N, dt, f_u, flags, dt) : : gx = 2.26538e-08 < 6.37924e-07
The residual is decreasing if we take this AC-Newton step.

Taking best step and continuing Newton iteration.
L2Norm(G(x)) == 2.26538e-08
rx           == 2.56597e-16
L2Norm(dxN)  == 8.64482e-05
L2Norm(dxOpt)== 8.64482e-05
========================================================
Newton iteration number 1
Current state of Newton iteration:
   fcount_newton   == 5
   fcount_optimiza == 1
   L2Norm(x)       == 0.00966283
   L2Norm(dxN)     == 8.64482e-05
   L2Norm(dxOpt)   == 8.64482e-05
   L2Dist(x,x0)    == 8.64482e-05
gx == L2Norm(G(x)) : 
   initial  gx == 6.37924e-07
   previous gx == 6.37924e-07
   current  gx == 2.26538e-08
rx == 1/2 L2Norm2(G(x)) : 
   initial  rx == 2.03474e-13
   previous rx == 2.03474e-13
   current  rx == 2.56597e-16
         delta == 0.01
Newt,GMRES == 1,0, f(u, N, dt, f_u, flags, dt) :  res == 0.925792
Newt,GMRES == 1,1, f(u, N, dt, f_u, flags, dt) :  res == 0.869779
Newt,GMRES == 1,2, f(u, N, dt, f_u, flags, dt) :  res == 0.101558
Newt,GMRES == 1,3, f(u, N, dt, f_u, flags, dt) :  res == 0.0139679
GMRES converged. Breaking.
Hookstep optimization is currently not implemented with Arclength Continuation.
Optimized Newton algorithm with AC: Computing residual to check convergence...f(u, N, dt, f_u, flags, dt) : : gx = 3.14743e-10 < 2.26538e-08
The residual is decreasing if we take this AC-Newton step.

Taking best step and continuing Newton iteration.
L2Norm(G(x)) == 3.14743e-10
rx           == 4.95315e-20
L2Norm(dxN)  == 3.32551e-06
L2Norm(dxOpt)== 3.32551e-06
========================================================
Newton iteration number 2
Current state of Newton iteration:
   fcount_newton   == 9
   fcount_optimiza == 2
   L2Norm(x)       == 0.00966584
   L2Norm(dxN)     == 3.32551e-06
   L2Norm(dxOpt)   == 3.32551e-06
   L2Dist(x,x0)    == 8.38477e-05
gx == L2Norm(G(x)) : 
   initial  gx == 6.37924e-07
   previous gx == 2.26538e-08
   current  gx == 3.14743e-10
rx == 1/2 L2Norm2(G(x)) : 
   initial  rx == 2.03474e-13
   previous rx == 2.56597e-16
   current  rx == 4.95315e-20
         delta == 0.01
Newt,GMRES == 2,0, f(u, N, dt, f_u, flags, dt) :  res == 0.712713
Newt,GMRES == 2,1, f(u, N, dt, f_u, flags, dt) :  res == 0.271004
Newt,GMRES == 2,2, f(u, N, dt, f_u, flags, dt) :  res == 0.267521
Newt,GMRES == 2,3, f(u, N, dt, f_u, flags, dt) :  res == 0.046741
GMRES converged. Breaking.
Hookstep optimization is currently not implemented with Arclength Continuation.
Optimized Newton algorithm with AC: Computing residual to check convergence...f(u, N, dt, f_u, flags, dt) : : gx = 1.4744e-11 < 3.14743e-10
The residual is decreasing if we take this AC-Newton step.

Taking best step and continuing Newton iteration.
L2Norm(G(x)) == 1.4744e-11
rx           == 1.08693e-22
L2Norm(dxN)  == 4.29951e-08
L2Norm(dxOpt)== 4.29951e-08
========================================================
Newton iteration number 3
Current state of Newton iteration:
   fcount_newton   == 13
   fcount_optimiza == 3
   L2Norm(x)       == 0.00966584
   L2Norm(dxN)     == 4.29951e-08
   L2Norm(dxOpt)   == 4.29951e-08
   L2Dist(x,x0)    == 8.38586e-05
gx == L2Norm(G(x)) : 
   initial  gx == 6.37924e-07
   previous gx == 3.14743e-10
   current  gx == 1.4744e-11
rx == 1/2 L2Norm2(G(x)) : 
   initial  rx == 2.03474e-13
   previous rx == 4.95315e-20
   current  rx == 1.08693e-22
         delta == 0.01
Newt,GMRES == 3,0, f(u, N, dt, f_u, flags, dt) :  res == 0.816875
Newt,GMRES == 3,1, f(u, N, dt, f_u, flags, dt) :  res == 0.289656
Newt,GMRES == 3,2, f(u, N, dt, f_u, flags, dt) :  res == 0.254444
Newt,GMRES == 3,3, f(u, N, dt, f_u, flags, dt) :  res == 0.0662939
GMRES converged. Breaking.
Hookstep optimization is currently not implemented with Arclength Continuation.
Optimized Newton algorithm with AC: Computing residual to check convergence...f(u, N, dt, f_u, flags, dt) : : gx = 1.25308e-12 < 1.4744e-11
The residual is decreasing if we take this AC-Newton step.

Taking best step and continuing Newton iteration.
L2Norm(G(x)) == 1.25308e-12
rx           == 7.85099e-25
L2Norm(dxN)  == 1.85958e-09
L2Norm(dxOpt)== 1.85958e-09
========================================================
Newton iteration number 4
Current state of Newton iteration:
   fcount_newton   == 17
   fcount_optimiza == 4
   L2Norm(x)       == 0.00966584
   L2Norm(dxN)     == 1.85958e-09
   L2Norm(dxOpt)   == 1.85958e-09
   L2Dist(x,x0)    == 8.38586e-05
gx == L2Norm(G(x)) : 
   initial  gx == 6.37924e-07
   previous gx == 1.4744e-11
   current  gx == 1.25308e-12
rx == 1/2 L2Norm2(G(x)) : 
   initial  rx == 2.03474e-13
   previous rx == 1.08693e-22
   current  rx == 7.85099e-25
         delta == 0.01
Newton search converged. Breaking.
L2Norm(G(x)) == 1.25308e-12 < epsSearch == 1e-11
