f(u, N, dt, f_u, flags, dt) : f(u, N, dt, f_u, flags, dt) : Computing G(x)
f(u, N, dt, f_u, flags, dt) : 
========================================================
Newton iteration number 0
Current state of Newton iteration:
   fcount_newton   == 1
   fcount_optimiza == 0
   L2Norm(x)       == 0.00873756
   L2Norm(dxN)     == 0
   L2Norm(dxOpt)   == 0
   L2Dist(x,x0)    == 0
gx == L2Norm(G(x)) : 
   initial  gx == 7.68947e-09
   previous gx == 7.68947e-09
   current  gx == 7.68947e-09
rx == 1/2 L2Norm2(G(x)) : 
   initial  rx == 2.9564e-17
   previous rx == 2.9564e-17
   current  rx == 2.9564e-17
         delta == 0.01
Newt,GMRES == 0,0, f(u, N, dt, f_u, flags, dt) :  res == 0.574223
Newt,GMRES == 0,1, f(u, N, dt, f_u, flags, dt) :  res == 0.130612
Newt,GMRES == 0,2, f(u, N, dt, f_u, flags, dt) :  res == 0.0248553
GMRES converged. Breaking.
Hookstep optimization is currently not implemented with Arclength Continuation.
Optimized Newton algorithm with AC: Computing residual to check convergence...f(u, N, dt, f_u, flags, dt) : : gx = 1.92046e-10 < 7.68947e-09
The residual is decreasing if we take this AC-Newton step.

Taking best step and continuing Newton iteration.
L2Norm(G(x)) == 1.92046e-10
rx           == 1.84409e-20
L2Norm(dxN)  == 5.54679e-07
L2Norm(dxOpt)== 5.54679e-07
========================================================
Newton iteration number 1
Current state of Newton iteration:
   fcount_newton   == 4
   fcount_optimiza == 1
   L2Norm(x)       == 0.0087381
   L2Norm(dxN)     == 5.54679e-07
   L2Norm(dxOpt)   == 5.54679e-07
   L2Dist(x,x0)    == 5.54679e-07
gx == L2Norm(G(x)) : 
   initial  gx == 7.68947e-09
   previous gx == 7.68947e-09
   current  gx == 1.92046e-10
rx == 1/2 L2Norm2(G(x)) : 
   initial  rx == 2.9564e-17
   previous rx == 2.9564e-17
   current  rx == 1.84409e-20
         delta == 0.01
Newt,GMRES == 1,0, f(u, N, dt, f_u, flags, dt) :  res == 0.35704
Newt,GMRES == 1,1, f(u, N, dt, f_u, flags, dt) :  res == 0.296883
Newt,GMRES == 1,2, f(u, N, dt, f_u, flags, dt) :  res == 0.288895
Newt,GMRES == 1,3, f(u, N, dt, f_u, flags, dt) :  res == 0.0200392
GMRES converged. Breaking.
Hookstep optimization is currently not implemented with Arclength Continuation.
Optimized Newton algorithm with AC: Computing residual to check convergence...f(u, N, dt, f_u, flags, dt) : : gx = 4.42994e-12 < 1.92046e-10
The residual is decreasing if we take this AC-Newton step.

Taking best step and continuing Newton iteration.
L2Norm(G(x)) == 4.42994e-12
rx           == 9.81218e-24
L2Norm(dxN)  == 2.55883e-08
L2Norm(dxOpt)== 2.55883e-08
========================================================
Newton iteration number 2
Current state of Newton iteration:
   fcount_newton   == 8
   fcount_optimiza == 2
   L2Norm(x)       == 0.0087381
   L2Norm(dxN)     == 2.55883e-08
   L2Norm(dxOpt)   == 2.55883e-08
   L2Dist(x,x0)    == 5.57527e-07
gx == L2Norm(G(x)) : 
   initial  gx == 7.68947e-09
   previous gx == 1.92046e-10
   current  gx == 4.42994e-12
rx == 1/2 L2Norm2(G(x)) : 
   initial  rx == 2.9564e-17
   previous rx == 1.84409e-20
   current  rx == 9.81218e-24
         delta == 0.01
Newton search converged. Breaking.
L2Norm(G(x)) == 4.42994e-12 < epsSearch == 1e-11
