f(u, N, dt, f_u, flags, dt) : f(u, N, dt, f_u, flags, dt) : Computing G(x)
f(u, N, dt, f_u, flags, dt) : 
========================================================
Newton iteration number 0
Current state of Newton iteration:
   fcount_newton   == 1
   fcount_optimiza == 0
   L2Norm(x)       == 0.00840344
   L2Norm(dxN)     == 0
   L2Norm(dxOpt)   == 0
   L2Dist(x,x0)    == 0
gx == L2Norm(G(x)) : 
   initial  gx == 1.70804e-05
   previous gx == 1.70804e-05
   current  gx == 1.70804e-05
rx == 1/2 L2Norm2(G(x)) : 
   initial  rx == 1.45871e-10
   previous rx == 1.45871e-10
   current  rx == 1.45871e-10
         delta == 0.01
Newt,GMRES == 0,0, f(u, N, dt, f_u, flags, dt) :  res == 0.997089
Newt,GMRES == 0,1, f(u, N, dt, f_u, flags, dt) :  res == 0.551898
Newt,GMRES == 0,2, f(u, N, dt, f_u, flags, dt) :  res == 0.0949324
GMRES converged. Breaking.
Hookstep optimization is currently not implemented with Arclength Continuation.
Optimized Newton algorithm with AC: Computing residual to check convergence...f(u, N, dt, f_u, flags, dt) : : gx = 3.95418e-06 < 1.70804e-05
The residual is decreasing if we take this AC-Newton step.

Taking best step and continuing Newton iteration.
L2Norm(G(x)) == 3.95418e-06
rx           == 7.81776e-12
L2Norm(dxN)  == 0.001108
L2Norm(dxOpt)== 0.001108
========================================================
Newton iteration number 1
Current state of Newton iteration:
   fcount_newton   == 4
   fcount_optimiza == 1
   L2Norm(x)       == 0.00741266
   L2Norm(dxN)     == 0.001108
   L2Norm(dxOpt)   == 0.001108
   L2Dist(x,x0)    == 0.00110802
gx == L2Norm(G(x)) : 
   initial  gx == 1.70804e-05
   previous gx == 1.70804e-05
   current  gx == 3.95418e-06
rx == 1/2 L2Norm2(G(x)) : 
   initial  rx == 1.45871e-10
   previous rx == 1.45871e-10
   current  rx == 7.81776e-12
         delta == 0.01
Newt,GMRES == 1,0, f(u, N, dt, f_u, flags, dt) :  res == 0.990599
Newt,GMRES == 1,1, f(u, N, dt, f_u, flags, dt) :  res == 0.317741
Newt,GMRES == 1,2, f(u, N, dt, f_u, flags, dt) :  res == 0.0519587
GMRES converged. Breaking.
Hookstep optimization is currently not implemented with Arclength Continuation.
Optimized Newton algorithm with AC: Computing residual to check convergence...f(u, N, dt, f_u, flags, dt) : : gx = 2.13579e-07 < 3.95418e-06
The residual is decreasing if we take this AC-Newton step.

Taking best step and continuing Newton iteration.
L2Norm(G(x)) == 2.13579e-07
rx           == 2.28079e-14
L2Norm(dxN)  == 0.000214769
L2Norm(dxOpt)== 0.000214769
========================================================
Newton iteration number 2
Current state of Newton iteration:
   fcount_newton   == 7
   fcount_optimiza == 2
   L2Norm(x)       == 0.00756234
   L2Norm(dxN)     == 0.000214769
   L2Norm(dxOpt)   == 0.000214769
   L2Dist(x,x0)    == 0.00101999
gx == L2Norm(G(x)) : 
   initial  gx == 1.70804e-05
   previous gx == 3.95418e-06
   current  gx == 2.13579e-07
rx == 1/2 L2Norm2(G(x)) : 
   initial  rx == 1.45871e-10
   previous rx == 7.81776e-12
   current  rx == 2.28079e-14
         delta == 0.01
Newt,GMRES == 2,0, f(u, N, dt, f_u, flags, dt) :  res == 0.977127
Newt,GMRES == 2,1, f(u, N, dt, f_u, flags, dt) :  res == 0.58663
Newt,GMRES == 2,2, f(u, N, dt, f_u, flags, dt) :  res == 0.306358
Newt,GMRES == 2,3, f(u, N, dt, f_u, flags, dt) :  res == 0.0391394
GMRES converged. Breaking.
Hookstep optimization is currently not implemented with Arclength Continuation.
Optimized Newton algorithm with AC: Computing residual to check convergence...f(u, N, dt, f_u, flags, dt) : : gx = 8.30313e-09 < 2.13579e-07
The residual is decreasing if we take this AC-Newton step.

Taking best step and continuing Newton iteration.
L2Norm(G(x)) == 8.30313e-09
rx           == 3.44709e-17
L2Norm(dxN)  == 3.08322e-05
L2Norm(dxOpt)== 3.08322e-05
========================================================
Newton iteration number 3
Current state of Newton iteration:
   fcount_newton   == 11
   fcount_optimiza == 3
   L2Norm(x)       == 0.00755584
   L2Norm(dxN)     == 3.08322e-05
   L2Norm(dxOpt)   == 3.08322e-05
   L2Dist(x,x0)    == 0.00102821
gx == L2Norm(G(x)) : 
   initial  gx == 1.70804e-05
   previous gx == 2.13579e-07
   current  gx == 8.30313e-09
rx == 1/2 L2Norm2(G(x)) : 
   initial  rx == 1.45871e-10
   previous rx == 2.28079e-14
   current  rx == 3.44709e-17
         delta == 0.01
Newt,GMRES == 3,0, f(u, N, dt, f_u, flags, dt) :  res == 0.964634
Newt,GMRES == 3,1, f(u, N, dt, f_u, flags, dt) :  res == 0.413923
Newt,GMRES == 3,2, f(u, N, dt, f_u, flags, dt) :  res == 0.236323
Newt,GMRES == 3,3, f(u, N, dt, f_u, flags, dt) :  res == 0.0507206
GMRES converged. Breaking.
Hookstep optimization is currently not implemented with Arclength Continuation.
Optimized Newton algorithm with AC: Computing residual to check convergence...f(u, N, dt, f_u, flags, dt) : : gx = 4.2041e-10 < 8.30313e-09
The residual is decreasing if we take this AC-Newton step.

Taking best step and continuing Newton iteration.
L2Norm(G(x)) == 4.2041e-10
rx           == 8.83723e-20
L2Norm(dxN)  == 1.08422e-06
L2Norm(dxOpt)== 1.08422e-06
========================================================
Newton iteration number 4
Current state of Newton iteration:
   fcount_newton   == 15
   fcount_optimiza == 4
   L2Norm(x)       == 0.00755572
   L2Norm(dxN)     == 1.08422e-06
   L2Norm(dxOpt)   == 1.08422e-06
   L2Dist(x,x0)    == 0.00102854
gx == L2Norm(G(x)) : 
   initial  gx == 1.70804e-05
   previous gx == 8.30313e-09
   current  gx == 4.2041e-10
rx == 1/2 L2Norm2(G(x)) : 
   initial  rx == 1.45871e-10
   previous rx == 3.44709e-17
   current  rx == 8.83723e-20
         delta == 0.01
Newt,GMRES == 4,0, f(u, N, dt, f_u, flags, dt) :  res == 0.975612
Newt,GMRES == 4,1, f(u, N, dt, f_u, flags, dt) :  res == 0.281989
Newt,GMRES == 4,2, f(u, N, dt, f_u, flags, dt) :  res == 0.281918
Newt,GMRES == 4,3, f(u, N, dt, f_u, flags, dt) :  res == 0.0589258
GMRES converged. Breaking.
Hookstep optimization is currently not implemented with Arclength Continuation.
Optimized Newton algorithm with AC: Computing residual to check convergence...f(u, N, dt, f_u, flags, dt) : : gx = 2.53303e-11 < 4.2041e-10
The residual is decreasing if we take this AC-Newton step.

Taking best step and continuing Newton iteration.
L2Norm(G(x)) == 2.53303e-11
rx           == 3.20812e-22
L2Norm(dxN)  == 6.21174e-08
L2Norm(dxOpt)== 6.21174e-08
========================================================
Newton iteration number 5
Current state of Newton iteration:
   fcount_newton   == 19
   fcount_optimiza == 5
   L2Norm(x)       == 0.00755571
   L2Norm(dxN)     == 6.21174e-08
   L2Norm(dxOpt)   == 6.21174e-08
   L2Dist(x,x0)    == 0.00102854
gx == L2Norm(G(x)) : 
   initial  gx == 1.70804e-05
   previous gx == 4.2041e-10
   current  gx == 2.53303e-11
rx == 1/2 L2Norm2(G(x)) : 
   initial  rx == 1.45871e-10
   previous rx == 8.83723e-20
   current  rx == 3.20812e-22
         delta == 0.01
Newt,GMRES == 5,0, f(u, N, dt, f_u, flags, dt) :  res == 0.995037
Newt,GMRES == 5,1, f(u, N, dt, f_u, flags, dt) :  res == 0.764933
Newt,GMRES == 5,2, f(u, N, dt, f_u, flags, dt) :  res == 0.262128
Newt,GMRES == 5,3, f(u, N, dt, f_u, flags, dt) :  res == 0.0639184
GMRES converged. Breaking.
Hookstep optimization is currently not implemented with Arclength Continuation.
Optimized Newton algorithm with AC: Computing residual to check convergence...f(u, N, dt, f_u, flags, dt) : : gx = 1.7511e-12 < 2.53303e-11
The residual is decreasing if we take this AC-Newton step.

Taking best step and continuing Newton iteration.
L2Norm(G(x)) == 1.7511e-12
rx           == 1.53317e-24
L2Norm(dxN)  == 3.43438e-09
L2Norm(dxOpt)== 3.43438e-09
========================================================
Newton iteration number 6
Current state of Newton iteration:
   fcount_newton   == 23
   fcount_optimiza == 6
   L2Norm(x)       == 0.00755571
   L2Norm(dxN)     == 3.43438e-09
   L2Norm(dxOpt)   == 3.43438e-09
   L2Dist(x,x0)    == 0.00102854
gx == L2Norm(G(x)) : 
   initial  gx == 1.70804e-05
   previous gx == 2.53303e-11
   current  gx == 1.7511e-12
rx == 1/2 L2Norm2(G(x)) : 
   initial  rx == 1.45871e-10
   previous rx == 3.20812e-22
   current  rx == 1.53317e-24
         delta == 0.01
Newton search converged. Breaking.
L2Norm(G(x)) == 1.7511e-12 < epsSearch == 1e-11
