f(u, N, dt, f_u, flags, dt) : f(u, N, dt, f_u, flags, dt) : Computing G(x)
f(u, N, dt, f_u, flags, dt) : 
========================================================
Newton iteration number 0
Current state of Newton iteration:
   fcount_newton   == 1
   fcount_optimiza == 0
   L2Norm(x)       == 0.0104604
   L2Norm(dxN)     == 0
   L2Norm(dxOpt)   == 0
   L2Dist(x,x0)    == 0
gx == L2Norm(G(x)) : 
   initial  gx == 2.0069e-07
   previous gx == 2.0069e-07
   current  gx == 2.0069e-07
rx == 1/2 L2Norm2(G(x)) : 
   initial  rx == 2.01383e-14
   previous rx == 2.01383e-14
   current  rx == 2.01383e-14
         delta == 0.01
Newt,GMRES == 0,0, f(u, N, dt, f_u, flags, dt) :  res == 0.999999
Newt,GMRES == 0,1, f(u, N, dt, f_u, flags, dt) :  res == 0.99575
Newt,GMRES == 0,2, f(u, N, dt, f_u, flags, dt) :  res == 0.407312
Newt,GMRES == 0,3, f(u, N, dt, f_u, flags, dt) :  res == 0.0542733
GMRES converged. Breaking.
Hookstep optimization is currently not implemented with Arclength Continuation.
Optimized Newton algorithm with AC: Computing residual to check convergence...f(u, N, dt, f_u, flags, dt) : : gx = 2.72328e-08 < 2.0069e-07
The residual is decreasing if we take this AC-Newton step.

Taking best step and continuing Newton iteration.
L2Norm(G(x)) == 2.72328e-08
rx           == 3.70812e-16
L2Norm(dxN)  == 9.87365e-05
L2Norm(dxOpt)== 9.87365e-05
========================================================
Newton iteration number 1
Current state of Newton iteration:
   fcount_newton   == 5
   fcount_optimiza == 1
   L2Norm(x)       == 0.010556
   L2Norm(dxN)     == 9.87365e-05
   L2Norm(dxOpt)   == 9.87365e-05
   L2Dist(x,x0)    == 9.87371e-05
gx == L2Norm(G(x)) : 
   initial  gx == 2.0069e-07
   previous gx == 2.0069e-07
   current  gx == 2.72328e-08
rx == 1/2 L2Norm2(G(x)) : 
   initial  rx == 2.01383e-14
   previous rx == 2.01383e-14
   current  rx == 3.70812e-16
         delta == 0.01
Newt,GMRES == 1,0, f(u, N, dt, f_u, flags, dt) :  res == 0.999943
Newt,GMRES == 1,1, f(u, N, dt, f_u, flags, dt) :  res == 0.893614
Newt,GMRES == 1,2, f(u, N, dt, f_u, flags, dt) :  res == 0.647856
Newt,GMRES == 1,3, f(u, N, dt, f_u, flags, dt) :  res == 0.0830345
GMRES converged. Breaking.
Hookstep optimization is currently not implemented with Arclength Continuation.
Optimized Newton algorithm with AC: Computing residual to check convergence...f(u, N, dt, f_u, flags, dt) : : gx = 2.38539e-09 < 2.72328e-08
The residual is decreasing if we take this AC-Newton step.

Taking best step and continuing Newton iteration.
L2Norm(G(x)) == 2.38539e-09
rx           == 2.84504e-18
L2Norm(dxN)  == 1.54616e-05
L2Norm(dxOpt)== 1.54616e-05
========================================================
Newton iteration number 2
Current state of Newton iteration:
   fcount_newton   == 9
   fcount_optimiza == 2
   L2Norm(x)       == 0.0105707
   L2Norm(dxN)     == 1.54616e-05
   L2Norm(dxOpt)   == 1.54616e-05
   L2Dist(x,x0)    == 0.000113993
gx == L2Norm(G(x)) : 
   initial  gx == 2.0069e-07
   previous gx == 2.72328e-08
   current  gx == 2.38539e-09
rx == 1/2 L2Norm2(G(x)) : 
   initial  rx == 2.01383e-14
   previous rx == 3.70812e-16
   current  rx == 2.84504e-18
         delta == 0.01
Newt,GMRES == 2,0, f(u, N, dt, f_u, flags, dt) :  res == 0.984753
Newt,GMRES == 2,1, f(u, N, dt, f_u, flags, dt) :  res == 0.28856
Newt,GMRES == 2,2, f(u, N, dt, f_u, flags, dt) :  res == 0.281101
Newt,GMRES == 2,3, f(u, N, dt, f_u, flags, dt) :  res == 0.161197
Newt,GMRES == 2,4, f(u, N, dt, f_u, flags, dt) :  res == 0.026054
GMRES converged. Breaking.
Hookstep optimization is currently not implemented with Arclength Continuation.
Optimized Newton algorithm with AC: Computing residual to check convergence...f(u, N, dt, f_u, flags, dt) : : gx = 6.25959e-11 < 2.38539e-09
The residual is decreasing if we take this AC-Newton step.

Taking best step and continuing Newton iteration.
L2Norm(G(x)) == 6.25959e-11
rx           == 1.95912e-21
L2Norm(dxN)  == 4.92916e-07
L2Norm(dxOpt)== 4.92916e-07
========================================================
Newton iteration number 3
Current state of Newton iteration:
   fcount_newton   == 14
   fcount_optimiza == 3
   L2Norm(x)       == 0.0105711
   L2Norm(dxN)     == 4.92916e-07
   L2Norm(dxOpt)   == 4.92916e-07
   L2Dist(x,x0)    == 0.000114412
gx == L2Norm(G(x)) : 
   initial  gx == 2.0069e-07
   previous gx == 2.38539e-09
   current  gx == 6.25959e-11
rx == 1/2 L2Norm2(G(x)) : 
   initial  rx == 2.01383e-14
   previous rx == 2.84504e-18
   current  rx == 1.95912e-21
         delta == 0.01
Newt,GMRES == 3,0, f(u, N, dt, f_u, flags, dt) :  res == 0.978112
Newt,GMRES == 3,1, f(u, N, dt, f_u, flags, dt) :  res == 0.258011
Newt,GMRES == 3,2, f(u, N, dt, f_u, flags, dt) :  res == 0.124952
Newt,GMRES == 3,3, f(u, N, dt, f_u, flags, dt) :  res == 0.119951
Newt,GMRES == 3,4, f(u, N, dt, f_u, flags, dt) :  res == 0.0334852
GMRES converged. Breaking.
Hookstep optimization is currently not implemented with Arclength Continuation.
Optimized Newton algorithm with AC: Computing residual to check convergence...f(u, N, dt, f_u, flags, dt) : : gx = 1.99586e-12 < 6.25959e-11
The residual is decreasing if we take this AC-Newton step.

Taking best step and continuing Newton iteration.
L2Norm(G(x)) == 1.99586e-12
rx           == 1.99173e-24
L2Norm(dxN)  == 1.08558e-08
L2Norm(dxOpt)== 1.08558e-08
========================================================
Newton iteration number 4
Current state of Newton iteration:
   fcount_newton   == 19
   fcount_optimiza == 4
   L2Norm(x)       == 0.0105711
   L2Norm(dxN)     == 1.08558e-08
   L2Norm(dxOpt)   == 1.08558e-08
   L2Dist(x,x0)    == 0.000114415
gx == L2Norm(G(x)) : 
   initial  gx == 2.0069e-07
   previous gx == 6.25959e-11
   current  gx == 1.99586e-12
rx == 1/2 L2Norm2(G(x)) : 
   initial  rx == 2.01383e-14
   previous rx == 1.95912e-21
   current  rx == 1.99173e-24
         delta == 0.01
Newton search converged. Breaking.
L2Norm(G(x)) == 1.99586e-12 < epsSearch == 1e-11
