f(u, N, dt, f_u, flags, dt) : f(u, N, dt, f_u, flags, dt) : Computing G(x)
f(u, N, dt, f_u, flags, dt) : 
========================================================
Newton iteration number 0
Current state of Newton iteration:
   fcount_newton   == 1
   fcount_optimiza == 0
   L2Norm(x)       == 0.0114667
   L2Norm(dxN)     == 0
   L2Norm(dxOpt)   == 0
   L2Dist(x,x0)    == 0
gx == L2Norm(G(x)) : 
   initial  gx == 1.46059e-06
   previous gx == 1.46059e-06
   current  gx == 1.46059e-06
rx == 1/2 L2Norm2(G(x)) : 
   initial  rx == 1.06667e-12
   previous rx == 1.06667e-12
   current  rx == 1.06667e-12
         delta == 0.01
Newt,GMRES == 0,0, f(u, N, dt, f_u, flags, dt) :  res == 0.998943
Newt,GMRES == 0,1, f(u, N, dt, f_u, flags, dt) :  res == 0.576252
Newt,GMRES == 0,2, f(u, N, dt, f_u, flags, dt) :  res == 0.309374
Newt,GMRES == 0,3, f(u, N, dt, f_u, flags, dt) :  res == 0.0424707
GMRES converged. Breaking.
Hookstep optimization is currently not implemented with Arclength Continuation.
Optimized Newton algorithm with AC: Computing residual to check convergence...f(u, N, dt, f_u, flags, dt) : : gx = 1.19211e-06 < 1.46059e-06
The residual is decreasing if we take this AC-Newton step.

Taking best step and continuing Newton iteration.
L2Norm(G(x)) == 1.19211e-06
rx           == 7.10559e-13
L2Norm(dxN)  == 0.00087813
L2Norm(dxOpt)== 0.00087813
========================================================
Newton iteration number 1
Current state of Newton iteration:
   fcount_newton   == 5
   fcount_optimiza == 1
   L2Norm(x)       == 0.0106225
   L2Norm(dxN)     == 0.00087813
   L2Norm(dxOpt)   == 0.00087813
   L2Dist(x,x0)    == 0.00087813
gx == L2Norm(G(x)) : 
   initial  gx == 1.46059e-06
   previous gx == 1.46059e-06
   current  gx == 1.19211e-06
rx == 1/2 L2Norm2(G(x)) : 
   initial  rx == 1.06667e-12
   previous rx == 1.06667e-12
   current  rx == 7.10559e-13
         delta == 0.01
Newt,GMRES == 1,0, f(u, N, dt, f_u, flags, dt) :  res == 0.929978
Newt,GMRES == 1,1, f(u, N, dt, f_u, flags, dt) :  res == 0.925164
Newt,GMRES == 1,2, f(u, N, dt, f_u, flags, dt) :  res == 0.52349
Newt,GMRES == 1,3, f(u, N, dt, f_u, flags, dt) :  res == 0.0661832
GMRES converged. Breaking.
Hookstep optimization is currently not implemented with Arclength Continuation.
Optimized Newton algorithm with AC: Computing residual to check convergence...f(u, N, dt, f_u, flags, dt) : : gx = 1.78302e-06 > 1.19211e-06
The error is increasing if we take the Newton step. Newton step optimization leaves step size correction to arclength continuation.
