f(u, N, dt, f_u, flags, dt) : f(u, N, dt, f_u, flags, dt) : Computing G(x)
f(u, N, dt, f_u, flags, dt) : 
========================================================
Newton iteration number 0
Current state of Newton iteration:
   fcount_newton   == 1
   fcount_optimiza == 0
   L2Norm(x)       == 0.223899
   L2Norm(dxN)     == 0
   L2Norm(dxOpt)   == 0
   L2Dist(x,x0)    == 0
gx == L2Norm(G(x)) : 
   initial  gx == 3.69798e-08
   previous gx == 3.69798e-08
   current  gx == 3.69798e-08
rx == 1/2 L2Norm2(G(x)) : 
   initial  rx == 6.83754e-16
   previous rx == 6.83754e-16
   current  rx == 6.83754e-16
         delta == 0.01
Newt,GMRES == 0,0, f(u, N, dt, f_u, flags, dt) :  res == 0.481898
Newt,GMRES == 0,1, f(u, N, dt, f_u, flags, dt) :  res == 0.0592118
Newt,GMRES == 0,2, f(u, N, dt, f_u, flags, dt) :  res == 0.000601053
GMRES converged. Breaking.
Hookstep optimization is currently not implemented with Arclength Continuation.
Optimized Newton algorithm with AC: Computing residual to check convergence...f(u, N, dt, f_u, flags, dt) : : gx = 3.57352e-10 < 3.69798e-08
The residual is decreasing if we take this AC-Newton step.

Taking best step and continuing Newton iteration.
L2Norm(G(x)) == 3.57352e-10
rx           == 6.38503e-20
L2Norm(dxN)  == 4.34505e-06
L2Norm(dxOpt)== 4.34505e-06
========================================================
Newton iteration number 1
Current state of Newton iteration:
   fcount_newton   == 4
   fcount_optimiza == 1
   L2Norm(x)       == 0.2239
   L2Norm(dxN)     == 4.34505e-06
   L2Norm(dxOpt)   == 4.34505e-06
   L2Dist(x,x0)    == 4.34505e-06
gx == L2Norm(G(x)) : 
   initial  gx == 3.69798e-08
   previous gx == 3.69798e-08
   current  gx == 3.57352e-10
rx == 1/2 L2Norm2(G(x)) : 
   initial  rx == 6.83754e-16
   previous rx == 6.83754e-16
   current  rx == 6.38503e-20
         delta == 0.01
Newt,GMRES == 1,0, f(u, N, dt, f_u, flags, dt) :  res == 0.337594
Newt,GMRES == 1,1, f(u, N, dt, f_u, flags, dt) :  res == 0.0322883
Newt,GMRES == 1,2, f(u, N, dt, f_u, flags, dt) :  res == 0.00172904
Newt,GMRES == 1,3, f(u, N, dt, f_u, flags, dt) :  res == 2.91215e-09
GMRES converged. Breaking.
Hookstep optimization is currently not implemented with Arclength Continuation.
Optimized Newton algorithm with AC: Computing residual to check convergence...f(u, N, dt, f_u, flags, dt) : : gx = 1.34797e-11 < 3.57352e-10
The residual is decreasing if we take this AC-Newton step.

Taking best step and continuing Newton iteration.
L2Norm(G(x)) == 1.34797e-11
rx           == 9.08506e-23
L2Norm(dxN)  == 4.48485e-08
L2Norm(dxOpt)== 4.48485e-08
========================================================
Newton iteration number 2
Current state of Newton iteration:
   fcount_newton   == 8
   fcount_optimiza == 2
   L2Norm(x)       == 0.2239
   L2Norm(dxN)     == 4.48485e-08
   L2Norm(dxOpt)   == 4.48485e-08
   L2Dist(x,x0)    == 4.31938e-06
gx == L2Norm(G(x)) : 
   initial  gx == 3.69798e-08
   previous gx == 3.57352e-10
   current  gx == 1.34797e-11
rx == 1/2 L2Norm2(G(x)) : 
   initial  rx == 6.83754e-16
   previous rx == 6.38503e-20
   current  rx == 9.08506e-23
         delta == 0.01
Newt,GMRES == 2,0, f(u, N, dt, f_u, flags, dt) :  res == 0.513449
Newt,GMRES == 2,1, f(u, N, dt, f_u, flags, dt) :  res == 0.0407468
Newt,GMRES == 2,2, f(u, N, dt, f_u, flags, dt) :  res == 5.25011e-07
GMRES converged. Breaking.
Hookstep optimization is currently not implemented with Arclength Continuation.
Optimized Newton algorithm with AC: Computing residual to check convergence...f(u, N, dt, f_u, flags, dt) : : gx = 1.93402e-12 < 1.34797e-11
The residual is decreasing if we take this AC-Newton step.

Taking best step and continuing Newton iteration.
L2Norm(G(x)) == 1.93402e-12
rx           == 1.87021e-24
L2Norm(dxN)  == 1.73339e-09
L2Norm(dxOpt)== 1.73339e-09
========================================================
Newton iteration number 3
Current state of Newton iteration:
   fcount_newton   == 11
   fcount_optimiza == 3
   L2Norm(x)       == 0.2239
   L2Norm(dxN)     == 1.73339e-09
   L2Norm(dxOpt)   == 1.73339e-09
   L2Dist(x,x0)    == 4.31845e-06
gx == L2Norm(G(x)) : 
   initial  gx == 3.69798e-08
   previous gx == 1.34797e-11
   current  gx == 1.93402e-12
rx == 1/2 L2Norm2(G(x)) : 
   initial  rx == 6.83754e-16
   previous rx == 9.08506e-23
   current  rx == 1.87021e-24
         delta == 0.01
Newton search converged. Breaking.
L2Norm(G(x)) == 1.93402e-12 < epsSearch == 1e-11
