f(u, N, dt, f_u, flags, dt) : f(u, N, dt, f_u, flags, dt) : Computing G(x)
f(u, N, dt, f_u, flags, dt) : 
========================================================
Newton iteration number 0
Current state of Newton iteration:
   fcount_newton   == 1
   fcount_optimiza == 0
   L2Norm(x)       == 0.222223
   L2Norm(dxN)     == 0
   L2Norm(dxOpt)   == 0
   L2Dist(x,x0)    == 0
gx == L2Norm(G(x)) : 
   initial  gx == 1.29308e-08
   previous gx == 1.29308e-08
   current  gx == 1.29308e-08
rx == 1/2 L2Norm2(G(x)) : 
   initial  rx == 8.36026e-17
   previous rx == 8.36026e-17
   current  rx == 8.36026e-17
         delta == 0.01
Newt,GMRES == 0,0, f(u, N, dt, f_u, flags, dt) :  res == 0.401976
Newt,GMRES == 0,1, f(u, N, dt, f_u, flags, dt) :  res == 0.0431799
Newt,GMRES == 0,2, f(u, N, dt, f_u, flags, dt) :  res == 0.000470769
GMRES converged. Breaking.
Hookstep optimization is currently not implemented with Arclength Continuation.
Optimized Newton algorithm with AC: Computing residual to check convergence...f(u, N, dt, f_u, flags, dt) : : gx = 1.16094e-11 < 1.29308e-08
The residual is decreasing if we take this AC-Newton step.

Taking best step and continuing Newton iteration.
L2Norm(G(x)) == 1.16094e-11
rx           == 6.73889e-23
L2Norm(dxN)  == 1.4087e-06
L2Norm(dxOpt)== 1.4087e-06
========================================================
Newton iteration number 1
Current state of Newton iteration:
   fcount_newton   == 4
   fcount_optimiza == 1
   L2Norm(x)       == 0.222224
   L2Norm(dxN)     == 1.4087e-06
   L2Norm(dxOpt)   == 1.4087e-06
   L2Dist(x,x0)    == 1.4087e-06
gx == L2Norm(G(x)) : 
   initial  gx == 1.29308e-08
   previous gx == 1.29308e-08
   current  gx == 1.16094e-11
rx == 1/2 L2Norm2(G(x)) : 
   initial  rx == 8.36026e-17
   previous rx == 8.36026e-17
   current  rx == 6.73889e-23
         delta == 0.01
Newt,GMRES == 1,0, f(u, N, dt, f_u, flags, dt) :  res == 0.81099
Newt,GMRES == 1,1, f(u, N, dt, f_u, flags, dt) :  res == 0.0919594
Newt,GMRES == 1,2, f(u, N, dt, f_u, flags, dt) :  res == 0.00674999
Newt,GMRES == 1,3, f(u, N, dt, f_u, flags, dt) :  res == 1.45031e-08
GMRES converged. Breaking.
Hookstep optimization is currently not implemented with Arclength Continuation.
Optimized Newton algorithm with AC: Computing residual to check convergence...f(u, N, dt, f_u, flags, dt) : : gx = 1.77099e-13 < 1.16094e-11
The residual is decreasing if we take this AC-Newton step.

Taking best step and continuing Newton iteration.
L2Norm(G(x)) == 1.77099e-13
rx           == 1.5682e-26
L2Norm(dxN)  == 1.30994e-09
L2Norm(dxOpt)== 1.30994e-09
========================================================
Newton iteration number 2
Current state of Newton iteration:
   fcount_newton   == 8
   fcount_optimiza == 2
   L2Norm(x)       == 0.222224
   L2Norm(dxN)     == 1.30994e-09
   L2Norm(dxOpt)   == 1.30994e-09
   L2Dist(x,x0)    == 1.40979e-06
gx == L2Norm(G(x)) : 
   initial  gx == 1.29308e-08
   previous gx == 1.16094e-11
   current  gx == 1.77099e-13
rx == 1/2 L2Norm2(G(x)) : 
   initial  rx == 8.36026e-17
   previous rx == 6.73889e-23
   current  rx == 1.5682e-26
         delta == 0.01
Newton search converged. Breaking.
L2Norm(G(x)) == 1.77099e-13 < epsSearch == 1e-11
