f(u, N, dt, f_u, flags, dt) : Computing G(x)
f(u, N, dt, f_u, flags, dt) : 
========================================================
Newton iteration number 0
Current state of Newton iteration:
   fcount_newton   == 1
   fcount_optimiza == 0
   L2Norm(x)       == 0.024274
   L2Norm(dxN)     == 0
   L2Norm(dxOpt)   == 0
   L2Dist(x,x0)    == 0
gx == L2Norm(G(x)) : 
   initial  gx == 1.40516e-07
   previous gx == 1.40516e-07
   current  gx == 1.40516e-07
rx == 1/2 L2Norm2(G(x)) : 
   initial  rx == 9.87232e-15
   previous rx == 9.87232e-15
   current  rx == 9.87232e-15
         delta == 0.01
Newt,GMRES == 0,0, f(u, N, dt, f_u, flags, dt) :  res == 0.999991
Newt,GMRES == 0,1, f(u, N, dt, f_u, flags, dt) :  res == 0.877594
Newt,GMRES == 0,2, f(u, N, dt, f_u, flags, dt) :  res == 0.568474
Newt,GMRES == 0,3, f(u, N, dt, f_u, flags, dt) :  res == 0.202065
Newt,GMRES == 0,4, f(u, N, dt, f_u, flags, dt) :  res == 0.162925
Newt,GMRES == 0,5, f(u, N, dt, f_u, flags, dt) :  res == 0.0950478
GMRES converged. Breaking.
Hookstep optimization is currently not implemented with Arclength Continuation.
Optimized Newton algorithm with AC: Computing residual to check convergence...f(u, N, dt, f_u, flags, dt) : : gx = 9.17837e-08 < 1.40516e-07
The residual is decreasing if we take this AC-Newton step.

Taking best step and continuing Newton iteration.
L2Norm(G(x)) == 9.17837e-08
rx           == 4.21213e-15
L2Norm(dxN)  == 0.000270423
L2Norm(dxOpt)== 0.000270423
========================================================
Newton iteration number 1
Current state of Newton iteration:
   fcount_newton   == 7
   fcount_optimiza == 1
   L2Norm(x)       == 0.0241028
   L2Norm(dxN)     == 0.000270423
   L2Norm(dxOpt)   == 0.000270423
   L2Dist(x,x0)    == 0.000270437
gx == L2Norm(G(x)) : 
   initial  gx == 1.40516e-07
   previous gx == 1.40516e-07
   current  gx == 9.17837e-08
rx == 1/2 L2Norm2(G(x)) : 
   initial  rx == 9.87232e-15
   previous rx == 9.87232e-15
   current  rx == 4.21213e-15
         delta == 0.01
Newt,GMRES == 1,0, f(u, N, dt, f_u, flags, dt) :  res == 0.999987
Newt,GMRES == 1,1, f(u, N, dt, f_u, flags, dt) :  res == 0.982241
Newt,GMRES == 1,2, f(u, N, dt, f_u, flags, dt) :  res == 0.979768
Newt,GMRES == 1,3, f(u, N, dt, f_u, flags, dt) :  res == 0.961909
Newt,GMRES == 1,4, f(u, N, dt, f_u, flags, dt) :  res == 0.956853
Newt,GMRES == 1,5, f(u, N, dt, f_u, flags, dt) :  res == 0.950241
Newt,GMRES == 1,6, f(u, N, dt, f_u, flags, dt) :  res == 0.949878
Newt,GMRES == 1,7, f(u, N, dt, f_u, flags, dt) :  res == 0.891231
Newt,GMRES == 1,8, f(u, N, dt, f_u, flags, dt) :  res == 0.234263
Newt,GMRES == 1,9, f(u, N, dt, f_u, flags, dt) :  res == 0.178329
Newt,GMRES == 1,10, f(u, N, dt, f_u, flags, dt) :  res == 0.17597
Newt,GMRES == 1,11, f(u, N, dt, f_u, flags, dt) :  res == 0.092922
GMRES converged. Breaking.
Hookstep optimization is currently not implemented with Arclength Continuation.
Optimized Newton algorithm with AC: Computing residual to check convergence...f(u, N, dt, f_u, flags, dt) : : gx = 5.48609e-07 > 9.17837e-08
The error is increasing if we take the Newton step. Newton step optimization leaves step size correction to arclength continuation.
