f(u, N, dt, f_u, flags, dt) : f(u, N, dt, f_u, flags, dt) : Computing G(x)
f(u, N, dt, f_u, flags, dt) : 
========================================================
Newton iteration number 0
Current state of Newton iteration:
   fcount_newton   == 1
   fcount_optimiza == 0
   L2Norm(x)       == 0.00831526
   L2Norm(dxN)     == 0
   L2Norm(dxOpt)   == 0
   L2Dist(x,x0)    == 0
gx == L2Norm(G(x)) : 
   initial  gx == 3.9057e-09
   previous gx == 3.9057e-09
   current  gx == 3.9057e-09
rx == 1/2 L2Norm2(G(x)) : 
   initial  rx == 7.62723e-18
   previous rx == 7.62723e-18
   current  rx == 7.62723e-18
         delta == 0.01
Newt,GMRES == 0,0, f(u, N, dt, f_u, flags, dt) :  res == 0.419599
Newt,GMRES == 0,1, f(u, N, dt, f_u, flags, dt) :  res == 0.0895151
GMRES converged. Breaking.
Hookstep optimization is currently not implemented with Arclength Continuation.
Optimized Newton algorithm with AC: Computing residual to check convergence...f(u, N, dt, f_u, flags, dt) : : gx = 3.49589e-10 < 3.9057e-09
The residual is decreasing if we take this AC-Newton step.

Taking best step and continuing Newton iteration.
L2Norm(G(x)) == 3.49589e-10
rx           == 6.11063e-20
L2Norm(dxN)  == 2.21216e-07
L2Norm(dxOpt)== 2.21216e-07
========================================================
Newton iteration number 1
Current state of Newton iteration:
   fcount_newton   == 3
   fcount_optimiza == 1
   L2Norm(x)       == 0.00831548
   L2Norm(dxN)     == 2.21216e-07
   L2Norm(dxOpt)   == 2.21216e-07
   L2Dist(x,x0)    == 2.21216e-07
gx == L2Norm(G(x)) : 
   initial  gx == 3.9057e-09
   previous gx == 3.9057e-09
   current  gx == 3.49589e-10
rx == 1/2 L2Norm2(G(x)) : 
   initial  rx == 7.62723e-18
   previous rx == 7.62723e-18
   current  rx == 6.11063e-20
         delta == 0.01
Newt,GMRES == 1,0, f(u, N, dt, f_u, flags, dt) :  res == 0.270453
Newt,GMRES == 1,1, f(u, N, dt, f_u, flags, dt) :  res == 0.230237
Newt,GMRES == 1,2, f(u, N, dt, f_u, flags, dt) :  res == 0.22533
Newt,GMRES == 1,3, f(u, N, dt, f_u, flags, dt) :  res == 0.0339894
GMRES converged. Breaking.
Hookstep optimization is currently not implemented with Arclength Continuation.
Optimized Newton algorithm with AC: Computing residual to check convergence...f(u, N, dt, f_u, flags, dt) : : gx = 1.27045e-11 < 3.49589e-10
The residual is decreasing if we take this AC-Newton step.

Taking best step and continuing Newton iteration.
L2Norm(G(x)) == 1.27045e-11
rx           == 8.07027e-23
L2Norm(dxN)  == 4.87633e-08
L2Norm(dxOpt)== 4.87633e-08
========================================================
Newton iteration number 2
Current state of Newton iteration:
   fcount_newton   == 7
   fcount_optimiza == 2
   L2Norm(x)       == 0.00831548
   L2Norm(dxN)     == 4.87633e-08
   L2Norm(dxOpt)   == 4.87633e-08
   L2Dist(x,x0)    == 2.24806e-07
gx == L2Norm(G(x)) : 
   initial  gx == 3.9057e-09
   previous gx == 3.49589e-10
   current  gx == 1.27045e-11
rx == 1/2 L2Norm2(G(x)) : 
   initial  rx == 7.62723e-18
   previous rx == 6.11063e-20
   current  rx == 8.07027e-23
         delta == 0.01
Newt,GMRES == 2,0, f(u, N, dt, f_u, flags, dt) :  res == 0.894402
Newt,GMRES == 2,1, f(u, N, dt, f_u, flags, dt) :  res == 0.882713
Newt,GMRES == 2,2, f(u, N, dt, f_u, flags, dt) :  res == 0.217292
Newt,GMRES == 2,3, f(u, N, dt, f_u, flags, dt) :  res == 0.0498574
GMRES converged. Breaking.
Hookstep optimization is currently not implemented with Arclength Continuation.
Optimized Newton algorithm with AC: Computing residual to check convergence...f(u, N, dt, f_u, flags, dt) : : gx = 1.20328e-12 < 1.27045e-11
The residual is decreasing if we take this AC-Newton step.

Taking best step and continuing Newton iteration.
L2Norm(G(x)) == 1.20328e-12
rx           == 7.2394e-25
L2Norm(dxN)  == 1.62108e-09
L2Norm(dxOpt)== 1.62108e-09
========================================================
Newton iteration number 3
Current state of Newton iteration:
   fcount_newton   == 11
   fcount_optimiza == 3
   L2Norm(x)       == 0.00831548
   L2Norm(dxN)     == 1.62108e-09
   L2Norm(dxOpt)   == 1.62108e-09
   L2Dist(x,x0)    == 2.25098e-07
gx == L2Norm(G(x)) : 
   initial  gx == 3.9057e-09
   previous gx == 1.27045e-11
   current  gx == 1.20328e-12
rx == 1/2 L2Norm2(G(x)) : 
   initial  rx == 7.62723e-18
   previous rx == 8.07027e-23
   current  rx == 7.2394e-25
         delta == 0.01
Newton search converged. Breaking.
L2Norm(G(x)) == 1.20328e-12 < epsSearch == 1e-11
