f(u, N, dt, f_u, flags, dt) : f(u, N, dt, f_u, flags, dt) : Computing G(x)
f(u, N, dt, f_u, flags, dt) : 
========================================================
Newton iteration number 0
Current state of Newton iteration:
   fcount_newton   == 1
   fcount_optimiza == 0
   L2Norm(x)       == 0.19187
   L2Norm(dxN)     == 0
   L2Norm(dxOpt)   == 0
   L2Dist(x,x0)    == 0
gx == L2Norm(G(x)) : 
   initial  gx == 1.10944e-09
   previous gx == 1.10944e-09
   current  gx == 1.10944e-09
rx == 1/2 L2Norm2(G(x)) : 
   initial  rx == 6.15432e-19
   previous rx == 6.15432e-19
   current  rx == 6.15432e-19
         delta == 0.01
Newt,GMRES == 0,0, f(u, N, dt, f_u, flags, dt) :  res == 0.267104
Newt,GMRES == 0,1, f(u, N, dt, f_u, flags, dt) :  res == 0.0921222
Newt,GMRES == 0,2, f(u, N, dt, f_u, flags, dt) :  res == 3.04819e-05
GMRES converged. Breaking.
Hookstep optimization is currently not implemented with Arclength Continuation.
Optimized Newton algorithm with AC: Computing residual to check convergence...f(u, N, dt, f_u, flags, dt) : : gx = 4.75427e-12 < 1.10944e-09
The residual is decreasing if we take this AC-Newton step.

Taking best step and continuing Newton iteration.
L2Norm(G(x)) == 4.75427e-12
rx           == 1.13015e-23
L2Norm(dxN)  == 2.52383e-07
L2Norm(dxOpt)== 2.52383e-07
========================================================
Newton iteration number 1
Current state of Newton iteration:
   fcount_newton   == 4
   fcount_optimiza == 1
   L2Norm(x)       == 0.19187
   L2Norm(dxN)     == 2.52383e-07
   L2Norm(dxOpt)   == 2.52383e-07
   L2Dist(x,x0)    == 2.52383e-07
gx == L2Norm(G(x)) : 
   initial  gx == 1.10944e-09
   previous gx == 1.10944e-09
   current  gx == 4.75427e-12
rx == 1/2 L2Norm2(G(x)) : 
   initial  rx == 6.15432e-19
   previous rx == 6.15432e-19
   current  rx == 1.13015e-23
         delta == 0.01
Newton search converged. Breaking.
L2Norm(G(x)) == 4.75427e-12 < epsSearch == 1e-11
