f(u, N, dt, f_u, flags, dt) : f(u, N, dt, f_u, flags, dt) : Computing G(x)
f(u, N, dt, f_u, flags, dt) : 
========================================================
Newton iteration number 0
Current state of Newton iteration:
   fcount_newton   == 1
   fcount_optimiza == 0
   L2Norm(x)       == 0.0098054
   L2Norm(dxN)     == 0
   L2Norm(dxOpt)   == 0
   L2Dist(x,x0)    == 0
gx == L2Norm(G(x)) : 
   initial  gx == 6.14513e-06
   previous gx == 6.14513e-06
   current  gx == 6.14513e-06
rx == 1/2 L2Norm2(G(x)) : 
   initial  rx == 1.88813e-11
   previous rx == 1.88813e-11
   current  rx == 1.88813e-11
         delta == 0.01
Newt,GMRES == 0,0, f(u, N, dt, f_u, flags, dt) :  res == 0.993839
Newt,GMRES == 0,1, f(u, N, dt, f_u, flags, dt) :  res == 0.972253
Newt,GMRES == 0,2, f(u, N, dt, f_u, flags, dt) :  res == 0.187968
Newt,GMRES == 0,3, f(u, N, dt, f_u, flags, dt) :  res == 0.0239876
GMRES converged. Breaking.
Hookstep optimization is currently not implemented with Arclength Continuation.
Optimized Newton algorithm with AC: Computing residual to check convergence...f(u, N, dt, f_u, flags, dt) : : gx = 2.55029e-06 < 6.14513e-06
The residual is decreasing if we take this AC-Newton step.

Taking best step and continuing Newton iteration.
L2Norm(G(x)) == 2.55029e-06
rx           == 3.25199e-12
L2Norm(dxN)  == 0.000909369
L2Norm(dxOpt)== 0.000909369
========================================================
Newton iteration number 1
Current state of Newton iteration:
   fcount_newton   == 5
   fcount_optimiza == 1
   L2Norm(x)       == 0.00896463
   L2Norm(dxN)     == 0.000909369
   L2Norm(dxOpt)   == 0.000909369
   L2Dist(x,x0)    == 0.00090937
gx == L2Norm(G(x)) : 
   initial  gx == 6.14513e-06
   previous gx == 6.14513e-06
   current  gx == 2.55029e-06
rx == 1/2 L2Norm2(G(x)) : 
   initial  rx == 1.88813e-11
   previous rx == 1.88813e-11
   current  rx == 3.25199e-12
         delta == 0.01
Newt,GMRES == 1,0, f(u, N, dt, f_u, flags, dt) :  res == 0.932855
Newt,GMRES == 1,1, f(u, N, dt, f_u, flags, dt) :  res == 0.346424
Newt,GMRES == 1,2, f(u, N, dt, f_u, flags, dt) :  res == 0.0584451
GMRES converged. Breaking.
Hookstep optimization is currently not implemented with Arclength Continuation.
Optimized Newton algorithm with AC: Computing residual to check convergence...f(u, N, dt, f_u, flags, dt) : : gx = 2.4112e-07 < 2.55029e-06
The residual is decreasing if we take this AC-Newton step.

Taking best step and continuing Newton iteration.
L2Norm(G(x)) == 2.4112e-07
rx           == 2.90693e-14
L2Norm(dxN)  == 0.000219416
L2Norm(dxOpt)== 0.000219416
========================================================
Newton iteration number 2
Current state of Newton iteration:
   fcount_newton   == 8
   fcount_optimiza == 2
   L2Norm(x)       == 0.00917318
   L2Norm(dxN)     == 0.000219416
   L2Norm(dxOpt)   == 0.000219416
   L2Dist(x,x0)    == 0.000731457
gx == L2Norm(G(x)) : 
   initial  gx == 6.14513e-06
   previous gx == 2.55029e-06
   current  gx == 2.4112e-07
rx == 1/2 L2Norm2(G(x)) : 
   initial  rx == 1.88813e-11
   previous rx == 3.25199e-12
   current  rx == 2.90693e-14
         delta == 0.01
Newt,GMRES == 2,0, f(u, N, dt, f_u, flags, dt) :  res == 0.994789
Newt,GMRES == 2,1, f(u, N, dt, f_u, flags, dt) :  res == 0.9801
Newt,GMRES == 2,2, f(u, N, dt, f_u, flags, dt) :  res == 0.256392
Newt,GMRES == 2,3, f(u, N, dt, f_u, flags, dt) :  res == 0.0143828
GMRES converged. Breaking.
Hookstep optimization is currently not implemented with Arclength Continuation.
Optimized Newton algorithm with AC: Computing residual to check convergence...f(u, N, dt, f_u, flags, dt) : : gx = 3.64985e-09 < 2.4112e-07
The residual is decreasing if we take this AC-Newton step.

Taking best step and continuing Newton iteration.
L2Norm(G(x)) == 3.64985e-09
rx           == 6.66072e-18
L2Norm(dxN)  == 2.94006e-05
L2Norm(dxOpt)== 2.94006e-05
========================================================
Newton iteration number 3
Current state of Newton iteration:
   fcount_newton   == 12
   fcount_optimiza == 3
   L2Norm(x)       == 0.00919252
   L2Norm(dxN)     == 2.94006e-05
   L2Norm(dxOpt)   == 2.94006e-05
   L2Dist(x,x0)    == 0.000709917
gx == L2Norm(G(x)) : 
   initial  gx == 6.14513e-06
   previous gx == 2.4112e-07
   current  gx == 3.64985e-09
rx == 1/2 L2Norm2(G(x)) : 
   initial  rx == 1.88813e-11
   previous rx == 2.90693e-14
   current  rx == 6.66072e-18
         delta == 0.01
Newt,GMRES == 3,0, f(u, N, dt, f_u, flags, dt) :  res == 0.816778
Newt,GMRES == 3,1, f(u, N, dt, f_u, flags, dt) :  res == 0.459313
Newt,GMRES == 3,2, f(u, N, dt, f_u, flags, dt) :  res == 0.21107
Newt,GMRES == 3,3, f(u, N, dt, f_u, flags, dt) :  res == 0.0309947
GMRES converged. Breaking.
Hookstep optimization is currently not implemented with Arclength Continuation.
Optimized Newton algorithm with AC: Computing residual to check convergence...f(u, N, dt, f_u, flags, dt) : : gx = 1.12566e-10 < 3.64985e-09
The residual is decreasing if we take this AC-Newton step.

Taking best step and continuing Newton iteration.
L2Norm(G(x)) == 1.12566e-10
rx           == 6.33557e-21
L2Norm(dxN)  == 4.44373e-07
L2Norm(dxOpt)== 4.44373e-07
========================================================
Newton iteration number 4
Current state of Newton iteration:
   fcount_newton   == 16
   fcount_optimiza == 4
   L2Norm(x)       == 0.00919262
   L2Norm(dxN)     == 4.44373e-07
   L2Norm(dxOpt)   == 4.44373e-07
   L2Dist(x,x0)    == 0.000709748
gx == L2Norm(G(x)) : 
   initial  gx == 6.14513e-06
   previous gx == 3.64985e-09
   current  gx == 1.12566e-10
rx == 1/2 L2Norm2(G(x)) : 
   initial  rx == 1.88813e-11
   previous rx == 6.66072e-18
   current  rx == 6.33557e-21
         delta == 0.01
Newt,GMRES == 4,0, f(u, N, dt, f_u, flags, dt) :  res == 0.966028
Newt,GMRES == 4,1, f(u, N, dt, f_u, flags, dt) :  res == 0.212042
Newt,GMRES == 4,2, f(u, N, dt, f_u, flags, dt) :  res == 0.171856
Newt,GMRES == 4,3, f(u, N, dt, f_u, flags, dt) :  res == 0.0399626
GMRES converged. Breaking.
Hookstep optimization is currently not implemented with Arclength Continuation.
Optimized Newton algorithm with AC: Computing residual to check convergence...f(u, N, dt, f_u, flags, dt) : : gx = 4.62012e-12 < 1.12566e-10
The residual is decreasing if we take this AC-Newton step.

Taking best step and continuing Newton iteration.
L2Norm(G(x)) == 4.62012e-12
rx           == 1.06727e-23
L2Norm(dxN)  == 1.45892e-08
L2Norm(dxOpt)== 1.45892e-08
========================================================
Newton iteration number 5
Current state of Newton iteration:
   fcount_newton   == 20
   fcount_optimiza == 5
   L2Norm(x)       == 0.00919262
   L2Norm(dxN)     == 1.45892e-08
   L2Norm(dxOpt)   == 1.45892e-08
   L2Dist(x,x0)    == 0.000709744
gx == L2Norm(G(x)) : 
   initial  gx == 6.14513e-06
   previous gx == 1.12566e-10
   current  gx == 4.62012e-12
rx == 1/2 L2Norm2(G(x)) : 
   initial  rx == 1.88813e-11
   previous rx == 6.33557e-21
   current  rx == 1.06727e-23
         delta == 0.01
Newton search converged. Breaking.
L2Norm(G(x)) == 4.62012e-12 < epsSearch == 1e-11
