Computing G(x)
f(u, N, dt, f_u, flags, dt) : 
========================================================
Newton iteration number 0
Current state of Newton iteration:
   fcount_newton   == 1
   fcount_optimiza == 0
   L2Norm(x)       == 0.248482
   L2Norm(dxN)     == 0
   L2Norm(dxOpt)   == 0
   L2Dist(x,x0)    == 0
gx == L2Norm(G(x)) : 
   initial  gx == 3.64525e-15
   previous gx == 3.64525e-15
   current  gx == 3.64525e-15
rx == 1/2 L2Norm2(G(x)) : 
   initial  rx == 6.64391e-30
   previous rx == 6.64391e-30
   current  rx == 6.64391e-30
         delta == 0.01
Newton search converged. Breaking.
L2Norm(G(x)) == 3.64525e-15 < epsSearch == 1e-13
