f(u, N, dt, f_u, flags, dt) : f(u, N, dt, f_u, flags, dt) : Computing G(x)
f(u, N, dt, f_u, flags, dt) : 
========================================================
Newton iteration number 0
Current state of Newton iteration:
   fcount_newton   == 1
   fcount_optimiza == 0
   L2Norm(x)       == 0.206627
   L2Norm(dxN)     == 0
   L2Norm(dxOpt)   == 0
   L2Dist(x,x0)    == 0
gx == L2Norm(G(x)) : 
   initial  gx == 6.74237e-10
   previous gx == 6.74237e-10
   current  gx == 6.74237e-10
rx == 1/2 L2Norm2(G(x)) : 
   initial  rx == 2.27298e-19
   previous rx == 2.27298e-19
   current  rx == 2.27298e-19
         delta == 0.01
Newt,GMRES == 0,0, f(u, N, dt, f_u, flags, dt) :  res == 0.345125
Newt,GMRES == 0,1, f(u, N, dt, f_u, flags, dt) :  res == 0.294202
Newt,GMRES == 0,2, f(u, N, dt, f_u, flags, dt) :  res == 0.000153135
GMRES converged. Breaking.
Hookstep optimization is currently not implemented with Arclength Continuation.
Optimized Newton algorithm with AC: Computing residual to check convergence...f(u, N, dt, f_u, flags, dt) : : gx = 2.24408e-11 < 6.74237e-10
The residual is decreasing if we take this AC-Newton step.

Taking best step and continuing Newton iteration.
L2Norm(G(x)) == 2.24408e-11
rx           == 2.51795e-22
L2Norm(dxN)  == 1.07839e-07
L2Norm(dxOpt)== 1.07839e-07
========================================================
Newton iteration number 1
Current state of Newton iteration:
   fcount_newton   == 4
   fcount_optimiza == 1
   L2Norm(x)       == 0.206627
   L2Norm(dxN)     == 1.07839e-07
   L2Norm(dxOpt)   == 1.07839e-07
   L2Dist(x,x0)    == 1.07839e-07
gx == L2Norm(G(x)) : 
   initial  gx == 6.74237e-10
   previous gx == 6.74237e-10
   current  gx == 2.24408e-11
rx == 1/2 L2Norm2(G(x)) : 
   initial  rx == 2.27298e-19
   previous rx == 2.27298e-19
   current  rx == 2.51795e-22
         delta == 0.01
Newt,GMRES == 1,0, f(u, N, dt, f_u, flags, dt) :  res == 0.455476
Newt,GMRES == 1,1, f(u, N, dt, f_u, flags, dt) :  res == 0.00472189
Newt,GMRES == 1,2, f(u, N, dt, f_u, flags, dt) :  res == 5.76793e-06
GMRES converged. Breaking.
Hookstep optimization is currently not implemented with Arclength Continuation.
Optimized Newton algorithm with AC: Computing residual to check convergence...f(u, N, dt, f_u, flags, dt) : : gx = 6.02635e-12 < 2.24408e-11
The residual is decreasing if we take this AC-Newton step.

Taking best step and continuing Newton iteration.
L2Norm(G(x)) == 6.02635e-12
rx           == 1.81584e-23
L2Norm(dxN)  == 4.1687e-09
L2Norm(dxOpt)== 4.1687e-09
========================================================
Newton iteration number 2
Current state of Newton iteration:
   fcount_newton   == 7
   fcount_optimiza == 2
   L2Norm(x)       == 0.206627
   L2Norm(dxN)     == 4.1687e-09
   L2Norm(dxOpt)   == 4.1687e-09
   L2Dist(x,x0)    == 1.11739e-07
gx == L2Norm(G(x)) : 
   initial  gx == 6.74237e-10
   previous gx == 2.24408e-11
   current  gx == 6.02635e-12
rx == 1/2 L2Norm2(G(x)) : 
   initial  rx == 2.27298e-19
   previous rx == 2.51795e-22
   current  rx == 1.81584e-23
         delta == 0.01
Newton search converged. Breaking.
L2Norm(G(x)) == 6.02635e-12 < epsSearch == 1e-11
