f(u, N, dt, f_u, flags, dt) : f(u, N, dt, f_u, flags, dt) : Computing G(x)
f(u, N, dt, f_u, flags, dt) : 
========================================================
Newton iteration number 0
Current state of Newton iteration:
   fcount_newton   == 1
   fcount_optimiza == 0
   L2Norm(x)       == 0.192664
   L2Norm(dxN)     == 0
   L2Norm(dxOpt)   == 0
   L2Dist(x,x0)    == 0
gx == L2Norm(G(x)) : 
   initial  gx == 1.08082e-09
   previous gx == 1.08082e-09
   current  gx == 1.08082e-09
rx == 1/2 L2Norm2(G(x)) : 
   initial  rx == 5.84084e-19
   previous rx == 5.84084e-19
   current  rx == 5.84084e-19
         delta == 0.01
Newt,GMRES == 0,0, f(u, N, dt, f_u, flags, dt) :  res == 0.244549
Newt,GMRES == 0,1, f(u, N, dt, f_u, flags, dt) :  res == 0.0992776
Newt,GMRES == 0,2, f(u, N, dt, f_u, flags, dt) :  res == 2.8855e-05
GMRES converged. Breaking.
Hookstep optimization is currently not implemented with Arclength Continuation.
Optimized Newton algorithm with AC: Computing residual to check convergence...f(u, N, dt, f_u, flags, dt) : : gx = 5.13563e-12 < 1.08082e-09
The residual is decreasing if we take this AC-Newton step.

Taking best step and continuing Newton iteration.
L2Norm(G(x)) == 5.13563e-12
rx           == 1.31873e-23
L2Norm(dxN)  == 2.47541e-07
L2Norm(dxOpt)== 2.47541e-07
========================================================
Newton iteration number 1
Current state of Newton iteration:
   fcount_newton   == 4
   fcount_optimiza == 1
   L2Norm(x)       == 0.192664
   L2Norm(dxN)     == 2.47541e-07
   L2Norm(dxOpt)   == 2.47541e-07
   L2Dist(x,x0)    == 2.47541e-07
gx == L2Norm(G(x)) : 
   initial  gx == 1.08082e-09
   previous gx == 1.08082e-09
   current  gx == 5.13563e-12
rx == 1/2 L2Norm2(G(x)) : 
   initial  rx == 5.84084e-19
   previous rx == 5.84084e-19
   current  rx == 1.31873e-23
         delta == 0.01
Newton search converged. Breaking.
L2Norm(G(x)) == 5.13563e-12 < epsSearch == 1e-11
