f(u, N, dt, f_u, flags, dt) : f(u, N, dt, f_u, flags, dt) : Computing G(x)
f(u, N, dt, f_u, flags, dt) : 
========================================================
Newton iteration number 0
Current state of Newton iteration:
   fcount_newton   == 1
   fcount_optimiza == 0
   L2Norm(x)       == 0.0611576
   L2Norm(dxN)     == 0
   L2Norm(dxOpt)   == 0
   L2Dist(x,x0)    == 0
gx == L2Norm(G(x)) : 
   initial  gx == 5.17246e-07
   previous gx == 5.17246e-07
   current  gx == 5.17246e-07
rx == 1/2 L2Norm2(G(x)) : 
   initial  rx == 1.33772e-13
   previous rx == 1.33772e-13
   current  rx == 1.33772e-13
         delta == 0.01
Newt,GMRES == 0,0, f(u, N, dt, f_u, flags, dt) :  res == 0.909421
Newt,GMRES == 0,1, f(u, N, dt, f_u, flags, dt) :  res == 0.00393893
Newt,GMRES == 0,2, f(u, N, dt, f_u, flags, dt) :  res == 2.33782e-05
GMRES converged. Breaking.
Hookstep optimization is currently not implemented with Arclength Continuation.
Optimized Newton algorithm with AC: Computing residual to check convergence...f(u, N, dt, f_u, flags, dt) : : gx = 2.99253e-10 < 5.17246e-07
The residual is decreasing if we take this AC-Newton step.

Taking best step and continuing Newton iteration.
L2Norm(G(x)) == 2.99253e-10
rx           == 4.47761e-20
L2Norm(dxN)  == 5.50707e-05
L2Norm(dxOpt)== 5.50707e-05
========================================================
Newton iteration number 1
Current state of Newton iteration:
   fcount_newton   == 4
   fcount_optimiza == 1
   L2Norm(x)       == 0.061103
   L2Norm(dxN)     == 5.50707e-05
   L2Norm(dxOpt)   == 5.50707e-05
   L2Dist(x,x0)    == 5.50707e-05
gx == L2Norm(G(x)) : 
   initial  gx == 5.17246e-07
   previous gx == 5.17246e-07
   current  gx == 2.99253e-10
rx == 1/2 L2Norm2(G(x)) : 
   initial  rx == 1.33772e-13
   previous rx == 1.33772e-13
   current  rx == 4.47761e-20
         delta == 0.01
Newt,GMRES == 1,0, f(u, N, dt, f_u, flags, dt) :  res == 0.585797
Newt,GMRES == 1,1, f(u, N, dt, f_u, flags, dt) :  res == 0.0066942
Newt,GMRES == 1,2, f(u, N, dt, f_u, flags, dt) :  res == 1.5559e-05
GMRES converged. Breaking.
Hookstep optimization is currently not implemented with Arclength Continuation.
Optimized Newton algorithm with AC: Computing residual to check convergence...f(u, N, dt, f_u, flags, dt) : : gx = 3.15435e-13 < 2.99253e-10
The residual is decreasing if we take this AC-Newton step.

Taking best step and continuing Newton iteration.
L2Norm(G(x)) == 3.15435e-13
rx           == 4.97498e-26
L2Norm(dxN)  == 3.11193e-08
L2Norm(dxOpt)== 3.11193e-08
========================================================
Newton iteration number 2
Current state of Newton iteration:
   fcount_newton   == 7
   fcount_optimiza == 2
   L2Norm(x)       == 0.061103
   L2Norm(dxN)     == 3.11193e-08
   L2Norm(dxOpt)   == 3.11193e-08
   L2Dist(x,x0)    == 5.50602e-05
gx == L2Norm(G(x)) : 
   initial  gx == 5.17246e-07
   previous gx == 2.99253e-10
   current  gx == 3.15435e-13
rx == 1/2 L2Norm2(G(x)) : 
   initial  rx == 1.33772e-13
   previous rx == 4.47761e-20
   current  rx == 4.97498e-26
         delta == 0.01
Newton search converged. Breaking.
L2Norm(G(x)) == 3.15435e-13 < epsSearch == 1e-11
