f(u, N, dt, f_u, flags, dt) : f(u, N, dt, f_u, flags, dt) : Computing G(x)
f(u, N, dt, f_u, flags, dt) : 
========================================================
Newton iteration number 0
Current state of Newton iteration:
   fcount_newton   == 1
   fcount_optimiza == 0
   L2Norm(x)       == 0.0247464
   L2Norm(dxN)     == 0
   L2Norm(dxOpt)   == 0
   L2Dist(x,x0)    == 0
gx == L2Norm(G(x)) : 
   initial  gx == 1.62061e-05
   previous gx == 1.62061e-05
   current  gx == 1.62061e-05
rx == 1/2 L2Norm2(G(x)) : 
   initial  rx == 1.31319e-10
   previous rx == 1.31319e-10
   current  rx == 1.31319e-10
         delta == 0.01
Newt,GMRES == 0,0, f(u, N, dt, f_u, flags, dt) :  res == 0.999368
Newt,GMRES == 0,1, f(u, N, dt, f_u, flags, dt) :  res == 0.391519
Newt,GMRES == 0,2, f(u, N, dt, f_u, flags, dt) :  res == 0.211679
Newt,GMRES == 0,3, f(u, N, dt, f_u, flags, dt) :  res == 0.0526375
GMRES converged. Breaking.
Hookstep optimization is currently not implemented with Arclength Continuation.
Optimized Newton algorithm with AC: Computing residual to check convergence...f(u, N, dt, f_u, flags, dt) : : gx = 2.63634e-06 < 1.62061e-05
The residual is decreasing if we take this AC-Newton step.

Taking best step and continuing Newton iteration.
L2Norm(G(x)) == 2.63634e-06
rx           == 3.47515e-12
L2Norm(dxN)  == 0.00210438
L2Norm(dxOpt)== 0.00210438
========================================================
Newton iteration number 1
Current state of Newton iteration:
   fcount_newton   == 5
   fcount_optimiza == 1
   L2Norm(x)       == 0.0228714
   L2Norm(dxN)     == 0.00210438
   L2Norm(dxOpt)   == 0.00210438
   L2Dist(x,x0)    == 0.00210443
gx == L2Norm(G(x)) : 
   initial  gx == 1.62061e-05
   previous gx == 1.62061e-05
   current  gx == 2.63634e-06
rx == 1/2 L2Norm2(G(x)) : 
   initial  rx == 1.31319e-10
   previous rx == 1.31319e-10
   current  rx == 3.47515e-12
         delta == 0.01
Newt,GMRES == 1,0, f(u, N, dt, f_u, flags, dt) :  res == 0.998083
Newt,GMRES == 1,1, f(u, N, dt, f_u, flags, dt) :  res == 0.509893
Newt,GMRES == 1,2, f(u, N, dt, f_u, flags, dt) :  res == 0.23664
Newt,GMRES == 1,3, f(u, N, dt, f_u, flags, dt) :  res == 0.0586055
GMRES converged. Breaking.
Hookstep optimization is currently not implemented with Arclength Continuation.
Optimized Newton algorithm with AC: Computing residual to check convergence...f(u, N, dt, f_u, flags, dt) : : gx = 1.89216e-07 < 2.63634e-06
The residual is decreasing if we take this AC-Newton step.

Taking best step and continuing Newton iteration.
L2Norm(G(x)) == 1.89216e-07
rx           == 1.79013e-14
L2Norm(dxN)  == 0.000435295
L2Norm(dxOpt)== 0.000435295
========================================================
Newton iteration number 2
Current state of Newton iteration:
   fcount_newton   == 9
   fcount_optimiza == 2
   L2Norm(x)       == 0.0231042
   L2Norm(dxN)     == 0.000435295
   L2Norm(dxOpt)   == 0.000435295
   L2Dist(x,x0)    == 0.00191422
gx == L2Norm(G(x)) : 
   initial  gx == 1.62061e-05
   previous gx == 2.63634e-06
   current  gx == 1.89216e-07
rx == 1/2 L2Norm2(G(x)) : 
   initial  rx == 1.31319e-10
   previous rx == 3.47515e-12
   current  rx == 1.79013e-14
         delta == 0.01
Newt,GMRES == 2,0, f(u, N, dt, f_u, flags, dt) :  res == 0.953808
Newt,GMRES == 2,1, f(u, N, dt, f_u, flags, dt) :  res == 0.742872
Newt,GMRES == 2,2, f(u, N, dt, f_u, flags, dt) :  res == 0.559129
Newt,GMRES == 2,3, f(u, N, dt, f_u, flags, dt) :  res == 0.249001
Newt,GMRES == 2,4, f(u, N, dt, f_u, flags, dt) :  res == 0.0777271
GMRES converged. Breaking.
Hookstep optimization is currently not implemented with Arclength Continuation.
Optimized Newton algorithm with AC: Computing residual to check convergence...f(u, N, dt, f_u, flags, dt) : : gx = 1.4336e-08 < 1.89216e-07
The residual is decreasing if we take this AC-Newton step.

Taking best step and continuing Newton iteration.
L2Norm(G(x)) == 1.4336e-08
rx           == 1.0276e-16
L2Norm(dxN)  == 3.86324e-05
L2Norm(dxOpt)== 3.86324e-05
========================================================
Newton iteration number 3
Current state of Newton iteration:
   fcount_newton   == 14
   fcount_optimiza == 3
   L2Norm(x)       == 0.0231151
   L2Norm(dxN)     == 3.86324e-05
   L2Norm(dxOpt)   == 3.86324e-05
   L2Dist(x,x0)    == 0.00190915
gx == L2Norm(G(x)) : 
   initial  gx == 1.62061e-05
   previous gx == 1.89216e-07
   current  gx == 1.4336e-08
rx == 1/2 L2Norm2(G(x)) : 
   initial  rx == 1.31319e-10
   previous rx == 1.79013e-14
   current  rx == 1.0276e-16
         delta == 0.01
Newt,GMRES == 3,0, f(u, N, dt, f_u, flags, dt) :  res == 0.999358
Newt,GMRES == 3,1, f(u, N, dt, f_u, flags, dt) :  res == 0.998859
Newt,GMRES == 3,2, f(u, N, dt, f_u, flags, dt) :  res == 0.354002
Newt,GMRES == 3,3, f(u, N, dt, f_u, flags, dt) :  res == 0.156605
Newt,GMRES == 3,4, f(u, N, dt, f_u, flags, dt) :  res == 0.0580507
GMRES converged. Breaking.
Hookstep optimization is currently not implemented with Arclength Continuation.
Optimized Newton algorithm with AC: Computing residual to check convergence...f(u, N, dt, f_u, flags, dt) : : gx = 7.76689e-10 < 1.4336e-08
The residual is decreasing if we take this AC-Newton step.

Taking best step and continuing Newton iteration.
L2Norm(G(x)) == 7.76689e-10
rx           == 3.01623e-19
L2Norm(dxN)  == 2.57125e-06
L2Norm(dxOpt)== 2.57125e-06
========================================================
Newton iteration number 4
Current state of Newton iteration:
   fcount_newton   == 19
   fcount_optimiza == 4
   L2Norm(x)       == 0.0231153
   L2Norm(dxN)     == 2.57125e-06
   L2Norm(dxOpt)   == 2.57125e-06
   L2Dist(x,x0)    == 0.00190932
gx == L2Norm(G(x)) : 
   initial  gx == 1.62061e-05
   previous gx == 1.4336e-08
   current  gx == 7.76689e-10
rx == 1/2 L2Norm2(G(x)) : 
   initial  rx == 1.31319e-10
   previous rx == 1.0276e-16
   current  rx == 3.01623e-19
         delta == 0.01
Newton search converged. Breaking.
L2Norm(G(x)) == 7.76689e-10 < epsSearch == 1e-08
