f(u, N, dt, f_u, flags, dt) : f(u, N, dt, f_u, flags, dt) : f(u, N, dt, f_u, flags, dt) : Computing G(x)
f(u, N, dt, f_u, flags, dt) : 
========================================================
Newton iteration number 0
Current state of Newton iteration:
   fcount_newton   == 1
   fcount_optimiza == 0
   L2Norm(x)       == 0.0232714
   L2Norm(dxN)     == 0
   L2Norm(dxOpt)   == 0
   L2Dist(x,x0)    == 0
gx == L2Norm(G(x)) : 
   initial  gx == 1.16003e-05
   previous gx == 1.16003e-05
   current  gx == 1.16003e-05
rx == 1/2 L2Norm2(G(x)) : 
   initial  rx == 6.72835e-11
   previous rx == 6.72835e-11
   current  rx == 6.72835e-11
         delta == 0.01
Newt,GMRES == 0,0, f(u, N, dt, f_u, flags, dt) :  res == 0.99831
Newt,GMRES == 0,1, f(u, N, dt, f_u, flags, dt) :  res == 0.383815
Newt,GMRES == 0,2, f(u, N, dt, f_u, flags, dt) :  res == 0.248592
Newt,GMRES == 0,3, f(u, N, dt, f_u, flags, dt) :  res == 0.0383743
GMRES converged. Breaking.
Hookstep optimization is currently not implemented with Arclength Continuation.
Optimized Newton algorithm with AC: Computing residual to check convergence...f(u, N, dt, f_u, flags, dt) : : gx = 1.50605e-06 < 1.16003e-05
The residual is decreasing if we take this AC-Newton step.

Taking best step and continuing Newton iteration.
L2Norm(G(x)) == 1.50605e-06
rx           == 1.1341e-12
L2Norm(dxN)  == 0.00148193
L2Norm(dxOpt)== 0.00148193
========================================================
Newton iteration number 1
Current state of Newton iteration:
   fcount_newton   == 5
   fcount_optimiza == 1
   L2Norm(x)       == 0.0228321
   L2Norm(dxN)     == 0.00148193
   L2Norm(dxOpt)   == 0.00148193
   L2Dist(x,x0)    == 0.00148193
gx == L2Norm(G(x)) : 
   initial  gx == 1.16003e-05
   previous gx == 1.16003e-05
   current  gx == 1.50605e-06
rx == 1/2 L2Norm2(G(x)) : 
   initial  rx == 6.72835e-11
   previous rx == 6.72835e-11
   current  rx == 1.1341e-12
         delta == 0.01
Newt,GMRES == 1,0, f(u, N, dt, f_u, flags, dt) :  res == 0.997657
Newt,GMRES == 1,1, f(u, N, dt, f_u, flags, dt) :  res == 0.701442
Newt,GMRES == 1,2, f(u, N, dt, f_u, flags, dt) :  res == 0.144012
Newt,GMRES == 1,3, f(u, N, dt, f_u, flags, dt) :  res == 0.047027
GMRES converged. Breaking.
Hookstep optimization is currently not implemented with Arclength Continuation.
Optimized Newton algorithm with AC: Computing residual to check convergence...f(u, N, dt, f_u, flags, dt) : : gx = 8.73234e-08 < 1.50605e-06
The residual is decreasing if we take this AC-Newton step.

Taking best step and continuing Newton iteration.
L2Norm(G(x)) == 8.73234e-08
rx           == 3.81269e-15
L2Norm(dxN)  == 0.000215136
L2Norm(dxOpt)== 0.000215136
========================================================
Newton iteration number 2
Current state of Newton iteration:
   fcount_newton   == 9
   fcount_optimiza == 2
   L2Norm(x)       == 0.0227554
   L2Norm(dxN)     == 0.000215136
   L2Norm(dxOpt)   == 0.000215136
   L2Dist(x,x0)    == 0.00139447
gx == L2Norm(G(x)) : 
   initial  gx == 1.16003e-05
   previous gx == 1.50605e-06
   current  gx == 8.73234e-08
rx == 1/2 L2Norm2(G(x)) : 
   initial  rx == 6.72835e-11
   previous rx == 1.1341e-12
   current  rx == 3.81269e-15
         delta == 0.01
Newt,GMRES == 2,0, f(u, N, dt, f_u, flags, dt) :  res == 0.998034
Newt,GMRES == 2,1, f(u, N, dt, f_u, flags, dt) :  res == 0.968756
Newt,GMRES == 2,2, f(u, N, dt, f_u, flags, dt) :  res == 0.509328
Newt,GMRES == 2,3, f(u, N, dt, f_u, flags, dt) :  res == 0.0881442
GMRES converged. Breaking.
Hookstep optimization is currently not implemented with Arclength Continuation.
Optimized Newton algorithm with AC: Computing residual to check convergence...f(u, N, dt, f_u, flags, dt) : : gx = 7.59055e-09 < 8.73234e-08
The residual is decreasing if we take this AC-Newton step.

Taking best step and continuing Newton iteration.
L2Norm(G(x)) == 7.59055e-09
rx           == 2.88082e-17
L2Norm(dxN)  == 1.7531e-05
L2Norm(dxOpt)== 1.7531e-05
========================================================
Newton iteration number 3
Current state of Newton iteration:
   fcount_newton   == 13
   fcount_optimiza == 3
   L2Norm(x)       == 0.0227504
   L2Norm(dxN)     == 1.7531e-05
   L2Norm(dxOpt)   == 1.7531e-05
   L2Dist(x,x0)    == 0.00139101
gx == L2Norm(G(x)) : 
   initial  gx == 1.16003e-05
   previous gx == 8.73234e-08
   current  gx == 7.59055e-09
rx == 1/2 L2Norm2(G(x)) : 
   initial  rx == 6.72835e-11
   previous rx == 3.81269e-15
   current  rx == 2.88082e-17
         delta == 0.01
Newton search converged. Breaking.
L2Norm(G(x)) == 7.59055e-09 < epsSearch == 1e-08
