f(u, N, dt, f_u, flags, dt) : Computing G(x)
f(u, N, dt, f_u, flags, dt) : 
========================================================
Newton iteration number 0
Current state of Newton iteration:
   fcount_newton   == 1
   fcount_optimiza == 0
   L2Norm(x)       == 0.0171662
   L2Norm(dxN)     == 0
   L2Norm(dxOpt)   == 0
   L2Dist(x,x0)    == 0
gx == L2Norm(G(x)) : 
   initial  gx == 1.25317e-07
   previous gx == 1.25317e-07
   current  gx == 1.25317e-07
rx == 1/2 L2Norm2(G(x)) : 
   initial  rx == 7.85216e-15
   previous rx == 7.85216e-15
   current  rx == 7.85216e-15
         delta == 0.01
Newt,GMRES == 0,0, f(u, N, dt, f_u, flags, dt) :  res == 0.999993
Newt,GMRES == 0,1, f(u, N, dt, f_u, flags, dt) :  res == 0.921642
Newt,GMRES == 0,2, f(u, N, dt, f_u, flags, dt) :  res == 0.296191
Newt,GMRES == 0,3, f(u, N, dt, f_u, flags, dt) :  res == 0.0862441
GMRES converged. Breaking.
Hookstep optimization is currently not implemented with Arclength Continuation.
Optimized Newton algorithm with AC: Computing residual to check convergence...f(u, N, dt, f_u, flags, dt) : : gx = 6.20512e-08 < 1.25317e-07
The residual is decreasing if we take this AC-Newton step.

Taking best step and continuing Newton iteration.
L2Norm(G(x)) == 6.20512e-08
rx           == 1.92518e-15
L2Norm(dxN)  == 0.000193985
L2Norm(dxOpt)== 0.000193985
========================================================
Newton iteration number 1
Current state of Newton iteration:
   fcount_newton   == 5
   fcount_optimiza == 1
   L2Norm(x)       == 0.0173377
   L2Norm(dxN)     == 0.000193985
   L2Norm(dxOpt)   == 0.000193985
   L2Dist(x,x0)    == 0.000193985
gx == L2Norm(G(x)) : 
   initial  gx == 1.25317e-07
   previous gx == 1.25317e-07
   current  gx == 6.20512e-08
rx == 1/2 L2Norm2(G(x)) : 
   initial  rx == 7.85216e-15
   previous rx == 7.85216e-15
   current  rx == 1.92518e-15
         delta == 0.01
Newt,GMRES == 1,0, f(u, N, dt, f_u, flags, dt) :  res == 0.999999
Newt,GMRES == 1,1, f(u, N, dt, f_u, flags, dt) :  res == 0.988469
Newt,GMRES == 1,2, f(u, N, dt, f_u, flags, dt) :  res == 0.98846
Newt,GMRES == 1,3, f(u, N, dt, f_u, flags, dt) :  res == 0.773636
Newt,GMRES == 1,4, f(u, N, dt, f_u, flags, dt) :  res == 0.278248
Newt,GMRES == 1,5, f(u, N, dt, f_u, flags, dt) :  res == 0.259401
Newt,GMRES == 1,6, f(u, N, dt, f_u, flags, dt) :  res == 0.233447
Newt,GMRES == 1,7, f(u, N, dt, f_u, flags, dt) :  res == 0.230518
Newt,GMRES == 1,8, f(u, N, dt, f_u, flags, dt) :  res == 0.230385
Newt,GMRES == 1,9, f(u, N, dt, f_u, flags, dt) :  res == 0.213211
Newt,GMRES == 1,10, f(u, N, dt, f_u, flags, dt) :  res == 0.0409279
GMRES converged. Breaking.
Hookstep optimization is currently not implemented with Arclength Continuation.
Optimized Newton algorithm with AC: Computing residual to check convergence...f(u, N, dt, f_u, flags, dt) : : gx = 3.48368e-07 > 6.20512e-08
The error is increasing if we take the Newton step. Newton step optimization leaves step size correction to arclength continuation.
