f(u, N, dt, f_u, flags, dt) : f(u, N, dt, f_u, flags, dt) : Computing G(x)
f(u, N, dt, f_u, flags, dt) : 
========================================================
Newton iteration number 0
Current state of Newton iteration:
   fcount_newton   == 1
   fcount_optimiza == 0
   L2Norm(x)       == 0.210624
   L2Norm(dxN)     == 0
   L2Norm(dxOpt)   == 0
   L2Dist(x,x0)    == 0
gx == L2Norm(G(x)) : 
   initial  gx == 8.02339e-10
   previous gx == 8.02339e-10
   current  gx == 8.02339e-10
rx == 1/2 L2Norm2(G(x)) : 
   initial  rx == 3.21874e-19
   previous rx == 3.21874e-19
   current  rx == 3.21874e-19
         delta == 0.01
Newt,GMRES == 0,0, f(u, N, dt, f_u, flags, dt) :  res == 0.336669
Newt,GMRES == 0,1, f(u, N, dt, f_u, flags, dt) :  res == 0.276202
Newt,GMRES == 0,2, f(u, N, dt, f_u, flags, dt) :  res == 0.000152557
GMRES converged. Breaking.
Hookstep optimization is currently not implemented with Arclength Continuation.
Optimized Newton algorithm with AC: Computing residual to check convergence...f(u, N, dt, f_u, flags, dt) : : gx = 3.04751e-11 < 8.02339e-10
The residual is decreasing if we take this AC-Newton step.

Taking best step and continuing Newton iteration.
L2Norm(G(x)) == 3.04751e-11
rx           == 4.64366e-22
L2Norm(dxN)  == 1.15466e-07
L2Norm(dxOpt)== 1.15466e-07
========================================================
Newton iteration number 1
Current state of Newton iteration:
   fcount_newton   == 4
   fcount_optimiza == 1
   L2Norm(x)       == 0.210624
   L2Norm(dxN)     == 1.15466e-07
   L2Norm(dxOpt)   == 1.15466e-07
   L2Dist(x,x0)    == 1.15466e-07
gx == L2Norm(G(x)) : 
   initial  gx == 8.02339e-10
   previous gx == 8.02339e-10
   current  gx == 3.04751e-11
rx == 1/2 L2Norm2(G(x)) : 
   initial  rx == 3.21874e-19
   previous rx == 3.21874e-19
   current  rx == 4.64366e-22
         delta == 0.01
Newt,GMRES == 1,0, f(u, N, dt, f_u, flags, dt) :  res == 0.719443
Newt,GMRES == 1,1, f(u, N, dt, f_u, flags, dt) :  res == 0.00451878
Newt,GMRES == 1,2, f(u, N, dt, f_u, flags, dt) :  res == 8.87644e-06
GMRES converged. Breaking.
Hookstep optimization is currently not implemented with Arclength Continuation.
Optimized Newton algorithm with AC: Computing residual to check convergence...f(u, N, dt, f_u, flags, dt) : : gx = 5.95276e-12 < 3.04751e-11
The residual is decreasing if we take this AC-Newton step.

Taking best step and continuing Newton iteration.
L2Norm(G(x)) == 5.95276e-12
rx           == 1.77176e-23
L2Norm(dxN)  == 5.12971e-09
L2Norm(dxOpt)== 5.12971e-09
========================================================
Newton iteration number 2
Current state of Newton iteration:
   fcount_newton   == 7
   fcount_optimiza == 2
   L2Norm(x)       == 0.210624
   L2Norm(dxN)     == 5.12971e-09
   L2Norm(dxOpt)   == 5.12971e-09
   L2Dist(x,x0)    == 1.11045e-07
gx == L2Norm(G(x)) : 
   initial  gx == 8.02339e-10
   previous gx == 3.04751e-11
   current  gx == 5.95276e-12
rx == 1/2 L2Norm2(G(x)) : 
   initial  rx == 3.21874e-19
   previous rx == 4.64366e-22
   current  rx == 1.77176e-23
         delta == 0.01
Newton search converged. Breaking.
L2Norm(G(x)) == 5.95276e-12 < epsSearch == 1e-11
