f(u, N, dt, f_u, flags, dt) : Computing G(x)
f(u, N, dt, f_u, flags, dt) : 
========================================================
Newton iteration number 0
Current state of Newton iteration:
   fcount_newton   == 1
   fcount_optimiza == 0
   L2Norm(x)       == 0.0447747
   L2Norm(dxN)     == 0
   L2Norm(dxOpt)   == 0
   L2Dist(x,x0)    == 0
gx == L2Norm(G(x)) : 
   initial  gx == 2.51353e-07
   previous gx == 2.51353e-07
   current  gx == 2.51353e-07
rx == 1/2 L2Norm2(G(x)) : 
   initial  rx == 3.15891e-14
   previous rx == 3.15891e-14
   current  rx == 3.15891e-14
         delta == 0.01
Newt,GMRES == 0,0, f(u, N, dt, f_u, flags, dt) :  res == 1
Newt,GMRES == 0,1, f(u, N, dt, f_u, flags, dt) :  res == 0.885035
Newt,GMRES == 0,2, f(u, N, dt, f_u, flags, dt) :  res == 0.002003
Newt,GMRES == 0,3, f(u, N, dt, f_u, flags, dt) :  res == 1.26778e-08
GMRES converged. Breaking.
Hookstep optimization is currently not implemented with Arclength Continuation.
Optimized Newton algorithm with AC: Computing residual to check convergence...f(u, N, dt, f_u, flags, dt) : : gx = 8.0544e-08 < 2.51353e-07
The residual is decreasing if we take this AC-Newton step.

Taking best step and continuing Newton iteration.
L2Norm(G(x)) == 8.0544e-08
rx           == 3.24367e-15
L2Norm(dxN)  == 0.000529343
L2Norm(dxOpt)== 0.000529343
========================================================
Newton iteration number 1
Current state of Newton iteration:
   fcount_newton   == 5
   fcount_optimiza == 1
   L2Norm(x)       == 0.0442534
   L2Norm(dxN)     == 0.000529343
   L2Norm(dxOpt)   == 0.000529343
   L2Dist(x,x0)    == 0.000529394
gx == L2Norm(G(x)) : 
   initial  gx == 2.51353e-07
   previous gx == 2.51353e-07
   current  gx == 8.0544e-08
rx == 1/2 L2Norm2(G(x)) : 
   initial  rx == 3.15891e-14
   previous rx == 3.15891e-14
   current  rx == 3.24367e-15
         delta == 0.01
Newt,GMRES == 1,0, f(u, N, dt, f_u, flags, dt) :  res == 1
Newt,GMRES == 1,1, f(u, N, dt, f_u, flags, dt) :  res == 0.203697
Newt,GMRES == 1,2, f(u, N, dt, f_u, flags, dt) :  res == 0.0221032
Newt,GMRES == 1,3, f(u, N, dt, f_u, flags, dt) :  res == 3.11001e-07
GMRES converged. Breaking.
Hookstep optimization is currently not implemented with Arclength Continuation.
Optimized Newton algorithm with AC: Computing residual to check convergence...f(u, N, dt, f_u, flags, dt) : : gx = 1.7445e-08 < 8.0544e-08
The residual is decreasing if we take this AC-Newton step.

Taking best step and continuing Newton iteration.
L2Norm(G(x)) == 1.7445e-08
rx           == 1.52164e-16
L2Norm(dxN)  == 2.1566e-05
L2Norm(dxOpt)== 2.1566e-05
========================================================
Newton iteration number 2
Current state of Newton iteration:
   fcount_newton   == 9
   fcount_optimiza == 2
   L2Norm(x)       == 0.0442321
   L2Norm(dxN)     == 2.1566e-05
   L2Norm(dxOpt)   == 2.1566e-05
   L2Dist(x,x0)    == 0.000550993
gx == L2Norm(G(x)) : 
   initial  gx == 2.51353e-07
   previous gx == 8.0544e-08
   current  gx == 1.7445e-08
rx == 1/2 L2Norm2(G(x)) : 
   initial  rx == 3.15891e-14
   previous rx == 3.24367e-15
   current  rx == 1.52164e-16
         delta == 0.01
Newt,GMRES == 2,0, f(u, N, dt, f_u, flags, dt) :  res == 1
Newt,GMRES == 2,1, f(u, N, dt, f_u, flags, dt) :  res == 0.0313515
Newt,GMRES == 2,2, f(u, N, dt, f_u, flags, dt) :  res == 0.00339822
Newt,GMRES == 2,3, f(u, N, dt, f_u, flags, dt) :  res == 2.36183e-08
GMRES converged. Breaking.
Hookstep optimization is currently not implemented with Arclength Continuation.
Optimized Newton algorithm with AC: Computing residual to check convergence...f(u, N, dt, f_u, flags, dt) : : gx = 5.44363e-10 < 1.7445e-08
The residual is decreasing if we take this AC-Newton step.

Taking best step and continuing Newton iteration.
L2Norm(G(x)) == 5.44363e-10
rx           == 1.48166e-19
L2Norm(dxN)  == 1.00744e-07
L2Norm(dxOpt)== 1.00744e-07
========================================================
Newton iteration number 3
Current state of Newton iteration:
   fcount_newton   == 13
   fcount_optimiza == 3
   L2Norm(x)       == 0.0442321
   L2Norm(dxN)     == 1.00744e-07
   L2Norm(dxOpt)   == 1.00744e-07
   L2Dist(x,x0)    == 0.000551082
gx == L2Norm(G(x)) : 
   initial  gx == 2.51353e-07
   previous gx == 1.7445e-08
   current  gx == 5.44363e-10
rx == 1/2 L2Norm2(G(x)) : 
   initial  rx == 3.15891e-14
   previous rx == 1.52164e-16
   current  rx == 1.48166e-19
         delta == 0.01
Newt,GMRES == 3,0, f(u, N, dt, f_u, flags, dt) :  res == 1
Newt,GMRES == 3,1, f(u, N, dt, f_u, flags, dt) :  res == 0.0256225
Newt,GMRES == 3,2, f(u, N, dt, f_u, flags, dt) :  res == 0.00310009
Newt,GMRES == 3,3, f(u, N, dt, f_u, flags, dt) :  res == 2.59289e-09
GMRES converged. Breaking.
Hookstep optimization is currently not implemented with Arclength Continuation.
Optimized Newton algorithm with AC: Computing residual to check convergence...f(u, N, dt, f_u, flags, dt) : : gx = 9.78944e-12 < 5.44363e-10
The residual is decreasing if we take this AC-Newton step.

Taking best step and continuing Newton iteration.
L2Norm(G(x)) == 9.78944e-12
rx           == 4.79165e-23
L2Norm(dxN)  == 1.65484e-08
L2Norm(dxOpt)== 1.65484e-08
========================================================
Newton iteration number 4
Current state of Newton iteration:
   fcount_newton   == 17
   fcount_optimiza == 4
   L2Norm(x)       == 0.0442321
   L2Norm(dxN)     == 1.65484e-08
   L2Norm(dxOpt)   == 1.65484e-08
   L2Dist(x,x0)    == 0.000551066
gx == L2Norm(G(x)) : 
   initial  gx == 2.51353e-07
   previous gx == 5.44363e-10
   current  gx == 9.78944e-12
rx == 1/2 L2Norm2(G(x)) : 
   initial  rx == 3.15891e-14
   previous rx == 1.48166e-19
   current  rx == 4.79165e-23
         delta == 0.01
Newton search converged. Breaking.
L2Norm(G(x)) == 9.78944e-12 < epsSearch == 1e-11
