f(u, N, dt, f_u, flags, dt) : Computing G(x)
f(u, N, dt, f_u, flags, dt) : 
========================================================
Newton iteration number 0
Current state of Newton iteration:
   fcount_newton   == 1
   fcount_optimiza == 0
   L2Norm(x)       == 0.00941674
   L2Norm(dxN)     == 0
   L2Norm(dxOpt)   == 0
   L2Dist(x,x0)    == 0
gx == L2Norm(G(x)) : 
   initial  gx == 4.91128e-06
   previous gx == 4.91128e-06
   current  gx == 4.91128e-06
rx == 1/2 L2Norm2(G(x)) : 
   initial  rx == 1.20603e-11
   previous rx == 1.20603e-11
   current  rx == 1.20603e-11
         delta == 0.01
Newt,GMRES == 0,0, f(u, N, dt, f_u, flags, dt) :  res == 0.998908
Newt,GMRES == 0,1, f(u, N, dt, f_u, flags, dt) :  res == 0.988774
Newt,GMRES == 0,2, f(u, N, dt, f_u, flags, dt) :  res == 0.139023
Newt,GMRES == 0,3, f(u, N, dt, f_u, flags, dt) :  res == 0.0178874
GMRES converged. Breaking.
Hookstep optimization is currently not implemented with Arclength Continuation.
Optimized Newton algorithm with AC: Computing residual to check convergence...f(u, N, dt, f_u, flags, dt) : : gx = 9.42755e-07 < 4.91128e-06
The residual is decreasing if we take this AC-Newton step.

Taking best step and continuing Newton iteration.
L2Norm(G(x)) == 9.42755e-07
rx           == 4.44394e-13
L2Norm(dxN)  == 0.000557032
L2Norm(dxOpt)== 0.000557032
========================================================
Newton iteration number 1
Current state of Newton iteration:
   fcount_newton   == 5
   fcount_optimiza == 1
   L2Norm(x)       == 0.00892638
   L2Norm(dxN)     == 0.000557032
   L2Norm(dxOpt)   == 0.000557032
   L2Dist(x,x0)    == 0.000557032
gx == L2Norm(G(x)) : 
   initial  gx == 4.91128e-06
   previous gx == 4.91128e-06
   current  gx == 9.42755e-07
rx == 1/2 L2Norm2(G(x)) : 
   initial  rx == 1.20603e-11
   previous rx == 1.20603e-11
   current  rx == 4.44394e-13
         delta == 0.01
Newt,GMRES == 1,0, f(u, N, dt, f_u, flags, dt) :  res == 0.945001
Newt,GMRES == 1,1, f(u, N, dt, f_u, flags, dt) :  res == 0.337052
Newt,GMRES == 1,2, f(u, N, dt, f_u, flags, dt) :  res == 0.059996
GMRES converged. Breaking.
Hookstep optimization is currently not implemented with Arclength Continuation.
Optimized Newton algorithm with AC: Computing residual to check convergence...f(u, N, dt, f_u, flags, dt) : : gx = 6.28179e-08 < 9.42755e-07
The residual is decreasing if we take this AC-Newton step.

Taking best step and continuing Newton iteration.
L2Norm(G(x)) == 6.28179e-08
rx           == 1.97304e-15
L2Norm(dxN)  == 7.90526e-05
L2Norm(dxOpt)== 7.90526e-05
========================================================
Newton iteration number 2
Current state of Newton iteration:
   fcount_newton   == 8
   fcount_optimiza == 2
   L2Norm(x)       == 0.00900128
   L2Norm(dxN)     == 7.90526e-05
   L2Norm(dxOpt)   == 7.90526e-05
   L2Dist(x,x0)    == 0.000497715
gx == L2Norm(G(x)) : 
   initial  gx == 4.91128e-06
   previous gx == 9.42755e-07
   current  gx == 6.28179e-08
rx == 1/2 L2Norm2(G(x)) : 
   initial  rx == 1.20603e-11
   previous rx == 4.44394e-13
   current  rx == 1.97304e-15
         delta == 0.01
Newt,GMRES == 2,0, f(u, N, dt, f_u, flags, dt) :  res == 0.941823
Newt,GMRES == 2,1, f(u, N, dt, f_u, flags, dt) :  res == 0.760875
Newt,GMRES == 2,2, f(u, N, dt, f_u, flags, dt) :  res == 0.337093
Newt,GMRES == 2,3, f(u, N, dt, f_u, flags, dt) :  res == 0.0192297
GMRES converged. Breaking.
Hookstep optimization is currently not implemented with Arclength Continuation.
Optimized Newton algorithm with AC: Computing residual to check convergence...f(u, N, dt, f_u, flags, dt) : : gx = 1.26977e-09 < 6.28179e-08
The residual is decreasing if we take this AC-Newton step.

Taking best step and continuing Newton iteration.
L2Norm(G(x)) == 1.26977e-09
rx           == 8.0616e-19
L2Norm(dxN)  == 8.48919e-06
L2Norm(dxOpt)== 8.48919e-06
========================================================
Newton iteration number 3
Current state of Newton iteration:
   fcount_newton   == 12
   fcount_optimiza == 3
   L2Norm(x)       == 0.00900416
   L2Norm(dxN)     == 8.48919e-06
   L2Norm(dxOpt)   == 8.48919e-06
   L2Dist(x,x0)    == 0.000493042
gx == L2Norm(G(x)) : 
   initial  gx == 4.91128e-06
   previous gx == 6.28179e-08
   current  gx == 1.26977e-09
rx == 1/2 L2Norm2(G(x)) : 
   initial  rx == 1.20603e-11
   previous rx == 1.97304e-15
   current  rx == 8.0616e-19
         delta == 0.01
Newt,GMRES == 3,0, f(u, N, dt, f_u, flags, dt) :  res == 0.683895
Newt,GMRES == 3,1, f(u, N, dt, f_u, flags, dt) :  res == 0.681138
Newt,GMRES == 3,2, f(u, N, dt, f_u, flags, dt) :  res == 0.213129
Newt,GMRES == 3,3, f(u, N, dt, f_u, flags, dt) :  res == 0.027275
GMRES converged. Breaking.
Hookstep optimization is currently not implemented with Arclength Continuation.
Optimized Newton algorithm with AC: Computing residual to check convergence...f(u, N, dt, f_u, flags, dt) : : gx = 3.47027e-11 < 1.26977e-09
The residual is decreasing if we take this AC-Newton step.

Taking best step and continuing Newton iteration.
L2Norm(G(x)) == 3.47027e-11
rx           == 6.02137e-22
L2Norm(dxN)  == 1.57128e-07
L2Norm(dxOpt)== 1.57128e-07
========================================================
Newton iteration number 4
Current state of Newton iteration:
   fcount_newton   == 16
   fcount_optimiza == 4
   L2Norm(x)       == 0.0090042
   L2Norm(dxN)     == 1.57128e-07
   L2Norm(dxOpt)   == 1.57128e-07
   L2Dist(x,x0)    == 0.000492991
gx == L2Norm(G(x)) : 
   initial  gx == 4.91128e-06
   previous gx == 1.26977e-09
   current  gx == 3.47027e-11
rx == 1/2 L2Norm2(G(x)) : 
   initial  rx == 1.20603e-11
   previous rx == 8.0616e-19
   current  rx == 6.02137e-22
         delta == 0.01
Newt,GMRES == 4,0, f(u, N, dt, f_u, flags, dt) :  res == 0.979404
Newt,GMRES == 4,1, f(u, N, dt, f_u, flags, dt) :  res == 0.286689
Newt,GMRES == 4,2, f(u, N, dt, f_u, flags, dt) :  res == 0.286323
Newt,GMRES == 4,3, f(u, N, dt, f_u, flags, dt) :  res == 0.0450479
GMRES converged. Breaking.
Hookstep optimization is currently not implemented with Arclength Continuation.
Optimized Newton algorithm with AC: Computing residual to check convergence...f(u, N, dt, f_u, flags, dt) : : gx = 1.72115e-12 < 3.47027e-11
The residual is decreasing if we take this AC-Newton step.

Taking best step and continuing Newton iteration.
L2Norm(G(x)) == 1.72115e-12
rx           == 1.48119e-24
L2Norm(dxN)  == 4.78719e-09
L2Norm(dxOpt)== 4.78719e-09
========================================================
Newton iteration number 5
Current state of Newton iteration:
   fcount_newton   == 20
   fcount_optimiza == 5
   L2Norm(x)       == 0.0090042
   L2Norm(dxN)     == 4.78719e-09
   L2Norm(dxOpt)   == 4.78719e-09
   L2Dist(x,x0)    == 0.000492989
gx == L2Norm(G(x)) : 
   initial  gx == 4.91128e-06
   previous gx == 3.47027e-11
   current  gx == 1.72115e-12
rx == 1/2 L2Norm2(G(x)) : 
   initial  rx == 1.20603e-11
   previous rx == 6.02137e-22
   current  rx == 1.48119e-24
         delta == 0.01
Newton search converged. Breaking.
L2Norm(G(x)) == 1.72115e-12 < epsSearch == 1e-11
