f(u, N, dt, f_u, flags, dt) : f(u, N, dt, f_u, flags, dt) : Computing G(x)
f(u, N, dt, f_u, flags, dt) : 
========================================================
Newton iteration number 0
Current state of Newton iteration:
   fcount_newton   == 1
   fcount_optimiza == 0
   L2Norm(x)       == 0.0224331
   L2Norm(dxN)     == 0
   L2Norm(dxOpt)   == 0
   L2Dist(x,x0)    == 0
gx == L2Norm(G(x)) : 
   initial  gx == 1.98693e-07
   previous gx == 1.98693e-07
   current  gx == 1.98693e-07
rx == 1/2 L2Norm2(G(x)) : 
   initial  rx == 1.97394e-14
   previous rx == 1.97394e-14
   current  rx == 1.97394e-14
         delta == 0.01
Newt,GMRES == 0,0, f(u, N, dt, f_u, flags, dt) :  res == 0.999755
Newt,GMRES == 0,1, f(u, N, dt, f_u, flags, dt) :  res == 0.826074
Newt,GMRES == 0,2, f(u, N, dt, f_u, flags, dt) :  res == 0.623151
Newt,GMRES == 0,3, f(u, N, dt, f_u, flags, dt) :  res == 0.162345
Newt,GMRES == 0,4, f(u, N, dt, f_u, flags, dt) :  res == 0.0950693
GMRES converged. Breaking.
Hookstep optimization is currently not implemented with Arclength Continuation.
Optimized Newton algorithm with AC: Computing residual to check convergence...f(u, N, dt, f_u, flags, dt) : : gx = 6.72162e-08 < 1.98693e-07
The residual is decreasing if we take this AC-Newton step.

Taking best step and continuing Newton iteration.
L2Norm(G(x)) == 6.72162e-08
rx           == 2.25901e-15
L2Norm(dxN)  == 0.000199114
L2Norm(dxOpt)== 0.000199114
========================================================
Newton iteration number 1
Current state of Newton iteration:
   fcount_newton   == 6
   fcount_optimiza == 1
   L2Norm(x)       == 0.0223469
   L2Norm(dxN)     == 0.000199114
   L2Norm(dxOpt)   == 0.000199114
   L2Dist(x,x0)    == 0.000199126
gx == L2Norm(G(x)) : 
   initial  gx == 1.98693e-07
   previous gx == 1.98693e-07
   current  gx == 6.72162e-08
rx == 1/2 L2Norm2(G(x)) : 
   initial  rx == 1.97394e-14
   previous rx == 1.97394e-14
   current  rx == 2.25901e-15
         delta == 0.01
Newt,GMRES == 1,0, f(u, N, dt, f_u, flags, dt) :  res == 0.999996
Newt,GMRES == 1,1, f(u, N, dt, f_u, flags, dt) :  res == 0.994107
Newt,GMRES == 1,2, f(u, N, dt, f_u, flags, dt) :  res == 0.934201
Newt,GMRES == 1,3, f(u, N, dt, f_u, flags, dt) :  res == 0.574344
Newt,GMRES == 1,4, f(u, N, dt, f_u, flags, dt) :  res == 0.160995
Newt,GMRES == 1,5, f(u, N, dt, f_u, flags, dt) :  res == 0.134694
Newt,GMRES == 1,6, f(u, N, dt, f_u, flags, dt) :  res == 0.13363
Newt,GMRES == 1,7, f(u, N, dt, f_u, flags, dt) :  res == 0.110093
Newt,GMRES == 1,8, f(u, N, dt, f_u, flags, dt) :  res == 0.107494
Newt,GMRES == 1,9, f(u, N, dt, f_u, flags, dt) :  res == 0.104691
Newt,GMRES == 1,10, f(u, N, dt, f_u, flags, dt) :  res == 0.0413327
GMRES converged. Breaking.
Hookstep optimization is currently not implemented with Arclength Continuation.
Optimized Newton algorithm with AC: Computing residual to check convergence...f(u, N, dt, f_u, flags, dt) : : gx = 2.85714e-08 < 6.72162e-08
The residual is decreasing if we take this AC-Newton step.

Taking best step and continuing Newton iteration.
L2Norm(G(x)) == 2.85714e-08
rx           == 4.08163e-16
L2Norm(dxN)  == 0.000153045
L2Norm(dxOpt)== 0.000153045
========================================================
Newton iteration number 2
Current state of Newton iteration:
   fcount_newton   == 17
   fcount_optimiza == 2
   L2Norm(x)       == 0.022292
   L2Norm(dxN)     == 0.000153045
   L2Norm(dxOpt)   == 0.000153045
   L2Dist(x,x0)    == 0.000327493
gx == L2Norm(G(x)) : 
   initial  gx == 1.98693e-07
   previous gx == 6.72162e-08
   current  gx == 2.85714e-08
rx == 1/2 L2Norm2(G(x)) : 
   initial  rx == 1.97394e-14
   previous rx == 2.25901e-15
   current  rx == 4.08163e-16
         delta == 0.01
Newt,GMRES == 2,0, f(u, N, dt, f_u, flags, dt) :  res == 0.99391
Newt,GMRES == 2,1, f(u, N, dt, f_u, flags, dt) :  res == 0.877023
Newt,GMRES == 2,2, f(u, N, dt, f_u, flags, dt) :  res == 0.791321
Newt,GMRES == 2,3, f(u, N, dt, f_u, flags, dt) :  res == 0.452269
Newt,GMRES == 2,4, f(u, N, dt, f_u, flags, dt) :  res == 0.241892
Newt,GMRES == 2,5, f(u, N, dt, f_u, flags, dt) :  res == 0.186433
Newt,GMRES == 2,6, f(u, N, dt, f_u, flags, dt) :  res == 0.168811
Newt,GMRES == 2,7, f(u, N, dt, f_u, flags, dt) :  res == 0.0580899
GMRES converged. Breaking.
Hookstep optimization is currently not implemented with Arclength Continuation.
Optimized Newton algorithm with AC: Computing residual to check convergence...f(u, N, dt, f_u, flags, dt) : : gx = 3.61564e-08 > 2.85714e-08
The error is increasing if we take the Newton step. Newton step optimization leaves step size correction to arclength continuation.
