f(u, N, dt, f_u, flags, dt) : f(u, N, dt, f_u, flags, dt) : Computing G(x)
f(u, N, dt, f_u, flags, dt) : 
========================================================
Newton iteration number 0
Current state of Newton iteration:
   fcount_newton   == 1
   fcount_optimiza == 0
   L2Norm(x)       == 0.223049
   L2Norm(dxN)     == 0
   L2Norm(dxOpt)   == 0
   L2Dist(x,x0)    == 0
gx == L2Norm(G(x)) : 
   initial  gx == 2.07217e-08
   previous gx == 2.07217e-08
   current  gx == 2.07217e-08
rx == 1/2 L2Norm2(G(x)) : 
   initial  rx == 2.14694e-16
   previous rx == 2.14694e-16
   current  rx == 2.14694e-16
         delta == 0.01
Newt,GMRES == 0,0, f(u, N, dt, f_u, flags, dt) :  res == 0.432861
Newt,GMRES == 0,1, f(u, N, dt, f_u, flags, dt) :  res == 0.0458845
Newt,GMRES == 0,2, f(u, N, dt, f_u, flags, dt) :  res == 0.000503734
GMRES converged. Breaking.
Hookstep optimization is currently not implemented with Arclength Continuation.
Optimized Newton algorithm with AC: Computing residual to check convergence...f(u, N, dt, f_u, flags, dt) : : gx = 5.0408e-11 < 2.07217e-08
The residual is decreasing if we take this AC-Newton step.

Taking best step and continuing Newton iteration.
L2Norm(G(x)) == 5.0408e-11
rx           == 1.27049e-21
L2Norm(dxN)  == 2.31529e-06
L2Norm(dxOpt)== 2.31529e-06
========================================================
Newton iteration number 1
Current state of Newton iteration:
   fcount_newton   == 4
   fcount_optimiza == 1
   L2Norm(x)       == 0.22305
   L2Norm(dxN)     == 2.31529e-06
   L2Norm(dxOpt)   == 2.31529e-06
   L2Dist(x,x0)    == 2.31529e-06
gx == L2Norm(G(x)) : 
   initial  gx == 2.07217e-08
   previous gx == 2.07217e-08
   current  gx == 5.0408e-11
rx == 1/2 L2Norm2(G(x)) : 
   initial  rx == 2.14694e-16
   previous rx == 2.14694e-16
   current  rx == 1.27049e-21
         delta == 0.01
Newt,GMRES == 1,0, f(u, N, dt, f_u, flags, dt) :  res == 0.0844758
Newt,GMRES == 1,1, f(u, N, dt, f_u, flags, dt) :  res == 0.0724845
Newt,GMRES == 1,2, f(u, N, dt, f_u, flags, dt) :  res == 0.00450265
Newt,GMRES == 1,3, f(u, N, dt, f_u, flags, dt) :  res == 7.83145e-09
GMRES converged. Breaking.
Hookstep optimization is currently not implemented with Arclength Continuation.
Optimized Newton algorithm with AC: Computing residual to check convergence...f(u, N, dt, f_u, flags, dt) : : gx = 1.5751e-12 < 5.0408e-11
The residual is decreasing if we take this AC-Newton step.

Taking best step and continuing Newton iteration.
L2Norm(G(x)) == 1.5751e-12
rx           == 1.24046e-24
L2Norm(dxN)  == 5.98983e-09
L2Norm(dxOpt)== 5.98983e-09
========================================================
Newton iteration number 2
Current state of Newton iteration:
   fcount_newton   == 8
   fcount_optimiza == 2
   L2Norm(x)       == 0.22305
   L2Norm(dxN)     == 5.98983e-09
   L2Norm(dxOpt)   == 5.98983e-09
   L2Dist(x,x0)    == 2.32074e-06
gx == L2Norm(G(x)) : 
   initial  gx == 2.07217e-08
   previous gx == 5.0408e-11
   current  gx == 1.5751e-12
rx == 1/2 L2Norm2(G(x)) : 
   initial  rx == 2.14694e-16
   previous rx == 1.27049e-21
   current  rx == 1.24046e-24
         delta == 0.01
Newton search converged. Breaking.
L2Norm(G(x)) == 1.5751e-12 < epsSearch == 1e-11
