f(u, N, dt, f_u, flags, dt) : Computing G(x)
f(u, N, dt, f_u, flags, dt) : 
========================================================
Newton iteration number 0
Current state of Newton iteration:
   fcount_newton   == 1
   fcount_optimiza == 0
   L2Norm(x)       == 0.0454906
   L2Norm(dxN)     == 0
   L2Norm(dxOpt)   == 0
   L2Dist(x,x0)    == 0
gx == L2Norm(G(x)) : 
   initial  gx == 1.65322e-07
   previous gx == 1.65322e-07
   current  gx == 1.65322e-07
rx == 1/2 L2Norm2(G(x)) : 
   initial  rx == 1.36657e-14
   previous rx == 1.36657e-14
   current  rx == 1.36657e-14
         delta == 0.01
Newt,GMRES == 0,0, f(u, N, dt, f_u, flags, dt) :  res == 0.999995
Newt,GMRES == 0,1, f(u, N, dt, f_u, flags, dt) :  res == 0.265755
Newt,GMRES == 0,2, f(u, N, dt, f_u, flags, dt) :  res == 0.00700286
Newt,GMRES == 0,3, f(u, N, dt, f_u, flags, dt) :  res == 4.86085e-09
GMRES converged. Breaking.
Hookstep optimization is currently not implemented with Arclength Continuation.
Optimized Newton algorithm with AC: Computing residual to check convergence...f(u, N, dt, f_u, flags, dt) : : gx = 1.95682e-08 < 1.65322e-07
The residual is decreasing if we take this AC-Newton step.

Taking best step and continuing Newton iteration.
L2Norm(G(x)) == 1.95682e-08
rx           == 1.91457e-16
L2Norm(dxN)  == 0.000155425
L2Norm(dxOpt)== 0.000155425
========================================================
Newton iteration number 1
Current state of Newton iteration:
   fcount_newton   == 5
   fcount_optimiza == 1
   L2Norm(x)       == 0.0453375
   L2Norm(dxN)     == 0.000155425
   L2Norm(dxOpt)   == 0.000155425
   L2Dist(x,x0)    == 0.000155426
gx == L2Norm(G(x)) : 
   initial  gx == 1.65322e-07
   previous gx == 1.65322e-07
   current  gx == 1.95682e-08
rx == 1/2 L2Norm2(G(x)) : 
   initial  rx == 1.36657e-14
   previous rx == 1.36657e-14
   current  rx == 1.91457e-16
         delta == 0.01
Newt,GMRES == 1,0, f(u, N, dt, f_u, flags, dt) :  res == 0.999997
Newt,GMRES == 1,1, f(u, N, dt, f_u, flags, dt) :  res == 0.699425
Newt,GMRES == 1,2, f(u, N, dt, f_u, flags, dt) :  res == 0.0572227
Newt,GMRES == 1,3, f(u, N, dt, f_u, flags, dt) :  res == 8.86613e-08
GMRES converged. Breaking.
Hookstep optimization is currently not implemented with Arclength Continuation.
Optimized Newton algorithm with AC: Computing residual to check convergence...f(u, N, dt, f_u, flags, dt) : : gx = 2.25091e-09 < 1.95682e-08
The residual is decreasing if we take this AC-Newton step.

Taking best step and continuing Newton iteration.
L2Norm(G(x)) == 2.25091e-09
rx           == 2.53329e-18
L2Norm(dxN)  == 1.90786e-05
L2Norm(dxOpt)== 1.90786e-05
========================================================
Newton iteration number 2
Current state of Newton iteration:
   fcount_newton   == 9
   fcount_optimiza == 2
   L2Norm(x)       == 0.0453187
   L2Norm(dxN)     == 1.90786e-05
   L2Norm(dxOpt)   == 1.90786e-05
   L2Dist(x,x0)    == 0.000174495
gx == L2Norm(G(x)) : 
   initial  gx == 1.65322e-07
   previous gx == 1.95682e-08
   current  gx == 2.25091e-09
rx == 1/2 L2Norm2(G(x)) : 
   initial  rx == 1.36657e-14
   previous rx == 1.91457e-16
   current  rx == 2.53329e-18
         delta == 0.01
Newt,GMRES == 2,0, f(u, N, dt, f_u, flags, dt) :  res == 0.999998
Newt,GMRES == 2,1, f(u, N, dt, f_u, flags, dt) :  res == 0.678861
Newt,GMRES == 2,2, f(u, N, dt, f_u, flags, dt) :  res == 0.00921063
Newt,GMRES == 2,3, f(u, N, dt, f_u, flags, dt) :  res == 4.23466e-08
GMRES converged. Breaking.
Hookstep optimization is currently not implemented with Arclength Continuation.
Optimized Newton algorithm with AC: Computing residual to check convergence...f(u, N, dt, f_u, flags, dt) : : gx = 1.21842e-10 < 2.25091e-09
The residual is decreasing if we take this AC-Newton step.

Taking best step and continuing Newton iteration.
L2Norm(G(x)) == 1.21842e-10
rx           == 7.42268e-21
L2Norm(dxN)  == 2.39529e-06
L2Norm(dxOpt)== 2.39529e-06
========================================================
Newton iteration number 3
Current state of Newton iteration:
   fcount_newton   == 13
   fcount_optimiza == 3
   L2Norm(x)       == 0.0453163
   L2Norm(dxN)     == 2.39529e-06
   L2Norm(dxOpt)   == 2.39529e-06
   L2Dist(x,x0)    == 0.00017689
gx == L2Norm(G(x)) : 
   initial  gx == 1.65322e-07
   previous gx == 2.25091e-09
   current  gx == 1.21842e-10
rx == 1/2 L2Norm2(G(x)) : 
   initial  rx == 1.36657e-14
   previous rx == 2.53329e-18
   current  rx == 7.42268e-21
         delta == 0.01
Newt,GMRES == 3,0, f(u, N, dt, f_u, flags, dt) :  res == 0.999975
Newt,GMRES == 3,1, f(u, N, dt, f_u, flags, dt) :  res == 0.720326
Newt,GMRES == 3,2, f(u, N, dt, f_u, flags, dt) :  res == 0.00367637
Newt,GMRES == 3,3, f(u, N, dt, f_u, flags, dt) :  res == 2.60094e-09
GMRES converged. Breaking.
Hookstep optimization is currently not implemented with Arclength Continuation.
Optimized Newton algorithm with AC: Computing residual to check convergence...f(u, N, dt, f_u, flags, dt) : : gx = 2.26243e-12 < 1.21842e-10
The residual is decreasing if we take this AC-Newton step.

Taking best step and continuing Newton iteration.
L2Norm(G(x)) == 2.26243e-12
rx           == 2.55929e-24
L2Norm(dxN)  == 1.14667e-07
L2Norm(dxOpt)== 1.14667e-07
========================================================
Newton iteration number 4
Current state of Newton iteration:
   fcount_newton   == 17
   fcount_optimiza == 4
   L2Norm(x)       == 0.0453162
   L2Norm(dxN)     == 1.14667e-07
   L2Norm(dxOpt)   == 1.14667e-07
   L2Dist(x,x0)    == 0.000177004
gx == L2Norm(G(x)) : 
   initial  gx == 1.65322e-07
   previous gx == 1.21842e-10
   current  gx == 2.26243e-12
rx == 1/2 L2Norm2(G(x)) : 
   initial  rx == 1.36657e-14
   previous rx == 7.42268e-21
   current  rx == 2.55929e-24
         delta == 0.01
Newton search converged. Breaking.
L2Norm(G(x)) == 2.26243e-12 < epsSearch == 1e-11
