f(u, N, dt, f_u, flags, dt) : f(u, N, dt, f_u, flags, dt) : Computing G(x)
f(u, N, dt, f_u, flags, dt) : 
========================================================
Newton iteration number 0
Current state of Newton iteration:
   fcount_newton   == 1
   fcount_optimiza == 0
   L2Norm(x)       == 0.0140283
   L2Norm(dxN)     == 0
   L2Norm(dxOpt)   == 0
   L2Dist(x,x0)    == 0
gx == L2Norm(G(x)) : 
   initial  gx == 1.30473e-05
   previous gx == 1.30473e-05
   current  gx == 1.30473e-05
rx == 1/2 L2Norm2(G(x)) : 
   initial  rx == 8.51155e-11
   previous rx == 8.51155e-11
   current  rx == 8.51155e-11
         delta == 0.01
Newt,GMRES == 0,0, f(u, N, dt, f_u, flags, dt) :  res == 0.999433
Newt,GMRES == 0,1, f(u, N, dt, f_u, flags, dt) :  res == 0.231367
Newt,GMRES == 0,2, f(u, N, dt, f_u, flags, dt) :  res == 0.208364
Newt,GMRES == 0,3, f(u, N, dt, f_u, flags, dt) :  res == 0.0227951
GMRES converged. Breaking.
Hookstep optimization is currently not implemented with Arclength Continuation.
Optimized Newton algorithm with AC: Computing residual to check convergence...f(u, N, dt, f_u, flags, dt) : : gx = 1.15014e-06 < 1.30473e-05
The residual is decreasing if we take this AC-Newton step.

Taking best step and continuing Newton iteration.
L2Norm(G(x)) == 1.15014e-06
rx           == 6.61409e-13
L2Norm(dxN)  == 0.00177539
L2Norm(dxOpt)== 0.00177539
========================================================
Newton iteration number 1
Current state of Newton iteration:
   fcount_newton   == 5
   fcount_optimiza == 1
   L2Norm(x)       == 0.0123529
   L2Norm(dxN)     == 0.00177539
   L2Norm(dxOpt)   == 0.00177539
   L2Dist(x,x0)    == 0.00177541
gx == L2Norm(G(x)) : 
   initial  gx == 1.30473e-05
   previous gx == 1.30473e-05
   current  gx == 1.15014e-06
rx == 1/2 L2Norm2(G(x)) : 
   initial  rx == 8.51155e-11
   previous rx == 8.51155e-11
   current  rx == 6.61409e-13
         delta == 0.01
Newt,GMRES == 1,0, f(u, N, dt, f_u, flags, dt) :  res == 0.990765
Newt,GMRES == 1,1, f(u, N, dt, f_u, flags, dt) :  res == 0.295421
Newt,GMRES == 1,2, f(u, N, dt, f_u, flags, dt) :  res == 0.283607
Newt,GMRES == 1,3, f(u, N, dt, f_u, flags, dt) :  res == 0.231048
Newt,GMRES == 1,4, f(u, N, dt, f_u, flags, dt) :  res == 0.17702
Newt,GMRES == 1,5, f(u, N, dt, f_u, flags, dt) :  res == 0.087281
GMRES converged. Breaking.
Hookstep optimization is currently not implemented with Arclength Continuation.
Optimized Newton algorithm with AC: Computing residual to check convergence...f(u, N, dt, f_u, flags, dt) : : gx = 4.97046e-06 > 1.15014e-06
The error is increasing if we take the Newton step. Newton step optimization leaves step size correction to arclength continuation.
