f(u, N, dt, f_u, flags, dt) : f(u, N, dt, f_u, flags, dt) : Computing G(x)
f(u, N, dt, f_u, flags, dt) : 
========================================================
Newton iteration number 0
Current state of Newton iteration:
   fcount_newton   == 1
   fcount_optimiza == 0
   L2Norm(x)       == 0.0135824
   L2Norm(dxN)     == 0
   L2Norm(dxOpt)   == 0
   L2Dist(x,x0)    == 0
gx == L2Norm(G(x)) : 
   initial  gx == 5.24414e-06
   previous gx == 5.24414e-06
   current  gx == 5.24414e-06
rx == 1/2 L2Norm2(G(x)) : 
   initial  rx == 1.37505e-11
   previous rx == 1.37505e-11
   current  rx == 1.37505e-11
         delta == 0.01
Newt,GMRES == 0,0, f(u, N, dt, f_u, flags, dt) :  res == 0.999973
Newt,GMRES == 0,1, f(u, N, dt, f_u, flags, dt) :  res == 0.377148
Newt,GMRES == 0,2, f(u, N, dt, f_u, flags, dt) :  res == 0.0349499
GMRES converged. Breaking.
Hookstep optimization is currently not implemented with Arclength Continuation.
Optimized Newton algorithm with AC: Computing residual to check convergence...f(u, N, dt, f_u, flags, dt) : : gx = 8.49208e-07 < 5.24414e-06
The residual is decreasing if we take this AC-Newton step.

Taking best step and continuing Newton iteration.
L2Norm(G(x)) == 8.49208e-07
rx           == 3.60577e-13
L2Norm(dxN)  == 0.00107814
L2Norm(dxOpt)== 0.00107814
========================================================
Newton iteration number 1
Current state of Newton iteration:
   fcount_newton   == 4
   fcount_optimiza == 1
   L2Norm(x)       == 0.0127957
   L2Norm(dxN)     == 0.00107814
   L2Norm(dxOpt)   == 0.00107814
   L2Dist(x,x0)    == 0.00107818
gx == L2Norm(G(x)) : 
   initial  gx == 5.24414e-06
   previous gx == 5.24414e-06
   current  gx == 8.49208e-07
rx == 1/2 L2Norm2(G(x)) : 
   initial  rx == 1.37505e-11
   previous rx == 1.37505e-11
   current  rx == 3.60577e-13
         delta == 0.01
Newt,GMRES == 1,0, f(u, N, dt, f_u, flags, dt) :  res == 0.999994
Newt,GMRES == 1,1, f(u, N, dt, f_u, flags, dt) :  res == 0.974555
Newt,GMRES == 1,2, f(u, N, dt, f_u, flags, dt) :  res == 0.14719
Newt,GMRES == 1,3, f(u, N, dt, f_u, flags, dt) :  res == 0.0160655
GMRES converged. Breaking.
Hookstep optimization is currently not implemented with Arclength Continuation.
Optimized Newton algorithm with AC: Computing residual to check convergence...f(u, N, dt, f_u, flags, dt) : : gx = 2.45264e-07 < 8.49208e-07
The residual is decreasing if we take this AC-Newton step.

Taking best step and continuing Newton iteration.
L2Norm(G(x)) == 2.45264e-07
rx           == 3.00773e-14
L2Norm(dxN)  == 0.000386164
L2Norm(dxOpt)== 0.000386164
========================================================
Newton iteration number 2
Current state of Newton iteration:
   fcount_newton   == 8
   fcount_optimiza == 2
   L2Norm(x)       == 0.0125009
   L2Norm(dxN)     == 0.000386164
   L2Norm(dxOpt)   == 0.000386164
   L2Dist(x,x0)    == 0.00145967
gx == L2Norm(G(x)) : 
   initial  gx == 5.24414e-06
   previous gx == 8.49208e-07
   current  gx == 2.45264e-07
rx == 1/2 L2Norm2(G(x)) : 
   initial  rx == 1.37505e-11
   previous rx == 3.60577e-13
   current  rx == 3.00773e-14
         delta == 0.01
Newt,GMRES == 2,0, f(u, N, dt, f_u, flags, dt) :  res == 0.999709
Newt,GMRES == 2,1, f(u, N, dt, f_u, flags, dt) :  res == 0.97751
Newt,GMRES == 2,2, f(u, N, dt, f_u, flags, dt) :  res == 0.450523
Newt,GMRES == 2,3, f(u, N, dt, f_u, flags, dt) :  res == 0.0464436
GMRES converged. Breaking.
Hookstep optimization is currently not implemented with Arclength Continuation.
Optimized Newton algorithm with AC: Computing residual to check convergence...f(u, N, dt, f_u, flags, dt) : : gx = 9.38716e-08 < 2.45264e-07
The residual is decreasing if we take this AC-Newton step.

Taking best step and continuing Newton iteration.
L2Norm(G(x)) == 9.38716e-08
rx           == 4.40593e-15
L2Norm(dxN)  == 0.000246327
L2Norm(dxOpt)== 0.000246327
========================================================
Newton iteration number 3
Current state of Newton iteration:
   fcount_newton   == 12
   fcount_optimiza == 3
   L2Norm(x)       == 0.0123119
   L2Norm(dxN)     == 0.000246327
   L2Norm(dxOpt)   == 0.000246327
   L2Dist(x,x0)    == 0.00170367
gx == L2Norm(G(x)) : 
   initial  gx == 5.24414e-06
   previous gx == 2.45264e-07
   current  gx == 9.38716e-08
rx == 1/2 L2Norm2(G(x)) : 
   initial  rx == 1.37505e-11
   previous rx == 3.00773e-14
   current  rx == 4.40593e-15
         delta == 0.01
Newt,GMRES == 3,0, f(u, N, dt, f_u, flags, dt) :  res == 0.999815
Newt,GMRES == 3,1, f(u, N, dt, f_u, flags, dt) :  res == 0.88712
Newt,GMRES == 3,2, f(u, N, dt, f_u, flags, dt) :  res == 0.829584
Newt,GMRES == 3,3, f(u, N, dt, f_u, flags, dt) :  res == 0.179906
Newt,GMRES == 3,4, f(u, N, dt, f_u, flags, dt) :  res == 0.042229
GMRES converged. Breaking.
Hookstep optimization is currently not implemented with Arclength Continuation.
Optimized Newton algorithm with AC: Computing residual to check convergence...f(u, N, dt, f_u, flags, dt) : : gx = 1.39916e-07 > 9.38716e-08
The error is increasing if we take the Newton step. Newton step optimization leaves step size correction to arclength continuation.
