f(u, N, dt, f_u, flags, dt) : f(u, N, dt, f_u, flags, dt) : Computing G(x)
f(u, N, dt, f_u, flags, dt) : 
========================================================
Newton iteration number 0
Current state of Newton iteration:
   fcount_newton   == 1
   fcount_optimiza == 0
   L2Norm(x)       == 0.0176597
   L2Norm(dxN)     == 0
   L2Norm(dxOpt)   == 0
   L2Dist(x,x0)    == 0
gx == L2Norm(G(x)) : 
   initial  gx == 3.06987e-07
   previous gx == 3.06987e-07
   current  gx == 3.06987e-07
rx == 1/2 L2Norm2(G(x)) : 
   initial  rx == 4.71204e-14
   previous rx == 4.71204e-14
   current  rx == 4.71204e-14
         delta == 0.01
Newt,GMRES == 0,0, f(u, N, dt, f_u, flags, dt) :  res == 0.999998
Newt,GMRES == 0,1, f(u, N, dt, f_u, flags, dt) :  res == 0.763979
Newt,GMRES == 0,2, f(u, N, dt, f_u, flags, dt) :  res == 0.155937
Newt,GMRES == 0,3, f(u, N, dt, f_u, flags, dt) :  res == 0.0525368
GMRES converged. Breaking.
Hookstep optimization is currently not implemented with Arclength Continuation.
Optimized Newton algorithm with AC: Computing residual to check convergence...f(u, N, dt, f_u, flags, dt) : : gx = 1.3228e-07 < 3.06987e-07
The residual is decreasing if we take this AC-Newton step.

Taking best step and continuing Newton iteration.
L2Norm(G(x)) == 1.3228e-07
rx           == 8.74901e-15
L2Norm(dxN)  == 0.000354334
L2Norm(dxOpt)== 0.000354334
========================================================
Newton iteration number 1
Current state of Newton iteration:
   fcount_newton   == 5
   fcount_optimiza == 1
   L2Norm(x)       == 0.0173458
   L2Norm(dxN)     == 0.000354334
   L2Norm(dxOpt)   == 0.000354334
   L2Dist(x,x0)    == 0.00035434
gx == L2Norm(G(x)) : 
   initial  gx == 3.06987e-07
   previous gx == 3.06987e-07
   current  gx == 1.3228e-07
rx == 1/2 L2Norm2(G(x)) : 
   initial  rx == 4.71204e-14
   previous rx == 4.71204e-14
   current  rx == 8.74901e-15
         delta == 0.01
Newt,GMRES == 1,0, f(u, N, dt, f_u, flags, dt) :  res == 0.999999
Newt,GMRES == 1,1, f(u, N, dt, f_u, flags, dt) :  res == 0.989401
Newt,GMRES == 1,2, f(u, N, dt, f_u, flags, dt) :  res == 0.984107
Newt,GMRES == 1,3, f(u, N, dt, f_u, flags, dt) :  res == 0.961202
Newt,GMRES == 1,4, f(u, N, dt, f_u, flags, dt) :  res == 0.949823
Newt,GMRES == 1,5, f(u, N, dt, f_u, flags, dt) :  res == 0.946003
Newt,GMRES == 1,6, f(u, N, dt, f_u, flags, dt) :  res == 0.942034
Newt,GMRES == 1,7, f(u, N, dt, f_u, flags, dt) :  res == 0.940715
Newt,GMRES == 1,8, f(u, N, dt, f_u, flags, dt) :  res == 0.75765
Newt,GMRES == 1,9, f(u, N, dt, f_u, flags, dt) :  res == 0.0948669
GMRES converged. Breaking.
Hookstep optimization is currently not implemented with Arclength Continuation.
Optimized Newton algorithm with AC: Computing residual to check convergence...f(u, N, dt, f_u, flags, dt) : : gx = 2.28183e-07 > 1.3228e-07
The error is increasing if we take the Newton step. Newton step optimization leaves step size correction to arclength continuation.
