f(u, N, dt, f_u, flags, dt) : Computing G(x)
f(u, N, dt, f_u, flags, dt) : 
========================================================
Newton iteration number 0
Current state of Newton iteration:
   fcount_newton   == 1
   fcount_optimiza == 0
   L2Norm(x)       == 0.0162928
   L2Norm(dxN)     == 0
   L2Norm(dxOpt)   == 0
   L2Dist(x,x0)    == 0
gx == L2Norm(G(x)) : 
   initial  gx == 3.70873e-06
   previous gx == 3.70873e-06
   current  gx == 3.70873e-06
rx == 1/2 L2Norm2(G(x)) : 
   initial  rx == 6.87732e-12
   previous rx == 6.87732e-12
   current  rx == 6.87732e-12
         delta == 0.01
Newt,GMRES == 0,0, f(u, N, dt, f_u, flags, dt) :  res == 0.989412
Newt,GMRES == 0,1, f(u, N, dt, f_u, flags, dt) :  res == 0.369845
Newt,GMRES == 0,2, f(u, N, dt, f_u, flags, dt) :  res == 0.0457654
GMRES converged. Breaking.
Hookstep optimization is currently not implemented with Arclength Continuation.
Optimized Newton algorithm with AC: Computing residual to check convergence...f(u, N, dt, f_u, flags, dt) : : gx = 1.52422e-06 < 3.70873e-06
The residual is decreasing if we take this AC-Newton step.

Taking best step and continuing Newton iteration.
L2Norm(G(x)) == 1.52422e-06
rx           == 1.16162e-12
L2Norm(dxN)  == 0.000923835
L2Norm(dxOpt)== 0.000923835
========================================================
Newton iteration number 1
Current state of Newton iteration:
   fcount_newton   == 4
   fcount_optimiza == 1
   L2Norm(x)       == 0.0171271
   L2Norm(dxN)     == 0.000923835
   L2Norm(dxOpt)   == 0.000923835
   L2Dist(x,x0)    == 0.000923835
gx == L2Norm(G(x)) : 
   initial  gx == 3.70873e-06
   previous gx == 3.70873e-06
   current  gx == 1.52422e-06
rx == 1/2 L2Norm2(G(x)) : 
   initial  rx == 6.87732e-12
   previous rx == 6.87732e-12
   current  rx == 1.16162e-12
         delta == 0.01
Newt,GMRES == 1,0, f(u, N, dt, f_u, flags, dt) :  res == 0.999922
Newt,GMRES == 1,1, f(u, N, dt, f_u, flags, dt) :  res == 0.936358
Newt,GMRES == 1,2, f(u, N, dt, f_u, flags, dt) :  res == 0.419044
Newt,GMRES == 1,3, f(u, N, dt, f_u, flags, dt) :  res == 0.0908572
GMRES converged. Breaking.
Hookstep optimization is currently not implemented with Arclength Continuation.
Optimized Newton algorithm with AC: Computing residual to check convergence...f(u, N, dt, f_u, flags, dt) : : gx = 4.95132e-06 > 1.52422e-06
The error is increasing if we take the Newton step. Newton step optimization leaves step size correction to arclength continuation.
