f(u, N, dt, f_u, flags, dt) : f(u, N, dt, f_u, flags, dt) : Computing G(x)
f(u, N, dt, f_u, flags, dt) : 
========================================================
Newton iteration number 0
Current state of Newton iteration:
   fcount_newton   == 1
   fcount_optimiza == 0
   L2Norm(x)       == 0.0588063
   L2Norm(dxN)     == 0
   L2Norm(dxOpt)   == 0
   L2Dist(x,x0)    == 0
gx == L2Norm(G(x)) : 
   initial  gx == 8.68673e-07
   previous gx == 8.68673e-07
   current  gx == 8.68673e-07
rx == 1/2 L2Norm2(G(x)) : 
   initial  rx == 3.77296e-13
   previous rx == 3.77296e-13
   current  rx == 3.77296e-13
         delta == 0.01
Newt,GMRES == 0,0, f(u, N, dt, f_u, flags, dt) :  res == 0.932766
Newt,GMRES == 0,1, f(u, N, dt, f_u, flags, dt) :  res == 0.00595858
Newt,GMRES == 0,2, f(u, N, dt, f_u, flags, dt) :  res == 3.3823e-06
GMRES converged. Breaking.
Hookstep optimization is currently not implemented with Arclength Continuation.
Optimized Newton algorithm with AC: Computing residual to check convergence...f(u, N, dt, f_u, flags, dt) : : gx = 2.31181e-09 < 8.68673e-07
The residual is decreasing if we take this AC-Newton step.

Taking best step and continuing Newton iteration.
L2Norm(G(x)) == 2.31181e-09
rx           == 2.67223e-18
L2Norm(dxN)  == 9.67495e-05
L2Norm(dxOpt)== 9.67495e-05
========================================================
Newton iteration number 1
Current state of Newton iteration:
   fcount_newton   == 4
   fcount_optimiza == 1
   L2Norm(x)       == 0.0587104
   L2Norm(dxN)     == 9.67495e-05
   L2Norm(dxOpt)   == 9.67495e-05
   L2Dist(x,x0)    == 9.67495e-05
gx == L2Norm(G(x)) : 
   initial  gx == 8.68673e-07
   previous gx == 8.68673e-07
   current  gx == 2.31181e-09
rx == 1/2 L2Norm2(G(x)) : 
   initial  rx == 3.77296e-13
   previous rx == 3.77296e-13
   current  rx == 2.67223e-18
         delta == 0.01
Newt,GMRES == 1,0, f(u, N, dt, f_u, flags, dt) :  res == 0.936983
Newt,GMRES == 1,1, f(u, N, dt, f_u, flags, dt) :  res == 0.000109127
GMRES converged. Breaking.
Hookstep optimization is currently not implemented with Arclength Continuation.
Optimized Newton algorithm with AC: Computing residual to check convergence...f(u, N, dt, f_u, flags, dt) : : gx = 4.32455e-13 < 2.31181e-09
The residual is decreasing if we take this AC-Newton step.

Taking best step and continuing Newton iteration.
L2Norm(G(x)) == 4.32455e-13
rx           == 9.35088e-26
L2Norm(dxN)  == 2.56301e-07
L2Norm(dxOpt)== 2.56301e-07
========================================================
Newton iteration number 2
Current state of Newton iteration:
   fcount_newton   == 6
   fcount_optimiza == 2
   L2Norm(x)       == 0.0587107
   L2Norm(dxN)     == 2.56301e-07
   L2Norm(dxOpt)   == 2.56301e-07
   L2Dist(x,x0)    == 9.64935e-05
gx == L2Norm(G(x)) : 
   initial  gx == 8.68673e-07
   previous gx == 2.31181e-09
   current  gx == 4.32455e-13
rx == 1/2 L2Norm2(G(x)) : 
   initial  rx == 3.77296e-13
   previous rx == 2.67223e-18
   current  rx == 9.35088e-26
         delta == 0.01
Newton search converged. Breaking.
L2Norm(G(x)) == 4.32455e-13 < epsSearch == 1e-11
