f(u, N, dt, f_u, flags, dt) : Computing G(x)
f(u, N, dt, f_u, flags, dt) : 
========================================================
Newton iteration number 0
Current state of Newton iteration:
   fcount_newton   == 1
   fcount_optimiza == 0
   L2Norm(x)       == 0.0241171
   L2Norm(dxN)     == 0
   L2Norm(dxOpt)   == 0
   L2Dist(x,x0)    == 0
gx == L2Norm(G(x)) : 
   initial  gx == 2.86706e-06
   previous gx == 2.86706e-06
   current  gx == 2.86706e-06
rx == 1/2 L2Norm2(G(x)) : 
   initial  rx == 4.11002e-12
   previous rx == 4.11002e-12
   current  rx == 4.11002e-12
         delta == 0.01
Newt,GMRES == 0,0, f(u, N, dt, f_u, flags, dt) :  res == 0.997439
Newt,GMRES == 0,1, f(u, N, dt, f_u, flags, dt) :  res == 0.108302
Newt,GMRES == 0,2, f(u, N, dt, f_u, flags, dt) :  res == 0.0514154
GMRES converged. Breaking.
Hookstep optimization is currently not implemented with Arclength Continuation.
Optimized Newton algorithm with AC: Computing residual to check convergence...f(u, N, dt, f_u, flags, dt) : : gx = 1.4909e-07 < 2.86706e-06
The residual is decreasing if we take this AC-Newton step.

Taking best step and continuing Newton iteration.
L2Norm(G(x)) == 1.4909e-07
rx           == 1.11139e-14
L2Norm(dxN)  == 0.000315747
L2Norm(dxOpt)== 0.000315747
========================================================
Newton iteration number 1
Current state of Newton iteration:
   fcount_newton   == 4
   fcount_optimiza == 1
   L2Norm(x)       == 0.0239486
   L2Norm(dxN)     == 0.000315747
   L2Norm(dxOpt)   == 0.000315747
   L2Dist(x,x0)    == 0.000315749
gx == L2Norm(G(x)) : 
   initial  gx == 2.86706e-06
   previous gx == 2.86706e-06
   current  gx == 1.4909e-07
rx == 1/2 L2Norm2(G(x)) : 
   initial  rx == 4.11002e-12
   previous rx == 4.11002e-12
   current  rx == 1.11139e-14
         delta == 0.01
Newt,GMRES == 1,0, f(u, N, dt, f_u, flags, dt) :  res == 0.999998
Newt,GMRES == 1,1, f(u, N, dt, f_u, flags, dt) :  res == 0.995115
Newt,GMRES == 1,2, f(u, N, dt, f_u, flags, dt) :  res == 0.890274
Newt,GMRES == 1,3, f(u, N, dt, f_u, flags, dt) :  res == 0.537497
Newt,GMRES == 1,4, f(u, N, dt, f_u, flags, dt) :  res == 0.217811
Newt,GMRES == 1,5, f(u, N, dt, f_u, flags, dt) :  res == 0.217768
Newt,GMRES == 1,6, f(u, N, dt, f_u, flags, dt) :  res == 0.0435253
GMRES converged. Breaking.
Hookstep optimization is currently not implemented with Arclength Continuation.
Optimized Newton algorithm with AC: Computing residual to check convergence...f(u, N, dt, f_u, flags, dt) : : gx = 4.23911e-08 < 1.4909e-07
The residual is decreasing if we take this AC-Newton step.

Taking best step and continuing Newton iteration.
L2Norm(G(x)) == 4.23911e-08
rx           == 8.98503e-16
L2Norm(dxN)  == 0.000159054
L2Norm(dxOpt)== 0.000159054
========================================================
Newton iteration number 2
Current state of Newton iteration:
   fcount_newton   == 11
   fcount_optimiza == 2
   L2Norm(x)       == 0.0238546
   L2Norm(dxN)     == 0.000159054
   L2Norm(dxOpt)   == 0.000159054
   L2Dist(x,x0)    == 0.000340693
gx == L2Norm(G(x)) : 
   initial  gx == 2.86706e-06
   previous gx == 1.4909e-07
   current  gx == 4.23911e-08
rx == 1/2 L2Norm2(G(x)) : 
   initial  rx == 4.11002e-12
   previous rx == 1.11139e-14
   current  rx == 8.98503e-16
         delta == 0.01
Newt,GMRES == 2,0, f(u, N, dt, f_u, flags, dt) :  res == 0.99992
Newt,GMRES == 2,1, f(u, N, dt, f_u, flags, dt) :  res == 0.805484
Newt,GMRES == 2,2, f(u, N, dt, f_u, flags, dt) :  res == 0.132571
Newt,GMRES == 2,3, f(u, N, dt, f_u, flags, dt) :  res == 0.0743709
GMRES converged. Breaking.
Hookstep optimization is currently not implemented with Arclength Continuation.
Optimized Newton algorithm with AC: Computing residual to check convergence...f(u, N, dt, f_u, flags, dt) : : gx = 2.91944e-09 < 4.23911e-08
The residual is decreasing if we take this AC-Newton step.

Taking best step and continuing Newton iteration.
L2Norm(G(x)) == 2.91944e-09
rx           == 4.26156e-18
L2Norm(dxN)  == 3.1729e-05
L2Norm(dxOpt)== 3.1729e-05
========================================================
Newton iteration number 3
Current state of Newton iteration:
   fcount_newton   == 15
   fcount_optimiza == 3
   L2Norm(x)       == 0.0238703
   L2Norm(dxN)     == 3.1729e-05
   L2Norm(dxOpt)   == 3.1729e-05
   L2Dist(x,x0)    == 0.000330962
gx == L2Norm(G(x)) : 
   initial  gx == 2.86706e-06
   previous gx == 4.23911e-08
   current  gx == 2.91944e-09
rx == 1/2 L2Norm2(G(x)) : 
   initial  rx == 4.11002e-12
   previous rx == 8.98503e-16
   current  rx == 4.26156e-18
         delta == 0.01
Newton search converged. Breaking.
L2Norm(G(x)) == 2.91944e-09 < epsSearch == 1e-08
