f(u, N, dt, f_u, flags, dt) : f(u, N, dt, f_u, flags, dt) : Computing G(x)
f(u, N, dt, f_u, flags, dt) : 
========================================================
Newton iteration number 0
Current state of Newton iteration:
   fcount_newton   == 1
   fcount_optimiza == 0
   L2Norm(x)       == 0.00991042
   L2Norm(dxN)     == 0
   L2Norm(dxOpt)   == 0
   L2Dist(x,x0)    == 0
gx == L2Norm(G(x)) : 
   initial  gx == 1.34877e-08
   previous gx == 1.34877e-08
   current  gx == 1.34877e-08
rx == 1/2 L2Norm2(G(x)) : 
   initial  rx == 9.09592e-17
   previous rx == 9.09592e-17
   current  rx == 9.09592e-17
         delta == 0.01
Newt,GMRES == 0,0, f(u, N, dt, f_u, flags, dt) :  res == 0.990041
Newt,GMRES == 0,1, f(u, N, dt, f_u, flags, dt) :  res == 0.93499
Newt,GMRES == 0,2, f(u, N, dt, f_u, flags, dt) :  res == 0.193883
Newt,GMRES == 0,3, f(u, N, dt, f_u, flags, dt) :  res == 0.0217519
GMRES converged. Breaking.
Hookstep optimization is currently not implemented with Arclength Continuation.
Optimized Newton algorithm with AC: Computing residual to check convergence...f(u, N, dt, f_u, flags, dt) : : gx = 2.90461e-10 < 1.34877e-08
The residual is decreasing if we take this AC-Newton step.

Taking best step and continuing Newton iteration.
L2Norm(G(x)) == 2.90461e-10
rx           == 4.21838e-20
L2Norm(dxN)  == 2.10956e-06
L2Norm(dxOpt)== 2.10956e-06
========================================================
Newton iteration number 1
Current state of Newton iteration:
   fcount_newton   == 5
   fcount_optimiza == 1
   L2Norm(x)       == 0.00990847
   L2Norm(dxN)     == 2.10956e-06
   L2Norm(dxOpt)   == 2.10956e-06
   L2Dist(x,x0)    == 2.10956e-06
gx == L2Norm(G(x)) : 
   initial  gx == 1.34877e-08
   previous gx == 1.34877e-08
   current  gx == 2.90461e-10
rx == 1/2 L2Norm2(G(x)) : 
   initial  rx == 9.09592e-17
   previous rx == 9.09592e-17
   current  rx == 4.21838e-20
         delta == 0.01
Newt,GMRES == 1,0, f(u, N, dt, f_u, flags, dt) :  res == 0.149182
Newt,GMRES == 1,1, f(u, N, dt, f_u, flags, dt) :  res == 0.148347
Newt,GMRES == 1,2, f(u, N, dt, f_u, flags, dt) :  res == 0.0294093
GMRES converged. Breaking.
Hookstep optimization is currently not implemented with Arclength Continuation.
Optimized Newton algorithm with AC: Computing residual to check convergence...f(u, N, dt, f_u, flags, dt) : : gx = 1.07319e-11 < 2.90461e-10
The residual is decreasing if we take this AC-Newton step.

Taking best step and continuing Newton iteration.
L2Norm(G(x)) == 1.07319e-11
rx           == 5.75868e-23
L2Norm(dxN)  == 3.83719e-08
L2Norm(dxOpt)== 3.83719e-08
========================================================
Newton iteration number 2
Current state of Newton iteration:
   fcount_newton   == 8
   fcount_optimiza == 2
   L2Norm(x)       == 0.00990847
   L2Norm(dxN)     == 3.83719e-08
   L2Norm(dxOpt)   == 3.83719e-08
   L2Dist(x,x0)    == 2.11173e-06
gx == L2Norm(G(x)) : 
   initial  gx == 1.34877e-08
   previous gx == 2.90461e-10
   current  gx == 1.07319e-11
rx == 1/2 L2Norm2(G(x)) : 
   initial  rx == 9.09592e-17
   previous rx == 4.21838e-20
   current  rx == 5.75868e-23
         delta == 0.01
Newt,GMRES == 2,0, f(u, N, dt, f_u, flags, dt) :  res == 0.987109
Newt,GMRES == 2,1, f(u, N, dt, f_u, flags, dt) :  res == 0.956843
Newt,GMRES == 2,2, f(u, N, dt, f_u, flags, dt) :  res == 0.217747
Newt,GMRES == 2,3, f(u, N, dt, f_u, flags, dt) :  res == 0.0845591
GMRES converged. Breaking.
Hookstep optimization is currently not implemented with Arclength Continuation.
Optimized Newton algorithm with AC: Computing residual to check convergence...f(u, N, dt, f_u, flags, dt) : : gx = 8.66128e-13 < 1.07319e-11
The residual is decreasing if we take this AC-Newton step.

Taking best step and continuing Newton iteration.
L2Norm(G(x)) == 8.66128e-13
rx           == 3.75089e-25
L2Norm(dxN)  == 2.02742e-09
L2Norm(dxOpt)== 2.02742e-09
========================================================
Newton iteration number 3
Current state of Newton iteration:
   fcount_newton   == 12
   fcount_optimiza == 3
   L2Norm(x)       == 0.00990847
   L2Norm(dxN)     == 2.02742e-09
   L2Norm(dxOpt)   == 2.02742e-09
   L2Dist(x,x0)    == 2.11027e-06
gx == L2Norm(G(x)) : 
   initial  gx == 1.34877e-08
   previous gx == 1.07319e-11
   current  gx == 8.66128e-13
rx == 1/2 L2Norm2(G(x)) : 
   initial  rx == 9.09592e-17
   previous rx == 5.75868e-23
   current  rx == 3.75089e-25
         delta == 0.01
Newton search converged. Breaking.
L2Norm(G(x)) == 8.66128e-13 < epsSearch == 1e-11
