f(u, N, dt, f_u, flags, dt) : f(u, N, dt, f_u, flags, dt) : Computing G(x)
f(u, N, dt, f_u, flags, dt) : 
========================================================
Newton iteration number 0
Current state of Newton iteration:
   fcount_newton   == 1
   fcount_optimiza == 0
   L2Norm(x)       == 0.221817
   L2Norm(dxN)     == 0
   L2Norm(dxOpt)   == 0
   L2Dist(x,x0)    == 0
gx == L2Norm(G(x)) : 
   initial  gx == 1.05214e-08
   previous gx == 1.05214e-08
   current  gx == 1.05214e-08
rx == 1/2 L2Norm2(G(x)) : 
   initial  rx == 5.535e-17
   previous rx == 5.535e-17
   current  rx == 5.535e-17
         delta == 0.01
Newt,GMRES == 0,0, f(u, N, dt, f_u, flags, dt) :  res == 0.388992
Newt,GMRES == 0,1, f(u, N, dt, f_u, flags, dt) :  res == 0.0344775
Newt,GMRES == 0,2, f(u, N, dt, f_u, flags, dt) :  res == 0.000453949
GMRES converged. Breaking.
Hookstep optimization is currently not implemented with Arclength Continuation.
Optimized Newton algorithm with AC: Computing residual to check convergence...f(u, N, dt, f_u, flags, dt) : : gx = 7.32266e-11 < 1.05214e-08
The residual is decreasing if we take this AC-Newton step.

Taking best step and continuing Newton iteration.
L2Norm(G(x)) == 7.32266e-11
rx           == 2.68107e-21
L2Norm(dxN)  == 1.13287e-06
L2Norm(dxOpt)== 1.13287e-06
========================================================
Newton iteration number 1
Current state of Newton iteration:
   fcount_newton   == 4
   fcount_optimiza == 1
   L2Norm(x)       == 0.221817
   L2Norm(dxN)     == 1.13287e-06
   L2Norm(dxOpt)   == 1.13287e-06
   L2Dist(x,x0)    == 1.13287e-06
gx == L2Norm(G(x)) : 
   initial  gx == 1.05214e-08
   previous gx == 1.05214e-08
   current  gx == 7.32266e-11
rx == 1/2 L2Norm2(G(x)) : 
   initial  rx == 5.535e-17
   previous rx == 5.535e-17
   current  rx == 2.68107e-21
         delta == 0.01
Newt,GMRES == 1,0, f(u, N, dt, f_u, flags, dt) :  res == 0.355182
Newt,GMRES == 1,1, f(u, N, dt, f_u, flags, dt) :  res == 0.0504669
Newt,GMRES == 1,2, f(u, N, dt, f_u, flags, dt) :  res == 0.000839788
GMRES converged. Breaking.
Hookstep optimization is currently not implemented with Arclength Continuation.
Optimized Newton algorithm with AC: Computing residual to check convergence...f(u, N, dt, f_u, flags, dt) : : gx = 1.0479e-11 < 7.32266e-11
The residual is decreasing if we take this AC-Newton step.

Taking best step and continuing Newton iteration.
L2Norm(G(x)) == 1.0479e-11
rx           == 5.49044e-23
L2Norm(dxN)  == 9.42229e-09
L2Norm(dxOpt)== 9.42229e-09
========================================================
Newton iteration number 2
Current state of Newton iteration:
   fcount_newton   == 7
   fcount_optimiza == 2
   L2Norm(x)       == 0.221817
   L2Norm(dxN)     == 9.42229e-09
   L2Norm(dxOpt)   == 9.42229e-09
   L2Dist(x,x0)    == 1.13519e-06
gx == L2Norm(G(x)) : 
   initial  gx == 1.05214e-08
   previous gx == 7.32266e-11
   current  gx == 1.0479e-11
rx == 1/2 L2Norm2(G(x)) : 
   initial  rx == 5.535e-17
   previous rx == 2.68107e-21
   current  rx == 5.49044e-23
         delta == 0.01
Newt,GMRES == 2,0, f(u, N, dt, f_u, flags, dt) :  res == 0.929101
Newt,GMRES == 2,1, f(u, N, dt, f_u, flags, dt) :  res == 0.0259197
Newt,GMRES == 2,2, f(u, N, dt, f_u, flags, dt) :  res == 9.20522e-05
GMRES converged. Breaking.
Hookstep optimization is currently not implemented with Arclength Continuation.
Optimized Newton algorithm with AC: Computing residual to check convergence...f(u, N, dt, f_u, flags, dt) : : gx = 6.3695e-13 < 1.0479e-11
The residual is decreasing if we take this AC-Newton step.

Taking best step and continuing Newton iteration.
L2Norm(G(x)) == 6.3695e-13
rx           == 2.02852e-25
L2Norm(dxN)  == 1.37168e-09
L2Norm(dxOpt)== 1.37168e-09
========================================================
Newton iteration number 3
Current state of Newton iteration:
   fcount_newton   == 10
   fcount_optimiza == 3
   L2Norm(x)       == 0.221817
   L2Norm(dxN)     == 1.37168e-09
   L2Norm(dxOpt)   == 1.37168e-09
   L2Dist(x,x0)    == 1.13564e-06
gx == L2Norm(G(x)) : 
   initial  gx == 1.05214e-08
   previous gx == 1.0479e-11
   current  gx == 6.3695e-13
rx == 1/2 L2Norm2(G(x)) : 
   initial  rx == 5.535e-17
   previous rx == 5.49044e-23
   current  rx == 2.02852e-25
         delta == 0.01
Newton search converged. Breaking.
L2Norm(G(x)) == 6.3695e-13 < epsSearch == 1e-11
