f(u, N, dt, f_u, flags, dt) : f(u, N, dt, f_u, flags, dt) : Computing G(x)
f(u, N, dt, f_u, flags, dt) : 
========================================================
Newton iteration number 0
Current state of Newton iteration:
   fcount_newton   == 1
   fcount_optimiza == 0
   L2Norm(x)       == 0.184007
   L2Norm(dxN)     == 0
   L2Norm(dxOpt)   == 0
   L2Dist(x,x0)    == 0
gx == L2Norm(G(x)) : 
   initial  gx == 4.41983e-10
   previous gx == 4.41983e-10
   current  gx == 4.41983e-10
rx == 1/2 L2Norm2(G(x)) : 
   initial  rx == 9.76743e-20
   previous rx == 9.76743e-20
   current  rx == 9.76743e-20
         delta == 0.01
Newt,GMRES == 0,0, f(u, N, dt, f_u, flags, dt) :  res == 0.368037
Newt,GMRES == 0,1, f(u, N, dt, f_u, flags, dt) :  res == 0.185238
Newt,GMRES == 0,2, f(u, N, dt, f_u, flags, dt) :  res == 2.2173e-05
GMRES converged. Breaking.
Hookstep optimization is currently not implemented with Arclength Continuation.
Optimized Newton algorithm with AC: Computing residual to check convergence...f(u, N, dt, f_u, flags, dt) : : gx = 1.16392e-11 < 4.41983e-10
The residual is decreasing if we take this AC-Newton step.

Taking best step and continuing Newton iteration.
L2Norm(G(x)) == 1.16392e-11
rx           == 6.77356e-23
L2Norm(dxN)  == 9.0379e-08
L2Norm(dxOpt)== 9.0379e-08
========================================================
Newton iteration number 1
Current state of Newton iteration:
   fcount_newton   == 4
   fcount_optimiza == 1
   L2Norm(x)       == 0.184007
   L2Norm(dxN)     == 9.0379e-08
   L2Norm(dxOpt)   == 9.0379e-08
   L2Dist(x,x0)    == 9.0379e-08
gx == L2Norm(G(x)) : 
   initial  gx == 4.41983e-10
   previous gx == 4.41983e-10
   current  gx == 1.16392e-11
rx == 1/2 L2Norm2(G(x)) : 
   initial  rx == 9.76743e-20
   previous rx == 9.76743e-20
   current  rx == 6.77356e-23
         delta == 0.01
Newt,GMRES == 1,0, f(u, N, dt, f_u, flags, dt) :  res == 0.455815
Newt,GMRES == 1,1, f(u, N, dt, f_u, flags, dt) :  res == 0.00107139
Newt,GMRES == 1,2, f(u, N, dt, f_u, flags, dt) :  res == 1.65404e-07
GMRES converged. Breaking.
Hookstep optimization is currently not implemented with Arclength Continuation.
Optimized Newton algorithm with AC: Computing residual to check convergence...f(u, N, dt, f_u, flags, dt) : : gx = 1.24622e-11 > 1.16392e-11
The error is increasing if we take the Newton step. Newton step optimization leaves step size correction to arclength continuation.
