f(u, N, dt, f_u, flags, dt) : f(u, N, dt, f_u, flags, dt) : Computing G(x)
f(u, N, dt, f_u, flags, dt) : 
========================================================
Newton iteration number 0
Current state of Newton iteration:
   fcount_newton   == 1
   fcount_optimiza == 0
   L2Norm(x)       == 0.0101859
   L2Norm(dxN)     == 0
   L2Norm(dxOpt)   == 0
   L2Dist(x,x0)    == 0
gx == L2Norm(G(x)) : 
   initial  gx == 4.30654e-06
   previous gx == 4.30654e-06
   current  gx == 4.30654e-06
rx == 1/2 L2Norm2(G(x)) : 
   initial  rx == 9.27314e-12
   previous rx == 9.27314e-12
   current  rx == 9.27314e-12
         delta == 0.01
Newt,GMRES == 0,0, f(u, N, dt, f_u, flags, dt) :  res == 0.962875
Newt,GMRES == 0,1, f(u, N, dt, f_u, flags, dt) :  res == 0.464933
Newt,GMRES == 0,2, f(u, N, dt, f_u, flags, dt) :  res == 0.0729866
GMRES converged. Breaking.
Hookstep optimization is currently not implemented with Arclength Continuation.
Optimized Newton algorithm with AC: Computing residual to check convergence...f(u, N, dt, f_u, flags, dt) : : gx = 3.6824e-06 < 4.30654e-06
The residual is decreasing if we take this AC-Newton step.

Taking best step and continuing Newton iteration.
L2Norm(G(x)) == 3.6824e-06
rx           == 6.78003e-12
L2Norm(dxN)  == 0.00117937
L2Norm(dxOpt)== 0.00117937
========================================================
Newton iteration number 1
Current state of Newton iteration:
   fcount_newton   == 4
   fcount_optimiza == 1
   L2Norm(x)       == 0.0113486
   L2Norm(dxN)     == 0.00117937
   L2Norm(dxOpt)   == 0.00117937
   L2Dist(x,x0)    == 0.00117937
gx == L2Norm(G(x)) : 
   initial  gx == 4.30654e-06
   previous gx == 4.30654e-06
   current  gx == 3.6824e-06
rx == 1/2 L2Norm2(G(x)) : 
   initial  rx == 9.27314e-12
   previous rx == 9.27314e-12
   current  rx == 6.78003e-12
         delta == 0.01
Newt,GMRES == 1,0, f(u, N, dt, f_u, flags, dt) :  res == 0.989354
Newt,GMRES == 1,1, f(u, N, dt, f_u, flags, dt) :  res == 0.615396
Newt,GMRES == 1,2, f(u, N, dt, f_u, flags, dt) :  res == 0.191664
Newt,GMRES == 1,3, f(u, N, dt, f_u, flags, dt) :  res == 0.0233783
GMRES converged. Breaking.
Hookstep optimization is currently not implemented with Arclength Continuation.
Optimized Newton algorithm with AC: Computing residual to check convergence...f(u, N, dt, f_u, flags, dt) : : gx = 1.24427e-05 > 3.6824e-06
The error is increasing if we take the Newton step. Newton step optimization leaves step size correction to arclength continuation.
