f(u, N, dt, f_u, flags, dt) : f(u, N, dt, f_u, flags, dt) : Computing G(x)
f(u, N, dt, f_u, flags, dt) : 
========================================================
Newton iteration number 0
Current state of Newton iteration:
   fcount_newton   == 1
   fcount_optimiza == 0
   L2Norm(x)       == 0.122273
   L2Norm(dxN)     == 0
   L2Norm(dxOpt)   == 0
   L2Dist(x,x0)    == 0
gx == L2Norm(G(x)) : 
   initial  gx == 6.15506e-10
   previous gx == 6.15506e-10
   current  gx == 6.15506e-10
rx == 1/2 L2Norm2(G(x)) : 
   initial  rx == 1.89424e-19
   previous rx == 1.89424e-19
   current  rx == 1.89424e-19
         delta == 0.01
Newt,GMRES == 0,0, f(u, N, dt, f_u, flags, dt) :  res == 0.487721
Newt,GMRES == 0,1, f(u, N, dt, f_u, flags, dt) :  res == 8.97948e-05
GMRES converged. Breaking.
Hookstep optimization is currently not implemented with Arclength Continuation.
Optimized Newton algorithm with AC: Computing residual to check convergence...f(u, N, dt, f_u, flags, dt) : : gx = 1.84571e-13 < 6.15506e-10
The residual is decreasing if we take this AC-Newton step.

Taking best step and continuing Newton iteration.
L2Norm(G(x)) == 1.84571e-13
rx           == 1.70332e-26
L2Norm(dxN)  == 6.15489e-08
L2Norm(dxOpt)== 6.15489e-08
========================================================
Newton iteration number 1
Current state of Newton iteration:
   fcount_newton   == 3
   fcount_optimiza == 1
   L2Norm(x)       == 0.122274
   L2Norm(dxN)     == 6.15489e-08
   L2Norm(dxOpt)   == 6.15489e-08
   L2Dist(x,x0)    == 6.15489e-08
gx == L2Norm(G(x)) : 
   initial  gx == 6.15506e-10
   previous gx == 6.15506e-10
   current  gx == 1.84571e-13
rx == 1/2 L2Norm2(G(x)) : 
   initial  rx == 1.89424e-19
   previous rx == 1.89424e-19
   current  rx == 1.70332e-26
         delta == 0.01
Newton search converged. Breaking.
L2Norm(G(x)) == 1.84571e-13 < epsSearch == 1e-11
