f(u, N, dt, f_u, flags, dt) : f(u, N, dt, f_u, flags, dt) : Computing G(x)
f(u, N, dt, f_u, flags, dt) : 
========================================================
Newton iteration number 0
Current state of Newton iteration:
   fcount_newton   == 1
   fcount_optimiza == 0
   L2Norm(x)       == 0.00916709
   L2Norm(dxN)     == 0
   L2Norm(dxOpt)   == 0
   L2Dist(x,x0)    == 0
gx == L2Norm(G(x)) : 
   initial  gx == 1.66045e-08
   previous gx == 1.66045e-08
   current  gx == 1.66045e-08
rx == 1/2 L2Norm2(G(x)) : 
   initial  rx == 1.37854e-16
   previous rx == 1.37854e-16
   current  rx == 1.37854e-16
         delta == 0.01
Newt,GMRES == 0,0, f(u, N, dt, f_u, flags, dt) :  res == 0.769714
Newt,GMRES == 0,1, f(u, N, dt, f_u, flags, dt) :  res == 0.202818
Newt,GMRES == 0,2, f(u, N, dt, f_u, flags, dt) :  res == 0.0358143
GMRES converged. Breaking.
Hookstep optimization is currently not implemented with Arclength Continuation.
Optimized Newton algorithm with AC: Computing residual to check convergence...f(u, N, dt, f_u, flags, dt) : : gx = 5.9403e-10 < 1.66045e-08
The residual is decreasing if we take this AC-Newton step.

Taking best step and continuing Newton iteration.
L2Norm(G(x)) == 5.9403e-10
rx           == 1.76436e-19
L2Norm(dxN)  == 1.61705e-06
L2Norm(dxOpt)== 1.61705e-06
========================================================
Newton iteration number 1
Current state of Newton iteration:
   fcount_newton   == 4
   fcount_optimiza == 1
   L2Norm(x)       == 0.00916867
   L2Norm(dxN)     == 1.61705e-06
   L2Norm(dxOpt)   == 1.61705e-06
   L2Dist(x,x0)    == 1.61705e-06
gx == L2Norm(G(x)) : 
   initial  gx == 1.66045e-08
   previous gx == 1.66045e-08
   current  gx == 5.9403e-10
rx == 1/2 L2Norm2(G(x)) : 
   initial  rx == 1.37854e-16
   previous rx == 1.37854e-16
   current  rx == 1.76436e-19
         delta == 0.01
Newt,GMRES == 1,0, f(u, N, dt, f_u, flags, dt) :  res == 0.224626
Newt,GMRES == 1,1, f(u, N, dt, f_u, flags, dt) :  res == 0.215922
Newt,GMRES == 1,2, f(u, N, dt, f_u, flags, dt) :  res == 0.129469
Newt,GMRES == 1,3, f(u, N, dt, f_u, flags, dt) :  res == 0.0255254
GMRES converged. Breaking.
Hookstep optimization is currently not implemented with Arclength Continuation.
Optimized Newton algorithm with AC: Computing residual to check convergence...f(u, N, dt, f_u, flags, dt) : : gx = 1.54137e-11 < 5.9403e-10
The residual is decreasing if we take this AC-Newton step.

Taking best step and continuing Newton iteration.
L2Norm(G(x)) == 1.54137e-11
rx           == 1.18791e-22
L2Norm(dxN)  == 7.66103e-08
L2Norm(dxOpt)== 7.66103e-08
========================================================
Newton iteration number 2
Current state of Newton iteration:
   fcount_newton   == 8
   fcount_optimiza == 2
   L2Norm(x)       == 0.00916868
   L2Norm(dxN)     == 7.66103e-08
   L2Norm(dxOpt)   == 7.66103e-08
   L2Dist(x,x0)    == 1.62092e-06
gx == L2Norm(G(x)) : 
   initial  gx == 1.66045e-08
   previous gx == 5.9403e-10
   current  gx == 1.54137e-11
rx == 1/2 L2Norm2(G(x)) : 
   initial  rx == 1.37854e-16
   previous rx == 1.76436e-19
   current  rx == 1.18791e-22
         delta == 0.01
Newt,GMRES == 2,0, f(u, N, dt, f_u, flags, dt) :  res == 0.542056
Newt,GMRES == 2,1, f(u, N, dt, f_u, flags, dt) :  res == 0.493251
Newt,GMRES == 2,2, f(u, N, dt, f_u, flags, dt) :  res == 0.167859
Newt,GMRES == 2,3, f(u, N, dt, f_u, flags, dt) :  res == 0.0306752
GMRES converged. Breaking.
Hookstep optimization is currently not implemented with Arclength Continuation.
Optimized Newton algorithm with AC: Computing residual to check convergence...f(u, N, dt, f_u, flags, dt) : : gx = 2.84791e-12 < 1.54137e-11
The residual is decreasing if we take this AC-Newton step.

Taking best step and continuing Newton iteration.
L2Norm(G(x)) == 2.84791e-12
rx           == 4.0553e-24
L2Norm(dxN)  == 1.79028e-09
L2Norm(dxOpt)== 1.79028e-09
========================================================
Newton iteration number 3
Current state of Newton iteration:
   fcount_newton   == 12
   fcount_optimiza == 3
   L2Norm(x)       == 0.00916868
   L2Norm(dxN)     == 1.79028e-09
   L2Norm(dxOpt)   == 1.79028e-09
   L2Dist(x,x0)    == 1.62072e-06
gx == L2Norm(G(x)) : 
   initial  gx == 1.66045e-08
   previous gx == 1.54137e-11
   current  gx == 2.84791e-12
rx == 1/2 L2Norm2(G(x)) : 
   initial  rx == 1.37854e-16
   previous rx == 1.18791e-22
   current  rx == 4.0553e-24
         delta == 0.01
Newton search converged. Breaking.
L2Norm(G(x)) == 2.84791e-12 < epsSearch == 1e-11
