f(u, N, dt, f_u, flags, dt) : f(u, N, dt, f_u, flags, dt) : Computing G(x)
f(u, N, dt, f_u, flags, dt) : 
========================================================
Newton iteration number 0
Current state of Newton iteration:
   fcount_newton   == 1
   fcount_optimiza == 0
   L2Norm(x)       == 0.0147026
   L2Norm(dxN)     == 0
   L2Norm(dxOpt)   == 0
   L2Dist(x,x0)    == 0
gx == L2Norm(G(x)) : 
   initial  gx == 1.40145e-05
   previous gx == 1.40145e-05
   current  gx == 1.40145e-05
rx == 1/2 L2Norm2(G(x)) : 
   initial  rx == 9.82035e-11
   previous rx == 9.82035e-11
   current  rx == 9.82035e-11
         delta == 0.01
Newt,GMRES == 0,0, f(u, N, dt, f_u, flags, dt) :  res == 0.99958
Newt,GMRES == 0,1, f(u, N, dt, f_u, flags, dt) :  res == 0.666818
Newt,GMRES == 0,2, f(u, N, dt, f_u, flags, dt) :  res == 0.0870409
GMRES converged. Breaking.
Hookstep optimization is currently not implemented with Arclength Continuation.
Optimized Newton algorithm with AC: Computing residual to check convergence...f(u, N, dt, f_u, flags, dt) : : gx = 1.50727e-06 < 1.40145e-05
The residual is decreasing if we take this AC-Newton step.

Taking best step and continuing Newton iteration.
L2Norm(G(x)) == 1.50727e-06
rx           == 1.13593e-12
L2Norm(dxN)  == 0.00205155
L2Norm(dxOpt)== 0.00205155
========================================================
Newton iteration number 1
Current state of Newton iteration:
   fcount_newton   == 4
   fcount_optimiza == 1
   L2Norm(x)       == 0.0127053
   L2Norm(dxN)     == 0.00205155
   L2Norm(dxOpt)   == 0.00205155
   L2Dist(x,x0)    == 0.00205161
gx == L2Norm(G(x)) : 
   initial  gx == 1.40145e-05
   previous gx == 1.40145e-05
   current  gx == 1.50727e-06
rx == 1/2 L2Norm2(G(x)) : 
   initial  rx == 9.82035e-11
   previous rx == 9.82035e-11
   current  rx == 1.13593e-12
         delta == 0.01
Newt,GMRES == 1,0, f(u, N, dt, f_u, flags, dt) :  res == 0.953276
Newt,GMRES == 1,1, f(u, N, dt, f_u, flags, dt) :  res == 0.438704
Newt,GMRES == 1,2, f(u, N, dt, f_u, flags, dt) :  res == 0.434933
Newt,GMRES == 1,3, f(u, N, dt, f_u, flags, dt) :  res == 0.0701557
GMRES converged. Breaking.
Hookstep optimization is currently not implemented with Arclength Continuation.
Optimized Newton algorithm with AC: Computing residual to check convergence...f(u, N, dt, f_u, flags, dt) : : gx = 2.74519e-07 < 1.50727e-06
The residual is decreasing if we take this AC-Newton step.

Taking best step and continuing Newton iteration.
L2Norm(G(x)) == 2.74519e-07
rx           == 3.76804e-14
L2Norm(dxN)  == 0.000470669
L2Norm(dxOpt)== 0.000470669
========================================================
Newton iteration number 2
Current state of Newton iteration:
   fcount_newton   == 8
   fcount_optimiza == 2
   L2Norm(x)       == 0.0123107
   L2Norm(dxN)     == 0.000470669
   L2Norm(dxOpt)   == 0.000470669
   L2Dist(x,x0)    == 0.00246065
gx == L2Norm(G(x)) : 
   initial  gx == 1.40145e-05
   previous gx == 1.50727e-06
   current  gx == 2.74519e-07
rx == 1/2 L2Norm2(G(x)) : 
   initial  rx == 9.82035e-11
   previous rx == 1.13593e-12
   current  rx == 3.76804e-14
         delta == 0.01
Newt,GMRES == 2,0, f(u, N, dt, f_u, flags, dt) :  res == 0.999455
Newt,GMRES == 2,1, f(u, N, dt, f_u, flags, dt) :  res == 0.793293
Newt,GMRES == 2,2, f(u, N, dt, f_u, flags, dt) :  res == 0.787526
Newt,GMRES == 2,3, f(u, N, dt, f_u, flags, dt) :  res == 0.300866
Newt,GMRES == 2,4, f(u, N, dt, f_u, flags, dt) :  res == 0.0567787
GMRES converged. Breaking.
Hookstep optimization is currently not implemented with Arclength Continuation.
Optimized Newton algorithm with AC: Computing residual to check convergence...f(u, N, dt, f_u, flags, dt) : : gx = 1.98444e-06 > 2.74519e-07
The error is increasing if we take the Newton step. Newton step optimization leaves step size correction to arclength continuation.
