f(u, N, dt, f_u, flags, dt) : f(u, N, dt, f_u, flags, dt) : Computing G(x)
f(u, N, dt, f_u, flags, dt) : 
========================================================
Newton iteration number 0
Current state of Newton iteration:
   fcount_newton   == 1
   fcount_optimiza == 0
   L2Norm(x)       == 1.86113e-09
   L2Norm(dxN)     == 0
   L2Norm(dxOpt)   == 0
   L2Dist(x,x0)    == 0
gx == L2Norm(G(x)) : 
   initial  gx == 1.22261e-11
   previous gx == 1.22261e-11
   current  gx == 1.22261e-11
rx == 1/2 L2Norm2(G(x)) : 
   initial  rx == 7.47393e-23
   previous rx == 7.47393e-23
   current  rx == 7.47393e-23
         delta == 0.01
Newt,GMRES == 0,0, f(u, N, dt, f_u, flags, dt) :  res == 0.966419
Newt,GMRES == 0,1, f(u, N, dt, f_u, flags, dt) :  res == 0.623415
Newt,GMRES == 0,2, f(u, N, dt, f_u, flags, dt) :  res == 5.01849e-06
GMRES converged. Breaking.
Hookstep optimization is currently not implemented with Arclength Continuation.
Optimized Newton algorithm with AC: Computing residual to check convergence...f(u, N, dt, f_u, flags, dt) : : gx = 1.02625e-16 < 1.22261e-11
The residual is decreasing if we take this AC-Newton step.

Taking best step and continuing Newton iteration.
L2Norm(G(x)) == 1.02625e-16
rx           == 5.26597e-33
L2Norm(dxN)  == 1.86113e-09
L2Norm(dxOpt)== 1.86113e-09
========================================================
Newton iteration number 1
Current state of Newton iteration:
   fcount_newton   == 4
   fcount_optimiza == 1
   L2Norm(x)       == 1.03879e-14
   L2Norm(dxN)     == 1.86113e-09
   L2Norm(dxOpt)   == 1.86113e-09
   L2Dist(x,x0)    == 1.86113e-09
gx == L2Norm(G(x)) : 
   initial  gx == 1.22261e-11
   previous gx == 1.22261e-11
   current  gx == 1.02625e-16
rx == 1/2 L2Norm2(G(x)) : 
   initial  rx == 7.47393e-23
   previous rx == 7.47393e-23
   current  rx == 5.26597e-33
         delta == 0.01
Newton search converged. Breaking.
L2Norm(G(x)) == 1.02625e-16 < epsSearch == 1e-11
