f(u, N, dt, f_u, flags, dt) : f(u, N, dt, f_u, flags, dt) : Computing G(x)
f(u, N, dt, f_u, flags, dt) : 
========================================================
Newton iteration number 0
Current state of Newton iteration:
   fcount_newton   == 1
   fcount_optimiza == 0
   L2Norm(x)       == 0.0430825
   L2Norm(dxN)     == 0
   L2Norm(dxOpt)   == 0
   L2Dist(x,x0)    == 0
gx == L2Norm(G(x)) : 
   initial  gx == 5.33921e-06
   previous gx == 5.33921e-06
   current  gx == 5.33921e-06
rx == 1/2 L2Norm2(G(x)) : 
   initial  rx == 1.42536e-11
   previous rx == 1.42536e-11
   current  rx == 1.42536e-11
         delta == 0.01
Newt,GMRES == 0,0, f(u, N, dt, f_u, flags, dt) :  res == 0.999965
Newt,GMRES == 0,1, f(u, N, dt, f_u, flags, dt) :  res == 0.129942
Newt,GMRES == 0,2, f(u, N, dt, f_u, flags, dt) :  res == 1.03865e-07
GMRES converged. Breaking.
Hookstep optimization is currently not implemented with Arclength Continuation.
Optimized Newton algorithm with AC: Computing residual to check convergence...f(u, N, dt, f_u, flags, dt) : : gx = 3.53538e-06 < 5.33921e-06
The residual is decreasing if we take this AC-Newton step.

Taking best step and continuing Newton iteration.
L2Norm(G(x)) == 3.53538e-06
rx           == 6.24944e-12
L2Norm(dxN)  == 0.00231928
L2Norm(dxOpt)== 0.00231928
========================================================
Newton iteration number 1
Current state of Newton iteration:
   fcount_newton   == 4
   fcount_optimiza == 1
   L2Norm(x)       == 0.0453661
   L2Norm(dxN)     == 0.00231928
   L2Norm(dxOpt)   == 0.00231928
   L2Dist(x,x0)    == 0.00231929
gx == L2Norm(G(x)) : 
   initial  gx == 5.33921e-06
   previous gx == 5.33921e-06
   current  gx == 3.53538e-06
rx == 1/2 L2Norm2(G(x)) : 
   initial  rx == 1.42536e-11
   previous rx == 1.42536e-11
   current  rx == 6.24944e-12
         delta == 0.01
Newt,GMRES == 1,0, f(u, N, dt, f_u, flags, dt) :  res == 0.999954
Newt,GMRES == 1,1, f(u, N, dt, f_u, flags, dt) :  res == 0.601655
Newt,GMRES == 1,2, f(u, N, dt, f_u, flags, dt) :  res == 0.000186433
GMRES converged. Breaking.
Hookstep optimization is currently not implemented with Arclength Continuation.
Optimized Newton algorithm with AC: Computing residual to check convergence...f(u, N, dt, f_u, flags, dt) : : gx = 1.62089e-05 > 3.53538e-06
The error is increasing if we take the Newton step. Newton step optimization leaves step size correction to arclength continuation.
