f(u, N, dt, f_u, flags, dt) : Computing G(x)
f(u, N, dt, f_u, flags, dt) : 
========================================================
Newton iteration number 0
Current state of Newton iteration:
   fcount_newton   == 1
   fcount_optimiza == 0
   L2Norm(x)       == 0.183803
   L2Norm(dxN)     == 0
   L2Norm(dxOpt)   == 0
   L2Dist(x,x0)    == 0
gx == L2Norm(G(x)) : 
   initial  gx == 1.34117e-10
   previous gx == 1.34117e-10
   current  gx == 1.34117e-10
rx == 1/2 L2Norm2(G(x)) : 
   initial  rx == 8.99366e-21
   previous rx == 8.99366e-21
   current  rx == 8.99366e-21
         delta == 0.01
Newt,GMRES == 0,0, f(u, N, dt, f_u, flags, dt) :  res == 0.364545
Newt,GMRES == 0,1, f(u, N, dt, f_u, flags, dt) :  res == 0.183874
Newt,GMRES == 0,2, f(u, N, dt, f_u, flags, dt) :  res == 2.1407e-05
GMRES converged. Breaking.
Hookstep optimization is currently not implemented with Arclength Continuation.
Optimized Newton algorithm with AC: Computing residual to check convergence...f(u, N, dt, f_u, flags, dt) : : gx = 1.19513e-11 < 1.34117e-10
The residual is decreasing if we take this AC-Newton step.

Taking best step and continuing Newton iteration.
L2Norm(G(x)) == 1.19513e-11
rx           == 7.1417e-23
L2Norm(dxN)  == 2.69578e-08
L2Norm(dxOpt)== 2.69578e-08
========================================================
Newton iteration number 1
Current state of Newton iteration:
   fcount_newton   == 4
   fcount_optimiza == 1
   L2Norm(x)       == 0.183803
   L2Norm(dxN)     == 2.69578e-08
   L2Norm(dxOpt)   == 2.69578e-08
   L2Dist(x,x0)    == 2.69578e-08
gx == L2Norm(G(x)) : 
   initial  gx == 1.34117e-10
   previous gx == 1.34117e-10
   current  gx == 1.19513e-11
rx == 1/2 L2Norm2(G(x)) : 
   initial  rx == 8.99366e-21
   previous rx == 8.99366e-21
   current  rx == 7.1417e-23
         delta == 0.01
Newt,GMRES == 1,0, f(u, N, dt, f_u, flags, dt) :  res == 0.748111
Newt,GMRES == 1,1, f(u, N, dt, f_u, flags, dt) :  res == 0.000440298
GMRES converged. Breaking.
Hookstep optimization is currently not implemented with Arclength Continuation.
Optimized Newton algorithm with AC: Computing residual to check convergence...f(u, N, dt, f_u, flags, dt) : : gx = 7.58107e-12 < 1.19513e-11
The residual is decreasing if we take this AC-Newton step.

Taking best step and continuing Newton iteration.
L2Norm(G(x)) == 7.58107e-12
rx           == 2.87363e-23
L2Norm(dxN)  == 2.51968e-09
L2Norm(dxOpt)== 2.51968e-09
========================================================
Newton iteration number 2
Current state of Newton iteration:
   fcount_newton   == 6
   fcount_optimiza == 2
   L2Norm(x)       == 0.183803
   L2Norm(dxN)     == 2.51968e-09
   L2Norm(dxOpt)   == 2.51968e-09
   L2Dist(x,x0)    == 2.44505e-08
gx == L2Norm(G(x)) : 
   initial  gx == 1.34117e-10
   previous gx == 1.19513e-11
   current  gx == 7.58107e-12
rx == 1/2 L2Norm2(G(x)) : 
   initial  rx == 8.99366e-21
   previous rx == 7.1417e-23
   current  rx == 2.87363e-23
         delta == 0.01
Newton search converged. Breaking.
L2Norm(G(x)) == 7.58107e-12 < epsSearch == 1e-11
