f(u, N, dt, f_u, flags, dt) : f(u, N, dt, f_u, flags, dt) : Computing G(x)
f(u, N, dt, f_u, flags, dt) : 
========================================================
Newton iteration number 0
Current state of Newton iteration:
   fcount_newton   == 1
   fcount_optimiza == 0
   L2Norm(x)       == 0.0237454
   L2Norm(dxN)     == 0
   L2Norm(dxOpt)   == 0
   L2Dist(x,x0)    == 0
gx == L2Norm(G(x)) : 
   initial  gx == 4.3864e-07
   previous gx == 4.3864e-07
   current  gx == 4.3864e-07
rx == 1/2 L2Norm2(G(x)) : 
   initial  rx == 9.62027e-14
   previous rx == 9.62027e-14
   current  rx == 9.62027e-14
         delta == 0.01
Newt,GMRES == 0,0, f(u, N, dt, f_u, flags, dt) :  res == 0.999996
Newt,GMRES == 0,1, f(u, N, dt, f_u, flags, dt) :  res == 0.781882
Newt,GMRES == 0,2, f(u, N, dt, f_u, flags, dt) :  res == 0.203245
Newt,GMRES == 0,3, f(u, N, dt, f_u, flags, dt) :  res == 0.0677194
GMRES converged. Breaking.
Hookstep optimization is currently not implemented with Arclength Continuation.
Optimized Newton algorithm with AC: Computing residual to check convergence...f(u, N, dt, f_u, flags, dt) : : gx = 6.97733e-08 < 4.3864e-07
The residual is decreasing if we take this AC-Newton step.

Taking best step and continuing Newton iteration.
L2Norm(G(x)) == 6.97733e-08
rx           == 2.43416e-15
L2Norm(dxN)  == 0.000222199
L2Norm(dxOpt)== 0.000222199
========================================================
Newton iteration number 1
Current state of Newton iteration:
   fcount_newton   == 5
   fcount_optimiza == 1
   L2Norm(x)       == 0.0238833
   L2Norm(dxN)     == 0.000222199
   L2Norm(dxOpt)   == 0.000222199
   L2Dist(x,x0)    == 0.000222218
gx == L2Norm(G(x)) : 
   initial  gx == 4.3864e-07
   previous gx == 4.3864e-07
   current  gx == 6.97733e-08
rx == 1/2 L2Norm2(G(x)) : 
   initial  rx == 9.62027e-14
   previous rx == 9.62027e-14
   current  rx == 2.43416e-15
         delta == 0.01
Newt,GMRES == 1,0, f(u, N, dt, f_u, flags, dt) :  res == 0.999995
Newt,GMRES == 1,1, f(u, N, dt, f_u, flags, dt) :  res == 0.779487
Newt,GMRES == 1,2, f(u, N, dt, f_u, flags, dt) :  res == 0.297449
Newt,GMRES == 1,3, f(u, N, dt, f_u, flags, dt) :  res == 0.13988
Newt,GMRES == 1,4, f(u, N, dt, f_u, flags, dt) :  res == 0.0461873
GMRES converged. Breaking.
Hookstep optimization is currently not implemented with Arclength Continuation.
Optimized Newton algorithm with AC: Computing residual to check convergence...f(u, N, dt, f_u, flags, dt) : : gx = 4.94797e-09 < 6.97733e-08
The residual is decreasing if we take this AC-Newton step.

Taking best step and continuing Newton iteration.
L2Norm(G(x)) == 4.94797e-09
rx           == 1.22412e-17
L2Norm(dxN)  == 5.96871e-05
L2Norm(dxOpt)== 5.96871e-05
========================================================
Newton iteration number 2
Current state of Newton iteration:
   fcount_newton   == 10
   fcount_optimiza == 2
   L2Norm(x)       == 0.0239222
   L2Norm(dxN)     == 5.96871e-05
   L2Norm(dxOpt)   == 5.96871e-05
   L2Dist(x,x0)    == 0.000280579
gx == L2Norm(G(x)) : 
   initial  gx == 4.3864e-07
   previous gx == 6.97733e-08
   current  gx == 4.94797e-09
rx == 1/2 L2Norm2(G(x)) : 
   initial  rx == 9.62027e-14
   previous rx == 2.43416e-15
   current  rx == 1.22412e-17
         delta == 0.01
Newton search converged. Breaking.
L2Norm(G(x)) == 4.94797e-09 < epsSearch == 1e-08
