f(u, N, dt, f_u, flags, dt) : Computing G(x)
f(u, N, dt, f_u, flags, dt) : 
========================================================
Newton iteration number 0
Current state of Newton iteration:
   fcount_newton   == 1
   fcount_optimiza == 0
   L2Norm(x)       == 0.0224291
   L2Norm(dxN)     == 0
   L2Norm(dxOpt)   == 0
   L2Dist(x,x0)    == 0
gx == L2Norm(G(x)) : 
   initial  gx == 1.26326e-06
   previous gx == 1.26326e-06
   current  gx == 1.26326e-06
rx == 1/2 L2Norm2(G(x)) : 
   initial  rx == 7.97914e-13
   previous rx == 7.97914e-13
   current  rx == 7.97914e-13
         delta == 0.01
Newt,GMRES == 0,0, f(u, N, dt, f_u, flags, dt) :  res == 0.996122
Newt,GMRES == 0,1, f(u, N, dt, f_u, flags, dt) :  res == 0.122241
Newt,GMRES == 0,2, f(u, N, dt, f_u, flags, dt) :  res == 0.102165
Newt,GMRES == 0,3, f(u, N, dt, f_u, flags, dt) :  res == 0.100182
Newt,GMRES == 0,4, f(u, N, dt, f_u, flags, dt) :  res == 0.100082
Newt,GMRES == 0,5, f(u, N, dt, f_u, flags, dt) :  res == 0.0999444
GMRES converged. Breaking.
Hookstep optimization is currently not implemented with Arclength Continuation.
Optimized Newton algorithm with AC: Computing residual to check convergence...f(u, N, dt, f_u, flags, dt) : : gx = 1.83519e-07 < 1.26326e-06
The residual is decreasing if we take this AC-Newton step.

Taking best step and continuing Newton iteration.
L2Norm(G(x)) == 1.83519e-07
rx           == 1.68396e-14
L2Norm(dxN)  == 0.000221682
L2Norm(dxOpt)== 0.000221682
========================================================
Newton iteration number 1
Current state of Newton iteration:
   fcount_newton   == 7
   fcount_optimiza == 1
   L2Norm(x)       == 0.0224057
   L2Norm(dxN)     == 0.000221682
   L2Norm(dxOpt)   == 0.000221682
   L2Dist(x,x0)    == 0.000221682
gx == L2Norm(G(x)) : 
   initial  gx == 1.26326e-06
   previous gx == 1.26326e-06
   current  gx == 1.83519e-07
rx == 1/2 L2Norm2(G(x)) : 
   initial  rx == 7.97914e-13
   previous rx == 7.97914e-13
   current  rx == 1.68396e-14
         delta == 0.01
Newt,GMRES == 1,0, f(u, N, dt, f_u, flags, dt) :  res == 0.999988
Newt,GMRES == 1,1, f(u, N, dt, f_u, flags, dt) :  res == 0.735214
Newt,GMRES == 1,2, f(u, N, dt, f_u, flags, dt) :  res == 0.147308
Newt,GMRES == 1,3, f(u, N, dt, f_u, flags, dt) :  res == 0.128566
Newt,GMRES == 1,4, f(u, N, dt, f_u, flags, dt) :  res == 0.0982816
GMRES converged. Breaking.
Hookstep optimization is currently not implemented with Arclength Continuation.
Optimized Newton algorithm with AC: Computing residual to check convergence...f(u, N, dt, f_u, flags, dt) : : gx = 1.4202e-07 < 1.83519e-07
The residual is decreasing if we take this AC-Newton step.

Taking best step and continuing Newton iteration.
L2Norm(G(x)) == 1.4202e-07
rx           == 1.00848e-14
L2Norm(dxN)  == 0.000287212
L2Norm(dxOpt)== 0.000287212
========================================================
Newton iteration number 2
Current state of Newton iteration:
   fcount_newton   == 12
   fcount_optimiza == 2
   L2Norm(x)       == 0.0222892
   L2Norm(dxN)     == 0.000287212
   L2Norm(dxOpt)   == 0.000287212
   L2Dist(x,x0)    == 0.000174517
gx == L2Norm(G(x)) : 
   initial  gx == 1.26326e-06
   previous gx == 1.83519e-07
   current  gx == 1.4202e-07
rx == 1/2 L2Norm2(G(x)) : 
   initial  rx == 7.97914e-13
   previous rx == 1.68396e-14
   current  rx == 1.00848e-14
         delta == 0.01
Newt,GMRES == 2,0, f(u, N, dt, f_u, flags, dt) :  res == 0.999976
Newt,GMRES == 2,1, f(u, N, dt, f_u, flags, dt) :  res == 0.921018
Newt,GMRES == 2,2, f(u, N, dt, f_u, flags, dt) :  res == 0.47059
Newt,GMRES == 2,3, f(u, N, dt, f_u, flags, dt) :  res == 0.166136
Newt,GMRES == 2,4, f(u, N, dt, f_u, flags, dt) :  res == 0.146641
Newt,GMRES == 2,5, f(u, N, dt, f_u, flags, dt) :  res == 0.129428
Newt,GMRES == 2,6, f(u, N, dt, f_u, flags, dt) :  res == 0.0769981
GMRES converged. Breaking.
Hookstep optimization is currently not implemented with Arclength Continuation.
Optimized Newton algorithm with AC: Computing residual to check convergence...f(u, N, dt, f_u, flags, dt) : : gx = 3.10881e-07 > 1.4202e-07
The error is increasing if we take the Newton step. Newton step optimization leaves step size correction to arclength continuation.
