f(u, N, dt, f_u, flags, dt) : f(u, N, dt, f_u, flags, dt) : Computing G(x)
f(u, N, dt, f_u, flags, dt) : 
========================================================
Newton iteration number 0
Current state of Newton iteration:
   fcount_newton   == 1
   fcount_optimiza == 0
   L2Norm(x)       == 0.225256
   L2Norm(dxN)     == 0
   L2Norm(dxOpt)   == 0
   L2Dist(x,x0)    == 0
gx == L2Norm(G(x)) : 
   initial  gx == 1.27964e-07
   previous gx == 1.27964e-07
   current  gx == 1.27964e-07
rx == 1/2 L2Norm2(G(x)) : 
   initial  rx == 8.18745e-15
   previous rx == 8.18745e-15
   current  rx == 8.18745e-15
         delta == 0.01
Newt,GMRES == 0,0, f(u, N, dt, f_u, flags, dt) :  res == 0.611555
Newt,GMRES == 0,1, f(u, N, dt, f_u, flags, dt) :  res == 0.0548516
Newt,GMRES == 0,2, f(u, N, dt, f_u, flags, dt) :  res == 0.000875516
GMRES converged. Breaking.
Hookstep optimization is currently not implemented with Arclength Continuation.
Optimized Newton algorithm with AC: Computing residual to check convergence...f(u, N, dt, f_u, flags, dt) : : gx = 8.91735e-10 < 1.27964e-07
The residual is decreasing if we take this AC-Newton step.

Taking best step and continuing Newton iteration.
L2Norm(G(x)) == 8.91735e-10
rx           == 3.97595e-19
L2Norm(dxN)  == 1.71577e-05
L2Norm(dxOpt)== 1.71577e-05
========================================================
Newton iteration number 1
Current state of Newton iteration:
   fcount_newton   == 4
   fcount_optimiza == 1
   L2Norm(x)       == 0.225262
   L2Norm(dxN)     == 1.71577e-05
   L2Norm(dxOpt)   == 1.71577e-05
   L2Dist(x,x0)    == 1.71577e-05
gx == L2Norm(G(x)) : 
   initial  gx == 1.27964e-07
   previous gx == 1.27964e-07
   current  gx == 8.91735e-10
rx == 1/2 L2Norm2(G(x)) : 
   initial  rx == 8.18745e-15
   previous rx == 8.18745e-15
   current  rx == 3.97595e-19
         delta == 0.01
Newt,GMRES == 1,0, f(u, N, dt, f_u, flags, dt) :  res == 0.176349
Newt,GMRES == 1,1, f(u, N, dt, f_u, flags, dt) :  res == 0.129681
Newt,GMRES == 1,2, f(u, N, dt, f_u, flags, dt) :  res == 0.00614914
Newt,GMRES == 1,3, f(u, N, dt, f_u, flags, dt) :  res == 1.29909e-08
GMRES converged. Breaking.
Hookstep optimization is currently not implemented with Arclength Continuation.
Optimized Newton algorithm with AC: Computing residual to check convergence...f(u, N, dt, f_u, flags, dt) : : gx = 3.56541e-12 < 8.91735e-10
The residual is decreasing if we take this AC-Newton step.

Taking best step and continuing Newton iteration.
L2Norm(G(x)) == 3.56541e-12
rx           == 6.35606e-24
L2Norm(dxN)  == 1.12001e-07
L2Norm(dxOpt)== 1.12001e-07
========================================================
Newton iteration number 2
Current state of Newton iteration:
   fcount_newton   == 8
   fcount_optimiza == 2
   L2Norm(x)       == 0.225262
   L2Norm(dxN)     == 1.12001e-07
   L2Norm(dxOpt)   == 1.12001e-07
   L2Dist(x,x0)    == 1.72011e-05
gx == L2Norm(G(x)) : 
   initial  gx == 1.27964e-07
   previous gx == 8.91735e-10
   current  gx == 3.56541e-12
rx == 1/2 L2Norm2(G(x)) : 
   initial  rx == 8.18745e-15
   previous rx == 3.97595e-19
   current  rx == 6.35606e-24
         delta == 0.01
Newton search converged. Breaking.
L2Norm(G(x)) == 3.56541e-12 < epsSearch == 1e-11
