f(u, N, dt, f_u, flags, dt) : f(u, N, dt, f_u, flags, dt) : Computing G(x)
f(u, N, dt, f_u, flags, dt) : 
========================================================
Newton iteration number 0
Current state of Newton iteration:
   fcount_newton   == 1
   fcount_optimiza == 0
   L2Norm(x)       == 0.0100433
   L2Norm(dxN)     == 0
   L2Norm(dxOpt)   == 0
   L2Dist(x,x0)    == 0
gx == L2Norm(G(x)) : 
   initial  gx == 5.27062e-06
   previous gx == 5.27062e-06
   current  gx == 5.27062e-06
rx == 1/2 L2Norm2(G(x)) : 
   initial  rx == 1.38897e-11
   previous rx == 1.38897e-11
   current  rx == 1.38897e-11
         delta == 0.01
Newt,GMRES == 0,0, f(u, N, dt, f_u, flags, dt) :  res == 0.876259
Newt,GMRES == 0,1, f(u, N, dt, f_u, flags, dt) :  res == 0.87616
Newt,GMRES == 0,2, f(u, N, dt, f_u, flags, dt) :  res == 0.23138
Newt,GMRES == 0,3, f(u, N, dt, f_u, flags, dt) :  res == 0.0292976
GMRES converged. Breaking.
Hookstep optimization is currently not implemented with Arclength Continuation.
Optimized Newton algorithm with AC: Computing residual to check convergence...f(u, N, dt, f_u, flags, dt) : : gx = 2.7419e-06 < 5.27062e-06
The residual is decreasing if we take this AC-Newton step.

Taking best step and continuing Newton iteration.
L2Norm(G(x)) == 2.7419e-06
rx           == 3.759e-12
L2Norm(dxN)  == 0.000951995
L2Norm(dxOpt)== 0.000951995
========================================================
Newton iteration number 1
Current state of Newton iteration:
   fcount_newton   == 5
   fcount_optimiza == 1
   L2Norm(x)       == 0.00914386
   L2Norm(dxN)     == 0.000951995
   L2Norm(dxOpt)   == 0.000951995
   L2Dist(x,x0)    == 0.000951995
gx == L2Norm(G(x)) : 
   initial  gx == 5.27062e-06
   previous gx == 5.27062e-06
   current  gx == 2.7419e-06
rx == 1/2 L2Norm2(G(x)) : 
   initial  rx == 1.38897e-11
   previous rx == 1.38897e-11
   current  rx == 3.759e-12
         delta == 0.01
Newt,GMRES == 1,0, f(u, N, dt, f_u, flags, dt) :  res == 0.681233
Newt,GMRES == 1,1, f(u, N, dt, f_u, flags, dt) :  res == 0.37656
Newt,GMRES == 1,2, f(u, N, dt, f_u, flags, dt) :  res == 0.0618141
GMRES converged. Breaking.
Hookstep optimization is currently not implemented with Arclength Continuation.
Optimized Newton algorithm with AC: Computing residual to check convergence...f(u, N, dt, f_u, flags, dt) : : gx = 3.20385e-07 < 2.7419e-06
The residual is decreasing if we take this AC-Newton step.

Taking best step and continuing Newton iteration.
L2Norm(G(x)) == 3.20385e-07
rx           == 5.13232e-14
L2Norm(dxN)  == 0.000265237
L2Norm(dxOpt)== 0.000265237
========================================================
Newton iteration number 2
Current state of Newton iteration:
   fcount_newton   == 8
   fcount_optimiza == 2
   L2Norm(x)       == 0.00939723
   L2Norm(dxN)     == 0.000265237
   L2Norm(dxOpt)   == 0.000265237
   L2Dist(x,x0)    == 0.000726808
gx == L2Norm(G(x)) : 
   initial  gx == 5.27062e-06
   previous gx == 2.7419e-06
   current  gx == 3.20385e-07
rx == 1/2 L2Norm2(G(x)) : 
   initial  rx == 1.38897e-11
   previous rx == 3.759e-12
   current  rx == 5.13232e-14
         delta == 0.01
Newt,GMRES == 2,0, f(u, N, dt, f_u, flags, dt) :  res == 0.979163
Newt,GMRES == 2,1, f(u, N, dt, f_u, flags, dt) :  res == 0.954433
Newt,GMRES == 2,2, f(u, N, dt, f_u, flags, dt) :  res == 0.242273
Newt,GMRES == 2,3, f(u, N, dt, f_u, flags, dt) :  res == 0.0137328
GMRES converged. Breaking.
Hookstep optimization is currently not implemented with Arclength Continuation.
Optimized Newton algorithm with AC: Computing residual to check convergence...f(u, N, dt, f_u, flags, dt) : : gx = 5.17373e-09 < 3.20385e-07
The residual is decreasing if we take this AC-Newton step.

Taking best step and continuing Newton iteration.
L2Norm(G(x)) == 5.17373e-09
rx           == 1.33837e-17
L2Norm(dxN)  == 4.13058e-05
L2Norm(dxOpt)== 4.13058e-05
========================================================
Newton iteration number 3
Current state of Newton iteration:
   fcount_newton   == 12
   fcount_optimiza == 3
   L2Norm(x)       == 0.00942904
   L2Norm(dxN)     == 4.13058e-05
   L2Norm(dxOpt)   == 4.13058e-05
   L2Dist(x,x0)    == 0.000693828
gx == L2Norm(G(x)) : 
   initial  gx == 5.27062e-06
   previous gx == 3.20385e-07
   current  gx == 5.17373e-09
rx == 1/2 L2Norm2(G(x)) : 
   initial  rx == 1.38897e-11
   previous rx == 5.13232e-14
   current  rx == 1.33837e-17
         delta == 0.01
Newt,GMRES == 3,0, f(u, N, dt, f_u, flags, dt) :  res == 0.78495
Newt,GMRES == 3,1, f(u, N, dt, f_u, flags, dt) :  res == 0.76164
Newt,GMRES == 3,2, f(u, N, dt, f_u, flags, dt) :  res == 0.228118
Newt,GMRES == 3,3, f(u, N, dt, f_u, flags, dt) :  res == 0.0334505
GMRES converged. Breaking.
Hookstep optimization is currently not implemented with Arclength Continuation.
Optimized Newton algorithm with AC: Computing residual to check convergence...f(u, N, dt, f_u, flags, dt) : : gx = 1.7333e-10 < 5.17373e-09
The residual is decreasing if we take this AC-Newton step.

Taking best step and continuing Newton iteration.
L2Norm(G(x)) == 1.7333e-10
rx           == 1.50216e-20
L2Norm(dxN)  == 6.38908e-07
L2Norm(dxOpt)== 6.38908e-07
========================================================
Newton iteration number 4
Current state of Newton iteration:
   fcount_newton   == 16
   fcount_optimiza == 4
   L2Norm(x)       == 0.00942932
   L2Norm(dxN)     == 6.38908e-07
   L2Norm(dxOpt)   == 6.38908e-07
   L2Dist(x,x0)    == 0.000693473
gx == L2Norm(G(x)) : 
   initial  gx == 5.27062e-06
   previous gx == 5.17373e-09
   current  gx == 1.7333e-10
rx == 1/2 L2Norm2(G(x)) : 
   initial  rx == 1.38897e-11
   previous rx == 1.33837e-17
   current  rx == 1.50216e-20
         delta == 0.01
Newt,GMRES == 4,0, f(u, N, dt, f_u, flags, dt) :  res == 0.904494
Newt,GMRES == 4,1, f(u, N, dt, f_u, flags, dt) :  res == 0.198984
Newt,GMRES == 4,2, f(u, N, dt, f_u, flags, dt) :  res == 0.137521
Newt,GMRES == 4,3, f(u, N, dt, f_u, flags, dt) :  res == 0.0470249
GMRES converged. Breaking.
Hookstep optimization is currently not implemented with Arclength Continuation.
Optimized Newton algorithm with AC: Computing residual to check convergence...f(u, N, dt, f_u, flags, dt) : : gx = 7.9881e-12 < 1.7333e-10
The residual is decreasing if we take this AC-Newton step.

Taking best step and continuing Newton iteration.
L2Norm(G(x)) == 7.9881e-12
rx           == 3.19049e-23
L2Norm(dxN)  == 2.21446e-08
L2Norm(dxOpt)== 2.21446e-08
========================================================
Newton iteration number 5
Current state of Newton iteration:
   fcount_newton   == 20
   fcount_optimiza == 5
   L2Norm(x)       == 0.00942933
   L2Norm(dxN)     == 2.21446e-08
   L2Norm(dxOpt)   == 2.21446e-08
   L2Dist(x,x0)    == 0.000693466
gx == L2Norm(G(x)) : 
   initial  gx == 5.27062e-06
   previous gx == 1.7333e-10
   current  gx == 7.9881e-12
rx == 1/2 L2Norm2(G(x)) : 
   initial  rx == 1.38897e-11
   previous rx == 1.50216e-20
   current  rx == 3.19049e-23
         delta == 0.01
Newton search converged. Breaking.
L2Norm(G(x)) == 7.9881e-12 < epsSearch == 1e-11
