f(u, N, dt, f_u, flags, dt) : f(u, N, dt, f_u, flags, dt) : Computing G(x)
f(u, N, dt, f_u, flags, dt) : 
========================================================
Newton iteration number 0
Current state of Newton iteration:
   fcount_newton   == 1
   fcount_optimiza == 0
   L2Norm(x)       == 0.196211
   L2Norm(dxN)     == 0
   L2Norm(dxOpt)   == 0
   L2Dist(x,x0)    == 0
gx == L2Norm(G(x)) : 
   initial  gx == 5.59764e-10
   previous gx == 5.59764e-10
   current  gx == 5.59764e-10
rx == 1/2 L2Norm2(G(x)) : 
   initial  rx == 1.56668e-19
   previous rx == 1.56668e-19
   current  rx == 1.56668e-19
         delta == 0.01
Newt,GMRES == 0,0, f(u, N, dt, f_u, flags, dt) :  res == 0.308006
Newt,GMRES == 0,1, f(u, N, dt, f_u, flags, dt) :  res == 0.305271
Newt,GMRES == 0,2, f(u, N, dt, f_u, flags, dt) :  res == 0.000108013
GMRES converged. Breaking.
Hookstep optimization is currently not implemented with Arclength Continuation.
Optimized Newton algorithm with AC: Computing residual to check convergence...f(u, N, dt, f_u, flags, dt) : : gx = 4.79622e-11 < 5.59764e-10
The residual is decreasing if we take this AC-Newton step.

Taking best step and continuing Newton iteration.
L2Norm(G(x)) == 4.79622e-11
rx           == 1.15019e-21
L2Norm(dxN)  == 1.28135e-07
L2Norm(dxOpt)== 1.28135e-07
========================================================
Newton iteration number 1
Current state of Newton iteration:
   fcount_newton   == 4
   fcount_optimiza == 1
   L2Norm(x)       == 0.196211
   L2Norm(dxN)     == 1.28135e-07
   L2Norm(dxOpt)   == 1.28135e-07
   L2Dist(x,x0)    == 1.28135e-07
gx == L2Norm(G(x)) : 
   initial  gx == 5.59764e-10
   previous gx == 5.59764e-10
   current  gx == 4.79622e-11
rx == 1/2 L2Norm2(G(x)) : 
   initial  rx == 1.56668e-19
   previous rx == 1.56668e-19
   current  rx == 1.15019e-21
         delta == 0.01
Newt,GMRES == 1,0, f(u, N, dt, f_u, flags, dt) :  res == 0.39265
Newt,GMRES == 1,1, f(u, N, dt, f_u, flags, dt) :  res == 0.00109152
Newt,GMRES == 1,2, f(u, N, dt, f_u, flags, dt) :  res == 4.8389e-07
GMRES converged. Breaking.
Hookstep optimization is currently not implemented with Arclength Continuation.
Optimized Newton algorithm with AC: Computing residual to check convergence...f(u, N, dt, f_u, flags, dt) : : gx = 9.30949e-12 < 4.79622e-11
The residual is decreasing if we take this AC-Newton step.

Taking best step and continuing Newton iteration.
L2Norm(G(x)) == 9.30949e-12
rx           == 4.33333e-23
L2Norm(dxN)  == 1.04625e-08
L2Norm(dxOpt)== 1.04625e-08
========================================================
Newton iteration number 2
Current state of Newton iteration:
   fcount_newton   == 7
   fcount_optimiza == 2
   L2Norm(x)       == 0.196211
   L2Norm(dxN)     == 1.04625e-08
   L2Norm(dxOpt)   == 1.04625e-08
   L2Dist(x,x0)    == 1.17754e-07
gx == L2Norm(G(x)) : 
   initial  gx == 5.59764e-10
   previous gx == 4.79622e-11
   current  gx == 9.30949e-12
rx == 1/2 L2Norm2(G(x)) : 
   initial  rx == 1.56668e-19
   previous rx == 1.15019e-21
   current  rx == 4.33333e-23
         delta == 0.01
Newton search converged. Breaking.
L2Norm(G(x)) == 9.30949e-12 < epsSearch == 1e-11
