f(u, N, dt, f_u, flags, dt) : f(u, N, dt, f_u, flags, dt) : Computing G(x)
f(u, N, dt, f_u, flags, dt) : 
========================================================
Newton iteration number 0
Current state of Newton iteration:
   fcount_newton   == 1
   fcount_optimiza == 0
   L2Norm(x)       == 0.189072
   L2Norm(dxN)     == 0
   L2Norm(dxOpt)   == 0
   L2Dist(x,x0)    == 0
gx == L2Norm(G(x)) : 
   initial  gx == 1.10646e-09
   previous gx == 1.10646e-09
   current  gx == 1.10646e-09
rx == 1/2 L2Norm2(G(x)) : 
   initial  rx == 6.12124e-19
   previous rx == 6.12124e-19
   current  rx == 6.12124e-19
         delta == 0.01
Newt,GMRES == 0,0, f(u, N, dt, f_u, flags, dt) :  res == 0.313934
Newt,GMRES == 0,1, f(u, N, dt, f_u, flags, dt) :  res == 0.0930708
Newt,GMRES == 0,2, f(u, N, dt, f_u, flags, dt) :  res == 7.16e-06
GMRES converged. Breaking.
Hookstep optimization is currently not implemented with Arclength Continuation.
Optimized Newton algorithm with AC: Computing residual to check convergence...f(u, N, dt, f_u, flags, dt) : : gx = 3.63479e-11 < 1.10646e-09
The residual is decreasing if we take this AC-Newton step.

Taking best step and continuing Newton iteration.
L2Norm(G(x)) == 3.63479e-11
rx           == 6.60587e-22
L2Norm(dxN)  == 2.39079e-07
L2Norm(dxOpt)== 2.39079e-07
========================================================
Newton iteration number 1
Current state of Newton iteration:
   fcount_newton   == 4
   fcount_optimiza == 1
   L2Norm(x)       == 0.189072
   L2Norm(dxN)     == 2.39079e-07
   L2Norm(dxOpt)   == 2.39079e-07
   L2Dist(x,x0)    == 2.39079e-07
gx == L2Norm(G(x)) : 
   initial  gx == 1.10646e-09
   previous gx == 1.10646e-09
   current  gx == 3.63479e-11
rx == 1/2 L2Norm2(G(x)) : 
   initial  rx == 6.12124e-19
   previous rx == 6.12124e-19
   current  rx == 6.60587e-22
         delta == 0.01
Newt,GMRES == 1,0, f(u, N, dt, f_u, flags, dt) :  res == 0.218669
Newt,GMRES == 1,1, f(u, N, dt, f_u, flags, dt) :  res == 0.00021973
GMRES converged. Breaking.
Hookstep optimization is currently not implemented with Arclength Continuation.
Optimized Newton algorithm with AC: Computing residual to check convergence...f(u, N, dt, f_u, flags, dt) : : gx = 6.42815e-12 < 3.63479e-11
The residual is decreasing if we take this AC-Newton step.

Taking best step and continuing Newton iteration.
L2Norm(G(x)) == 6.42815e-12
rx           == 2.06605e-23
L2Norm(dxN)  == 7.87646e-09
L2Norm(dxOpt)== 7.87646e-09
========================================================
Newton iteration number 2
Current state of Newton iteration:
   fcount_newton   == 6
   fcount_optimiza == 2
   L2Norm(x)       == 0.189072
   L2Norm(dxN)     == 7.87646e-09
   L2Norm(dxOpt)   == 7.87646e-09
   L2Dist(x,x0)    == 2.4695e-07
gx == L2Norm(G(x)) : 
   initial  gx == 1.10646e-09
   previous gx == 3.63479e-11
   current  gx == 6.42815e-12
rx == 1/2 L2Norm2(G(x)) : 
   initial  rx == 6.12124e-19
   previous rx == 6.60587e-22
   current  rx == 2.06605e-23
         delta == 0.01
Newton search converged. Breaking.
L2Norm(G(x)) == 6.42815e-12 < epsSearch == 1e-11
