f(u, N, dt, f_u, flags, dt) : f(u, N, dt, f_u, flags, dt) : Computing G(x)
f(u, N, dt, f_u, flags, dt) : 
========================================================
Newton iteration number 0
Current state of Newton iteration:
   fcount_newton   == 1
   fcount_optimiza == 0
   L2Norm(x)       == 0.0235601
   L2Norm(dxN)     == 0
   L2Norm(dxOpt)   == 0
   L2Dist(x,x0)    == 0
gx == L2Norm(G(x)) : 
   initial  gx == 2.135e-06
   previous gx == 2.135e-06
   current  gx == 2.135e-06
rx == 1/2 L2Norm2(G(x)) : 
   initial  rx == 2.27911e-12
   previous rx == 2.27911e-12
   current  rx == 2.27911e-12
         delta == 0.01
Newt,GMRES == 0,0, f(u, N, dt, f_u, flags, dt) :  res == 0.623029
Newt,GMRES == 0,1, f(u, N, dt, f_u, flags, dt) :  res == 0.0536425
Newt,GMRES == 0,2, f(u, N, dt, f_u, flags, dt) :  res == 0.000390967
GMRES converged. Breaking.
Hookstep optimization is currently not implemented with Arclength Continuation.
Optimized Newton algorithm with AC: Computing residual to check convergence...f(u, N, dt, f_u, flags, dt) : : gx = 1.59226e-08 < 2.135e-06
The residual is decreasing if we take this AC-Newton step.

Taking best step and continuing Newton iteration.
L2Norm(G(x)) == 1.59226e-08
rx           == 1.26764e-16
L2Norm(dxN)  == 9.07152e-05
L2Norm(dxOpt)== 9.07152e-05
========================================================
Newton iteration number 1
Current state of Newton iteration:
   fcount_newton   == 4
   fcount_optimiza == 1
   L2Norm(x)       == 0.0234732
   L2Norm(dxN)     == 9.07152e-05
   L2Norm(dxOpt)   == 9.07152e-05
   L2Dist(x,x0)    == 9.07152e-05
gx == L2Norm(G(x)) : 
   initial  gx == 2.135e-06
   previous gx == 2.135e-06
   current  gx == 1.59226e-08
rx == 1/2 L2Norm2(G(x)) : 
   initial  rx == 2.27911e-12
   previous rx == 2.27911e-12
   current  rx == 1.26764e-16
         delta == 0.01
Newt,GMRES == 1,0, f(u, N, dt, f_u, flags, dt) :  res == 0.72457
Newt,GMRES == 1,1, f(u, N, dt, f_u, flags, dt) :  res == 0.31431
Newt,GMRES == 1,2, f(u, N, dt, f_u, flags, dt) :  res == 0.0228395
Newt,GMRES == 1,3, f(u, N, dt, f_u, flags, dt) :  res == 2.12668e-08
GMRES converged. Breaking.
Hookstep optimization is currently not implemented with Arclength Continuation.
Optimized Newton algorithm with AC: Computing residual to check convergence...f(u, N, dt, f_u, flags, dt) : : gx = 1.07439e-11 < 1.59226e-08
The residual is decreasing if we take this AC-Newton step.

Taking best step and continuing Newton iteration.
L2Norm(G(x)) == 1.07439e-11
rx           == 5.77155e-23
L2Norm(dxN)  == 6.21487e-07
L2Norm(dxOpt)== 6.21487e-07
========================================================
Newton iteration number 2
Current state of Newton iteration:
   fcount_newton   == 8
   fcount_optimiza == 2
   L2Norm(x)       == 0.0234726
   L2Norm(dxN)     == 6.21487e-07
   L2Norm(dxOpt)   == 6.21487e-07
   L2Dist(x,x0)    == 9.11833e-05
gx == L2Norm(G(x)) : 
   initial  gx == 2.135e-06
   previous gx == 1.59226e-08
   current  gx == 1.07439e-11
rx == 1/2 L2Norm2(G(x)) : 
   initial  rx == 2.27911e-12
   previous rx == 1.26764e-16
   current  rx == 5.77155e-23
         delta == 0.01
Newt,GMRES == 2,0, f(u, N, dt, f_u, flags, dt) :  res == 0.649498
Newt,GMRES == 2,1, f(u, N, dt, f_u, flags, dt) :  res == 0.021469
Newt,GMRES == 2,2, f(u, N, dt, f_u, flags, dt) :  res == 0.00474675
Newt,GMRES == 2,3, f(u, N, dt, f_u, flags, dt) :  res == 4.24172e-08
GMRES converged. Breaking.
Hookstep optimization is currently not implemented with Arclength Continuation.
Optimized Newton algorithm with AC: Computing residual to check convergence...f(u, N, dt, f_u, flags, dt) : : gx = 9.85349e-12 < 1.07439e-11
The residual is decreasing if we take this AC-Newton step.

Taking best step and continuing Newton iteration.
L2Norm(G(x)) == 9.85349e-12
rx           == 4.85456e-23
L2Norm(dxN)  == 4.49986e-10
L2Norm(dxOpt)== 4.49986e-10
========================================================
Newton iteration number 3
Current state of Newton iteration:
   fcount_newton   == 12
   fcount_optimiza == 3
   L2Norm(x)       == 0.0234726
   L2Norm(dxN)     == 4.49986e-10
   L2Norm(dxOpt)   == 4.49986e-10
   L2Dist(x,x0)    == 9.11828e-05
gx == L2Norm(G(x)) : 
   initial  gx == 2.135e-06
   previous gx == 1.07439e-11
   current  gx == 9.85349e-12
rx == 1/2 L2Norm2(G(x)) : 
   initial  rx == 2.27911e-12
   previous rx == 5.77155e-23
   current  rx == 4.85456e-23
         delta == 0.01
Newton search converged. Breaking.
L2Norm(G(x)) == 9.85349e-12 < epsSearch == 1e-11
