f(u, N, dt, f_u, flags, dt) : f(u, N, dt, f_u, flags, dt) : Computing G(x)
f(u, N, dt, f_u, flags, dt) : 
========================================================
Newton iteration number 0
Current state of Newton iteration:
   fcount_newton   == 1
   fcount_optimiza == 0
   L2Norm(x)       == 0.00981962
   L2Norm(dxN)     == 0
   L2Norm(dxOpt)   == 0
   L2Dist(x,x0)    == 0
gx == L2Norm(G(x)) : 
   initial  gx == 1.72644e-05
   previous gx == 1.72644e-05
   current  gx == 1.72644e-05
rx == 1/2 L2Norm2(G(x)) : 
   initial  rx == 1.4903e-10
   previous rx == 1.4903e-10
   current  rx == 1.4903e-10
         delta == 0.01
Newt,GMRES == 0,0, f(u, N, dt, f_u, flags, dt) :  res == 0.999206
Newt,GMRES == 0,1, f(u, N, dt, f_u, flags, dt) :  res == 0.972453
Newt,GMRES == 0,2, f(u, N, dt, f_u, flags, dt) :  res == 0.248982
Newt,GMRES == 0,3, f(u, N, dt, f_u, flags, dt) :  res == 0.0440856
GMRES converged. Breaking.
Hookstep optimization is currently not implemented with Arclength Continuation.
Optimized Newton algorithm with AC: Computing residual to check convergence...f(u, N, dt, f_u, flags, dt) : : gx = 1.81726e-05 > 1.72644e-05
The error is increasing if we take the Newton step. Newton step optimization leaves step size correction to arclength continuation.
