f(u, N, dt, f_u, flags, dt) : f(u, N, dt, f_u, flags, dt) : Computing G(x)
f(u, N, dt, f_u, flags, dt) : 
========================================================
Newton iteration number 0
Current state of Newton iteration:
   fcount_newton   == 1
   fcount_optimiza == 0
   L2Norm(x)       == 0.221014
   L2Norm(dxN)     == 0
   L2Norm(dxOpt)   == 0
   L2Dist(x,x0)    == 0
gx == L2Norm(G(x)) : 
   initial  gx == 7.28613e-09
   previous gx == 7.28613e-09
   current  gx == 7.28613e-09
rx == 1/2 L2Norm2(G(x)) : 
   initial  rx == 2.65438e-17
   previous rx == 2.65438e-17
   current  rx == 2.65438e-17
         delta == 0.01
Newt,GMRES == 0,0, f(u, N, dt, f_u, flags, dt) :  res == 0.369361
Newt,GMRES == 0,1, f(u, N, dt, f_u, flags, dt) :  res == 0.0328609
Newt,GMRES == 0,2, f(u, N, dt, f_u, flags, dt) :  res == 0.000387726
GMRES converged. Breaking.
Hookstep optimization is currently not implemented with Arclength Continuation.
Optimized Newton algorithm with AC: Computing residual to check convergence...f(u, N, dt, f_u, flags, dt) : : gx = 5.57891e-11 < 7.28613e-09
The residual is decreasing if we take this AC-Newton step.

Taking best step and continuing Newton iteration.
L2Norm(G(x)) == 5.57891e-11
rx           == 1.55621e-21
L2Norm(dxN)  == 7.72639e-07
L2Norm(dxOpt)== 7.72639e-07
========================================================
Newton iteration number 1
Current state of Newton iteration:
   fcount_newton   == 4
   fcount_optimiza == 1
   L2Norm(x)       == 0.221014
   L2Norm(dxN)     == 7.72639e-07
   L2Norm(dxOpt)   == 7.72639e-07
   L2Dist(x,x0)    == 7.72639e-07
gx == L2Norm(G(x)) : 
   initial  gx == 7.28613e-09
   previous gx == 7.28613e-09
   current  gx == 5.57891e-11
rx == 1/2 L2Norm2(G(x)) : 
   initial  rx == 2.65438e-17
   previous rx == 2.65438e-17
   current  rx == 1.55621e-21
         delta == 0.01
Newt,GMRES == 1,0, f(u, N, dt, f_u, flags, dt) :  res == 0.139163
Newt,GMRES == 1,1, f(u, N, dt, f_u, flags, dt) :  res == 0.0421301
Newt,GMRES == 1,2, f(u, N, dt, f_u, flags, dt) :  res == 0.000573928
GMRES converged. Breaking.
Hookstep optimization is currently not implemented with Arclength Continuation.
Optimized Newton algorithm with AC: Computing residual to check convergence...f(u, N, dt, f_u, flags, dt) : : gx = 2.40524e-12 < 5.57891e-11
The residual is decreasing if we take this AC-Newton step.

Taking best step and continuing Newton iteration.
L2Norm(G(x)) == 2.40524e-12
rx           == 2.8926e-24
L2Norm(dxN)  == 7.30246e-09
L2Norm(dxOpt)== 7.30246e-09
========================================================
Newton iteration number 2
Current state of Newton iteration:
   fcount_newton   == 7
   fcount_optimiza == 2
   L2Norm(x)       == 0.221014
   L2Norm(dxN)     == 7.30246e-09
   L2Norm(dxOpt)   == 7.30246e-09
   L2Dist(x,x0)    == 7.74353e-07
gx == L2Norm(G(x)) : 
   initial  gx == 7.28613e-09
   previous gx == 5.57891e-11
   current  gx == 2.40524e-12
rx == 1/2 L2Norm2(G(x)) : 
   initial  rx == 2.65438e-17
   previous rx == 1.55621e-21
   current  rx == 2.8926e-24
         delta == 0.01
Newton search converged. Breaking.
L2Norm(G(x)) == 2.40524e-12 < epsSearch == 1e-11
