f(u, N, dt, f_u, flags, dt) : f(u, N, dt, f_u, flags, dt) : Computing G(x)
f(u, N, dt, f_u, flags, dt) : 
========================================================
Newton iteration number 0
Current state of Newton iteration:
   fcount_newton   == 1
   fcount_optimiza == 0
   L2Norm(x)       == 0.072649
   L2Norm(dxN)     == 0
   L2Norm(dxOpt)   == 0
   L2Dist(x,x0)    == 0
gx == L2Norm(G(x)) : 
   initial  gx == 6.20382e-08
   previous gx == 6.20382e-08
   current  gx == 6.20382e-08
rx == 1/2 L2Norm2(G(x)) : 
   initial  rx == 1.92437e-15
   previous rx == 1.92437e-15
   current  rx == 1.92437e-15
         delta == 0.01
Newt,GMRES == 0,0, f(u, N, dt, f_u, flags, dt) :  res == 0.791986
Newt,GMRES == 0,1, f(u, N, dt, f_u, flags, dt) :  res == 0.000452206
GMRES converged. Breaking.
Hookstep optimization is currently not implemented with Arclength Continuation.
Optimized Newton algorithm with AC: Computing residual to check convergence...f(u, N, dt, f_u, flags, dt) : : gx = 2.86306e-11 < 6.20382e-08
The residual is decreasing if we take this AC-Newton step.

Taking best step and continuing Newton iteration.
L2Norm(G(x)) == 2.86306e-11
rx           == 4.09855e-22
L2Norm(dxN)  == 6.22623e-06
L2Norm(dxOpt)== 6.22623e-06
========================================================
Newton iteration number 1
Current state of Newton iteration:
   fcount_newton   == 3
   fcount_optimiza == 1
   L2Norm(x)       == 0.0726428
   L2Norm(dxN)     == 6.22623e-06
   L2Norm(dxOpt)   == 6.22623e-06
   L2Dist(x,x0)    == 6.22623e-06
gx == L2Norm(G(x)) : 
   initial  gx == 6.20382e-08
   previous gx == 6.20382e-08
   current  gx == 2.86306e-11
rx == 1/2 L2Norm2(G(x)) : 
   initial  rx == 1.92437e-15
   previous rx == 1.92437e-15
   current  rx == 4.09855e-22
         delta == 0.01
Newt,GMRES == 1,0, f(u, N, dt, f_u, flags, dt) :  res == 0.184317
Newt,GMRES == 1,1, f(u, N, dt, f_u, flags, dt) :  res == 0.000373549
GMRES converged. Breaking.
Hookstep optimization is currently not implemented with Arclength Continuation.
Optimized Newton algorithm with AC: Computing residual to check convergence...f(u, N, dt, f_u, flags, dt) : : gx = 1.11524e-13 < 2.86306e-11
The residual is decreasing if we take this AC-Newton step.

Taking best step and continuing Newton iteration.
L2Norm(G(x)) == 1.11524e-13
rx           == 6.21881e-27
L2Norm(dxN)  == 2.86281e-09
L2Norm(dxOpt)== 2.86281e-09
========================================================
Newton iteration number 2
Current state of Newton iteration:
   fcount_newton   == 5
   fcount_optimiza == 2
   L2Norm(x)       == 0.0726428
   L2Norm(dxN)     == 2.86281e-09
   L2Norm(dxOpt)   == 2.86281e-09
   L2Dist(x,x0)    == 6.22657e-06
gx == L2Norm(G(x)) : 
   initial  gx == 6.20382e-08
   previous gx == 2.86306e-11
   current  gx == 1.11524e-13
rx == 1/2 L2Norm2(G(x)) : 
   initial  rx == 1.92437e-15
   previous rx == 4.09855e-22
   current  rx == 6.21881e-27
         delta == 0.01
Newton search converged. Breaking.
L2Norm(G(x)) == 1.11524e-13 < epsSearch == 1e-11
