f(u, N, dt, f_u, flags, dt) : f(u, N, dt, f_u, flags, dt) : Computing G(x)
f(u, N, dt, f_u, flags, dt) : 
========================================================
Newton iteration number 0
Current state of Newton iteration:
   fcount_newton   == 1
   fcount_optimiza == 0
   L2Norm(x)       == 0.0248383
   L2Norm(dxN)     == 0
   L2Norm(dxOpt)   == 0
   L2Dist(x,x0)    == 0
gx == L2Norm(G(x)) : 
   initial  gx == 1.58819e-05
   previous gx == 1.58819e-05
   current  gx == 1.58819e-05
rx == 1/2 L2Norm2(G(x)) : 
   initial  rx == 1.26117e-10
   previous rx == 1.26117e-10
   current  rx == 1.26117e-10
         delta == 0.01
Newt,GMRES == 0,0, f(u, N, dt, f_u, flags, dt) :  res == 0.999368
Newt,GMRES == 0,1, f(u, N, dt, f_u, flags, dt) :  res == 0.306912
Newt,GMRES == 0,2, f(u, N, dt, f_u, flags, dt) :  res == 0.237272
Newt,GMRES == 0,3, f(u, N, dt, f_u, flags, dt) :  res == 0.0666732
GMRES converged. Breaking.
Hookstep optimization is currently not implemented with Arclength Continuation.
Optimized Newton algorithm with AC: Computing residual to check convergence...f(u, N, dt, f_u, flags, dt) : : gx = 3.24119e-06 < 1.58819e-05
The residual is decreasing if we take this AC-Newton step.

Taking best step and continuing Newton iteration.
L2Norm(G(x)) == 3.24119e-06
rx           == 5.25266e-12
L2Norm(dxN)  == 0.00218298
L2Norm(dxOpt)== 0.00218298
========================================================
Newton iteration number 1
Current state of Newton iteration:
   fcount_newton   == 5
   fcount_optimiza == 1
   L2Norm(x)       == 0.0228848
   L2Norm(dxN)     == 0.00218298
   L2Norm(dxOpt)   == 0.00218298
   L2Dist(x,x0)    == 0.00218303
gx == L2Norm(G(x)) : 
   initial  gx == 1.58819e-05
   previous gx == 1.58819e-05
   current  gx == 3.24119e-06
rx == 1/2 L2Norm2(G(x)) : 
   initial  rx == 1.26117e-10
   previous rx == 1.26117e-10
   current  rx == 5.25266e-12
         delta == 0.01
Newt,GMRES == 1,0, f(u, N, dt, f_u, flags, dt) :  res == 0.998119
Newt,GMRES == 1,1, f(u, N, dt, f_u, flags, dt) :  res == 0.505312
Newt,GMRES == 1,2, f(u, N, dt, f_u, flags, dt) :  res == 0.230571
Newt,GMRES == 1,3, f(u, N, dt, f_u, flags, dt) :  res == 0.084423
GMRES converged. Breaking.
Hookstep optimization is currently not implemented with Arclength Continuation.
Optimized Newton algorithm with AC: Computing residual to check convergence...f(u, N, dt, f_u, flags, dt) : : gx = 3.24919e-07 < 3.24119e-06
The residual is decreasing if we take this AC-Newton step.

Taking best step and continuing Newton iteration.
L2Norm(G(x)) == 3.24919e-07
rx           == 5.27861e-14
L2Norm(dxN)  == 0.00055108
L2Norm(dxOpt)== 0.00055108
========================================================
Newton iteration number 2
Current state of Newton iteration:
   fcount_newton   == 9
   fcount_optimiza == 2
   L2Norm(x)       == 0.0231894
   L2Norm(dxN)     == 0.00055108
   L2Norm(dxOpt)   == 0.00055108
   L2Dist(x,x0)    == 0.00191657
gx == L2Norm(G(x)) : 
   initial  gx == 1.58819e-05
   previous gx == 3.24119e-06
   current  gx == 3.24919e-07
rx == 1/2 L2Norm2(G(x)) : 
   initial  rx == 1.26117e-10
   previous rx == 5.25266e-12
   current  rx == 5.27861e-14
         delta == 0.01
Newt,GMRES == 2,0, f(u, N, dt, f_u, flags, dt) :  res == 0.999934
Newt,GMRES == 2,1, f(u, N, dt, f_u, flags, dt) :  res == 0.995034
Newt,GMRES == 2,2, f(u, N, dt, f_u, flags, dt) :  res == 0.542634
Newt,GMRES == 2,3, f(u, N, dt, f_u, flags, dt) :  res == 0.222011
Newt,GMRES == 2,4, f(u, N, dt, f_u, flags, dt) :  res == 0.0444382
GMRES converged. Breaking.
Hookstep optimization is currently not implemented with Arclength Continuation.
Optimized Newton algorithm with AC: Computing residual to check convergence...f(u, N, dt, f_u, flags, dt) : : gx = 1.41623e-08 < 3.24919e-07
The residual is decreasing if we take this AC-Newton step.

Taking best step and continuing Newton iteration.
L2Norm(G(x)) == 1.41623e-08
rx           == 1.00285e-16
L2Norm(dxN)  == 7.09901e-05
L2Norm(dxOpt)== 7.09901e-05
========================================================
Newton iteration number 3
Current state of Newton iteration:
   fcount_newton   == 14
   fcount_optimiza == 3
   L2Norm(x)       == 0.0232138
   L2Norm(dxN)     == 7.09901e-05
   L2Norm(dxOpt)   == 7.09901e-05
   L2Dist(x,x0)    == 0.00190318
gx == L2Norm(G(x)) : 
   initial  gx == 1.58819e-05
   previous gx == 3.24919e-07
   current  gx == 1.41623e-08
rx == 1/2 L2Norm2(G(x)) : 
   initial  rx == 1.26117e-10
   previous rx == 5.27861e-14
   current  rx == 1.00285e-16
         delta == 0.01
Newt,GMRES == 3,0, f(u, N, dt, f_u, flags, dt) :  res == 0.991438
Newt,GMRES == 3,1, f(u, N, dt, f_u, flags, dt) :  res == 0.494326
Newt,GMRES == 3,2, f(u, N, dt, f_u, flags, dt) :  res == 0.420647
Newt,GMRES == 3,3, f(u, N, dt, f_u, flags, dt) :  res == 0.189249
Newt,GMRES == 3,4, f(u, N, dt, f_u, flags, dt) :  res == 0.0697945
GMRES converged. Breaking.
Hookstep optimization is currently not implemented with Arclength Continuation.
Optimized Newton algorithm with AC: Computing residual to check convergence...f(u, N, dt, f_u, flags, dt) : : gx = 9.67992e-10 < 1.41623e-08
The residual is decreasing if we take this AC-Newton step.

Taking best step and continuing Newton iteration.
L2Norm(G(x)) == 9.67992e-10
rx           == 4.68504e-19
L2Norm(dxN)  == 2.36446e-06
L2Norm(dxOpt)== 2.36446e-06
========================================================
Newton iteration number 4
Current state of Newton iteration:
   fcount_newton   == 19
   fcount_optimiza == 4
   L2Norm(x)       == 0.0232143
   L2Norm(dxN)     == 2.36446e-06
   L2Norm(dxOpt)   == 2.36446e-06
   L2Dist(x,x0)    == 0.00190326
gx == L2Norm(G(x)) : 
   initial  gx == 1.58819e-05
   previous gx == 1.41623e-08
   current  gx == 9.67992e-10
rx == 1/2 L2Norm2(G(x)) : 
   initial  rx == 1.26117e-10
   previous rx == 1.00285e-16
   current  rx == 4.68504e-19
         delta == 0.01
Newton search converged. Breaking.
L2Norm(G(x)) == 9.67992e-10 < epsSearch == 1e-08
