f(u, N, dt, f_u, flags, dt) : f(u, N, dt, f_u, flags, dt) : Computing G(x)
f(u, N, dt, f_u, flags, dt) : 
========================================================
Newton iteration number 0
Current state of Newton iteration:
   fcount_newton   == 1
   fcount_optimiza == 0
   L2Norm(x)       == 0.185434
   L2Norm(dxN)     == 0
   L2Norm(dxOpt)   == 0
   L2Dist(x,x0)    == 0
gx == L2Norm(G(x)) : 
   initial  gx == 6.33119e-10
   previous gx == 6.33119e-10
   current  gx == 6.33119e-10
rx == 1/2 L2Norm2(G(x)) : 
   initial  rx == 2.0042e-19
   previous rx == 2.0042e-19
   current  rx == 2.0042e-19
         delta == 0.01
Newt,GMRES == 0,0, f(u, N, dt, f_u, flags, dt) :  res == 0.360639
Newt,GMRES == 0,1, f(u, N, dt, f_u, flags, dt) :  res == 0.153923
Newt,GMRES == 0,2, f(u, N, dt, f_u, flags, dt) :  res == 1.74528e-05
GMRES converged. Breaking.
Hookstep optimization is currently not implemented with Arclength Continuation.
Optimized Newton algorithm with AC: Computing residual to check convergence...f(u, N, dt, f_u, flags, dt) : : gx = 1.87781e-11 < 6.33119e-10
The residual is decreasing if we take this AC-Newton step.

Taking best step and continuing Newton iteration.
L2Norm(G(x)) == 1.87781e-11
rx           == 1.76308e-22
L2Norm(dxN)  == 1.35373e-07
L2Norm(dxOpt)== 1.35373e-07
========================================================
Newton iteration number 1
Current state of Newton iteration:
   fcount_newton   == 4
   fcount_optimiza == 1
   L2Norm(x)       == 0.185434
   L2Norm(dxN)     == 1.35373e-07
   L2Norm(dxOpt)   == 1.35373e-07
   L2Dist(x,x0)    == 1.35373e-07
gx == L2Norm(G(x)) : 
   initial  gx == 6.33119e-10
   previous gx == 6.33119e-10
   current  gx == 1.87781e-11
rx == 1/2 L2Norm2(G(x)) : 
   initial  rx == 2.0042e-19
   previous rx == 2.0042e-19
   current  rx == 1.76308e-22
         delta == 0.01
Newt,GMRES == 1,0, f(u, N, dt, f_u, flags, dt) :  res == 0.752145
Newt,GMRES == 1,1, f(u, N, dt, f_u, flags, dt) :  res == 0.000849648
GMRES converged. Breaking.
Hookstep optimization is currently not implemented with Arclength Continuation.
Optimized Newton algorithm with AC: Computing residual to check convergence...f(u, N, dt, f_u, flags, dt) : : gx = 2.73322e-12 < 1.87781e-11
The residual is decreasing if we take this AC-Newton step.

Taking best step and continuing Newton iteration.
L2Norm(G(x)) == 2.73322e-12
rx           == 3.73524e-24
L2Norm(dxN)  == 3.9522e-09
L2Norm(dxOpt)== 3.9522e-09
========================================================
Newton iteration number 2
Current state of Newton iteration:
   fcount_newton   == 6
   fcount_optimiza == 2
   L2Norm(x)       == 0.185434
   L2Norm(dxN)     == 3.9522e-09
   L2Norm(dxOpt)   == 3.9522e-09
   L2Dist(x,x0)    == 1.31429e-07
gx == L2Norm(G(x)) : 
   initial  gx == 6.33119e-10
   previous gx == 1.87781e-11
   current  gx == 2.73322e-12
rx == 1/2 L2Norm2(G(x)) : 
   initial  rx == 2.0042e-19
   previous rx == 1.76308e-22
   current  rx == 3.73524e-24
         delta == 0.01
Newton search converged. Breaking.
L2Norm(G(x)) == 2.73322e-12 < epsSearch == 1e-11
