f(u, N, dt, f_u, flags, dt) : f(u, N, dt, f_u, flags, dt) : Computing G(x)
f(u, N, dt, f_u, flags, dt) : 
========================================================
Newton iteration number 0
Current state of Newton iteration:
   fcount_newton   == 1
   fcount_optimiza == 0
   L2Norm(x)       == 0.0751699
   L2Norm(dxN)     == 0
   L2Norm(dxOpt)   == 0
   L2Dist(x,x0)    == 0
gx == L2Norm(G(x)) : 
   initial  gx == 4.23452e-08
   previous gx == 4.23452e-08
   current  gx == 4.23452e-08
rx == 1/2 L2Norm2(G(x)) : 
   initial  rx == 8.96559e-16
   previous rx == 8.96559e-16
   current  rx == 8.96559e-16
         delta == 0.01
Newt,GMRES == 0,0, f(u, N, dt, f_u, flags, dt) :  res == 0.767595
Newt,GMRES == 0,1, f(u, N, dt, f_u, flags, dt) :  res == 0.000281062
GMRES converged. Breaking.
Hookstep optimization is currently not implemented with Arclength Continuation.
Optimized Newton algorithm with AC: Computing residual to check convergence...f(u, N, dt, f_u, flags, dt) : : gx = 1.15681e-11 < 4.23452e-08
The residual is decreasing if we take this AC-Newton step.

Taking best step and continuing Newton iteration.
L2Norm(G(x)) == 1.15681e-11
rx           == 6.69102e-23
L2Norm(dxN)  == 4.24224e-06
L2Norm(dxOpt)== 4.24224e-06
========================================================
Newton iteration number 1
Current state of Newton iteration:
   fcount_newton   == 3
   fcount_optimiza == 1
   L2Norm(x)       == 0.0751657
   L2Norm(dxN)     == 4.24224e-06
   L2Norm(dxOpt)   == 4.24224e-06
   L2Dist(x,x0)    == 4.24224e-06
gx == L2Norm(G(x)) : 
   initial  gx == 4.23452e-08
   previous gx == 4.23452e-08
   current  gx == 1.15681e-11
rx == 1/2 L2Norm2(G(x)) : 
   initial  rx == 8.96559e-16
   previous rx == 8.96559e-16
   current  rx == 6.69102e-23
         delta == 0.01
Newt,GMRES == 1,0, f(u, N, dt, f_u, flags, dt) :  res == 0.0131133
Newt,GMRES == 1,1, f(u, N, dt, f_u, flags, dt) :  res == 0.000489564
GMRES converged. Breaking.
Hookstep optimization is currently not implemented with Arclength Continuation.
Optimized Newton algorithm with AC: Computing residual to check convergence...f(u, N, dt, f_u, flags, dt) : : gx = 4.52328e-15 < 1.15681e-11
The residual is decreasing if we take this AC-Newton step.

Taking best step and continuing Newton iteration.
L2Norm(G(x)) == 4.52328e-15
rx           == 1.023e-29
L2Norm(dxN)  == 1.15676e-09
L2Norm(dxOpt)== 1.15676e-09
========================================================
Newton iteration number 2
Current state of Newton iteration:
   fcount_newton   == 5
   fcount_optimiza == 2
   L2Norm(x)       == 0.0751657
   L2Norm(dxN)     == 1.15676e-09
   L2Norm(dxOpt)   == 1.15676e-09
   L2Dist(x,x0)    == 4.24218e-06
gx == L2Norm(G(x)) : 
   initial  gx == 4.23452e-08
   previous gx == 1.15681e-11
   current  gx == 4.52328e-15
rx == 1/2 L2Norm2(G(x)) : 
   initial  rx == 8.96559e-16
   previous rx == 6.69102e-23
   current  rx == 1.023e-29
         delta == 0.01
Newton search converged. Breaking.
L2Norm(G(x)) == 4.52328e-15 < epsSearch == 1e-11
