f(u, N, dt, f_u, flags, dt) : f(u, N, dt, f_u, flags, dt) : Computing G(x)
f(u, N, dt, f_u, flags, dt) : 
========================================================
Newton iteration number 0
Current state of Newton iteration:
   fcount_newton   == 1
   fcount_optimiza == 0
   L2Norm(x)       == 0.0370815
   L2Norm(dxN)     == 0
   L2Norm(dxOpt)   == 0
   L2Dist(x,x0)    == 0
gx == L2Norm(G(x)) : 
   initial  gx == 6.48902e-06
   previous gx == 6.48902e-06
   current  gx == 6.48902e-06
rx == 1/2 L2Norm2(G(x)) : 
   initial  rx == 2.10537e-11
   previous rx == 2.10537e-11
   current  rx == 2.10537e-11
         delta == 0.01
Newt,GMRES == 0,0, f(u, N, dt, f_u, flags, dt) :  res == 0.948113
Newt,GMRES == 0,1, f(u, N, dt, f_u, flags, dt) :  res == 0.0495625
Newt,GMRES == 0,2, f(u, N, dt, f_u, flags, dt) :  res == 1.6142e-06
GMRES converged. Breaking.
Hookstep optimization is currently not implemented with Arclength Continuation.
Optimized Newton algorithm with AC: Computing residual to check convergence...f(u, N, dt, f_u, flags, dt) : : gx = 2.53221e-07 < 6.48902e-06
The residual is decreasing if we take this AC-Newton step.

Taking best step and continuing Newton iteration.
L2Norm(G(x)) == 2.53221e-07
rx           == 3.20603e-14
L2Norm(dxN)  == 0.000560962
L2Norm(dxOpt)== 0.000560962
========================================================
Newton iteration number 1
Current state of Newton iteration:
   fcount_newton   == 4
   fcount_optimiza == 1
   L2Norm(x)       == 0.0365335
   L2Norm(dxN)     == 0.000560962
   L2Norm(dxOpt)   == 0.000560962
   L2Dist(x,x0)    == 0.000560962
gx == L2Norm(G(x)) : 
   initial  gx == 6.48902e-06
   previous gx == 6.48902e-06
   current  gx == 2.53221e-07
rx == 1/2 L2Norm2(G(x)) : 
   initial  rx == 2.10537e-11
   previous rx == 2.10537e-11
   current  rx == 3.20603e-14
         delta == 0.01
Newt,GMRES == 1,0, f(u, N, dt, f_u, flags, dt) :  res == 0.96893
Newt,GMRES == 1,1, f(u, N, dt, f_u, flags, dt) :  res == 0.196739
Newt,GMRES == 1,2, f(u, N, dt, f_u, flags, dt) :  res == 0.000680712
GMRES converged. Breaking.
Hookstep optimization is currently not implemented with Arclength Continuation.
Optimized Newton algorithm with AC: Computing residual to check convergence...f(u, N, dt, f_u, flags, dt) : : gx = 1.28158e-09 < 2.53221e-07
The residual is decreasing if we take this AC-Newton step.

Taking best step and continuing Newton iteration.
L2Norm(G(x)) == 1.28158e-09
rx           == 8.21218e-19
L2Norm(dxN)  == 2.16248e-05
L2Norm(dxOpt)== 2.16248e-05
========================================================
Newton iteration number 2
Current state of Newton iteration:
   fcount_newton   == 7
   fcount_optimiza == 2
   L2Norm(x)       == 0.0365541
   L2Norm(dxN)     == 2.16248e-05
   L2Norm(dxOpt)   == 2.16248e-05
   L2Dist(x,x0)    == 0.000539444
gx == L2Norm(G(x)) : 
   initial  gx == 6.48902e-06
   previous gx == 2.53221e-07
   current  gx == 1.28158e-09
rx == 1/2 L2Norm2(G(x)) : 
   initial  rx == 2.10537e-11
   previous rx == 3.20603e-14
   current  rx == 8.21218e-19
         delta == 0.01
Newt,GMRES == 2,0, f(u, N, dt, f_u, flags, dt) :  res == 0.97418
Newt,GMRES == 2,1, f(u, N, dt, f_u, flags, dt) :  res == 0.185127
Newt,GMRES == 2,2, f(u, N, dt, f_u, flags, dt) :  res == 0.0617487
Newt,GMRES == 2,3, f(u, N, dt, f_u, flags, dt) :  res == 1.44936e-09
GMRES converged. Breaking.
Hookstep optimization is currently not implemented with Arclength Continuation.
Optimized Newton algorithm with AC: Computing residual to check convergence...f(u, N, dt, f_u, flags, dt) : : gx = 2.11016e-11 < 1.28158e-09
The residual is decreasing if we take this AC-Newton step.

Taking best step and continuing Newton iteration.
L2Norm(G(x)) == 2.11016e-11
rx           == 2.22638e-22
L2Norm(dxN)  == 1.05961e-07
L2Norm(dxOpt)== 1.05961e-07
========================================================
Newton iteration number 3
Current state of Newton iteration:
   fcount_newton   == 11
   fcount_optimiza == 3
   L2Norm(x)       == 0.036554
   L2Norm(dxN)     == 1.05961e-07
   L2Norm(dxOpt)   == 1.05961e-07
   L2Dist(x,x0)    == 0.000539543
gx == L2Norm(G(x)) : 
   initial  gx == 6.48902e-06
   previous gx == 1.28158e-09
   current  gx == 2.11016e-11
rx == 1/2 L2Norm2(G(x)) : 
   initial  rx == 2.10537e-11
   previous rx == 8.21218e-19
   current  rx == 2.22638e-22
         delta == 0.01
Newt,GMRES == 3,0, f(u, N, dt, f_u, flags, dt) :  res == 0.97088
Newt,GMRES == 3,1, f(u, N, dt, f_u, flags, dt) :  res == 0.14811
Newt,GMRES == 3,2, f(u, N, dt, f_u, flags, dt) :  res == 4.78226e-05
GMRES converged. Breaking.
Hookstep optimization is currently not implemented with Arclength Continuation.
Optimized Newton algorithm with AC: Computing residual to check convergence...f(u, N, dt, f_u, flags, dt) : : gx = 1.92131e-11 < 2.11016e-11
The residual is decreasing if we take this AC-Newton step.

Taking best step and continuing Newton iteration.
L2Norm(G(x)) == 1.92131e-11
rx           == 1.84571e-22
L2Norm(dxN)  == 1.7101e-09
L2Norm(dxOpt)== 1.7101e-09
========================================================
Newton iteration number 4
Current state of Newton iteration:
   fcount_newton   == 14
   fcount_optimiza == 4
   L2Norm(x)       == 0.036554
   L2Norm(dxN)     == 1.7101e-09
   L2Norm(dxOpt)   == 1.7101e-09
   L2Dist(x,x0)    == 0.000539541
gx == L2Norm(G(x)) : 
   initial  gx == 6.48902e-06
   previous gx == 2.11016e-11
   current  gx == 1.92131e-11
rx == 1/2 L2Norm2(G(x)) : 
   initial  rx == 2.10537e-11
   previous rx == 2.22638e-22
   current  rx == 1.84571e-22
         delta == 0.01
Newt,GMRES == 4,0, f(u, N, dt, f_u, flags, dt) :  res == 0.972068
Newt,GMRES == 4,1, f(u, N, dt, f_u, flags, dt) :  res == 0.0105175
Newt,GMRES == 4,2, f(u, N, dt, f_u, flags, dt) :  res == 0.000159414
GMRES converged. Breaking.
Hookstep optimization is currently not implemented with Arclength Continuation.
Optimized Newton algorithm with AC: Computing residual to check convergence...f(u, N, dt, f_u, flags, dt) : : gx = 7.80721e-12 < 1.92131e-11
The residual is decreasing if we take this AC-Newton step.

Taking best step and continuing Newton iteration.
L2Norm(G(x)) == 7.80721e-12
rx           == 3.04763e-23
L2Norm(dxN)  == 1.52238e-09
L2Norm(dxOpt)== 1.52238e-09
========================================================
Newton iteration number 5
Current state of Newton iteration:
   fcount_newton   == 17
   fcount_optimiza == 5
   L2Norm(x)       == 0.036554
   L2Norm(dxN)     == 1.52238e-09
   L2Norm(dxOpt)   == 1.52238e-09
   L2Dist(x,x0)    == 0.000539543
gx == L2Norm(G(x)) : 
   initial  gx == 6.48902e-06
   previous gx == 1.92131e-11
   current  gx == 7.80721e-12
rx == 1/2 L2Norm2(G(x)) : 
   initial  rx == 2.10537e-11
   previous rx == 1.84571e-22
   current  rx == 3.04763e-23
         delta == 0.01
Newton search converged. Breaking.
L2Norm(G(x)) == 7.80721e-12 < epsSearch == 1e-11
