f(u, N, dt, f_u, flags, dt) : Computing G(x)
f(u, N, dt, f_u, flags, dt) : 
========================================================
Newton iteration number 0
Current state of Newton iteration:
   fcount_newton   == 1
   fcount_optimiza == 0
   L2Norm(x)       == 0.024249
   L2Norm(dxN)     == 0
   L2Norm(dxOpt)   == 0
   L2Dist(x,x0)    == 0
gx == L2Norm(G(x)) : 
   initial  gx == 1.49287e-06
   previous gx == 1.49287e-06
   current  gx == 1.49287e-06
rx == 1/2 L2Norm2(G(x)) : 
   initial  rx == 1.11433e-12
   previous rx == 1.11433e-12
   current  rx == 1.11433e-12
         delta == 0.01
Newt,GMRES == 0,0, f(u, N, dt, f_u, flags, dt) :  res == 0.99754
Newt,GMRES == 0,1, f(u, N, dt, f_u, flags, dt) :  res == 0.219926
Newt,GMRES == 0,2, f(u, N, dt, f_u, flags, dt) :  res == 0.174806
Newt,GMRES == 0,3, f(u, N, dt, f_u, flags, dt) :  res == 0.163558
Newt,GMRES == 0,4, f(u, N, dt, f_u, flags, dt) :  res == 0.11833
Newt,GMRES == 0,5, f(u, N, dt, f_u, flags, dt) :  res == 0.0777882
GMRES converged. Breaking.
Hookstep optimization is currently not implemented with Arclength Continuation.
Optimized Newton algorithm with AC: Computing residual to check convergence...f(u, N, dt, f_u, flags, dt) : : gx = 1.8096e-06 > 1.49287e-06
The error is increasing if we take the Newton step. Newton step optimization leaves step size correction to arclength continuation.
