f(u, N, dt, f_u, flags, dt) : f(u, N, dt, f_u, flags, dt) : Computing G(x)
f(u, N, dt, f_u, flags, dt) : 
========================================================
Newton iteration number 0
Current state of Newton iteration:
   fcount_newton   == 1
   fcount_optimiza == 0
   L2Norm(x)       == 0.0329017
   L2Norm(dxN)     == 0
   L2Norm(dxOpt)   == 0
   L2Dist(x,x0)    == 0
gx == L2Norm(G(x)) : 
   initial  gx == 7.07445e-06
   previous gx == 7.07445e-06
   current  gx == 7.07445e-06
rx == 1/2 L2Norm2(G(x)) : 
   initial  rx == 2.50239e-11
   previous rx == 2.50239e-11
   current  rx == 2.50239e-11
         delta == 0.01
Newt,GMRES == 0,0, f(u, N, dt, f_u, flags, dt) :  res == 0.834337
Newt,GMRES == 0,1, f(u, N, dt, f_u, flags, dt) :  res == 0.0439041
Newt,GMRES == 0,2, f(u, N, dt, f_u, flags, dt) :  res == 0.00124926
Newt,GMRES == 0,3, f(u, N, dt, f_u, flags, dt) :  res == 1.48422e-09
GMRES converged. Breaking.
Hookstep optimization is currently not implemented with Arclength Continuation.
Optimized Newton algorithm with AC: Computing residual to check convergence...f(u, N, dt, f_u, flags, dt) : : gx = 7.47881e-08 < 7.07445e-06
The residual is decreasing if we take this AC-Newton step.

Taking best step and continuing Newton iteration.
L2Norm(G(x)) == 7.47881e-08
rx           == 2.79663e-15
L2Norm(dxN)  == 0.000389185
L2Norm(dxOpt)== 0.000389185
========================================================
Newton iteration number 1
Current state of Newton iteration:
   fcount_newton   == 5
   fcount_optimiza == 1
   L2Norm(x)       == 0.0325239
   L2Norm(dxN)     == 0.000389185
   L2Norm(dxOpt)   == 0.000389185
   L2Dist(x,x0)    == 0.000389185
gx == L2Norm(G(x)) : 
   initial  gx == 7.07445e-06
   previous gx == 7.07445e-06
   current  gx == 7.47881e-08
rx == 1/2 L2Norm2(G(x)) : 
   initial  rx == 2.50239e-11
   previous rx == 2.50239e-11
   current  rx == 2.79663e-15
         delta == 0.01
Newt,GMRES == 1,0, f(u, N, dt, f_u, flags, dt) :  res == 0.886206
Newt,GMRES == 1,1, f(u, N, dt, f_u, flags, dt) :  res == 0.554597
Newt,GMRES == 1,2, f(u, N, dt, f_u, flags, dt) :  res == 0.142048
Newt,GMRES == 1,3, f(u, N, dt, f_u, flags, dt) :  res == 1.61541e-07
GMRES converged. Breaking.
Hookstep optimization is currently not implemented with Arclength Continuation.
Optimized Newton algorithm with AC: Computing residual to check convergence...f(u, N, dt, f_u, flags, dt) : : gx = 2.4042e-09 < 7.47881e-08
The residual is decreasing if we take this AC-Newton step.

Taking best step and continuing Newton iteration.
L2Norm(G(x)) == 2.4042e-09
rx           == 2.89008e-18
L2Norm(dxN)  == 7.0026e-06
L2Norm(dxOpt)== 7.0026e-06
========================================================
Newton iteration number 2
Current state of Newton iteration:
   fcount_newton   == 9
   fcount_optimiza == 2
   L2Norm(x)       == 0.0325283
   L2Norm(dxN)     == 7.0026e-06
   L2Norm(dxOpt)   == 7.0026e-06
   L2Dist(x,x0)    == 0.000384031
gx == L2Norm(G(x)) : 
   initial  gx == 7.07445e-06
   previous gx == 7.47881e-08
   current  gx == 2.4042e-09
rx == 1/2 L2Norm2(G(x)) : 
   initial  rx == 2.50239e-11
   previous rx == 2.79663e-15
   current  rx == 2.89008e-18
         delta == 0.01
Newt,GMRES == 2,0, f(u, N, dt, f_u, flags, dt) :  res == 0.875789
Newt,GMRES == 2,1, f(u, N, dt, f_u, flags, dt) :  res == 0.0203028
Newt,GMRES == 2,2, f(u, N, dt, f_u, flags, dt) :  res == 0.00405613
Newt,GMRES == 2,3, f(u, N, dt, f_u, flags, dt) :  res == 1.01584e-08
GMRES converged. Breaking.
Hookstep optimization is currently not implemented with Arclength Continuation.
Optimized Newton algorithm with AC: Computing residual to check convergence...f(u, N, dt, f_u, flags, dt) : : gx = 5.66701e-11 < 2.4042e-09
The residual is decreasing if we take this AC-Newton step.

Taking best step and continuing Newton iteration.
L2Norm(G(x)) == 5.66701e-11
rx           == 1.60575e-21
L2Norm(dxN)  == 1.25539e-07
L2Norm(dxOpt)== 1.25539e-07
========================================================
Newton iteration number 3
Current state of Newton iteration:
   fcount_newton   == 13
   fcount_optimiza == 3
   L2Norm(x)       == 0.0325282
   L2Norm(dxN)     == 1.25539e-07
   L2Norm(dxOpt)   == 1.25539e-07
   L2Dist(x,x0)    == 0.000384156
gx == L2Norm(G(x)) : 
   initial  gx == 7.07445e-06
   previous gx == 2.4042e-09
   current  gx == 5.66701e-11
rx == 1/2 L2Norm2(G(x)) : 
   initial  rx == 2.50239e-11
   previous rx == 2.89008e-18
   current  rx == 1.60575e-21
         delta == 0.01
Newt,GMRES == 3,0, f(u, N, dt, f_u, flags, dt) :  res == 0.877418
Newt,GMRES == 3,1, f(u, N, dt, f_u, flags, dt) :  res == 0.0988836
Newt,GMRES == 3,2, f(u, N, dt, f_u, flags, dt) :  res == 4.1743e-05
GMRES converged. Breaking.
Hookstep optimization is currently not implemented with Arclength Continuation.
Optimized Newton algorithm with AC: Computing residual to check convergence...f(u, N, dt, f_u, flags, dt) : : gx = 2.1578e-11 < 5.66701e-11
The residual is decreasing if we take this AC-Newton step.

Taking best step and continuing Newton iteration.
L2Norm(G(x)) == 2.1578e-11
rx           == 2.32805e-22
L2Norm(dxN)  == 3.297e-09
L2Norm(dxOpt)== 3.297e-09
========================================================
Newton iteration number 4
Current state of Newton iteration:
   fcount_newton   == 16
   fcount_optimiza == 4
   L2Norm(x)       == 0.0325282
   L2Norm(dxN)     == 3.297e-09
   L2Norm(dxOpt)   == 3.297e-09
   L2Dist(x,x0)    == 0.000384159
gx == L2Norm(G(x)) : 
   initial  gx == 7.07445e-06
   previous gx == 5.66701e-11
   current  gx == 2.1578e-11
rx == 1/2 L2Norm2(G(x)) : 
   initial  rx == 2.50239e-11
   previous rx == 1.60575e-21
   current  rx == 2.32805e-22
         delta == 0.01
Newt,GMRES == 4,0, f(u, N, dt, f_u, flags, dt) :  res == 0.876166
Newt,GMRES == 4,1, f(u, N, dt, f_u, flags, dt) :  res == 0.0553182
Newt,GMRES == 4,2, f(u, N, dt, f_u, flags, dt) :  res == 0.000338796
GMRES converged. Breaking.
Hookstep optimization is currently not implemented with Arclength Continuation.
Optimized Newton algorithm with AC: Computing residual to check convergence...f(u, N, dt, f_u, flags, dt) : : gx = 4.68416e-12 < 2.1578e-11
The residual is decreasing if we take this AC-Newton step.

Taking best step and continuing Newton iteration.
L2Norm(G(x)) == 4.68416e-12
rx           == 1.09707e-23
L2Norm(dxN)  == 1.1674e-09
L2Norm(dxOpt)== 1.1674e-09
========================================================
Newton iteration number 5
Current state of Newton iteration:
   fcount_newton   == 19
   fcount_optimiza == 5
   L2Norm(x)       == 0.0325282
   L2Norm(dxN)     == 1.1674e-09
   L2Norm(dxOpt)   == 1.1674e-09
   L2Dist(x,x0)    == 0.000384158
gx == L2Norm(G(x)) : 
   initial  gx == 7.07445e-06
   previous gx == 2.1578e-11
   current  gx == 4.68416e-12
rx == 1/2 L2Norm2(G(x)) : 
   initial  rx == 2.50239e-11
   previous rx == 2.32805e-22
   current  rx == 1.09707e-23
         delta == 0.01
Newton search converged. Breaking.
L2Norm(G(x)) == 4.68416e-12 < epsSearch == 1e-11
