f(u, N, dt, f_u, flags, dt) : f(u, N, dt, f_u, flags, dt) : Computing G(x)
f(u, N, dt, f_u, flags, dt) : 
========================================================
Newton iteration number 0
Current state of Newton iteration:
   fcount_newton   == 1
   fcount_optimiza == 0
   L2Norm(x)       == 0.0389153
   L2Norm(dxN)     == 0
   L2Norm(dxOpt)   == 0
   L2Dist(x,x0)    == 0
gx == L2Norm(G(x)) : 
   initial  gx == 6.13349e-06
   previous gx == 6.13349e-06
   current  gx == 6.13349e-06
rx == 1/2 L2Norm2(G(x)) : 
   initial  rx == 1.88098e-11
   previous rx == 1.88098e-11
   current  rx == 1.88098e-11
         delta == 0.01
Newt,GMRES == 0,0, f(u, N, dt, f_u, flags, dt) :  res == 0.972101
Newt,GMRES == 0,1, f(u, N, dt, f_u, flags, dt) :  res == 0.0575849
Newt,GMRES == 0,2, f(u, N, dt, f_u, flags, dt) :  res == 0.000243486
GMRES converged. Breaking.
Hookstep optimization is currently not implemented with Arclength Continuation.
Optimized Newton algorithm with AC: Computing residual to check convergence...f(u, N, dt, f_u, flags, dt) : : gx = 4.22293e-07 < 6.13349e-06
The residual is decreasing if we take this AC-Newton step.

Taking best step and continuing Newton iteration.
L2Norm(G(x)) == 4.22293e-07
rx           == 8.91659e-14
L2Norm(dxN)  == 0.000719147
L2Norm(dxOpt)== 0.000719147
========================================================
Newton iteration number 1
Current state of Newton iteration:
   fcount_newton   == 4
   fcount_optimiza == 1
   L2Norm(x)       == 0.0382113
   L2Norm(dxN)     == 0.000719147
   L2Norm(dxOpt)   == 0.000719147
   L2Dist(x,x0)    == 0.000719147
gx == L2Norm(G(x)) : 
   initial  gx == 6.13349e-06
   previous gx == 6.13349e-06
   current  gx == 4.22293e-07
rx == 1/2 L2Norm2(G(x)) : 
   initial  rx == 1.88098e-11
   previous rx == 1.88098e-11
   current  rx == 8.91659e-14
         delta == 0.01
Newt,GMRES == 1,0, f(u, N, dt, f_u, flags, dt) :  res == 0.988803
Newt,GMRES == 1,1, f(u, N, dt, f_u, flags, dt) :  res == 0.155524
Newt,GMRES == 1,2, f(u, N, dt, f_u, flags, dt) :  res == 5.25919e-05
GMRES converged. Breaking.
Hookstep optimization is currently not implemented with Arclength Continuation.
Optimized Newton algorithm with AC: Computing residual to check convergence...f(u, N, dt, f_u, flags, dt) : : gx = 6.64288e-09 < 4.22293e-07
The residual is decreasing if we take this AC-Newton step.

Taking best step and continuing Newton iteration.
L2Norm(G(x)) == 6.64288e-09
rx           == 2.20639e-17
L2Norm(dxN)  == 4.53407e-05
L2Norm(dxOpt)== 4.53407e-05
========================================================
Newton iteration number 2
Current state of Newton iteration:
   fcount_newton   == 7
   fcount_optimiza == 2
   L2Norm(x)       == 0.0382552
   L2Norm(dxN)     == 4.53407e-05
   L2Norm(dxOpt)   == 4.53407e-05
   L2Dist(x,x0)    == 0.000673857
gx == L2Norm(G(x)) : 
   initial  gx == 6.13349e-06
   previous gx == 4.22293e-07
   current  gx == 6.64288e-09
rx == 1/2 L2Norm2(G(x)) : 
   initial  rx == 1.88098e-11
   previous rx == 8.91659e-14
   current  rx == 2.20639e-17
         delta == 0.01
Newt,GMRES == 2,0, f(u, N, dt, f_u, flags, dt) :  res == 0.989242
Newt,GMRES == 2,1, f(u, N, dt, f_u, flags, dt) :  res == 0.050065
Newt,GMRES == 2,2, f(u, N, dt, f_u, flags, dt) :  res == 0.0111758
Newt,GMRES == 2,3, f(u, N, dt, f_u, flags, dt) :  res == 2.25231e-09
GMRES converged. Breaking.
Hookstep optimization is currently not implemented with Arclength Continuation.
Optimized Newton algorithm with AC: Computing residual to check convergence...f(u, N, dt, f_u, flags, dt) : : gx = 4.14971e-12 < 6.64288e-09
The residual is decreasing if we take this AC-Newton step.

Taking best step and continuing Newton iteration.
L2Norm(G(x)) == 4.14971e-12
rx           == 8.61003e-24
L2Norm(dxN)  == 6.63771e-07
L2Norm(dxOpt)== 6.63771e-07
========================================================
Newton iteration number 3
Current state of Newton iteration:
   fcount_newton   == 11
   fcount_optimiza == 3
   L2Norm(x)       == 0.0382545
   L2Norm(dxN)     == 6.63771e-07
   L2Norm(dxOpt)   == 6.63771e-07
   L2Dist(x,x0)    == 0.000674519
gx == L2Norm(G(x)) : 
   initial  gx == 6.13349e-06
   previous gx == 6.64288e-09
   current  gx == 4.14971e-12
rx == 1/2 L2Norm2(G(x)) : 
   initial  rx == 1.88098e-11
   previous rx == 2.20639e-17
   current  rx == 8.61003e-24
         delta == 0.01
Newton search converged. Breaking.
L2Norm(G(x)) == 4.14971e-12 < epsSearch == 1e-11
