f(u, N, dt, f_u, flags, dt) : Computing G(x)
f(u, N, dt, f_u, flags, dt) : 
========================================================
Newton iteration number 0
Current state of Newton iteration:
   fcount_newton   == 1
   fcount_optimiza == 0
   L2Norm(x)       == 0.00975708
   L2Norm(dxN)     == 0
   L2Norm(dxOpt)   == 0
   L2Dist(x,x0)    == 0
gx == L2Norm(G(x)) : 
   initial  gx == 1.01008e-05
   previous gx == 1.01008e-05
   current  gx == 1.01008e-05
rx == 1/2 L2Norm2(G(x)) : 
   initial  rx == 5.10128e-11
   previous rx == 5.10128e-11
   current  rx == 5.10128e-11
         delta == 0.01
Newt,GMRES == 0,0, f(u, N, dt, f_u, flags, dt) :  res == 0.999849
Newt,GMRES == 0,1, f(u, N, dt, f_u, flags, dt) :  res == 0.993295
Newt,GMRES == 0,2, f(u, N, dt, f_u, flags, dt) :  res == 0.196602
Newt,GMRES == 0,3, f(u, N, dt, f_u, flags, dt) :  res == 0.0271422
GMRES converged. Breaking.
Hookstep optimization is currently not implemented with Arclength Continuation.
Optimized Newton algorithm with AC: Computing residual to check convergence...f(u, N, dt, f_u, flags, dt) : : gx = 7.20141e-06 < 1.01008e-05
The residual is decreasing if we take this AC-Newton step.

Taking best step and continuing Newton iteration.
L2Norm(G(x)) == 7.20141e-06
rx           == 2.59301e-11
L2Norm(dxN)  == 0.00150632
L2Norm(dxOpt)== 0.00150632
========================================================
Newton iteration number 1
Current state of Newton iteration:
   fcount_newton   == 5
   fcount_optimiza == 1
   L2Norm(x)       == 0.00836135
   L2Norm(dxN)     == 0.00150632
   L2Norm(dxOpt)   == 0.00150632
   L2Dist(x,x0)    == 0.00150633
gx == L2Norm(G(x)) : 
   initial  gx == 1.01008e-05
   previous gx == 1.01008e-05
   current  gx == 7.20141e-06
rx == 1/2 L2Norm2(G(x)) : 
   initial  rx == 5.10128e-11
   previous rx == 5.10128e-11
   current  rx == 2.59301e-11
         delta == 0.01
Newt,GMRES == 1,0, f(u, N, dt, f_u, flags, dt) :  res == 0.958418
Newt,GMRES == 1,1, f(u, N, dt, f_u, flags, dt) :  res == 0.30316
Newt,GMRES == 1,2, f(u, N, dt, f_u, flags, dt) :  res == 0.0454789
GMRES converged. Breaking.
Hookstep optimization is currently not implemented with Arclength Continuation.
Optimized Newton algorithm with AC: Computing residual to check convergence...f(u, N, dt, f_u, flags, dt) : : gx = 6.76792e-07 < 7.20141e-06
The residual is decreasing if we take this AC-Newton step.

Taking best step and continuing Newton iteration.
L2Norm(G(x)) == 6.76792e-07
rx           == 2.29024e-13
L2Norm(dxN)  == 0.000475397
L2Norm(dxOpt)== 0.000475397
========================================================
Newton iteration number 2
Current state of Newton iteration:
   fcount_newton   == 8
   fcount_optimiza == 2
   L2Norm(x)       == 0.00880695
   L2Norm(dxN)     == 0.000475397
   L2Norm(dxOpt)   == 0.000475397
   L2Dist(x,x0)    == 0.00111369
gx == L2Norm(G(x)) : 
   initial  gx == 1.01008e-05
   previous gx == 7.20141e-06
   current  gx == 6.76792e-07
rx == 1/2 L2Norm2(G(x)) : 
   initial  rx == 5.10128e-11
   previous rx == 2.59301e-11
   current  rx == 2.29024e-13
         delta == 0.01
Newt,GMRES == 2,0, f(u, N, dt, f_u, flags, dt) :  res == 0.994822
Newt,GMRES == 2,1, f(u, N, dt, f_u, flags, dt) :  res == 0.815356
Newt,GMRES == 2,2, f(u, N, dt, f_u, flags, dt) :  res == 0.162721
Newt,GMRES == 2,3, f(u, N, dt, f_u, flags, dt) :  res == 0.0110984
GMRES converged. Breaking.
Hookstep optimization is currently not implemented with Arclength Continuation.
Optimized Newton algorithm with AC: Computing residual to check convergence...f(u, N, dt, f_u, flags, dt) : : gx = 1.00578e-08 < 6.76792e-07
The residual is decreasing if we take this AC-Newton step.

Taking best step and continuing Newton iteration.
L2Norm(G(x)) == 1.00578e-08
rx           == 5.05792e-17
L2Norm(dxN)  == 7.17522e-05
L2Norm(dxOpt)== 7.17522e-05
========================================================
Newton iteration number 3
Current state of Newton iteration:
   fcount_newton   == 12
   fcount_optimiza == 3
   L2Norm(x)       == 0.00885521
   L2Norm(dxN)     == 7.17522e-05
   L2Norm(dxOpt)   == 7.17522e-05
   L2Dist(x,x0)    == 0.00106559
gx == L2Norm(G(x)) : 
   initial  gx == 1.01008e-05
   previous gx == 6.76792e-07
   current  gx == 1.00578e-08
rx == 1/2 L2Norm2(G(x)) : 
   initial  rx == 5.10128e-11
   previous rx == 2.29024e-13
   current  rx == 5.05792e-17
         delta == 0.01
Newt,GMRES == 3,0, f(u, N, dt, f_u, flags, dt) :  res == 0.998998
Newt,GMRES == 3,1, f(u, N, dt, f_u, flags, dt) :  res == 0.989808
Newt,GMRES == 3,2, f(u, N, dt, f_u, flags, dt) :  res == 0.204936
Newt,GMRES == 3,3, f(u, N, dt, f_u, flags, dt) :  res == 0.0296839
GMRES converged. Breaking.
Hookstep optimization is currently not implemented with Arclength Continuation.
Optimized Newton algorithm with AC: Computing residual to check convergence...f(u, N, dt, f_u, flags, dt) : : gx = 2.98806e-10 < 1.00578e-08
The residual is decreasing if we take this AC-Newton step.

Taking best step and continuing Newton iteration.
L2Norm(G(x)) == 2.98806e-10
rx           == 4.46426e-20
L2Norm(dxN)  == 1.16121e-06
L2Norm(dxOpt)== 1.16121e-06
========================================================
Newton iteration number 4
Current state of Newton iteration:
   fcount_newton   == 16
   fcount_optimiza == 4
   L2Norm(x)       == 0.00885571
   L2Norm(dxN)     == 1.16121e-06
   L2Norm(dxOpt)   == 1.16121e-06
   L2Dist(x,x0)    == 0.00106496
gx == L2Norm(G(x)) : 
   initial  gx == 1.01008e-05
   previous gx == 1.00578e-08
   current  gx == 2.98806e-10
rx == 1/2 L2Norm2(G(x)) : 
   initial  rx == 5.10128e-11
   previous rx == 5.05792e-17
   current  rx == 4.46426e-20
         delta == 0.01
Newt,GMRES == 4,0, f(u, N, dt, f_u, flags, dt) :  res == 0.949644
Newt,GMRES == 4,1, f(u, N, dt, f_u, flags, dt) :  res == 0.18059
Newt,GMRES == 4,2, f(u, N, dt, f_u, flags, dt) :  res == 0.104243
Newt,GMRES == 4,3, f(u, N, dt, f_u, flags, dt) :  res == 0.0397131
GMRES converged. Breaking.
Hookstep optimization is currently not implemented with Arclength Continuation.
Optimized Newton algorithm with AC: Computing residual to check convergence...f(u, N, dt, f_u, flags, dt) : : gx = 1.1854e-11 < 2.98806e-10
The residual is decreasing if we take this AC-Newton step.

Taking best step and continuing Newton iteration.
L2Norm(G(x)) == 1.1854e-11
rx           == 7.02582e-23
L2Norm(dxN)  == 3.75788e-08
L2Norm(dxOpt)== 3.75788e-08
========================================================
Newton iteration number 5
Current state of Newton iteration:
   fcount_newton   == 20
   fcount_optimiza == 5
   L2Norm(x)       == 0.00885572
   L2Norm(dxN)     == 3.75788e-08
   L2Norm(dxOpt)   == 3.75788e-08
   L2Dist(x,x0)    == 0.00106495
gx == L2Norm(G(x)) : 
   initial  gx == 1.01008e-05
   previous gx == 2.98806e-10
   current  gx == 1.1854e-11
rx == 1/2 L2Norm2(G(x)) : 
   initial  rx == 5.10128e-11
   previous rx == 4.46426e-20
   current  rx == 7.02582e-23
         delta == 0.01
Newt,GMRES == 5,0, f(u, N, dt, f_u, flags, dt) :  res == 0.948028
Newt,GMRES == 5,1, f(u, N, dt, f_u, flags, dt) :  res == 0.306192
Newt,GMRES == 5,2, f(u, N, dt, f_u, flags, dt) :  res == 0.233167
Newt,GMRES == 5,3, f(u, N, dt, f_u, flags, dt) :  res == 0.0445843
GMRES converged. Breaking.
Hookstep optimization is currently not implemented with Arclength Continuation.
Optimized Newton algorithm with AC: Computing residual to check convergence...f(u, N, dt, f_u, flags, dt) : : gx = 7.88545e-13 < 1.1854e-11
The residual is decreasing if we take this AC-Newton step.

Taking best step and continuing Newton iteration.
L2Norm(G(x)) == 7.88545e-13
rx           == 3.10902e-25
L2Norm(dxN)  == 1.55814e-09
L2Norm(dxOpt)== 1.55814e-09
========================================================
Newton iteration number 6
Current state of Newton iteration:
   fcount_newton   == 24
   fcount_optimiza == 6
   L2Norm(x)       == 0.00885572
   L2Norm(dxN)     == 1.55814e-09
   L2Norm(dxOpt)   == 1.55814e-09
   L2Dist(x,x0)    == 0.00106495
gx == L2Norm(G(x)) : 
   initial  gx == 1.01008e-05
   previous gx == 1.1854e-11
   current  gx == 7.88545e-13
rx == 1/2 L2Norm2(G(x)) : 
   initial  rx == 5.10128e-11
   previous rx == 7.02582e-23
   current  rx == 3.10902e-25
         delta == 0.01
Newton search converged. Breaking.
L2Norm(G(x)) == 7.88545e-13 < epsSearch == 1e-11
