f(u, N, dt, f_u, flags, dt) : f(u, N, dt, f_u, flags, dt) : Computing G(x)
f(u, N, dt, f_u, flags, dt) : 
========================================================
Newton iteration number 0
Current state of Newton iteration:
   fcount_newton   == 1
   fcount_optimiza == 0
   L2Norm(x)       == 0.213287
   L2Norm(dxN)     == 0
   L2Norm(dxOpt)   == 0
   L2Dist(x,x0)    == 0
gx == L2Norm(G(x)) : 
   initial  gx == 9.25894e-10
   previous gx == 9.25894e-10
   current  gx == 9.25894e-10
rx == 1/2 L2Norm2(G(x)) : 
   initial  rx == 4.28639e-19
   previous rx == 4.28639e-19
   current  rx == 4.28639e-19
         delta == 0.01
Newt,GMRES == 0,0, f(u, N, dt, f_u, flags, dt) :  res == 0.29196
Newt,GMRES == 0,1, f(u, N, dt, f_u, flags, dt) :  res == 0.148986
Newt,GMRES == 0,2, f(u, N, dt, f_u, flags, dt) :  res == 0.000162392
GMRES converged. Breaking.
Hookstep optimization is currently not implemented with Arclength Continuation.
Optimized Newton algorithm with AC: Computing residual to check convergence...f(u, N, dt, f_u, flags, dt) : : gx = 1.11765e-11 < 9.25894e-10
The residual is decreasing if we take this AC-Newton step.

Taking best step and continuing Newton iteration.
L2Norm(G(x)) == 1.11765e-11
rx           == 6.24571e-23
L2Norm(dxN)  == 1.03332e-07
L2Norm(dxOpt)== 1.03332e-07
========================================================
Newton iteration number 1
Current state of Newton iteration:
   fcount_newton   == 4
   fcount_optimiza == 1
   L2Norm(x)       == 0.213287
   L2Norm(dxN)     == 1.03332e-07
   L2Norm(dxOpt)   == 1.03332e-07
   L2Dist(x,x0)    == 1.03332e-07
gx == L2Norm(G(x)) : 
   initial  gx == 9.25894e-10
   previous gx == 9.25894e-10
   current  gx == 1.11765e-11
rx == 1/2 L2Norm2(G(x)) : 
   initial  rx == 4.28639e-19
   previous rx == 4.28639e-19
   current  rx == 6.24571e-23
         delta == 0.01
Newt,GMRES == 1,0, f(u, N, dt, f_u, flags, dt) :  res == 0.765519
Newt,GMRES == 1,1, f(u, N, dt, f_u, flags, dt) :  res == 0.0119155
Newt,GMRES == 1,2, f(u, N, dt, f_u, flags, dt) :  res == 5.57802e-05
GMRES converged. Breaking.
Hookstep optimization is currently not implemented with Arclength Continuation.
Optimized Newton algorithm with AC: Computing residual to check convergence...f(u, N, dt, f_u, flags, dt) : : gx = 9.03369e-12 < 1.11765e-11
The residual is decreasing if we take this AC-Newton step.

Taking best step and continuing Newton iteration.
L2Norm(G(x)) == 9.03369e-12
rx           == 4.08038e-23
L2Norm(dxN)  == 1.74849e-09
L2Norm(dxOpt)== 1.74849e-09
========================================================
Newton iteration number 2
Current state of Newton iteration:
   fcount_newton   == 7
   fcount_optimiza == 2
   L2Norm(x)       == 0.213287
   L2Norm(dxN)     == 1.74849e-09
   L2Norm(dxOpt)   == 1.74849e-09
   L2Dist(x,x0)    == 1.02414e-07
gx == L2Norm(G(x)) : 
   initial  gx == 9.25894e-10
   previous gx == 1.11765e-11
   current  gx == 9.03369e-12
rx == 1/2 L2Norm2(G(x)) : 
   initial  rx == 4.28639e-19
   previous rx == 6.24571e-23
   current  rx == 4.08038e-23
         delta == 0.01
Newton search converged. Breaking.
L2Norm(G(x)) == 9.03369e-12 < epsSearch == 1e-11
