f(u, N, dt, f_u, flags, dt) : f(u, N, dt, f_u, flags, dt) : Computing G(x)
f(u, N, dt, f_u, flags, dt) : 
========================================================
Newton iteration number 0
Current state of Newton iteration:
   fcount_newton   == 1
   fcount_optimiza == 0
   L2Norm(x)       == 0.00907213
   L2Norm(dxN)     == 0
   L2Norm(dxOpt)   == 0
   L2Dist(x,x0)    == 0
gx == L2Norm(G(x)) : 
   initial  gx == 1.74021e-05
   previous gx == 1.74021e-05
   current  gx == 1.74021e-05
rx == 1/2 L2Norm2(G(x)) : 
   initial  rx == 1.51416e-10
   previous rx == 1.51416e-10
   current  rx == 1.51416e-10
         delta == 0.01
Newt,GMRES == 0,0, f(u, N, dt, f_u, flags, dt) :  res == 0.998953
Newt,GMRES == 0,1, f(u, N, dt, f_u, flags, dt) :  res == 0.804865
Newt,GMRES == 0,2, f(u, N, dt, f_u, flags, dt) :  res == 0.140189
Newt,GMRES == 0,3, f(u, N, dt, f_u, flags, dt) :  res == 0.0232272
GMRES converged. Breaking.
Hookstep optimization is currently not implemented with Arclength Continuation.
Optimized Newton algorithm with AC: Computing residual to check convergence...f(u, N, dt, f_u, flags, dt) : : gx = 8.85151e-06 < 1.74021e-05
The residual is decreasing if we take this AC-Newton step.

Taking best step and continuing Newton iteration.
L2Norm(G(x)) == 8.85151e-06
rx           == 3.91746e-11
L2Norm(dxN)  == 0.00173058
L2Norm(dxOpt)== 0.00173058
========================================================
Newton iteration number 1
Current state of Newton iteration:
   fcount_newton   == 5
   fcount_optimiza == 1
   L2Norm(x)       == 0.00753629
   L2Norm(dxN)     == 0.00173058
   L2Norm(dxOpt)   == 0.00173058
   L2Dist(x,x0)    == 0.00173059
gx == L2Norm(G(x)) : 
   initial  gx == 1.74021e-05
   previous gx == 1.74021e-05
   current  gx == 8.85151e-06
rx == 1/2 L2Norm2(G(x)) : 
   initial  rx == 1.51416e-10
   previous rx == 1.51416e-10
   current  rx == 3.91746e-11
         delta == 0.01
Newt,GMRES == 1,0, f(u, N, dt, f_u, flags, dt) :  res == 0.978978
Newt,GMRES == 1,1, f(u, N, dt, f_u, flags, dt) :  res == 0.359338
Newt,GMRES == 1,2, f(u, N, dt, f_u, flags, dt) :  res == 0.058847
GMRES converged. Breaking.
Hookstep optimization is currently not implemented with Arclength Continuation.
Optimized Newton algorithm with AC: Computing residual to check convergence...f(u, N, dt, f_u, flags, dt) : : gx = 5.31184e-07 < 8.85151e-06
The residual is decreasing if we take this AC-Newton step.

Taking best step and continuing Newton iteration.
L2Norm(G(x)) == 5.31184e-07
rx           == 1.41078e-13
L2Norm(dxN)  == 0.000518239
L2Norm(dxOpt)== 0.000518239
========================================================
Newton iteration number 2
Current state of Newton iteration:
   fcount_newton   == 8
   fcount_optimiza == 2
   L2Norm(x)       == 0.00798519
   L2Norm(dxN)     == 0.000518239
   L2Norm(dxOpt)   == 0.000518239
   L2Dist(x,x0)    == 0.00134085
gx == L2Norm(G(x)) : 
   initial  gx == 1.74021e-05
   previous gx == 8.85151e-06
   current  gx == 5.31184e-07
rx == 1/2 L2Norm2(G(x)) : 
   initial  rx == 1.51416e-10
   previous rx == 3.91746e-11
   current  rx == 1.41078e-13
         delta == 0.01
Newt,GMRES == 2,0, f(u, N, dt, f_u, flags, dt) :  res == 0.99421
Newt,GMRES == 2,1, f(u, N, dt, f_u, flags, dt) :  res == 0.364267
Newt,GMRES == 2,2, f(u, N, dt, f_u, flags, dt) :  res == 0.30107
Newt,GMRES == 2,3, f(u, N, dt, f_u, flags, dt) :  res == 0.024395
GMRES converged. Breaking.
Hookstep optimization is currently not implemented with Arclength Continuation.
Optimized Newton algorithm with AC: Computing residual to check convergence...f(u, N, dt, f_u, flags, dt) : : gx = 1.33879e-08 < 5.31184e-07
The residual is decreasing if we take this AC-Newton step.

Taking best step and continuing Newton iteration.
L2Norm(G(x)) == 1.33879e-08
rx           == 8.96181e-17
L2Norm(dxN)  == 8.01464e-05
L2Norm(dxOpt)== 8.01464e-05
========================================================
Newton iteration number 3
Current state of Newton iteration:
   fcount_newton   == 12
   fcount_optimiza == 3
   L2Norm(x)       == 0.00799594
   L2Norm(dxN)     == 8.01464e-05
   L2Norm(dxOpt)   == 8.01464e-05
   L2Dist(x,x0)    == 0.00131452
gx == L2Norm(G(x)) : 
   initial  gx == 1.74021e-05
   previous gx == 5.31184e-07
   current  gx == 1.33879e-08
rx == 1/2 L2Norm2(G(x)) : 
   initial  rx == 1.51416e-10
   previous rx == 1.41078e-13
   current  rx == 8.96181e-17
         delta == 0.01
Newt,GMRES == 3,0, f(u, N, dt, f_u, flags, dt) :  res == 0.975625
Newt,GMRES == 3,1, f(u, N, dt, f_u, flags, dt) :  res == 0.3257
Newt,GMRES == 3,2, f(u, N, dt, f_u, flags, dt) :  res == 0.202844
Newt,GMRES == 3,3, f(u, N, dt, f_u, flags, dt) :  res == 0.0361674
GMRES converged. Breaking.
Hookstep optimization is currently not implemented with Arclength Continuation.
Optimized Newton algorithm with AC: Computing residual to check convergence...f(u, N, dt, f_u, flags, dt) : : gx = 4.84059e-10 < 1.33879e-08
The residual is decreasing if we take this AC-Newton step.

Taking best step and continuing Newton iteration.
L2Norm(G(x)) == 4.84059e-10
rx           == 1.17157e-19
L2Norm(dxN)  == 1.66427e-06
L2Norm(dxOpt)== 1.66427e-06
========================================================
Newton iteration number 4
Current state of Newton iteration:
   fcount_newton   == 16
   fcount_optimiza == 4
   L2Norm(x)       == 0.00799612
   L2Norm(dxN)     == 1.66427e-06
   L2Norm(dxOpt)   == 1.66427e-06
   L2Dist(x,x0)    == 0.001314
gx == L2Norm(G(x)) : 
   initial  gx == 1.74021e-05
   previous gx == 1.33879e-08
   current  gx == 4.84059e-10
rx == 1/2 L2Norm2(G(x)) : 
   initial  rx == 1.51416e-10
   previous rx == 8.96181e-17
   current  rx == 1.17157e-19
         delta == 0.01
Newt,GMRES == 4,0, f(u, N, dt, f_u, flags, dt) :  res == 0.991657
Newt,GMRES == 4,1, f(u, N, dt, f_u, flags, dt) :  res == 0.309542
Newt,GMRES == 4,2, f(u, N, dt, f_u, flags, dt) :  res == 0.273468
Newt,GMRES == 4,3, f(u, N, dt, f_u, flags, dt) :  res == 0.040861
GMRES converged. Breaking.
Hookstep optimization is currently not implemented with Arclength Continuation.
Optimized Newton algorithm with AC: Computing residual to check convergence...f(u, N, dt, f_u, flags, dt) : : gx = 2.01635e-11 < 4.84059e-10
The residual is decreasing if we take this AC-Newton step.

Taking best step and continuing Newton iteration.
L2Norm(G(x)) == 2.01635e-11
rx           == 2.03284e-22
L2Norm(dxN)  == 6.59991e-08
L2Norm(dxOpt)== 6.59991e-08
========================================================
Newton iteration number 5
Current state of Newton iteration:
   fcount_newton   == 20
   fcount_optimiza == 5
   L2Norm(x)       == 0.00799613
   L2Norm(dxN)     == 6.59991e-08
   L2Norm(dxOpt)   == 6.59991e-08
   L2Dist(x,x0)    == 0.00131399
gx == L2Norm(G(x)) : 
   initial  gx == 1.74021e-05
   previous gx == 4.84059e-10
   current  gx == 2.01635e-11
rx == 1/2 L2Norm2(G(x)) : 
   initial  rx == 1.51416e-10
   previous rx == 1.17157e-19
   current  rx == 2.03284e-22
         delta == 0.01
Newt,GMRES == 5,0, f(u, N, dt, f_u, flags, dt) :  res == 0.981466
Newt,GMRES == 5,1, f(u, N, dt, f_u, flags, dt) :  res == 0.521527
Newt,GMRES == 5,2, f(u, N, dt, f_u, flags, dt) :  res == 0.212928
Newt,GMRES == 5,3, f(u, N, dt, f_u, flags, dt) :  res == 0.0425806
GMRES converged. Breaking.
Hookstep optimization is currently not implemented with Arclength Continuation.
Optimized Newton algorithm with AC: Computing residual to check convergence...f(u, N, dt, f_u, flags, dt) : : gx = 1.9927e-12 < 2.01635e-11
The residual is decreasing if we take this AC-Newton step.

Taking best step and continuing Newton iteration.
L2Norm(G(x)) == 1.9927e-12
rx           == 1.98543e-24
L2Norm(dxN)  == 2.54715e-09
L2Norm(dxOpt)== 2.54715e-09
========================================================
Newton iteration number 6
Current state of Newton iteration:
   fcount_newton   == 24
   fcount_optimiza == 6
   L2Norm(x)       == 0.00799613
   L2Norm(dxN)     == 2.54715e-09
   L2Norm(dxOpt)   == 2.54715e-09
   L2Dist(x,x0)    == 0.00131399
gx == L2Norm(G(x)) : 
   initial  gx == 1.74021e-05
   previous gx == 2.01635e-11
   current  gx == 1.9927e-12
rx == 1/2 L2Norm2(G(x)) : 
   initial  rx == 1.51416e-10
   previous rx == 2.03284e-22
   current  rx == 1.98543e-24
         delta == 0.01
Newton search converged. Breaking.
L2Norm(G(x)) == 1.9927e-12 < epsSearch == 1e-11
