f(u, N, dt, f_u, flags, dt) : f(u, N, dt, f_u, flags, dt) : Computing G(x)
f(u, N, dt, f_u, flags, dt) : 
========================================================
Newton iteration number 0
Current state of Newton iteration:
   fcount_newton   == 1
   fcount_optimiza == 0
   L2Norm(x)       == 0.0413741
   L2Norm(dxN)     == 0
   L2Norm(dxOpt)   == 0
   L2Dist(x,x0)    == 0
gx == L2Norm(G(x)) : 
   initial  gx == 7.00817e-06
   previous gx == 7.00817e-06
   current  gx == 7.00817e-06
rx == 1/2 L2Norm2(G(x)) : 
   initial  rx == 2.45572e-11
   previous rx == 2.45572e-11
   current  rx == 2.45572e-11
         delta == 0.01
Newt,GMRES == 0,0, f(u, N, dt, f_u, flags, dt) :  res == 0.999981
Newt,GMRES == 0,1, f(u, N, dt, f_u, flags, dt) :  res == 0.063712
Newt,GMRES == 0,2, f(u, N, dt, f_u, flags, dt) :  res == 0.000202184
GMRES converged. Breaking.
Hookstep optimization is currently not implemented with Arclength Continuation.
Optimized Newton algorithm with AC: Computing residual to check convergence...f(u, N, dt, f_u, flags, dt) : : gx = 7.90247e-07 < 7.00817e-06
The residual is decreasing if we take this AC-Newton step.

Taking best step and continuing Newton iteration.
L2Norm(G(x)) == 7.90247e-07
rx           == 3.12245e-13
L2Norm(dxN)  == 0.00147526
L2Norm(dxOpt)== 0.00147526
========================================================
Newton iteration number 1
Current state of Newton iteration:
   fcount_newton   == 4
   fcount_optimiza == 1
   L2Norm(x)       == 0.0428242
   L2Norm(dxN)     == 0.00147526
   L2Norm(dxOpt)   == 0.00147526
   L2Dist(x,x0)    == 0.00147532
gx == L2Norm(G(x)) : 
   initial  gx == 7.00817e-06
   previous gx == 7.00817e-06
   current  gx == 7.90247e-07
rx == 1/2 L2Norm2(G(x)) : 
   initial  rx == 2.45572e-11
   previous rx == 2.45572e-11
   current  rx == 3.12245e-13
         delta == 0.01
Newt,GMRES == 1,0, f(u, N, dt, f_u, flags, dt) :  res == 0.999976
Newt,GMRES == 1,1, f(u, N, dt, f_u, flags, dt) :  res == 0.247838
Newt,GMRES == 1,2, f(u, N, dt, f_u, flags, dt) :  res == 2.06215e-07
GMRES converged. Breaking.
Hookstep optimization is currently not implemented with Arclength Continuation.
Optimized Newton algorithm with AC: Computing residual to check convergence...f(u, N, dt, f_u, flags, dt) : : gx = 6.45652e-08 < 7.90247e-07
The residual is decreasing if we take this AC-Newton step.

Taking best step and continuing Newton iteration.
L2Norm(G(x)) == 6.45652e-08
rx           == 2.08433e-15
L2Norm(dxN)  == 0.000282176
L2Norm(dxOpt)== 0.000282176
========================================================
Newton iteration number 2
Current state of Newton iteration:
   fcount_newton   == 7
   fcount_optimiza == 2
   L2Norm(x)       == 0.0431012
   L2Norm(dxN)     == 0.000282176
   L2Norm(dxOpt)   == 0.000282176
   L2Dist(x,x0)    == 0.00175748
gx == L2Norm(G(x)) : 
   initial  gx == 7.00817e-06
   previous gx == 7.90247e-07
   current  gx == 6.45652e-08
rx == 1/2 L2Norm2(G(x)) : 
   initial  rx == 2.45572e-11
   previous rx == 3.12245e-13
   current  rx == 2.08433e-15
         delta == 0.01
Newt,GMRES == 2,0, f(u, N, dt, f_u, flags, dt) :  res == 0.999974
Newt,GMRES == 2,1, f(u, N, dt, f_u, flags, dt) :  res == 0.160018
Newt,GMRES == 2,2, f(u, N, dt, f_u, flags, dt) :  res == 1.639e-05
GMRES converged. Breaking.
Hookstep optimization is currently not implemented with Arclength Continuation.
Optimized Newton algorithm with AC: Computing residual to check convergence...f(u, N, dt, f_u, flags, dt) : : gx = 1.83827e-09 < 6.45652e-08
The residual is decreasing if we take this AC-Newton step.

Taking best step and continuing Newton iteration.
L2Norm(G(x)) == 1.83827e-09
rx           == 1.68961e-18
L2Norm(dxN)  == 2.67528e-05
L2Norm(dxOpt)== 2.67528e-05
========================================================
Newton iteration number 3
Current state of Newton iteration:
   fcount_newton   == 10
   fcount_optimiza == 3
   L2Norm(x)       == 0.0431275
   L2Norm(dxN)     == 2.67528e-05
   L2Norm(dxOpt)   == 2.67528e-05
   L2Dist(x,x0)    == 0.00178423
gx == L2Norm(G(x)) : 
   initial  gx == 7.00817e-06
   previous gx == 6.45652e-08
   current  gx == 1.83827e-09
rx == 1/2 L2Norm2(G(x)) : 
   initial  rx == 2.45572e-11
   previous rx == 2.08433e-15
   current  rx == 1.68961e-18
         delta == 0.01
Newt,GMRES == 3,0, f(u, N, dt, f_u, flags, dt) :  res == 0.999976
Newt,GMRES == 3,1, f(u, N, dt, f_u, flags, dt) :  res == 0.129708
Newt,GMRES == 3,2, f(u, N, dt, f_u, flags, dt) :  res == 0.0238272
Newt,GMRES == 3,3, f(u, N, dt, f_u, flags, dt) :  res == 2.91272e-10
GMRES converged. Breaking.
Hookstep optimization is currently not implemented with Arclength Continuation.
Optimized Newton algorithm with AC: Computing residual to check convergence...f(u, N, dt, f_u, flags, dt) : : gx = 1.34126e-11 < 1.83827e-09
The residual is decreasing if we take this AC-Newton step.

Taking best step and continuing Newton iteration.
L2Norm(G(x)) == 1.34126e-11
rx           == 8.99489e-23
L2Norm(dxN)  == 7.75916e-07
L2Norm(dxOpt)== 7.75916e-07
========================================================
Newton iteration number 4
Current state of Newton iteration:
   fcount_newton   == 14
   fcount_optimiza == 4
   L2Norm(x)       == 0.0431282
   L2Norm(dxN)     == 7.75916e-07
   L2Norm(dxOpt)   == 7.75916e-07
   L2Dist(x,x0)    == 0.00178501
gx == L2Norm(G(x)) : 
   initial  gx == 7.00817e-06
   previous gx == 1.83827e-09
   current  gx == 1.34126e-11
rx == 1/2 L2Norm2(G(x)) : 
   initial  rx == 2.45572e-11
   previous rx == 1.68961e-18
   current  rx == 8.99489e-23
         delta == 0.01
Newt,GMRES == 4,0, f(u, N, dt, f_u, flags, dt) :  res == 0.999987
Newt,GMRES == 4,1, f(u, N, dt, f_u, flags, dt) :  res == 0.78498
Newt,GMRES == 4,2, f(u, N, dt, f_u, flags, dt) :  res == 0.0026629
Newt,GMRES == 4,3, f(u, N, dt, f_u, flags, dt) :  res == 5.38789e-09
GMRES converged. Breaking.
Hookstep optimization is currently not implemented with Arclength Continuation.
Optimized Newton algorithm with AC: Computing residual to check convergence...f(u, N, dt, f_u, flags, dt) : : gx = 1.12222e-11 < 1.34126e-11
The residual is decreasing if we take this AC-Newton step.

Taking best step and continuing Newton iteration.
L2Norm(G(x)) == 1.12222e-11
rx           == 6.29686e-23
L2Norm(dxN)  == 5.58344e-09
L2Norm(dxOpt)== 5.58344e-09
========================================================
Newton iteration number 5
Current state of Newton iteration:
   fcount_newton   == 18
   fcount_optimiza == 5
   L2Norm(x)       == 0.0431282
   L2Norm(dxN)     == 5.58344e-09
   L2Norm(dxOpt)   == 5.58344e-09
   L2Dist(x,x0)    == 0.00178501
gx == L2Norm(G(x)) : 
   initial  gx == 7.00817e-06
   previous gx == 1.34126e-11
   current  gx == 1.12222e-11
rx == 1/2 L2Norm2(G(x)) : 
   initial  rx == 2.45572e-11
   previous rx == 8.99489e-23
   current  rx == 6.29686e-23
         delta == 0.01
Newt,GMRES == 5,0, f(u, N, dt, f_u, flags, dt) :  res == 0.999979
Newt,GMRES == 5,1, f(u, N, dt, f_u, flags, dt) :  res == 0.583725
Newt,GMRES == 5,2, f(u, N, dt, f_u, flags, dt) :  res == 0.000474462
GMRES converged. Breaking.
Hookstep optimization is currently not implemented with Arclength Continuation.
Optimized Newton algorithm with AC: Computing residual to check convergence...f(u, N, dt, f_u, flags, dt) : : gx = 2.32621e-11 > 1.12222e-11
The error is increasing if we take the Newton step. Newton step optimization leaves step size correction to arclength continuation.
