f(u, N, dt, f_u, flags, dt) : f(u, N, dt, f_u, flags, dt) : f(u, N, dt, f_u, flags, dt) : Computing G(x)
f(u, N, dt, f_u, flags, dt) : 
========================================================
Newton iteration number 0
Current state of Newton iteration:
   fcount_newton   == 1
   fcount_optimiza == 0
   L2Norm(x)       == 0.0217537
   L2Norm(dxN)     == 0
   L2Norm(dxOpt)   == 0
   L2Dist(x,x0)    == 0
gx == L2Norm(G(x)) : 
   initial  gx == 1.19753e-05
   previous gx == 1.19753e-05
   current  gx == 1.19753e-05
rx == 1/2 L2Norm2(G(x)) : 
   initial  rx == 7.17039e-11
   previous rx == 7.17039e-11
   current  rx == 7.17039e-11
         delta == 0.01
Newt,GMRES == 0,0, f(u, N, dt, f_u, flags, dt) :  res == 0.971805
Newt,GMRES == 0,1, f(u, N, dt, f_u, flags, dt) :  res == 0.259548
Newt,GMRES == 0,2, f(u, N, dt, f_u, flags, dt) :  res == 0.115448
Newt,GMRES == 0,3, f(u, N, dt, f_u, flags, dt) :  res == 0.0435716
GMRES converged. Breaking.
Hookstep optimization is currently not implemented with Arclength Continuation.
Optimized Newton algorithm with AC: Computing residual to check convergence...f(u, N, dt, f_u, flags, dt) : : gx = 2.8127e-06 < 1.19753e-05
The residual is decreasing if we take this AC-Newton step.

Taking best step and continuing Newton iteration.
L2Norm(G(x)) == 2.8127e-06
rx           == 3.95565e-12
L2Norm(dxN)  == 0.0018968
L2Norm(dxOpt)== 0.0018968
========================================================
Newton iteration number 1
Current state of Newton iteration:
   fcount_newton   == 5
   fcount_optimiza == 1
   L2Norm(x)       == 0.0225879
   L2Norm(dxN)     == 0.0018968
   L2Norm(dxOpt)   == 0.0018968
   L2Dist(x,x0)    == 0.0018968
gx == L2Norm(G(x)) : 
   initial  gx == 1.19753e-05
   previous gx == 1.19753e-05
   current  gx == 2.8127e-06
rx == 1/2 L2Norm2(G(x)) : 
   initial  rx == 7.17039e-11
   previous rx == 7.17039e-11
   current  rx == 3.95565e-12
         delta == 0.01
Newt,GMRES == 1,0, f(u, N, dt, f_u, flags, dt) :  res == 0.999869
Newt,GMRES == 1,1, f(u, N, dt, f_u, flags, dt) :  res == 0.941757
Newt,GMRES == 1,2, f(u, N, dt, f_u, flags, dt) :  res == 0.549364
Newt,GMRES == 1,3, f(u, N, dt, f_u, flags, dt) :  res == 0.546113
Newt,GMRES == 1,4, f(u, N, dt, f_u, flags, dt) :  res == 0.34243
Newt,GMRES == 1,5, f(u, N, dt, f_u, flags, dt) :  res == 0.0618258
GMRES converged. Breaking.
Hookstep optimization is currently not implemented with Arclength Continuation.
Optimized Newton algorithm with AC: Computing residual to check convergence...f(u, N, dt, f_u, flags, dt) : : gx = 4.6293e-05 > 2.8127e-06
The error is increasing if we take the Newton step. Newton step optimization leaves step size correction to arclength continuation.
