f(u, N, dt, f_u, flags, dt) : f(u, N, dt, f_u, flags, dt) : Computing G(x)
f(u, N, dt, f_u, flags, dt) : 
========================================================
Newton iteration number 0
Current state of Newton iteration:
   fcount_newton   == 1
   fcount_optimiza == 0
   L2Norm(x)       == 0.00322304
   L2Norm(dxN)     == 0
   L2Norm(dxOpt)   == 0
   L2Dist(x,x0)    == 0
gx == L2Norm(G(x)) : 
   initial  gx == 4.39263e-06
   previous gx == 4.39263e-06
   current  gx == 4.39263e-06
rx == 1/2 L2Norm2(G(x)) : 
   initial  rx == 9.6476e-12
   previous rx == 9.6476e-12
   current  rx == 9.6476e-12
         delta == 0.01
Newton search converged. Breaking.
L2Norm(G(x)) == 4.39263e-06 < epsSearch == 1e-05
