f(u, N, dt, f_u, flags, dt) : Computing G(x)
f(u, N, dt, f_u, flags, dt) : 
========================================================
Newton iteration number 0
Current state of Newton iteration:
   fcount_newton   == 1
   fcount_optimiza == 0
   L2Norm(x)       == 0.0493975
   L2Norm(dxN)     == 0
   L2Norm(dxOpt)   == 0
   L2Dist(x,x0)    == 0
gx == L2Norm(G(x)) : 
   initial  gx == 4.21214e-06
   previous gx == 4.21214e-06
   current  gx == 4.21214e-06
rx == 1/2 L2Norm2(G(x)) : 
   initial  rx == 8.87105e-12
   previous rx == 8.87105e-12
   current  rx == 8.87105e-12
         delta == 0.01
Newt,GMRES == 0,0, f(u, N, dt, f_u, flags, dt) :  res == 0.995659
Newt,GMRES == 0,1, f(u, N, dt, f_u, flags, dt) :  res == 0.036982
Newt,GMRES == 0,2, f(u, N, dt, f_u, flags, dt) :  res == 0.000751203
GMRES converged. Breaking.
Hookstep optimization is currently not implemented with Arclength Continuation.
Optimized Newton algorithm with AC: Computing residual to check convergence...f(u, N, dt, f_u, flags, dt) : : gx = 2.95959e-07 < 4.21214e-06
The residual is decreasing if we take this AC-Newton step.

Taking best step and continuing Newton iteration.
L2Norm(G(x)) == 2.95959e-07
rx           == 4.3796e-14
L2Norm(dxN)  == 0.000911569
L2Norm(dxOpt)== 0.000911569
========================================================
Newton iteration number 1
Current state of Newton iteration:
   fcount_newton   == 4
   fcount_optimiza == 1
   L2Norm(x)       == 0.0484976
   L2Norm(dxN)     == 0.000911569
   L2Norm(dxOpt)   == 0.000911569
   L2Dist(x,x0)    == 0.000911569
gx == L2Norm(G(x)) : 
   initial  gx == 4.21214e-06
   previous gx == 4.21214e-06
   current  gx == 2.95959e-07
rx == 1/2 L2Norm2(G(x)) : 
   initial  rx == 8.87105e-12
   previous rx == 8.87105e-12
   current  rx == 4.3796e-14
         delta == 0.01
Newt,GMRES == 1,0, f(u, N, dt, f_u, flags, dt) :  res == 0.998296
Newt,GMRES == 1,1, f(u, N, dt, f_u, flags, dt) :  res == 0.0515431
Newt,GMRES == 1,2, f(u, N, dt, f_u, flags, dt) :  res == 0.00501882
Newt,GMRES == 1,3, f(u, N, dt, f_u, flags, dt) :  res == 1.50172e-09
GMRES converged. Breaking.
Hookstep optimization is currently not implemented with Arclength Continuation.
Optimized Newton algorithm with AC: Computing residual to check convergence...f(u, N, dt, f_u, flags, dt) : : gx = 9.87124e-10 < 2.95959e-07
The residual is decreasing if we take this AC-Newton step.

Taking best step and continuing Newton iteration.
L2Norm(G(x)) == 9.87124e-10
rx           == 4.87207e-19
L2Norm(dxN)  == 7.47173e-05
L2Norm(dxOpt)== 7.47173e-05
========================================================
Newton iteration number 2
Current state of Newton iteration:
   fcount_newton   == 8
   fcount_optimiza == 2
   L2Norm(x)       == 0.048424
   L2Norm(dxN)     == 7.47173e-05
   L2Norm(dxOpt)   == 7.47173e-05
   L2Dist(x,x0)    == 0.000986269
gx == L2Norm(G(x)) : 
   initial  gx == 4.21214e-06
   previous gx == 2.95959e-07
   current  gx == 9.87124e-10
rx == 1/2 L2Norm2(G(x)) : 
   initial  rx == 8.87105e-12
   previous rx == 4.3796e-14
   current  rx == 4.87207e-19
         delta == 0.01
Newt,GMRES == 2,0, f(u, N, dt, f_u, flags, dt) :  res == 0.979088
Newt,GMRES == 2,1, f(u, N, dt, f_u, flags, dt) :  res == 0.230696
Newt,GMRES == 2,2, f(u, N, dt, f_u, flags, dt) :  res == 0.0147904
Newt,GMRES == 2,3, f(u, N, dt, f_u, flags, dt) :  res == 5.51409e-09
GMRES converged. Breaking.
Hookstep optimization is currently not implemented with Arclength Continuation.
Optimized Newton algorithm with AC: Computing residual to check convergence...f(u, N, dt, f_u, flags, dt) : : gx = 5.79035e-12 < 9.87124e-10
The residual is decreasing if we take this AC-Newton step.

Taking best step and continuing Newton iteration.
L2Norm(G(x)) == 5.79035e-12
rx           == 1.67641e-23
L2Norm(dxN)  == 1.6266e-07
L2Norm(dxOpt)== 1.6266e-07
========================================================
Newton iteration number 3
Current state of Newton iteration:
   fcount_newton   == 12
   fcount_optimiza == 3
   L2Norm(x)       == 0.0484241
   L2Norm(dxN)     == 1.6266e-07
   L2Norm(dxOpt)   == 1.6266e-07
   L2Dist(x,x0)    == 0.000986147
gx == L2Norm(G(x)) : 
   initial  gx == 4.21214e-06
   previous gx == 9.87124e-10
   current  gx == 5.79035e-12
rx == 1/2 L2Norm2(G(x)) : 
   initial  rx == 8.87105e-12
   previous rx == 4.87207e-19
   current  rx == 1.67641e-23
         delta == 0.01
Newton search converged. Breaking.
L2Norm(G(x)) == 5.79035e-12 < epsSearch == 1e-11
