f(u, N, dt, f_u, flags, dt) : f(u, N, dt, f_u, flags, dt) : Computing G(x)
f(u, N, dt, f_u, flags, dt) : 
========================================================
Newton iteration number 0
Current state of Newton iteration:
   fcount_newton   == 1
   fcount_optimiza == 0
   L2Norm(x)       == 0.0993654
   L2Norm(dxN)     == 0
   L2Norm(dxOpt)   == 0
   L2Dist(x,x0)    == 0
gx == L2Norm(G(x)) : 
   initial  gx == 3.46962e-09
   previous gx == 3.46962e-09
   current  gx == 3.46962e-09
rx == 1/2 L2Norm2(G(x)) : 
   initial  rx == 6.01911e-18
   previous rx == 6.01911e-18
   current  rx == 6.01911e-18
         delta == 0.01
Newt,GMRES == 0,0, f(u, N, dt, f_u, flags, dt) :  res == 0.587512
Newt,GMRES == 0,1, f(u, N, dt, f_u, flags, dt) :  res == 2.21855e-05
GMRES converged. Breaking.
Hookstep optimization is currently not implemented with Arclength Continuation.
Optimized Newton algorithm with AC: Computing residual to check convergence...f(u, N, dt, f_u, flags, dt) : : gx = 2.25194e-14 < 3.46962e-09
The residual is decreasing if we take this AC-Newton step.

Taking best step and continuing Newton iteration.
L2Norm(G(x)) == 2.25194e-14
rx           == 2.53561e-28
L2Norm(dxN)  == 3.46945e-07
L2Norm(dxOpt)== 3.46945e-07
========================================================
Newton iteration number 1
Current state of Newton iteration:
   fcount_newton   == 3
   fcount_optimiza == 1
   L2Norm(x)       == 0.0993657
   L2Norm(dxN)     == 3.46945e-07
   L2Norm(dxOpt)   == 3.46945e-07
   L2Dist(x,x0)    == 3.46945e-07
gx == L2Norm(G(x)) : 
   initial  gx == 3.46962e-09
   previous gx == 3.46962e-09
   current  gx == 2.25194e-14
rx == 1/2 L2Norm2(G(x)) : 
   initial  rx == 6.01911e-18
   previous rx == 6.01911e-18
   current  rx == 2.53561e-28
         delta == 0.01
Newton search converged. Breaking.
L2Norm(G(x)) == 2.25194e-14 < epsSearch == 1e-11
