f(u, N, dt, f_u, flags, dt) : f(u, N, dt, f_u, flags, dt) : Computing G(x)
f(u, N, dt, f_u, flags, dt) : 
========================================================
Newton iteration number 0
Current state of Newton iteration:
   fcount_newton   == 1
   fcount_optimiza == 0
   L2Norm(x)       == 0.00948897
   L2Norm(dxN)     == 0
   L2Norm(dxOpt)   == 0
   L2Dist(x,x0)    == 0
gx == L2Norm(G(x)) : 
   initial  gx == 1.81842e-05
   previous gx == 1.81842e-05
   current  gx == 1.81842e-05
rx == 1/2 L2Norm2(G(x)) : 
   initial  rx == 1.65333e-10
   previous rx == 1.65333e-10
   current  rx == 1.65333e-10
         delta == 0.01
Newt,GMRES == 0,0, f(u, N, dt, f_u, flags, dt) :  res == 0.999824
Newt,GMRES == 0,1, f(u, N, dt, f_u, flags, dt) :  res == 0.973047
Newt,GMRES == 0,2, f(u, N, dt, f_u, flags, dt) :  res == 0.194436
Newt,GMRES == 0,3, f(u, N, dt, f_u, flags, dt) :  res == 0.0330667
GMRES converged. Breaking.
Hookstep optimization is currently not implemented with Arclength Continuation.
Optimized Newton algorithm with AC: Computing residual to check convergence...f(u, N, dt, f_u, flags, dt) : : gx = 1.47904e-05 < 1.81842e-05
The residual is decreasing if we take this AC-Newton step.

Taking best step and continuing Newton iteration.
L2Norm(G(x)) == 1.47904e-05
rx           == 1.09379e-10
L2Norm(dxN)  == 0.00234492
L2Norm(dxOpt)== 0.00234492
========================================================
Newton iteration number 1
Current state of Newton iteration:
   fcount_newton   == 5
   fcount_optimiza == 1
   L2Norm(x)       == 0.00740275
   L2Norm(dxN)     == 0.00234492
   L2Norm(dxOpt)   == 0.00234492
   L2Dist(x,x0)    == 0.00234494
gx == L2Norm(G(x)) : 
   initial  gx == 1.81842e-05
   previous gx == 1.81842e-05
   current  gx == 1.47904e-05
rx == 1/2 L2Norm2(G(x)) : 
   initial  rx == 1.65333e-10
   previous rx == 1.65333e-10
   current  rx == 1.09379e-10
         delta == 0.01
Newt,GMRES == 1,0, f(u, N, dt, f_u, flags, dt) :  res == 0.966877
Newt,GMRES == 1,1, f(u, N, dt, f_u, flags, dt) :  res == 0.37795
Newt,GMRES == 1,2, f(u, N, dt, f_u, flags, dt) :  res == 0.0527426
GMRES converged. Breaking.
Hookstep optimization is currently not implemented with Arclength Continuation.
Optimized Newton algorithm with AC: Computing residual to check convergence...f(u, N, dt, f_u, flags, dt) : : gx = 9.73045e-07 < 1.47904e-05
The residual is decreasing if we take this AC-Newton step.

Taking best step and continuing Newton iteration.
L2Norm(G(x)) == 9.73045e-07
rx           == 4.73408e-13
L2Norm(dxN)  == 0.000923087
L2Norm(dxOpt)== 0.000923087
========================================================
Newton iteration number 2
Current state of Newton iteration:
   fcount_newton   == 8
   fcount_optimiza == 2
   L2Norm(x)       == 0.00822081
   L2Norm(dxN)     == 0.000923087
   L2Norm(dxOpt)   == 0.000923087
   L2Dist(x,x0)    == 0.001612
gx == L2Norm(G(x)) : 
   initial  gx == 1.81842e-05
   previous gx == 1.47904e-05
   current  gx == 9.73045e-07
rx == 1/2 L2Norm2(G(x)) : 
   initial  rx == 1.65333e-10
   previous rx == 1.09379e-10
   current  rx == 4.73408e-13
         delta == 0.01
Newt,GMRES == 2,0, f(u, N, dt, f_u, flags, dt) :  res == 0.9999
Newt,GMRES == 2,1, f(u, N, dt, f_u, flags, dt) :  res == 0.994409
Newt,GMRES == 2,2, f(u, N, dt, f_u, flags, dt) :  res == 0.269222
Newt,GMRES == 2,3, f(u, N, dt, f_u, flags, dt) :  res == 0.0230527
GMRES converged. Breaking.
Hookstep optimization is currently not implemented with Arclength Continuation.
Optimized Newton algorithm with AC: Computing residual to check convergence...f(u, N, dt, f_u, flags, dt) : : gx = 2.26614e-08 < 9.73045e-07
The residual is decreasing if we take this AC-Newton step.

Taking best step and continuing Newton iteration.
L2Norm(G(x)) == 2.26614e-08
rx           == 2.5677e-16
L2Norm(dxN)  == 0.000124603
L2Norm(dxOpt)== 0.000124603
========================================================
Newton iteration number 3
Current state of Newton iteration:
   fcount_newton   == 12
   fcount_optimiza == 3
   L2Norm(x)       == 0.00820899
   L2Norm(dxN)     == 0.000124603
   L2Norm(dxOpt)   == 0.000124603
   L2Dist(x,x0)    == 0.00160348
gx == L2Norm(G(x)) : 
   initial  gx == 1.81842e-05
   previous gx == 9.73045e-07
   current  gx == 2.26614e-08
rx == 1/2 L2Norm2(G(x)) : 
   initial  rx == 1.65333e-10
   previous rx == 4.73408e-13
   current  rx == 2.5677e-16
         delta == 0.01
Newt,GMRES == 3,0, f(u, N, dt, f_u, flags, dt) :  res == 0.340019
Newt,GMRES == 3,1, f(u, N, dt, f_u, flags, dt) :  res == 0.298743
Newt,GMRES == 3,2, f(u, N, dt, f_u, flags, dt) :  res == 0.185405
Newt,GMRES == 3,3, f(u, N, dt, f_u, flags, dt) :  res == 0.0352105
GMRES converged. Breaking.
Hookstep optimization is currently not implemented with Arclength Continuation.
Optimized Newton algorithm with AC: Computing residual to check convergence...f(u, N, dt, f_u, flags, dt) : : gx = 7.99385e-10 < 2.26614e-08
The residual is decreasing if we take this AC-Newton step.

Taking best step and continuing Newton iteration.
L2Norm(G(x)) == 7.99385e-10
rx           == 3.19508e-19
L2Norm(dxN)  == 2.74473e-06
L2Norm(dxOpt)== 2.74473e-06
========================================================
Newton iteration number 4
Current state of Newton iteration:
   fcount_newton   == 16
   fcount_optimiza == 4
   L2Norm(x)       == 0.00820921
   L2Norm(dxN)     == 2.74473e-06
   L2Norm(dxOpt)   == 2.74473e-06
   L2Dist(x,x0)    == 0.00160295
gx == L2Norm(G(x)) : 
   initial  gx == 1.81842e-05
   previous gx == 2.26614e-08
   current  gx == 7.99385e-10
rx == 1/2 L2Norm2(G(x)) : 
   initial  rx == 1.65333e-10
   previous rx == 2.5677e-16
   current  rx == 3.19508e-19
         delta == 0.01
Newt,GMRES == 4,0, f(u, N, dt, f_u, flags, dt) :  res == 0.635375
Newt,GMRES == 4,1, f(u, N, dt, f_u, flags, dt) :  res == 0.208152
Newt,GMRES == 4,2, f(u, N, dt, f_u, flags, dt) :  res == 0.0294167
GMRES converged. Breaking.
Hookstep optimization is currently not implemented with Arclength Continuation.
Optimized Newton algorithm with AC: Computing residual to check convergence...f(u, N, dt, f_u, flags, dt) : : gx = 2.14946e-11 < 7.99385e-10
The residual is decreasing if we take this AC-Newton step.

Taking best step and continuing Newton iteration.
L2Norm(G(x)) == 2.14946e-11
rx           == 2.31008e-22
L2Norm(dxN)  == 1.11067e-07
L2Norm(dxOpt)== 1.11067e-07
========================================================
Newton iteration number 5
Current state of Newton iteration:
   fcount_newton   == 19
   fcount_optimiza == 5
   L2Norm(x)       == 0.00820922
   L2Norm(dxN)     == 1.11067e-07
   L2Norm(dxOpt)   == 1.11067e-07
   L2Dist(x,x0)    == 0.00160294
gx == L2Norm(G(x)) : 
   initial  gx == 1.81842e-05
   previous gx == 7.99385e-10
   current  gx == 2.14946e-11
rx == 1/2 L2Norm2(G(x)) : 
   initial  rx == 1.65333e-10
   previous rx == 3.19508e-19
   current  rx == 2.31008e-22
         delta == 0.01
Newt,GMRES == 5,0, f(u, N, dt, f_u, flags, dt) :  res == 0.976918
Newt,GMRES == 5,1, f(u, N, dt, f_u, flags, dt) :  res == 0.258058
Newt,GMRES == 5,2, f(u, N, dt, f_u, flags, dt) :  res == 0.197279
Newt,GMRES == 5,3, f(u, N, dt, f_u, flags, dt) :  res == 0.0602523
GMRES converged. Breaking.
Hookstep optimization is currently not implemented with Arclength Continuation.
Optimized Newton algorithm with AC: Computing residual to check convergence...f(u, N, dt, f_u, flags, dt) : : gx = 1.78555e-12 < 2.14946e-11
The residual is decreasing if we take this AC-Newton step.

Taking best step and continuing Newton iteration.
L2Norm(G(x)) == 1.78555e-12
rx           == 1.59409e-24
L2Norm(dxN)  == 2.68118e-09
L2Norm(dxOpt)== 2.68118e-09
========================================================
Newton iteration number 6
Current state of Newton iteration:
   fcount_newton   == 23
   fcount_optimiza == 6
   L2Norm(x)       == 0.00820922
   L2Norm(dxN)     == 2.68118e-09
   L2Norm(dxOpt)   == 2.68118e-09
   L2Dist(x,x0)    == 0.00160294
gx == L2Norm(G(x)) : 
   initial  gx == 1.81842e-05
   previous gx == 2.14946e-11
   current  gx == 1.78555e-12
rx == 1/2 L2Norm2(G(x)) : 
   initial  rx == 1.65333e-10
   previous rx == 2.31008e-22
   current  rx == 1.59409e-24
         delta == 0.01
Newton search converged. Breaking.
L2Norm(G(x)) == 1.78555e-12 < epsSearch == 1e-11
