f(u, N, dt, f_u, flags, dt) : f(u, N, dt, f_u, flags, dt) : Computing G(x)
f(u, N, dt, f_u, flags, dt) : 
========================================================
Newton iteration number 0
Current state of Newton iteration:
   fcount_newton   == 1
   fcount_optimiza == 0
   L2Norm(x)       == 0.219045
   L2Norm(dxN)     == 0
   L2Norm(dxOpt)   == 0
   L2Dist(x,x0)    == 0
gx == L2Norm(G(x)) : 
   initial  gx == 3.46051e-09
   previous gx == 3.46051e-09
   current  gx == 3.46051e-09
rx == 1/2 L2Norm2(G(x)) : 
   initial  rx == 5.98756e-18
   previous rx == 5.98756e-18
   current  rx == 5.98756e-18
         delta == 0.01
Newt,GMRES == 0,0, f(u, N, dt, f_u, flags, dt) :  res == 0.334628
Newt,GMRES == 0,1, f(u, N, dt, f_u, flags, dt) :  res == 0.0331012
Newt,GMRES == 0,2, f(u, N, dt, f_u, flags, dt) :  res == 0.000317645
GMRES converged. Breaking.
Hookstep optimization is currently not implemented with Arclength Continuation.
Optimized Newton algorithm with AC: Computing residual to check convergence...f(u, N, dt, f_u, flags, dt) : : gx = 3.34344e-11 < 3.46051e-09
The residual is decreasing if we take this AC-Newton step.

Taking best step and continuing Newton iteration.
L2Norm(G(x)) == 3.34344e-11
rx           == 5.5893e-22
L2Norm(dxN)  == 3.58209e-07
L2Norm(dxOpt)== 3.58209e-07
========================================================
Newton iteration number 1
Current state of Newton iteration:
   fcount_newton   == 4
   fcount_optimiza == 1
   L2Norm(x)       == 0.219045
   L2Norm(dxN)     == 3.58209e-07
   L2Norm(dxOpt)   == 3.58209e-07
   L2Dist(x,x0)    == 3.58209e-07
gx == L2Norm(G(x)) : 
   initial  gx == 3.46051e-09
   previous gx == 3.46051e-09
   current  gx == 3.34344e-11
rx == 1/2 L2Norm2(G(x)) : 
   initial  rx == 5.98756e-18
   previous rx == 5.98756e-18
   current  rx == 5.5893e-22
         delta == 0.01
Newt,GMRES == 1,0, f(u, N, dt, f_u, flags, dt) :  res == 0.155769
Newt,GMRES == 1,1, f(u, N, dt, f_u, flags, dt) :  res == 0.0279084
Newt,GMRES == 1,2, f(u, N, dt, f_u, flags, dt) :  res == 0.00032327
GMRES converged. Breaking.
Hookstep optimization is currently not implemented with Arclength Continuation.
Optimized Newton algorithm with AC: Computing residual to check convergence...f(u, N, dt, f_u, flags, dt) : : gx = 6.82927e-12 < 3.34344e-11
The residual is decreasing if we take this AC-Newton step.

Taking best step and continuing Newton iteration.
L2Norm(G(x)) == 6.82927e-12
rx           == 2.33194e-23
L2Norm(dxN)  == 4.53174e-09
L2Norm(dxOpt)== 4.53174e-09
========================================================
Newton iteration number 2
Current state of Newton iteration:
   fcount_newton   == 7
   fcount_optimiza == 2
   L2Norm(x)       == 0.219045
   L2Norm(dxN)     == 4.53174e-09
   L2Norm(dxOpt)   == 4.53174e-09
   L2Dist(x,x0)    == 3.57511e-07
gx == L2Norm(G(x)) : 
   initial  gx == 3.46051e-09
   previous gx == 3.34344e-11
   current  gx == 6.82927e-12
rx == 1/2 L2Norm2(G(x)) : 
   initial  rx == 5.98756e-18
   previous rx == 5.5893e-22
   current  rx == 2.33194e-23
         delta == 0.01
Newton search converged. Breaking.
L2Norm(G(x)) == 6.82927e-12 < epsSearch == 1e-11
