f(u, N, dt, f_u, flags, dt) : f(u, N, dt, f_u, flags, dt) : Computing G(x)
f(u, N, dt, f_u, flags, dt) : 
========================================================
Newton iteration number 0
Current state of Newton iteration:
   fcount_newton   == 1
   fcount_optimiza == 0
   L2Norm(x)       == 0.0250399
   L2Norm(dxN)     == 0
   L2Norm(dxOpt)   == 0
   L2Dist(x,x0)    == 0
gx == L2Norm(G(x)) : 
   initial  gx == 6.53197e-06
   previous gx == 6.53197e-06
   current  gx == 6.53197e-06
rx == 1/2 L2Norm2(G(x)) : 
   initial  rx == 2.13333e-11
   previous rx == 2.13333e-11
   current  rx == 2.13333e-11
         delta == 0.01
Newt,GMRES == 0,0, f(u, N, dt, f_u, flags, dt) :  res == 0.999466
Newt,GMRES == 0,1, f(u, N, dt, f_u, flags, dt) :  res == 0.237005
Newt,GMRES == 0,2, f(u, N, dt, f_u, flags, dt) :  res == 0.13035
Newt,GMRES == 0,3, f(u, N, dt, f_u, flags, dt) :  res == 0.0341271
GMRES converged. Breaking.
Hookstep optimization is currently not implemented with Arclength Continuation.
Optimized Newton algorithm with AC: Computing residual to check convergence...f(u, N, dt, f_u, flags, dt) : : gx = 8.95055e-07 < 6.53197e-06
The residual is decreasing if we take this AC-Newton step.

Taking best step and continuing Newton iteration.
L2Norm(G(x)) == 8.95055e-07
rx           == 4.00561e-13
L2Norm(dxN)  == 0.00105568
L2Norm(dxOpt)== 0.00105568
========================================================
Newton iteration number 1
Current state of Newton iteration:
   fcount_newton   == 5
   fcount_optimiza == 1
   L2Norm(x)       == 0.0241296
   L2Norm(dxN)     == 0.00105568
   L2Norm(dxOpt)   == 0.00105568
   L2Dist(x,x0)    == 0.00105572
gx == L2Norm(G(x)) : 
   initial  gx == 6.53197e-06
   previous gx == 6.53197e-06
   current  gx == 8.95055e-07
rx == 1/2 L2Norm2(G(x)) : 
   initial  rx == 2.13333e-11
   previous rx == 2.13333e-11
   current  rx == 4.00561e-13
         delta == 0.01
Newt,GMRES == 1,0, f(u, N, dt, f_u, flags, dt) :  res == 0.999986
Newt,GMRES == 1,1, f(u, N, dt, f_u, flags, dt) :  res == 0.939852
Newt,GMRES == 1,2, f(u, N, dt, f_u, flags, dt) :  res == 0.910275
Newt,GMRES == 1,3, f(u, N, dt, f_u, flags, dt) :  res == 0.515166
Newt,GMRES == 1,4, f(u, N, dt, f_u, flags, dt) :  res == 0.301222
Newt,GMRES == 1,5, f(u, N, dt, f_u, flags, dt) :  res == 0.200561
Newt,GMRES == 1,6, f(u, N, dt, f_u, flags, dt) :  res == 0.18667
Newt,GMRES == 1,7, f(u, N, dt, f_u, flags, dt) :  res == 0.154102
Newt,GMRES == 1,8, f(u, N, dt, f_u, flags, dt) :  res == 0.0860098
GMRES converged. Breaking.
Hookstep optimization is currently not implemented with Arclength Continuation.
Optimized Newton algorithm with AC: Computing residual to check convergence...f(u, N, dt, f_u, flags, dt) : : gx = 1.96713e-05 > 8.95055e-07
The error is increasing if we take the Newton step. Newton step optimization leaves step size correction to arclength continuation.
