f(u, N, dt, f_u, flags, dt) : f(u, N, dt, f_u, flags, dt) : Computing G(x)
f(u, N, dt, f_u, flags, dt) : 
========================================================
Newton iteration number 0
Current state of Newton iteration:
   fcount_newton   == 1
   fcount_optimiza == 0
   L2Norm(x)       == 0.220221
   L2Norm(dxN)     == 0
   L2Norm(dxOpt)   == 0
   L2Dist(x,x0)    == 0
gx == L2Norm(G(x)) : 
   initial  gx == 5.26641e-09
   previous gx == 5.26641e-09
   current  gx == 5.26641e-09
rx == 1/2 L2Norm2(G(x)) : 
   initial  rx == 1.38675e-17
   previous rx == 1.38675e-17
   current  rx == 1.38675e-17
         delta == 0.01
Newt,GMRES == 0,0, f(u, N, dt, f_u, flags, dt) :  res == 0.354103
Newt,GMRES == 0,1, f(u, N, dt, f_u, flags, dt) :  res == 0.0381152
Newt,GMRES == 0,2, f(u, N, dt, f_u, flags, dt) :  res == 0.000356961
GMRES converged. Breaking.
Hookstep optimization is currently not implemented with Arclength Continuation.
Optimized Newton algorithm with AC: Computing residual to check convergence...f(u, N, dt, f_u, flags, dt) : : gx = 1.32654e-11 < 5.26641e-09
The residual is decreasing if we take this AC-Newton step.

Taking best step and continuing Newton iteration.
L2Norm(G(x)) == 1.32654e-11
rx           == 8.79849e-23
L2Norm(dxN)  == 5.52876e-07
L2Norm(dxOpt)== 5.52876e-07
========================================================
Newton iteration number 1
Current state of Newton iteration:
   fcount_newton   == 4
   fcount_optimiza == 1
   L2Norm(x)       == 0.220221
   L2Norm(dxN)     == 5.52876e-07
   L2Norm(dxOpt)   == 5.52876e-07
   L2Dist(x,x0)    == 5.52876e-07
gx == L2Norm(G(x)) : 
   initial  gx == 5.26641e-09
   previous gx == 5.26641e-09
   current  gx == 1.32654e-11
rx == 1/2 L2Norm2(G(x)) : 
   initial  rx == 1.38675e-17
   previous rx == 1.38675e-17
   current  rx == 8.79849e-23
         delta == 0.01
Newt,GMRES == 1,0, f(u, N, dt, f_u, flags, dt) :  res == 0.115708
Newt,GMRES == 1,1, f(u, N, dt, f_u, flags, dt) :  res == 0.0636822
Newt,GMRES == 1,2, f(u, N, dt, f_u, flags, dt) :  res == 0.0015178
Newt,GMRES == 1,3, f(u, N, dt, f_u, flags, dt) :  res == 2.60677e-09
GMRES converged. Breaking.
Hookstep optimization is currently not implemented with Arclength Continuation.
Optimized Newton algorithm with AC: Computing residual to check convergence...f(u, N, dt, f_u, flags, dt) : : gx = 7.50149e-12 < 1.32654e-11
The residual is decreasing if we take this AC-Newton step.

Taking best step and continuing Newton iteration.
L2Norm(G(x)) == 7.50149e-12
rx           == 2.81362e-23
L2Norm(dxN)  == 1.72443e-09
L2Norm(dxOpt)== 1.72443e-09
========================================================
Newton iteration number 2
Current state of Newton iteration:
   fcount_newton   == 8
   fcount_optimiza == 2
   L2Norm(x)       == 0.220221
   L2Norm(dxN)     == 1.72443e-09
   L2Norm(dxOpt)   == 1.72443e-09
   L2Dist(x,x0)    == 5.52628e-07
gx == L2Norm(G(x)) : 
   initial  gx == 5.26641e-09
   previous gx == 1.32654e-11
   current  gx == 7.50149e-12
rx == 1/2 L2Norm2(G(x)) : 
   initial  rx == 1.38675e-17
   previous rx == 8.79849e-23
   current  rx == 2.81362e-23
         delta == 0.01
Newton search converged. Breaking.
L2Norm(G(x)) == 7.50149e-12 < epsSearch == 1e-11
