f(u, N, dt, f_u, flags, dt) : Computing G(x)
f(u, N, dt, f_u, flags, dt) : 
========================================================
Newton iteration number 0
Current state of Newton iteration:
   fcount_newton   == 1
   fcount_optimiza == 0
   L2Norm(x)       == 0.0244444
   L2Norm(dxN)     == 0
   L2Norm(dxOpt)   == 0
   L2Dist(x,x0)    == 0
gx == L2Norm(G(x)) : 
   initial  gx == 4.66519e-07
   previous gx == 4.66519e-07
   current  gx == 4.66519e-07
rx == 1/2 L2Norm2(G(x)) : 
   initial  rx == 1.0882e-13
   previous rx == 1.0882e-13
   current  rx == 1.0882e-13
         delta == 0.01
Newt,GMRES == 0,0, f(u, N, dt, f_u, flags, dt) :  res == 0.999985
Newt,GMRES == 0,1, f(u, N, dt, f_u, flags, dt) :  res == 0.734405
Newt,GMRES == 0,2, f(u, N, dt, f_u, flags, dt) :  res == 0.282357
Newt,GMRES == 0,3, f(u, N, dt, f_u, flags, dt) :  res == 0.0935022
GMRES converged. Breaking.
Hookstep optimization is currently not implemented with Arclength Continuation.
Optimized Newton algorithm with AC: Computing residual to check convergence...f(u, N, dt, f_u, flags, dt) : : gx = 1.87312e-07 < 4.66519e-07
The residual is decreasing if we take this AC-Newton step.

Taking best step and continuing Newton iteration.
L2Norm(G(x)) == 1.87312e-07
rx           == 1.7543e-14
L2Norm(dxN)  == 0.000385921
L2Norm(dxOpt)== 0.000385921
========================================================
Newton iteration number 1
Current state of Newton iteration:
   fcount_newton   == 5
   fcount_optimiza == 1
   L2Norm(x)       == 0.0241926
   L2Norm(dxN)     == 0.000385921
   L2Norm(dxOpt)   == 0.000385921
   L2Dist(x,x0)    == 0.000385948
gx == L2Norm(G(x)) : 
   initial  gx == 4.66519e-07
   previous gx == 4.66519e-07
   current  gx == 1.87312e-07
rx == 1/2 L2Norm2(G(x)) : 
   initial  rx == 1.0882e-13
   previous rx == 1.0882e-13
   current  rx == 1.7543e-14
         delta == 0.01
Newt,GMRES == 1,0, f(u, N, dt, f_u, flags, dt) :  res == 0.999952
Newt,GMRES == 1,1, f(u, N, dt, f_u, flags, dt) :  res == 0.918845
Newt,GMRES == 1,2, f(u, N, dt, f_u, flags, dt) :  res == 0.51019
Newt,GMRES == 1,3, f(u, N, dt, f_u, flags, dt) :  res == 0.143233
Newt,GMRES == 1,4, f(u, N, dt, f_u, flags, dt) :  res == 0.116675
Newt,GMRES == 1,5, f(u, N, dt, f_u, flags, dt) :  res == 0.0979503
GMRES converged. Breaking.
Hookstep optimization is currently not implemented with Arclength Continuation.
Optimized Newton algorithm with AC: Computing residual to check convergence...f(u, N, dt, f_u, flags, dt) : : gx = 3.86674e-07 > 1.87312e-07
The error is increasing if we take the Newton step. Newton step optimization leaves step size correction to arclength continuation.
