f(u, N, dt, f_u, flags, dt) : f(u, N, dt, f_u, flags, dt) : Computing G(x)
f(u, N, dt, f_u, flags, dt) : 
========================================================
Newton iteration number 0
Current state of Newton iteration:
   fcount_newton   == 1
   fcount_optimiza == 0
   L2Norm(x)       == 0.20758
   L2Norm(dxN)     == 0
   L2Norm(dxOpt)   == 0
   L2Dist(x,x0)    == 0
gx == L2Norm(G(x)) : 
   initial  gx == 4.83976e-10
   previous gx == 4.83976e-10
   current  gx == 4.83976e-10
rx == 1/2 L2Norm2(G(x)) : 
   initial  rx == 1.17116e-19
   previous rx == 1.17116e-19
   current  rx == 1.17116e-19
         delta == 0.01
Newt,GMRES == 0,0, f(u, N, dt, f_u, flags, dt) :  res == 0.352386
Newt,GMRES == 0,1, f(u, N, dt, f_u, flags, dt) :  res == 0.311694
Newt,GMRES == 0,2, f(u, N, dt, f_u, flags, dt) :  res == 0.000147376
GMRES converged. Breaking.
Hookstep optimization is currently not implemented with Arclength Continuation.
Optimized Newton algorithm with AC: Computing residual to check convergence...f(u, N, dt, f_u, flags, dt) : : gx = 2.9696e-11 < 4.83976e-10
The residual is decreasing if we take this AC-Newton step.

Taking best step and continuing Newton iteration.
L2Norm(G(x)) == 2.9696e-11
rx           == 4.40926e-22
L2Norm(dxN)  == 8.15187e-08
L2Norm(dxOpt)== 8.15187e-08
========================================================
Newton iteration number 1
Current state of Newton iteration:
   fcount_newton   == 4
   fcount_optimiza == 1
   L2Norm(x)       == 0.20758
   L2Norm(dxN)     == 8.15187e-08
   L2Norm(dxOpt)   == 8.15187e-08
   L2Dist(x,x0)    == 8.15187e-08
gx == L2Norm(G(x)) : 
   initial  gx == 4.83976e-10
   previous gx == 4.83976e-10
   current  gx == 2.9696e-11
rx == 1/2 L2Norm2(G(x)) : 
   initial  rx == 1.17116e-19
   previous rx == 1.17116e-19
   current  rx == 4.40926e-22
         delta == 0.01
Newt,GMRES == 1,0, f(u, N, dt, f_u, flags, dt) :  res == 0.872395
Newt,GMRES == 1,1, f(u, N, dt, f_u, flags, dt) :  res == 0.00223855
Newt,GMRES == 1,2, f(u, N, dt, f_u, flags, dt) :  res == 2.40164e-06
GMRES converged. Breaking.
Hookstep optimization is currently not implemented with Arclength Continuation.
Optimized Newton algorithm with AC: Computing residual to check convergence...f(u, N, dt, f_u, flags, dt) : : gx = 9.31205e-12 < 2.9696e-11
The residual is decreasing if we take this AC-Newton step.

Taking best step and continuing Newton iteration.
L2Norm(G(x)) == 9.31205e-12
rx           == 4.33572e-23
L2Norm(dxN)  == 5.43656e-09
L2Norm(dxOpt)== 5.43656e-09
========================================================
Newton iteration number 2
Current state of Newton iteration:
   fcount_newton   == 7
   fcount_optimiza == 2
   L2Norm(x)       == 0.20758
   L2Norm(dxN)     == 5.43656e-09
   L2Norm(dxOpt)   == 5.43656e-09
   L2Dist(x,x0)    == 7.63903e-08
gx == L2Norm(G(x)) : 
   initial  gx == 4.83976e-10
   previous gx == 2.9696e-11
   current  gx == 9.31205e-12
rx == 1/2 L2Norm2(G(x)) : 
   initial  rx == 1.17116e-19
   previous rx == 4.40926e-22
   current  rx == 4.33572e-23
         delta == 0.01
Newton search converged. Breaking.
L2Norm(G(x)) == 9.31205e-12 < epsSearch == 1e-11
