Computing G(x)
f(u, N, dt, f_u, flags, dt) : 
========================================================
Newton iteration number 0
Current state of Newton iteration:
   fcount_newton   == 1
   fcount_optimiza == 0
   L2Norm(x)       == 0.0666667
   L2Norm(dxN)     == 0
   L2Norm(dxOpt)   == 0
   L2Dist(x,x0)    == 0
gx == L2Norm(G(x)) : 
   initial  gx == 0.000239227
   previous gx == 0.000239227
   current  gx == 0.000239227
rx == 1/2 L2Norm2(G(x)) : 
   initial  rx == 2.86149e-08
   previous rx == 2.86149e-08
   current  rx == 2.86149e-08
         delta == 0.01
Newt,GMRES == 0,0, f(u, N, dt, f_u, flags, dt) :  res == 0.711044
Newt,GMRES == 0,1, f(u, N, dt, f_u, flags, dt) :  res == 4.94891e-06
GMRES converged. Breaking.
------------------------------------------------
Beginning hookstep calculations.
-------------------------------------------
Hookstep number 0
delta == 0.01
Newton step is outside trust region: 
L2Norm(dxN) == 0.0166043 > 0.01 == delta
Calculate hookstep dxH(mu) with radius L2Norm(dxH(mu)) == delta
mu, L2Norm(dxH(mu)) == 0, 0.0166043
mu, L2Norm(dxH(mu)) == 0.00529139, 0.0108611
mu, L2Norm(dxH(mu)) == 0.00655734, 0.0100317
mu, L2Norm(dxH(mu)) == 0.00660976, 0.0100001
mu, L2Norm(dxH(mu)) == 0.00660984, 0.01
Found hookstep of proper radius
ndxHmu == 0.01 ~= 0.01 == delta 
Computing residual of hookstep dxH
L2Norm(dxH) == 0.01
f(u, N, dt, f_u, flags, dt) : 
r(x), r(x+dxH) == 2.86149e-08, 1.74461e-08
Computing local quadratic model of residual
f(u, N, dt, f_u, flags, dt) : 
Determining what to do with current Newton/hookstep and trust region
rx       ==   2.86149e-08 residual at current position
rH       ==   1.74461e-08 residual of newton/hookstep
Delta_rH ==  -1.11688e-08 actual improvement in residual from newton/hookstep

             -5.19357e-10 lower bound for acceptable improvement
              3.74354e-07 upper bound for ok improvement.
              2.80765e-06 upper bound for good improvement.
Delta_rH ==  -1.11688e-08 ------> Good <------
              4.11789e-06 upper bound for accurate prediction.
              3.36918e-06 lower bound for accurate prediction.
             -5.19357e-07 local linear model of improvement
lambda       == 0.510989 is the reduction/increase factor for delta suggested by quadratic model
lambda*delta == 0.00510989 is the delta suggested by quadratic model
Improvement is Good (some form of acceptable).
Stop adjusting trust region and take a step because
Improvement is merely Poor, Ok, or Good : 1
Newton step is within trust region      : 0
Backup step is better                   : 0
Delta has reached local limit           : 0
Take step and increase delta, if there's room.
lambda == 0.510989 is too small. Resetting to lambda == 1
  old delta == 0.01
  new delta == 0.01

Taking best step and continuing Newton iteration.
L2Norm(G(x)) == 0.000186794
rx           == 1.74461e-08
L2Norm(dxN)  == 0.0166043
L2Norm(dxOpt)== 0.01
========================================================
Newton iteration number 1
Current state of Newton iteration:
   fcount_newton   == 3
   fcount_optimiza == 2
   L2Norm(x)       == 0.0705107
   L2Norm(dxN)     == 0.0166043
   L2Norm(dxOpt)   == 0.01
   L2Dist(x,x0)    == 0.01
gx == L2Norm(G(x)) : 
   initial  gx == 0.000239227
   previous gx == 0.000239227
   current  gx == 0.000186794
rx == 1/2 L2Norm2(G(x)) : 
   initial  rx == 2.86149e-08
   previous rx == 2.86149e-08
   current  rx == 1.74461e-08
         delta == 0.01
Newt,GMRES == 1,0, f(u, N, dt, f_u, flags, dt) :  res == 0.000120689
GMRES converged. Breaking.
------------------------------------------------
Beginning hookstep calculations.
-------------------------------------------
Hookstep number 0
delta == 0.01
Newton step is outside trust region: 
L2Norm(dxN) == 0.0186843 > 0.01 == delta
Calculate hookstep dxH(mu) with radius L2Norm(dxH(mu)) == delta
mu, L2Norm(dxH(mu)) == 0, 0.0186843
mu, L2Norm(dxH(mu)) == 0.00666436, 0.0112109
mu, L2Norm(dxH(mu)) == 0.00857305, 0.0100587
mu, L2Norm(dxH(mu)) == 0.0086817, 0.0100002
mu, L2Norm(dxH(mu)) == 0.00868202, 0.01
Found hookstep of proper radius
ndxHmu == 0.01 ~= 0.01 == delta 
Computing residual of hookstep dxH
L2Norm(dxH) == 0.01
f(u, N, dt, f_u, flags, dt) : 
r(x), r(x+dxH) == 1.74461e-08, 3.76811e-09
Computing local quadratic model of residual
f(u, N, dt, f_u, flags, dt) : 
Determining what to do with current Newton/hookstep and trust region
rx       ==   1.74461e-08 residual at current position
rH       ==   3.76811e-09 residual of newton/hookstep
Delta_rH ==   -1.3678e-08 actual improvement in residual from newton/hookstep

             -1.87308e-11 lower bound for acceptable improvement
             -1.37033e-09 upper bound for ok improvement.
             -1.02775e-08 upper bound for good improvement.
             -1.23329e-08 upper bound for accurate prediction.
Delta_rH ==   -1.3678e-08 ------> Accurate <------
             -1.50736e-08 lower bound for accurate prediction.
             -1.87308e-08 local linear model of improvement
lambda       == 1.8535 is the reduction/increase factor for delta suggested by quadratic model
lambda*delta == 0.018535 is the delta suggested by quadratic model
Improvement is Accurate
  old delta == 0.01
  new delta == 0.015
Continue adjusting trust region radius delta because
Suggested delta has room: new_delta < deltaMaxLocal 0.015 < 0.1
Increase delta and recompute hookstep.
 old delta == 0.01
 new delta == 0.015
-------------------------------------------
Hookstep number 1
delta == 0.015
Newton step is outside trust region: 
L2Norm(dxN) == 0.0186843 > 0.015 == delta
Calculate hookstep dxH(mu) with radius L2Norm(dxH(mu)) == delta
mu, L2Norm(dxH(mu)) == 0, 0.0186843
mu, L2Norm(dxH(mu)) == 0.00221344, 0.0152974
mu, L2Norm(dxH(mu)) == 0.00245319, 0.0150028
mu, L2Norm(dxH(mu)) == 0.00245554, 0.015
Found hookstep of proper radius
ndxHmu == 0.015 ~= 0.015 == delta 
Computing residual of hookstep dxH
L2Norm(dxH) == 0.015
f(u, N, dt, f_u, flags, dt) : 
r(x), r(x+dxH) == 1.74461e-08, 6.77712e-10
Computing local quadratic model of residual
f(u, N, dt, f_u, flags, dt) : 
Determining what to do with current Newton/hookstep and trust region
rx       ==   1.74461e-08 residual at current position
rH       ==   6.77712e-10 residual of newton/hookstep
Delta_rH ==  -1.67684e-08 actual improvement in residual from newton/hookstep

             -2.81065e-11 lower bound for acceptable improvement
             -1.67863e-09 upper bound for ok improvement.
             -1.25897e-08 upper bound for good improvement.
             -1.51076e-08 upper bound for accurate prediction.
Delta_rH ==  -1.67684e-08 ------> Accurate <------
             -1.84649e-08 lower bound for accurate prediction.
             -2.81065e-08 local linear model of improvement
lambda       == 1.23947 is the reduction/increase factor for delta suggested by quadratic model
lambda*delta == 0.018592 is the delta suggested by quadratic model
Improvement is Accurate
  old delta == 0.015
  new delta == 0.0225
Continue adjusting trust region radius delta because
Suggested delta has room: new_delta < deltaMaxLocal 0.0225 < 0.1
And residual is improving:     rH < backup_sS     6.77712e-10 < 3.76811e-09
Increase delta and recompute hookstep.
 old delta == 0.015
 new delta == 0.0225
-------------------------------------------
Hookstep number 2
delta == 0.0225
Newton step is within trust region: 
L2Norm(dxN) == 0.0186843 <= 0.0225 == delta
Computing residual of hookstep dxH
L2Norm(dxH) == 0.0186843
f(u, N, dt, f_u, flags, dt) : 
r(x), r(x+dxH) == 1.74461e-08, 3.3057e-16
Computing local quadratic model of residual
f(u, N, dt, f_u, flags, dt) : 
Determining what to do with current Newton/hookstep and trust region
rx       ==   1.74461e-08 residual at current position
rH       ==    3.3057e-16 residual of newton/hookstep
Delta_rH ==  -1.74461e-08 actual improvement in residual from newton/hookstep

             -3.50171e-11 lower bound for acceptable improvement
             -1.74458e-09 upper bound for ok improvement.
             -1.30844e-08 upper bound for good improvement.
             -1.57013e-08 upper bound for accurate prediction.
Delta_rH ==  -1.74461e-08 ------> Accurate <------
             -1.91904e-08 lower bound for accurate prediction.
             -3.50171e-08 local linear model of improvement
lambda       == 0.996446 is the reduction/increase factor for delta suggested by quadratic model
lambda*delta == 0.02242 is the delta suggested by quadratic model
Improvement is Accurate (some form of acceptable).
Stop adjusting trust region and take a step because
Improvement is merely Poor, Ok, or Good : 0
Newton step is within trust region      : 1
Backup step is better                   : 0
Delta has reached local limit           : 0
Take current step and keep current delta, since it's produced best result.
delta == 0.0225

Taking best step and continuing Newton iteration.
L2Norm(G(x)) == 2.57126e-08
rx           == 3.3057e-16
L2Norm(dxN)  == 0.0186843
L2Norm(dxOpt)== 0.0186843
========================================================
Newton iteration number 2
Current state of Newton iteration:
   fcount_newton   == 4
   fcount_optimiza == 8
   L2Norm(x)       == 0.0890806
   L2Norm(dxN)     == 0.0186843
   L2Norm(dxOpt)   == 0.0186843
   L2Dist(x,x0)    == 0.0239267
gx == L2Norm(G(x)) : 
   initial  gx == 0.000239227
   previous gx == 0.000186794
   current  gx == 2.57126e-08
rx == 1/2 L2Norm2(G(x)) : 
   initial  rx == 2.86149e-08
   previous rx == 1.74461e-08
   current  rx == 3.3057e-16
         delta == 0.0225
Newt,GMRES == 2,0, f(u, N, dt, f_u, flags, dt) :  res == 5.62713e-05
GMRES converged. Breaking.
------------------------------------------------
Beginning hookstep calculations.
-------------------------------------------
Hookstep number 0
delta == 0.0225
Newton step is within trust region: 
L2Norm(dxN) == 2.57138e-06 <= 0.0225 == delta
Computing residual of hookstep dxH
L2Norm(dxH) == 2.57138e-06
f(u, N, dt, f_u, flags, dt) : 
r(x), r(x+dxH) == 3.3057e-16, 1.12133e-24
Computing local quadratic model of residual
f(u, N, dt, f_u, flags, dt) : 
Determining what to do with current Newton/hookstep and trust region
rx       ==    3.3057e-16 residual at current position
rH       ==   1.12133e-24 residual of newton/hookstep
Delta_rH ==   -3.3057e-16 actual improvement in residual from newton/hookstep

             -6.60869e-19 lower bound for acceptable improvement
              -3.3057e-17 upper bound for ok improvement.
             -2.47927e-16 upper bound for good improvement.
             -2.97513e-16 upper bound for accurate prediction.
Delta_rH ==   -3.3057e-16 ------> Accurate <------
             -3.63627e-16 lower bound for accurate prediction.
             -6.60869e-16 local linear model of improvement
lambda       == 1.00041 is the reduction/increase factor for delta suggested by quadratic model
lambda*delta == 0.0225092 is the delta suggested by quadratic model
Improvement is Accurate (some form of acceptable).
Stop adjusting trust region and take a step because
Improvement is merely Poor, Ok, or Good : 0
Newton step is within trust region      : 1
Backup step is better                   : 0
Delta has reached local limit           : 0
Take current step and leave delta unchanged, for the following reasons:
improvement            : Accurate
|newtonstep| <= delta  : true
delta >= deltaMax      : false
delta == 0.0225

Taking best step and continuing Newton iteration.
L2Norm(G(x)) == 1.49755e-12
rx           == 1.12133e-24
L2Norm(dxN)  == 2.57138e-06
L2Norm(dxOpt)== 2.57138e-06
========================================================
Newton iteration number 3
Current state of Newton iteration:
   fcount_newton   == 5
   fcount_optimiza == 10
   L2Norm(x)       == 0.0890781
   L2Norm(dxN)     == 2.57138e-06
   L2Norm(dxOpt)   == 2.57138e-06
   L2Dist(x,x0)    == 0.0239241
gx == L2Norm(G(x)) : 
   initial  gx == 0.000239227
   previous gx == 2.57126e-08
   current  gx == 1.49755e-12
rx == 1/2 L2Norm2(G(x)) : 
   initial  rx == 2.86149e-08
   previous rx == 3.3057e-16
   current  rx == 1.12133e-24
         delta == 0.0225
Newton search converged. Breaking.
L2Norm(G(x)) == 1.49755e-12 < epsSearch == 1e-11
