f(u, N, dt, f_u, flags, dt) : f(u, N, dt, f_u, flags, dt) : Computing G(x)
f(u, N, dt, f_u, flags, dt) : 
========================================================
Newton iteration number 0
Current state of Newton iteration:
   fcount_newton   == 1
   fcount_optimiza == 0
   L2Norm(x)       == 0.00884881
   L2Norm(dxN)     == 0
   L2Norm(dxOpt)   == 0
   L2Dist(x,x0)    == 0
gx == L2Norm(G(x)) : 
   initial  gx == 1.73092e-05
   previous gx == 1.73092e-05
   current  gx == 1.73092e-05
rx == 1/2 L2Norm2(G(x)) : 
   initial  rx == 1.49804e-10
   previous rx == 1.49804e-10
   current  rx == 1.49804e-10
         delta == 0.01
Newt,GMRES == 0,0, f(u, N, dt, f_u, flags, dt) :  res == 0.998406
Newt,GMRES == 0,1, f(u, N, dt, f_u, flags, dt) :  res == 0.708444
Newt,GMRES == 0,2, f(u, N, dt, f_u, flags, dt) :  res == 0.121384
Newt,GMRES == 0,3, f(u, N, dt, f_u, flags, dt) :  res == 0.0204649
GMRES converged. Breaking.
Hookstep optimization is currently not implemented with Arclength Continuation.
Optimized Newton algorithm with AC: Computing residual to check convergence...f(u, N, dt, f_u, flags, dt) : : gx = 6.88957e-06 < 1.73092e-05
The residual is decreasing if we take this AC-Newton step.

Taking best step and continuing Newton iteration.
L2Norm(G(x)) == 6.88957e-06
rx           == 2.37331e-11
L2Norm(dxN)  == 0.00151963
L2Norm(dxOpt)== 0.00151963
========================================================
Newton iteration number 1
Current state of Newton iteration:
   fcount_newton   == 5
   fcount_optimiza == 1
   L2Norm(x)       == 0.00750911
   L2Norm(dxN)     == 0.00151963
   L2Norm(dxOpt)   == 0.00151963
   L2Dist(x,x0)    == 0.00151964
gx == L2Norm(G(x)) : 
   initial  gx == 1.73092e-05
   previous gx == 1.73092e-05
   current  gx == 6.88957e-06
rx == 1/2 L2Norm2(G(x)) : 
   initial  rx == 1.49804e-10
   previous rx == 1.49804e-10
   current  rx == 2.37331e-11
         delta == 0.01
Newt,GMRES == 1,0, f(u, N, dt, f_u, flags, dt) :  res == 0.982813
Newt,GMRES == 1,1, f(u, N, dt, f_u, flags, dt) :  res == 0.359594
Newt,GMRES == 1,2, f(u, N, dt, f_u, flags, dt) :  res == 0.0634771
GMRES converged. Breaking.
Hookstep optimization is currently not implemented with Arclength Continuation.
Optimized Newton algorithm with AC: Computing residual to check convergence...f(u, N, dt, f_u, flags, dt) : : gx = 4.42324e-07 < 6.88957e-06
The residual is decreasing if we take this AC-Newton step.

Taking best step and continuing Newton iteration.
L2Norm(G(x)) == 4.42324e-07
rx           == 9.78254e-14
L2Norm(dxN)  == 0.000396049
L2Norm(dxOpt)== 0.000396049
========================================================
Newton iteration number 2
Current state of Newton iteration:
   fcount_newton   == 8
   fcount_optimiza == 2
   L2Norm(x)       == 0.00784701
   L2Norm(dxN)     == 0.000396049
   L2Norm(dxOpt)   == 0.000396049
   L2Dist(x,x0)    == 0.00123263
gx == L2Norm(G(x)) : 
   initial  gx == 1.73092e-05
   previous gx == 6.88957e-06
   current  gx == 4.42324e-07
rx == 1/2 L2Norm2(G(x)) : 
   initial  rx == 1.49804e-10
   previous rx == 2.37331e-11
   current  rx == 9.78254e-14
         delta == 0.01
Newt,GMRES == 2,0, f(u, N, dt, f_u, flags, dt) :  res == 0.99643
Newt,GMRES == 2,1, f(u, N, dt, f_u, flags, dt) :  res == 0.42484
Newt,GMRES == 2,2, f(u, N, dt, f_u, flags, dt) :  res == 0.318427
Newt,GMRES == 2,3, f(u, N, dt, f_u, flags, dt) :  res == 0.0244414
GMRES converged. Breaking.
Hookstep optimization is currently not implemented with Arclength Continuation.
Optimized Newton algorithm with AC: Computing residual to check convergence...f(u, N, dt, f_u, flags, dt) : : gx = 1.1252e-08 < 4.42324e-07
The residual is decreasing if we take this AC-Newton step.

Taking best step and continuing Newton iteration.
L2Norm(G(x)) == 1.1252e-08
rx           == 6.33032e-17
L2Norm(dxN)  == 6.67733e-05
L2Norm(dxOpt)== 6.67733e-05
========================================================
Newton iteration number 3
Current state of Newton iteration:
   fcount_newton   == 12
   fcount_optimiza == 3
   L2Norm(x)       == 0.0078569
   L2Norm(dxN)     == 6.67733e-05
   L2Norm(dxOpt)   == 6.67733e-05
   L2Dist(x,x0)    == 0.00120809
gx == L2Norm(G(x)) : 
   initial  gx == 1.73092e-05
   previous gx == 4.42324e-07
   current  gx == 1.1252e-08
rx == 1/2 L2Norm2(G(x)) : 
   initial  rx == 1.49804e-10
   previous rx == 9.78254e-14
   current  rx == 6.33032e-17
         delta == 0.01
Newt,GMRES == 3,0, f(u, N, dt, f_u, flags, dt) :  res == 0.99588
Newt,GMRES == 3,1, f(u, N, dt, f_u, flags, dt) :  res == 0.633628
Newt,GMRES == 3,2, f(u, N, dt, f_u, flags, dt) :  res == 0.206709
Newt,GMRES == 3,3, f(u, N, dt, f_u, flags, dt) :  res == 0.0349411
GMRES converged. Breaking.
Hookstep optimization is currently not implemented with Arclength Continuation.
Optimized Newton algorithm with AC: Computing residual to check convergence...f(u, N, dt, f_u, flags, dt) : : gx = 3.94436e-10 < 1.1252e-08
The residual is decreasing if we take this AC-Newton step.

Taking best step and continuing Newton iteration.
L2Norm(G(x)) == 3.94436e-10
rx           == 7.77898e-20
L2Norm(dxN)  == 1.40828e-06
L2Norm(dxOpt)== 1.40828e-06
========================================================
Newton iteration number 4
Current state of Newton iteration:
   fcount_newton   == 16
   fcount_optimiza == 4
   L2Norm(x)       == 0.0078569
   L2Norm(dxN)     == 1.40828e-06
   L2Norm(dxOpt)   == 1.40828e-06
   L2Dist(x,x0)    == 0.0012078
gx == L2Norm(G(x)) : 
   initial  gx == 1.73092e-05
   previous gx == 1.1252e-08
   current  gx == 3.94436e-10
rx == 1/2 L2Norm2(G(x)) : 
   initial  rx == 1.49804e-10
   previous rx == 6.33032e-17
   current  rx == 7.77898e-20
         delta == 0.01
Newt,GMRES == 4,0, f(u, N, dt, f_u, flags, dt) :  res == 0.988956
Newt,GMRES == 4,1, f(u, N, dt, f_u, flags, dt) :  res == 0.338111
Newt,GMRES == 4,2, f(u, N, dt, f_u, flags, dt) :  res == 0.278576
Newt,GMRES == 4,3, f(u, N, dt, f_u, flags, dt) :  res == 0.0414796
GMRES converged. Breaking.
Hookstep optimization is currently not implemented with Arclength Continuation.
Optimized Newton algorithm with AC: Computing residual to check convergence...f(u, N, dt, f_u, flags, dt) : : gx = 1.65424e-11 < 3.94436e-10
The residual is decreasing if we take this AC-Newton step.

Taking best step and continuing Newton iteration.
L2Norm(G(x)) == 1.65424e-11
rx           == 1.36826e-22
L2Norm(dxN)  == 5.36906e-08
L2Norm(dxOpt)== 5.36906e-08
========================================================
Newton iteration number 5
Current state of Newton iteration:
   fcount_newton   == 20
   fcount_optimiza == 5
   L2Norm(x)       == 0.00785691
   L2Norm(dxN)     == 5.36906e-08
   L2Norm(dxOpt)   == 5.36906e-08
   L2Dist(x,x0)    == 0.00120778
gx == L2Norm(G(x)) : 
   initial  gx == 1.73092e-05
   previous gx == 3.94436e-10
   current  gx == 1.65424e-11
rx == 1/2 L2Norm2(G(x)) : 
   initial  rx == 1.49804e-10
   previous rx == 7.77898e-20
   current  rx == 1.36826e-22
         delta == 0.01
Newt,GMRES == 5,0, f(u, N, dt, f_u, flags, dt) :  res == 0.996863
Newt,GMRES == 5,1, f(u, N, dt, f_u, flags, dt) :  res == 0.608244
Newt,GMRES == 5,2, f(u, N, dt, f_u, flags, dt) :  res == 0.211013
Newt,GMRES == 5,3, f(u, N, dt, f_u, flags, dt) :  res == 0.043747
GMRES converged. Breaking.
Hookstep optimization is currently not implemented with Arclength Continuation.
Optimized Newton algorithm with AC: Computing residual to check convergence...f(u, N, dt, f_u, flags, dt) : : gx = 1.65276e-12 < 1.65424e-11
The residual is decreasing if we take this AC-Newton step.

Taking best step and continuing Newton iteration.
L2Norm(G(x)) == 1.65276e-12
rx           == 1.36581e-24
L2Norm(dxN)  == 2.09855e-09
L2Norm(dxOpt)== 2.09855e-09
========================================================
Newton iteration number 6
Current state of Newton iteration:
   fcount_newton   == 24
   fcount_optimiza == 6
   L2Norm(x)       == 0.00785691
   L2Norm(dxN)     == 2.09855e-09
   L2Norm(dxOpt)   == 2.09855e-09
   L2Dist(x,x0)    == 0.00120778
gx == L2Norm(G(x)) : 
   initial  gx == 1.73092e-05
   previous gx == 1.65424e-11
   current  gx == 1.65276e-12
rx == 1/2 L2Norm2(G(x)) : 
   initial  rx == 1.49804e-10
   previous rx == 1.36826e-22
   current  rx == 1.36581e-24
         delta == 0.01
Newton search converged. Breaking.
L2Norm(G(x)) == 1.65276e-12 < epsSearch == 1e-11
