f(u, N, dt, f_u, flags, dt) : f(u, N, dt, f_u, flags, dt) : Computing G(x)
f(u, N, dt, f_u, flags, dt) : 
========================================================
Newton iteration number 0
Current state of Newton iteration:
   fcount_newton   == 1
   fcount_optimiza == 0
   L2Norm(x)       == 0.0248809
   L2Norm(dxN)     == 0
   L2Norm(dxOpt)   == 0
   L2Dist(x,x0)    == 0
gx == L2Norm(G(x)) : 
   initial  gx == 2.01531e-06
   previous gx == 2.01531e-06
   current  gx == 2.01531e-06
rx == 1/2 L2Norm2(G(x)) : 
   initial  rx == 2.03074e-12
   previous rx == 2.03074e-12
   current  rx == 2.03074e-12
         delta == 0.01
Newt,GMRES == 0,0, f(u, N, dt, f_u, flags, dt) :  res == 0.999969
Newt,GMRES == 0,1, f(u, N, dt, f_u, flags, dt) :  res == 0.452346
Newt,GMRES == 0,2, f(u, N, dt, f_u, flags, dt) :  res == 0.108423
Newt,GMRES == 0,3, f(u, N, dt, f_u, flags, dt) :  res == 0.0382473
GMRES converged. Breaking.
Hookstep optimization is currently not implemented with Arclength Continuation.
Optimized Newton algorithm with AC: Computing residual to check convergence...f(u, N, dt, f_u, flags, dt) : : gx = 5.6246e-07 < 2.01531e-06
The residual is decreasing if we take this AC-Newton step.

Taking best step and continuing Newton iteration.
L2Norm(G(x)) == 5.6246e-07
rx           == 1.58181e-13
L2Norm(dxN)  == 0.000812786
L2Norm(dxOpt)== 0.000812786
========================================================
Newton iteration number 1
Current state of Newton iteration:
   fcount_newton   == 5
   fcount_optimiza == 1
   L2Norm(x)       == 0.0243456
   L2Norm(dxN)     == 0.000812786
   L2Norm(dxOpt)   == 0.000812786
   L2Dist(x,x0)    == 0.000812876
gx == L2Norm(G(x)) : 
   initial  gx == 2.01531e-06
   previous gx == 2.01531e-06
   current  gx == 5.6246e-07
rx == 1/2 L2Norm2(G(x)) : 
   initial  rx == 2.03074e-12
   previous rx == 2.03074e-12
   current  rx == 1.58181e-13
         delta == 0.01
Newt,GMRES == 1,0, f(u, N, dt, f_u, flags, dt) :  res == 0.999934
Newt,GMRES == 1,1, f(u, N, dt, f_u, flags, dt) :  res == 0.77735
Newt,GMRES == 1,2, f(u, N, dt, f_u, flags, dt) :  res == 0.208846
Newt,GMRES == 1,3, f(u, N, dt, f_u, flags, dt) :  res == 0.044737
GMRES converged. Breaking.
Hookstep optimization is currently not implemented with Arclength Continuation.
Optimized Newton algorithm with AC: Computing residual to check convergence...f(u, N, dt, f_u, flags, dt) : : gx = 3.94278e-07 < 5.6246e-07
The residual is decreasing if we take this AC-Newton step.

Taking best step and continuing Newton iteration.
L2Norm(G(x)) == 3.94278e-07
rx           == 7.77277e-14
L2Norm(dxN)  == 0.000526544
L2Norm(dxOpt)== 0.000526544
========================================================
Newton iteration number 2
Current state of Newton iteration:
   fcount_newton   == 9
   fcount_optimiza == 2
   L2Norm(x)       == 0.0240037
   L2Norm(dxN)     == 0.000526544
   L2Norm(dxOpt)   == 0.000526544
   L2Dist(x,x0)    == 0.00132838
gx == L2Norm(G(x)) : 
   initial  gx == 2.01531e-06
   previous gx == 5.6246e-07
   current  gx == 3.94278e-07
rx == 1/2 L2Norm2(G(x)) : 
   initial  rx == 2.03074e-12
   previous rx == 1.58181e-13
   current  rx == 7.77277e-14
         delta == 0.01
Newt,GMRES == 2,0, f(u, N, dt, f_u, flags, dt) :  res == 0.999982
Newt,GMRES == 2,1, f(u, N, dt, f_u, flags, dt) :  res == 0.982367
Newt,GMRES == 2,2, f(u, N, dt, f_u, flags, dt) :  res == 0.285246
Newt,GMRES == 2,3, f(u, N, dt, f_u, flags, dt) :  res == 0.0980582
GMRES converged. Breaking.
Hookstep optimization is currently not implemented with Arclength Continuation.
Optimized Newton algorithm with AC: Computing residual to check convergence...f(u, N, dt, f_u, flags, dt) : : gx = 1.1418e-06 > 3.94278e-07
The error is increasing if we take the Newton step. Newton step optimization leaves step size correction to arclength continuation.
