Computing G(x)
f(u, N, dt, f_u, flags, dt) : 
========================================================
Newton iteration number 0
Current state of Newton iteration:
   fcount_newton   == 1
   fcount_optimiza == 0
   L2Norm(x)       == 0.00832737
   L2Norm(dxN)     == 0
   L2Norm(dxOpt)   == 0
   L2Dist(x,x0)    == 0
gx == L2Norm(G(x)) : 
   initial  gx == 4.46905e-06
   previous gx == 4.46905e-06
   current  gx == 4.46905e-06
rx == 1/2 L2Norm2(G(x)) : 
   initial  rx == 9.9862e-12
   previous rx == 9.9862e-12
   current  rx == 9.9862e-12
         delta == 0.01
Newt,GMRES == 0,0, f(u, N, dt, f_u, flags, dt) :  res == 0.0794095
GMRES converged. Breaking.
------------------------------------------------
Beginning hookstep calculations.
-------------------------------------------
Hookstep number 0
delta == 0.01
Newton step is within trust region: 
L2Norm(dxN) == 0.000141287 <= 0.01 == delta
Computing residual of hookstep dxH
L2Norm(dxH) == 0.000141287
f(u, N, dt, f_u, flags, dt) : 
r(x), r(x+dxH) == 9.9862e-12, 1.89765e-12
Computing local quadratic model of residual
f(u, N, dt, f_u, flags, dt) : 
Determining what to do with current Newton/hookstep and trust region
rx       ==    9.9862e-12 residual at current position
rH       ==   1.89765e-12 residual of newton/hookstep
Delta_rH ==  -8.08855e-12 actual improvement in residual from newton/hookstep

             -1.09637e-14 lower bound for acceptable improvement
             -7.92311e-13 upper bound for ok improvement.
             -5.94233e-12 upper bound for good improvement.
              -7.1308e-12 upper bound for accurate prediction.
Delta_rH ==  -8.08855e-12 ------> Accurate <------
             -8.71542e-12 lower bound for accurate prediction.
             -1.09637e-11 local linear model of improvement
lambda       == 1.90664 is the reduction/increase factor for delta suggested by quadratic model
lambda*delta == 0.0190664 is the delta suggested by quadratic model
Improvement is Accurate (some form of acceptable).
Stop adjusting trust region and take a step because
Improvement is merely Poor, Ok, or Good : 0
Newton step is within trust region      : 1
Backup step is better                   : 0
Delta has reached local limit           : 0
Take current step and leave delta unchanged, for the following reasons:
improvement            : Accurate
|newtonstep| <= delta  : true
delta >= deltaMax      : false
delta == 0.01

Taking best step and continuing Newton iteration.
L2Norm(G(x)) == 1.94815e-06
rx           == 1.89765e-12
L2Norm(dxN)  == 0.000141287
L2Norm(dxOpt)== 0.000141287
========================================================
Newton iteration number 1
Current state of Newton iteration:
   fcount_newton   == 2
   fcount_optimiza == 2
   L2Norm(x)       == 0.00818847
   L2Norm(dxN)     == 0.000141287
   L2Norm(dxOpt)   == 0.000141287
   L2Dist(x,x0)    == 0.000141287
gx == L2Norm(G(x)) : 
   initial  gx == 4.46905e-06
   previous gx == 4.46905e-06
   current  gx == 1.94815e-06
rx == 1/2 L2Norm2(G(x)) : 
   initial  rx == 9.9862e-12
   previous rx == 9.9862e-12
   current  rx == 1.89765e-12
         delta == 0.01
Newt,GMRES == 1,0, f(u, N, dt, f_u, flags, dt) :  res == 0.296305
Newt,GMRES == 1,1, f(u, N, dt, f_u, flags, dt) :  res == 0.0639349
GMRES converged. Breaking.
------------------------------------------------
Beginning hookstep calculations.
-------------------------------------------
Hookstep number 0
delta == 0.01
Newton step is within trust region: 
L2Norm(dxN) == 0.000115773 <= 0.01 == delta
Computing residual of hookstep dxH
L2Norm(dxH) == 0.000115773
f(u, N, dt, f_u, flags, dt) : 
r(x), r(x+dxH) == 1.89765e-12, 8.78031e-15
Computing local quadratic model of residual
f(u, N, dt, f_u, flags, dt) : 
Determining what to do with current Newton/hookstep and trust region
rx       ==   1.89765e-12 residual at current position
rH       ==   8.78031e-15 residual of newton/hookstep
Delta_rH ==  -1.88887e-12 actual improvement in residual from newton/hookstep

             -3.77714e-15 lower bound for acceptable improvement
             -1.88991e-13 upper bound for ok improvement.
             -1.41743e-12 upper bound for good improvement.
             -1.70092e-12 upper bound for accurate prediction.
Delta_rH ==  -1.88887e-12 ------> Accurate <------
              -2.0789e-12 lower bound for accurate prediction.
             -3.77714e-12 local linear model of improvement
lambda       == 1.00016 is the reduction/increase factor for delta suggested by quadratic model
lambda*delta == 0.0100016 is the delta suggested by quadratic model
Improvement is Accurate (some form of acceptable).
Stop adjusting trust region and take a step because
Improvement is merely Poor, Ok, or Good : 0
Newton step is within trust region      : 1
Backup step is better                   : 0
Delta has reached local limit           : 0
Take current step and leave delta unchanged, for the following reasons:
improvement            : Accurate
|newtonstep| <= delta  : true
delta >= deltaMax      : false
delta == 0.01

Taking best step and continuing Newton iteration.
L2Norm(G(x)) == 1.32516e-07
rx           == 8.78031e-15
L2Norm(dxN)  == 0.000115773
L2Norm(dxOpt)== 0.000115773
========================================================
Newton iteration number 2
Current state of Newton iteration:
   fcount_newton   == 4
   fcount_optimiza == 4
   L2Norm(x)       == 0.00809275
   L2Norm(dxN)     == 0.000115773
   L2Norm(dxOpt)   == 0.000115773
   L2Dist(x,x0)    == 0.000248117
gx == L2Norm(G(x)) : 
   initial  gx == 4.46905e-06
   previous gx == 1.94815e-06
   current  gx == 1.32516e-07
rx == 1/2 L2Norm2(G(x)) : 
   initial  rx == 9.9862e-12
   previous rx == 1.89765e-12
   current  rx == 8.78031e-15
         delta == 0.01
Newt,GMRES == 2,0, f(u, N, dt, f_u, flags, dt) :  res == 0.864401
Newt,GMRES == 2,1, f(u, N, dt, f_u, flags, dt) :  res == 0.318883
Newt,GMRES == 2,2, f(u, N, dt, f_u, flags, dt) :  res == 0.0136067
GMRES converged. Breaking.
------------------------------------------------
Beginning hookstep calculations.
-------------------------------------------
Hookstep number 0
delta == 0.01
Newton step is within trust region: 
L2Norm(dxN) == 1.87213e-05 <= 0.01 == delta
Computing residual of hookstep dxH
L2Norm(dxH) == 1.87213e-05
f(u, N, dt, f_u, flags, dt) : 
r(x), r(x+dxH) == 8.78031e-15, 1.70548e-18
Computing local quadratic model of residual
f(u, N, dt, f_u, flags, dt) : 
Determining what to do with current Newton/hookstep and trust region
rx       ==   8.78031e-15 residual at current position
rH       ==   1.70548e-18 residual of newton/hookstep
Delta_rH ==   -8.7786e-15 actual improvement in residual from newton/hookstep

             -1.75776e-17 lower bound for acceptable improvement
             -8.77855e-16 upper bound for ok improvement.
             -6.58391e-15 upper bound for good improvement.
              -7.9007e-15 upper bound for accurate prediction.
Delta_rH ==   -8.7786e-15 ------> Accurate <------
             -9.65641e-15 lower bound for accurate prediction.
             -1.75776e-14 local linear model of improvement
lambda       == 0.998841 is the reduction/increase factor for delta suggested by quadratic model
lambda*delta == 0.00998841 is the delta suggested by quadratic model
Improvement is Accurate (some form of acceptable).
Stop adjusting trust region and take a step because
Improvement is merely Poor, Ok, or Good : 0
Newton step is within trust region      : 1
Backup step is better                   : 0
Delta has reached local limit           : 0
Take current step and leave delta unchanged, for the following reasons:
improvement            : Accurate
|newtonstep| <= delta  : true
delta >= deltaMax      : false
delta == 0.01

Taking best step and continuing Newton iteration.
L2Norm(G(x)) == 1.84688e-09
rx           == 1.70548e-18
L2Norm(dxN)  == 1.87213e-05
L2Norm(dxOpt)== 1.87213e-05
========================================================
Newton iteration number 3
Current state of Newton iteration:
   fcount_newton   == 7
   fcount_optimiza == 6
   L2Norm(x)       == 0.00809806
   L2Norm(dxN)     == 1.87213e-05
   L2Norm(dxOpt)   == 1.87213e-05
   L2Dist(x,x0)    == 0.000246878
gx == L2Norm(G(x)) : 
   initial  gx == 4.46905e-06
   previous gx == 1.32516e-07
   current  gx == 1.84688e-09
rx == 1/2 L2Norm2(G(x)) : 
   initial  rx == 9.9862e-12
   previous rx == 8.78031e-15
   current  rx == 1.70548e-18
         delta == 0.01
Newt,GMRES == 3,0, f(u, N, dt, f_u, flags, dt) :  res == 0.645664
Newt,GMRES == 3,1, f(u, N, dt, f_u, flags, dt) :  res == 0.228605
Newt,GMRES == 3,2, f(u, N, dt, f_u, flags, dt) :  res == 0.0421367
GMRES converged. Breaking.
------------------------------------------------
Beginning hookstep calculations.
-------------------------------------------
Hookstep number 0
delta == 0.01
Newton step is within trust region: 
L2Norm(dxN) == 2.85483e-07 <= 0.01 == delta
Computing residual of hookstep dxH
L2Norm(dxH) == 2.85483e-07
f(u, N, dt, f_u, flags, dt) : 
r(x), r(x+dxH) == 1.70548e-18, 3.03161e-21
Computing local quadratic model of residual
f(u, N, dt, f_u, flags, dt) : 
Determining what to do with current Newton/hookstep and trust region
rx       ==   1.70548e-18 residual at current position
rH       ==   3.03161e-21 residual of newton/hookstep
Delta_rH ==  -1.70245e-18 actual improvement in residual from newton/hookstep

             -3.40548e-21 lower bound for acceptable improvement
             -1.70245e-19 upper bound for ok improvement.
             -1.27684e-18 upper bound for good improvement.
             -1.53221e-18 upper bound for accurate prediction.
Delta_rH ==  -1.70245e-18 ------> Accurate <------
              -1.8727e-18 lower bound for accurate prediction.
             -3.40548e-18 local linear model of improvement
lambda       == 0.999829 is the reduction/increase factor for delta suggested by quadratic model
lambda*delta == 0.00999829 is the delta suggested by quadratic model
Improvement is Accurate (some form of acceptable).
Stop adjusting trust region and take a step because
Improvement is merely Poor, Ok, or Good : 0
Newton step is within trust region      : 1
Backup step is better                   : 0
Delta has reached local limit           : 0
Take current step and leave delta unchanged, for the following reasons:
improvement            : Accurate
|newtonstep| <= delta  : true
delta >= deltaMax      : false
delta == 0.01

Taking best step and continuing Newton iteration.
L2Norm(G(x)) == 7.78666e-11
rx           == 3.03161e-21
L2Norm(dxN)  == 2.85483e-07
L2Norm(dxOpt)== 2.85483e-07
========================================================
Newton iteration number 4
Current state of Newton iteration:
   fcount_newton   == 10
   fcount_optimiza == 8
   L2Norm(x)       == 0.00809803
   L2Norm(dxN)     == 2.85483e-07
   L2Norm(dxOpt)   == 2.85483e-07
   L2Dist(x,x0)    == 0.000246898
gx == L2Norm(G(x)) : 
   initial  gx == 4.46905e-06
   previous gx == 1.84688e-09
   current  gx == 7.78666e-11
rx == 1/2 L2Norm2(G(x)) : 
   initial  rx == 9.9862e-12
   previous rx == 1.70548e-18
   current  rx == 3.03161e-21
         delta == 0.01
Newt,GMRES == 4,0, f(u, N, dt, f_u, flags, dt) :  res == 0.260861
Newt,GMRES == 4,1, f(u, N, dt, f_u, flags, dt) :  res == 0.257168
Newt,GMRES == 4,2, f(u, N, dt, f_u, flags, dt) :  res == 0.0485927
GMRES converged. Breaking.
------------------------------------------------
Beginning hookstep calculations.
-------------------------------------------
Hookstep number 0
delta == 0.01
Newton step is within trust region: 
L2Norm(dxN) == 1.15644e-08 <= 0.01 == delta
Computing residual of hookstep dxH
L2Norm(dxH) == 1.15644e-08
f(u, N, dt, f_u, flags, dt) : 
r(x), r(x+dxH) == 3.03161e-21, 7.32757e-24
Computing local quadratic model of residual
f(u, N, dt, f_u, flags, dt) : 
Determining what to do with current Newton/hookstep and trust region
rx       ==   3.03161e-21 residual at current position
rH       ==   7.32757e-24 residual of newton/hookstep
Delta_rH ==  -3.02428e-21 actual improvement in residual from newton/hookstep

              -6.0521e-24 lower bound for acceptable improvement
             -3.02428e-22 upper bound for ok improvement.
             -2.26821e-21 upper bound for good improvement.
             -2.72185e-21 upper bound for accurate prediction.
Delta_rH ==  -3.02428e-21 ------> Accurate <------
             -3.32671e-21 lower bound for accurate prediction.
              -6.0521e-21 local linear model of improvement
lambda       == 0.999416 is the reduction/increase factor for delta suggested by quadratic model
lambda*delta == 0.00999416 is the delta suggested by quadratic model
Improvement is Accurate (some form of acceptable).
Stop adjusting trust region and take a step because
Improvement is merely Poor, Ok, or Good : 0
Newton step is within trust region      : 1
Backup step is better                   : 0
Delta has reached local limit           : 0
Take current step and leave delta unchanged, for the following reasons:
improvement            : Accurate
|newtonstep| <= delta  : true
delta >= deltaMax      : false
delta == 0.01

Taking best step and continuing Newton iteration.
L2Norm(G(x)) == 3.8282e-12
rx           == 7.32757e-24
L2Norm(dxN)  == 1.15644e-08
L2Norm(dxOpt)== 1.15644e-08
========================================================
Newton iteration number 5
Current state of Newton iteration:
   fcount_newton   == 13
   fcount_optimiza == 10
   L2Norm(x)       == 0.00809803
   L2Norm(dxN)     == 1.15644e-08
   L2Norm(dxOpt)   == 1.15644e-08
   L2Dist(x,x0)    == 0.000246899
gx == L2Norm(G(x)) : 
   initial  gx == 4.46905e-06
   previous gx == 7.78666e-11
   current  gx == 3.8282e-12
rx == 1/2 L2Norm2(G(x)) : 
   initial  rx == 9.9862e-12
   previous rx == 3.03161e-21
   current  rx == 7.32757e-24
         delta == 0.01
Newton search converged. Breaking.
L2Norm(G(x)) == 3.8282e-12 < epsSearch == 1e-11
