Computing G(x)
f(u, N, dt, f_u, flags, dt) : 
========================================================
Newton iteration number 0
Current state of Newton iteration:
   fcount_newton   == 1
   fcount_optimiza == 0
   L2Norm(x)       == 0.0666667
   L2Norm(dxN)     == 0
   L2Norm(dxOpt)   == 0
   L2Dist(x,x0)    == 0
gx == L2Norm(G(x)) : 
   initial  gx == 0.000232145
   previous gx == 0.000232145
   current  gx == 0.000232145
rx == 1/2 L2Norm2(G(x)) : 
   initial  rx == 2.69457e-08
   previous rx == 2.69457e-08
   current  rx == 2.69457e-08
         delta == 0.01
Newt,GMRES == 0,0, f(u, N, dt, f_u, flags, dt) :  res == 0.703709
Newt,GMRES == 0,1, f(u, N, dt, f_u, flags, dt) :  res == 5.16186e-06
GMRES converged. Breaking.
------------------------------------------------
Beginning hookstep calculations.
-------------------------------------------
Hookstep number 0
delta == 0.01
Newton step is outside trust region: 
L2Norm(dxN) == 0.0159953 > 0.01 == delta
Calculate hookstep dxH(mu) with radius L2Norm(dxH(mu)) == delta
mu, L2Norm(dxH(mu)) == 0, 0.0159953
mu, L2Norm(dxH(mu)) == 0.00487068, 0.0107569
mu, L2Norm(dxH(mu)) == 0.00595734, 0.0100249
mu, L2Norm(dxH(mu)) == 0.00599706, 0.01
mu, L2Norm(dxH(mu)) == 0.00599711, 0.01
Found hookstep of proper radius
ndxHmu == 0.01 ~= 0.01 == delta 
Computing residual of hookstep dxH
L2Norm(dxH) == 0.01
f(u, N, dt, f_u, flags, dt) : 
r(x), r(x+dxH) == 2.69457e-08, 1.61457e-08
Computing local quadratic model of residual
f(u, N, dt, f_u, flags, dt) : 
Determining what to do with current Newton/hookstep and trust region
rx       ==   2.69457e-08 residual at current position
rH       ==   1.61457e-08 residual of newton/hookstep
Delta_rH ==     -1.08e-08 actual improvement in residual from newton/hookstep

             -5.81479e-10 lower bound for acceptable improvement
              5.06791e-07 upper bound for ok improvement.
              3.80094e-06 upper bound for good improvement.
Delta_rH ==     -1.08e-08 ------> Good <------
              5.57471e-06 upper bound for accurate prediction.
              4.56112e-06 lower bound for accurate prediction.
             -5.81479e-07 local linear model of improvement
lambda       == 0.509462 is the reduction/increase factor for delta suggested by quadratic model
lambda*delta == 0.00509462 is the delta suggested by quadratic model
Improvement is Good (some form of acceptable).
Stop adjusting trust region and take a step because
Improvement is merely Poor, Ok, or Good : 1
Newton step is within trust region      : 0
Backup step is better                   : 0
Delta has reached local limit           : 0
Take step and increase delta, if there's room.
lambda == 0.509462 is too small. Resetting to lambda == 1
  old delta == 0.01
  new delta == 0.01

Taking best step and continuing Newton iteration.
L2Norm(G(x)) == 0.000179698
rx           == 1.61457e-08
L2Norm(dxN)  == 0.0159953
L2Norm(dxOpt)== 0.01
========================================================
Newton iteration number 1
Current state of Newton iteration:
   fcount_newton   == 3
   fcount_optimiza == 2
   L2Norm(x)       == 0.0704403
   L2Norm(dxN)     == 0.0159953
   L2Norm(dxOpt)   == 0.01
   L2Dist(x,x0)    == 0.01
gx == L2Norm(G(x)) : 
   initial  gx == 0.000232145
   previous gx == 0.000232145
   current  gx == 0.000179698
rx == 1/2 L2Norm2(G(x)) : 
   initial  rx == 2.69457e-08
   previous rx == 2.69457e-08
   current  rx == 1.61457e-08
         delta == 0.01
Newt,GMRES == 1,0, f(u, N, dt, f_u, flags, dt) :  res == 0.000111135
GMRES converged. Breaking.
------------------------------------------------
Beginning hookstep calculations.
-------------------------------------------
Hookstep number 0
delta == 0.01
Newton step is outside trust region: 
L2Norm(dxN) == 0.0179754 > 0.01 == delta
Calculate hookstep dxH(mu) with radius L2Norm(dxH(mu)) == delta
mu, L2Norm(dxH(mu)) == 0, 0.0179754
mu, L2Norm(dxH(mu)) == 0.00620418, 0.0110917
mu, L2Norm(dxH(mu)) == 0.00788586, 0.0100487
mu, L2Norm(dxH(mu)) == 0.00797269, 0.0100001
mu, L2Norm(dxH(mu)) == 0.0079729, 0.01
Found hookstep of proper radius
ndxHmu == 0.01 ~= 0.01 == delta 
Computing residual of hookstep dxH
L2Norm(dxH) == 0.01
f(u, N, dt, f_u, flags, dt) : 
r(x), r(x+dxH) == 1.61457e-08, 3.1775e-09
Computing local quadratic model of residual
f(u, N, dt, f_u, flags, dt) : 
Determining what to do with current Newton/hookstep and trust region
rx       ==   1.61457e-08 residual at current position
rH       ==    3.1775e-09 residual of newton/hookstep
Delta_rH ==  -1.29682e-08 actual improvement in residual from newton/hookstep

             -1.80402e-11 lower bound for acceptable improvement
             -1.30009e-09 upper bound for ok improvement.
             -9.75071e-09 upper bound for good improvement.
             -1.17008e-08 upper bound for accurate prediction.
Delta_rH ==  -1.29682e-08 ------> Accurate <------
              -1.4301e-08 lower bound for accurate prediction.
             -1.80402e-08 local linear model of improvement
lambda       == 1.77842 is the reduction/increase factor for delta suggested by quadratic model
lambda*delta == 0.0177842 is the delta suggested by quadratic model
Improvement is Accurate
  old delta == 0.01
  new delta == 0.015
Continue adjusting trust region radius delta because
Suggested delta has room: new_delta < deltaMaxLocal 0.015 < 0.1
Increase delta and recompute hookstep.
 old delta == 0.01
 new delta == 0.015
-------------------------------------------
Hookstep number 1
delta == 0.015
Newton step is outside trust region: 
L2Norm(dxN) == 0.0179754 > 0.015 == delta
Calculate hookstep dxH(mu) with radius L2Norm(dxH(mu)) == delta
mu, L2Norm(dxH(mu)) == 0, 0.0179754
mu, L2Norm(dxH(mu)) == 0.00181885, 0.0152083
mu, L2Norm(dxH(mu)) == 0.00198184, 0.0150014
mu, L2Norm(dxH(mu)) == 0.00198296, 0.015
Found hookstep of proper radius
ndxHmu == 0.015 ~= 0.015 == delta 
Computing residual of hookstep dxH
L2Norm(dxH) == 0.015
f(u, N, dt, f_u, flags, dt) : 
r(x), r(x+dxH) == 1.61457e-08, 4.41749e-10
Computing local quadratic model of residual
f(u, N, dt, f_u, flags, dt) : 
Determining what to do with current Newton/hookstep and trust region
rx       ==   1.61457e-08 residual at current position
rH       ==   4.41749e-10 residual of newton/hookstep
Delta_rH ==   -1.5704e-08 actual improvement in residual from newton/hookstep

             -2.70743e-11 lower bound for acceptable improvement
             -1.57242e-09 upper bound for ok improvement.
             -1.17932e-08 upper bound for good improvement.
             -1.41518e-08 upper bound for accurate prediction.
Delta_rH ==   -1.5704e-08 ------> Accurate <------
             -1.72966e-08 lower bound for accurate prediction.
             -2.70743e-08 local linear model of improvement
lambda       == 1.19057 is the reduction/increase factor for delta suggested by quadratic model
lambda*delta == 0.0178585 is the delta suggested by quadratic model
Improvement is Accurate
  old delta == 0.015
  new delta == 0.0225
Continue adjusting trust region radius delta because
Suggested delta has room: new_delta < deltaMaxLocal 0.0225 < 0.1
And residual is improving:     rH < backup_sS     4.41749e-10 < 3.1775e-09
Increase delta and recompute hookstep.
 old delta == 0.015
 new delta == 0.0225
-------------------------------------------
Hookstep number 2
delta == 0.0225
Newton step is within trust region: 
L2Norm(dxN) == 0.0179754 <= 0.0225 == delta
Computing residual of hookstep dxH
L2Norm(dxH) == 0.0179754
f(u, N, dt, f_u, flags, dt) : 
r(x), r(x+dxH) == 1.61457e-08, 4.28342e-16
Computing local quadratic model of residual
f(u, N, dt, f_u, flags, dt) : 
Determining what to do with current Newton/hookstep and trust region
rx       ==   1.61457e-08 residual at current position
rH       ==   4.28342e-16 residual of newton/hookstep
Delta_rH ==  -1.61457e-08 actual improvement in residual from newton/hookstep

             -3.24523e-11 lower bound for acceptable improvement
             -1.61453e-09 upper bound for ok improvement.
             -1.21089e-08 upper bound for good improvement.
             -1.45307e-08 upper bound for accurate prediction.
Delta_rH ==  -1.61457e-08 ------> Accurate <------
             -1.77598e-08 lower bound for accurate prediction.
             -3.24523e-08 local linear model of improvement
lambda       == 0.995068 is the reduction/increase factor for delta suggested by quadratic model
lambda*delta == 0.022389 is the delta suggested by quadratic model
Improvement is Accurate (some form of acceptable).
Stop adjusting trust region and take a step because
Improvement is merely Poor, Ok, or Good : 0
Newton step is within trust region      : 1
Backup step is better                   : 0
Delta has reached local limit           : 0
Take current step and keep current delta, since it's produced best result.
delta == 0.0225

Taking best step and continuing Newton iteration.
L2Norm(G(x)) == 2.92692e-08
rx           == 4.28342e-16
L2Norm(dxN)  == 0.0179754
L2Norm(dxOpt)== 0.0179754
========================================================
Newton iteration number 2
Current state of Newton iteration:
   fcount_newton   == 4
   fcount_optimiza == 8
   L2Norm(x)       == 0.0883037
   L2Norm(dxN)     == 0.0179754
   L2Norm(dxOpt)   == 0.0179754
   L2Dist(x,x0)    == 0.0232191
gx == L2Norm(G(x)) : 
   initial  gx == 0.000232145
   previous gx == 0.000179698
   current  gx == 2.92692e-08
rx == 1/2 L2Norm2(G(x)) : 
   initial  rx == 2.69457e-08
   previous rx == 1.61457e-08
   current  rx == 4.28342e-16
         delta == 0.0225
Newt,GMRES == 2,0, f(u, N, dt, f_u, flags, dt) :  res == 7.29017e-05
GMRES converged. Breaking.
------------------------------------------------
Beginning hookstep calculations.
-------------------------------------------
Hookstep number 0
delta == 0.0225
Newton step is within trust region: 
L2Norm(dxN) == 2.92708e-06 <= 0.0225 == delta
Computing residual of hookstep dxH
L2Norm(dxH) == 2.92708e-06
f(u, N, dt, f_u, flags, dt) : 
r(x), r(x+dxH) == 4.28342e-16, 2.08184e-24
Computing local quadratic model of residual
f(u, N, dt, f_u, flags, dt) : 
Determining what to do with current Newton/hookstep and trust region
rx       ==   4.28342e-16 residual at current position
rH       ==   2.08184e-24 residual of newton/hookstep
Delta_rH ==  -4.28342e-16 actual improvement in residual from newton/hookstep

             -8.56174e-19 lower bound for acceptable improvement
             -4.28342e-17 upper bound for ok improvement.
             -3.21257e-16 upper bound for good improvement.
             -3.85508e-16 upper bound for accurate prediction.
Delta_rH ==  -4.28342e-16 ------> Accurate <------
             -4.71176e-16 lower bound for accurate prediction.
             -8.56174e-16 local linear model of improvement
lambda       == 1.0006 is the reduction/increase factor for delta suggested by quadratic model
lambda*delta == 0.0225134 is the delta suggested by quadratic model
Improvement is Accurate (some form of acceptable).
Stop adjusting trust region and take a step because
Improvement is merely Poor, Ok, or Good : 0
Newton step is within trust region      : 1
Backup step is better                   : 0
Delta has reached local limit           : 0
Take current step and leave delta unchanged, for the following reasons:
improvement            : Accurate
|newtonstep| <= delta  : true
delta >= deltaMax      : false
delta == 0.0225

Taking best step and continuing Newton iteration.
L2Norm(G(x)) == 2.04051e-12
rx           == 2.08184e-24
L2Norm(dxN)  == 2.92708e-06
L2Norm(dxOpt)== 2.92708e-06
========================================================
Newton iteration number 3
Current state of Newton iteration:
   fcount_newton   == 5
   fcount_optimiza == 10
   L2Norm(x)       == 0.0883009
   L2Norm(dxN)     == 2.92708e-06
   L2Norm(dxOpt)   == 2.92708e-06
   L2Dist(x,x0)    == 0.0232161
gx == L2Norm(G(x)) : 
   initial  gx == 0.000232145
   previous gx == 2.92692e-08
   current  gx == 2.04051e-12
rx == 1/2 L2Norm2(G(x)) : 
   initial  rx == 2.69457e-08
   previous rx == 4.28342e-16
   current  rx == 2.08184e-24
         delta == 0.0225
Newton search converged. Breaking.
L2Norm(G(x)) == 2.04051e-12 < epsSearch == 1e-11
