f(u, N, dt, f_u, flags, dt) : f(u, N, dt, f_u, flags, dt) : Computing G(x)
f(u, N, dt, f_u, flags, dt) : 
========================================================
Newton iteration number 0
Current state of Newton iteration:
   fcount_newton   == 1
   fcount_optimiza == 0
   L2Norm(x)       == 0.0837352
   L2Norm(dxN)     == 0
   L2Norm(dxOpt)   == 0
   L2Dist(x,x0)    == 0
gx == L2Norm(G(x)) : 
   initial  gx == 1.37383e-08
   previous gx == 1.37383e-08
   current  gx == 1.37383e-08
rx == 1/2 L2Norm2(G(x)) : 
   initial  rx == 9.4371e-17
   previous rx == 9.4371e-17
   current  rx == 9.4371e-17
         delta == 0.01
Newt,GMRES == 0,0, f(u, N, dt, f_u, flags, dt) :  res == 0.691492
Newt,GMRES == 0,1, f(u, N, dt, f_u, flags, dt) :  res == 5.43048e-05
GMRES converged. Breaking.
Hookstep optimization is currently not implemented with Arclength Continuation.
Optimized Newton algorithm with AC: Computing residual to check convergence...f(u, N, dt, f_u, flags, dt) : : gx = 6.00707e-13 < 1.37383e-08
The residual is decreasing if we take this AC-Newton step.

Taking best step and continuing Newton iteration.
L2Norm(G(x)) == 6.00707e-13
rx           == 1.80424e-25
L2Norm(dxN)  == 1.37395e-06
L2Norm(dxOpt)== 1.37395e-06
========================================================
Newton iteration number 1
Current state of Newton iteration:
   fcount_newton   == 3
   fcount_optimiza == 1
   L2Norm(x)       == 0.0837339
   L2Norm(dxN)     == 1.37395e-06
   L2Norm(dxOpt)   == 1.37395e-06
   L2Dist(x,x0)    == 1.37395e-06
gx == L2Norm(G(x)) : 
   initial  gx == 1.37383e-08
   previous gx == 1.37383e-08
   current  gx == 6.00707e-13
rx == 1/2 L2Norm2(G(x)) : 
   initial  rx == 9.4371e-17
   previous rx == 9.4371e-17
   current  rx == 1.80424e-25
         delta == 0.01
Newton search converged. Breaking.
L2Norm(G(x)) == 6.00707e-13 < epsSearch == 1e-11
