f(u, N, dt, f_u, flags, dt) : f(u, N, dt, f_u, flags, dt) : Computing G(x)
f(u, N, dt, f_u, flags, dt) : 
========================================================
Newton iteration number 0
Current state of Newton iteration:
   fcount_newton   == 1
   fcount_optimiza == 0
   L2Norm(x)       == 0.00931827
   L2Norm(dxN)     == 0
   L2Norm(dxOpt)   == 0
   L2Dist(x,x0)    == 0
gx == L2Norm(G(x)) : 
   initial  gx == 1.79196e-05
   previous gx == 1.79196e-05
   current  gx == 1.79196e-05
rx == 1/2 L2Norm2(G(x)) : 
   initial  rx == 1.60556e-10
   previous rx == 1.60556e-10
   current  rx == 1.60556e-10
         delta == 0.01
Newt,GMRES == 0,0, f(u, N, dt, f_u, flags, dt) :  res == 0.999515
Newt,GMRES == 0,1, f(u, N, dt, f_u, flags, dt) :  res == 0.907996
Newt,GMRES == 0,2, f(u, N, dt, f_u, flags, dt) :  res == 0.168658
Newt,GMRES == 0,3, f(u, N, dt, f_u, flags, dt) :  res == 0.0278518
GMRES converged. Breaking.
Hookstep optimization is currently not implemented with Arclength Continuation.
Optimized Newton algorithm with AC: Computing residual to check convergence...f(u, N, dt, f_u, flags, dt) : : gx = 1.22309e-05 < 1.79196e-05
The residual is decreasing if we take this AC-Newton step.

Taking best step and continuing Newton iteration.
L2Norm(G(x)) == 1.22309e-05
rx           == 7.47971e-11
L2Norm(dxN)  == 0.00207615
L2Norm(dxOpt)== 0.00207615
========================================================
Newton iteration number 1
Current state of Newton iteration:
   fcount_newton   == 5
   fcount_optimiza == 1
   L2Norm(x)       == 0.007465
   L2Norm(dxN)     == 0.00207615
   L2Norm(dxOpt)   == 0.00207615
   L2Dist(x,x0)    == 0.00207616
gx == L2Norm(G(x)) : 
   initial  gx == 1.79196e-05
   previous gx == 1.79196e-05
   current  gx == 1.22309e-05
rx == 1/2 L2Norm2(G(x)) : 
   initial  rx == 1.60556e-10
   previous rx == 1.60556e-10
   current  rx == 7.47971e-11
         delta == 0.01
Newt,GMRES == 1,0, f(u, N, dt, f_u, flags, dt) :  res == 0.971174
Newt,GMRES == 1,1, f(u, N, dt, f_u, flags, dt) :  res == 0.369925
Newt,GMRES == 1,2, f(u, N, dt, f_u, flags, dt) :  res == 0.0550509
GMRES converged. Breaking.
Hookstep optimization is currently not implemented with Arclength Continuation.
Optimized Newton algorithm with AC: Computing residual to check convergence...f(u, N, dt, f_u, flags, dt) : : gx = 7.29137e-07 < 1.22309e-05
The residual is decreasing if we take this AC-Newton step.

Taking best step and continuing Newton iteration.
L2Norm(G(x)) == 7.29137e-07
rx           == 2.65821e-13
L2Norm(dxN)  == 0.000740027
L2Norm(dxOpt)== 0.000740027
========================================================
Newton iteration number 2
Current state of Newton iteration:
   fcount_newton   == 8
   fcount_optimiza == 2
   L2Norm(x)       == 0.00811369
   L2Norm(dxN)     == 0.000740027
   L2Norm(dxOpt)   == 0.000740027
   L2Dist(x,x0)    == 0.00149631
gx == L2Norm(G(x)) : 
   initial  gx == 1.79196e-05
   previous gx == 1.22309e-05
   current  gx == 7.29137e-07
rx == 1/2 L2Norm2(G(x)) : 
   initial  rx == 1.60556e-10
   previous rx == 7.47971e-11
   current  rx == 2.65821e-13
         delta == 0.01
Newt,GMRES == 2,0, f(u, N, dt, f_u, flags, dt) :  res == 0.997114
Newt,GMRES == 2,1, f(u, N, dt, f_u, flags, dt) :  res == 0.80963
Newt,GMRES == 2,2, f(u, N, dt, f_u, flags, dt) :  res == 0.292053
Newt,GMRES == 2,3, f(u, N, dt, f_u, flags, dt) :  res == 0.0239902
GMRES converged. Breaking.
Hookstep optimization is currently not implemented with Arclength Continuation.
Optimized Newton algorithm with AC: Computing residual to check convergence...f(u, N, dt, f_u, flags, dt) : : gx = 1.8115e-08 < 7.29137e-07
The residual is decreasing if we take this AC-Newton step.

Taking best step and continuing Newton iteration.
L2Norm(G(x)) == 1.8115e-08
rx           == 1.64077e-16
L2Norm(dxN)  == 0.000105056
L2Norm(dxOpt)== 0.000105056
========================================================
Newton iteration number 3
Current state of Newton iteration:
   fcount_newton   == 12
   fcount_optimiza == 3
   L2Norm(x)       == 0.00811756
   L2Norm(dxN)     == 0.000105056
   L2Norm(dxOpt)   == 0.000105056
   L2Dist(x,x0)    == 0.00147452
gx == L2Norm(G(x)) : 
   initial  gx == 1.79196e-05
   previous gx == 7.29137e-07
   current  gx == 1.8115e-08
rx == 1/2 L2Norm2(G(x)) : 
   initial  rx == 1.60556e-10
   previous rx == 2.65821e-13
   current  rx == 1.64077e-16
         delta == 0.01
Newt,GMRES == 3,0, f(u, N, dt, f_u, flags, dt) :  res == 0.79293
Newt,GMRES == 3,1, f(u, N, dt, f_u, flags, dt) :  res == 0.480947
Newt,GMRES == 3,2, f(u, N, dt, f_u, flags, dt) :  res == 0.198027
Newt,GMRES == 3,3, f(u, N, dt, f_u, flags, dt) :  res == 0.0360354
GMRES converged. Breaking.
Hookstep optimization is currently not implemented with Arclength Continuation.
Optimized Newton algorithm with AC: Computing residual to check convergence...f(u, N, dt, f_u, flags, dt) : : gx = 6.53678e-10 < 1.8115e-08
The residual is decreasing if we take this AC-Newton step.

Taking best step and continuing Newton iteration.
L2Norm(G(x)) == 6.53678e-10
rx           == 2.13648e-19
L2Norm(dxN)  == 2.20605e-06
L2Norm(dxOpt)== 2.20605e-06
========================================================
Newton iteration number 4
Current state of Newton iteration:
   fcount_newton   == 16
   fcount_optimiza == 4
   L2Norm(x)       == 0.00811783
   L2Norm(dxN)     == 2.20605e-06
   L2Norm(dxOpt)   == 2.20605e-06
   L2Dist(x,x0)    == 0.00147391
gx == L2Norm(G(x)) : 
   initial  gx == 1.79196e-05
   previous gx == 1.8115e-08
   current  gx == 6.53678e-10
rx == 1/2 L2Norm2(G(x)) : 
   initial  rx == 1.60556e-10
   previous rx == 1.64077e-16
   current  rx == 2.13648e-19
         delta == 0.01
Newt,GMRES == 4,0, f(u, N, dt, f_u, flags, dt) :  res == 0.954422
Newt,GMRES == 4,1, f(u, N, dt, f_u, flags, dt) :  res == 0.207869
Newt,GMRES == 4,2, f(u, N, dt, f_u, flags, dt) :  res == 0.0351608
GMRES converged. Breaking.
Hookstep optimization is currently not implemented with Arclength Continuation.
Optimized Newton algorithm with AC: Computing residual to check convergence...f(u, N, dt, f_u, flags, dt) : : gx = 2.46592e-11 < 6.53678e-10
The residual is decreasing if we take this AC-Newton step.

Taking best step and continuing Newton iteration.
L2Norm(G(x)) == 2.46592e-11
rx           == 3.04037e-22
L2Norm(dxN)  == 9.02362e-08
L2Norm(dxOpt)== 9.02362e-08
========================================================
Newton iteration number 5
Current state of Newton iteration:
   fcount_newton   == 19
   fcount_optimiza == 5
   L2Norm(x)       == 0.00811783
   L2Norm(dxN)     == 9.02362e-08
   L2Norm(dxOpt)   == 9.02362e-08
   L2Dist(x,x0)    == 0.00147389
gx == L2Norm(G(x)) : 
   initial  gx == 1.79196e-05
   previous gx == 6.53678e-10
   current  gx == 2.46592e-11
rx == 1/2 L2Norm2(G(x)) : 
   initial  rx == 1.60556e-10
   previous rx == 2.13648e-19
   current  rx == 3.04037e-22
         delta == 0.01
Newt,GMRES == 5,0, f(u, N, dt, f_u, flags, dt) :  res == 0.998088
Newt,GMRES == 5,1, f(u, N, dt, f_u, flags, dt) :  res == 0.959474
Newt,GMRES == 5,2, f(u, N, dt, f_u, flags, dt) :  res == 0.160763
Newt,GMRES == 5,3, f(u, N, dt, f_u, flags, dt) :  res == 0.0317617
GMRES converged. Breaking.
Hookstep optimization is currently not implemented with Arclength Continuation.
Optimized Newton algorithm with AC: Computing residual to check convergence...f(u, N, dt, f_u, flags, dt) : : gx = 8.37694e-13 < 2.46592e-11
The residual is decreasing if we take this AC-Newton step.

Taking best step and continuing Newton iteration.
L2Norm(G(x)) == 8.37694e-13
rx           == 3.50865e-25
L2Norm(dxN)  == 2.50205e-09
L2Norm(dxOpt)== 2.50205e-09
========================================================
Newton iteration number 6
Current state of Newton iteration:
   fcount_newton   == 23
   fcount_optimiza == 6
   L2Norm(x)       == 0.00811783
   L2Norm(dxN)     == 2.50205e-09
   L2Norm(dxOpt)   == 2.50205e-09
   L2Dist(x,x0)    == 0.00147389
gx == L2Norm(G(x)) : 
   initial  gx == 1.79196e-05
   previous gx == 2.46592e-11
   current  gx == 8.37694e-13
rx == 1/2 L2Norm2(G(x)) : 
   initial  rx == 1.60556e-10
   previous rx == 3.04037e-22
   current  rx == 3.50865e-25
         delta == 0.01
Newton search converged. Breaking.
L2Norm(G(x)) == 8.37694e-13 < epsSearch == 1e-11
