f(u, N, dt, f_u, flags, dt) : f(u, N, dt, f_u, flags, dt) : Computing G(x)
f(u, N, dt, f_u, flags, dt) : 
========================================================
Newton iteration number 0
Current state of Newton iteration:
   fcount_newton   == 1
   fcount_optimiza == 0
   L2Norm(x)       == 0.0227646
   L2Norm(dxN)     == 0
   L2Norm(dxOpt)   == 0
   L2Dist(x,x0)    == 0
gx == L2Norm(G(x)) : 
   initial  gx == 1.58836e-05
   previous gx == 1.58836e-05
   current  gx == 1.58836e-05
rx == 1/2 L2Norm2(G(x)) : 
   initial  rx == 1.26144e-10
   previous rx == 1.26144e-10
   current  rx == 1.26144e-10
         delta == 0.01
Newt,GMRES == 0,0, f(u, N, dt, f_u, flags, dt) :  res == 0.999615
Newt,GMRES == 0,1, f(u, N, dt, f_u, flags, dt) :  res == 0.115787
Newt,GMRES == 0,2, f(u, N, dt, f_u, flags, dt) :  res == 0.0475454
GMRES converged. Breaking.
Hookstep optimization is currently not implemented with Arclength Continuation.
Optimized Newton algorithm with AC: Computing residual to check convergence...f(u, N, dt, f_u, flags, dt) : : gx = 6.24931e-07 < 1.58836e-05
The residual is decreasing if we take this AC-Newton step.

Taking best step and continuing Newton iteration.
L2Norm(G(x)) == 6.24931e-07
rx           == 1.95269e-13
L2Norm(dxN)  == 0.00178587
L2Norm(dxOpt)== 0.00178587
========================================================
Newton iteration number 1
Current state of Newton iteration:
   fcount_newton   == 4
   fcount_optimiza == 1
   L2Norm(x)       == 0.0212488
   L2Norm(dxN)     == 0.00178587
   L2Norm(dxOpt)   == 0.00178587
   L2Dist(x,x0)    == 0.00178591
gx == L2Norm(G(x)) : 
   initial  gx == 1.58836e-05
   previous gx == 1.58836e-05
   current  gx == 6.24931e-07
rx == 1/2 L2Norm2(G(x)) : 
   initial  rx == 1.26144e-10
   previous rx == 1.26144e-10
   current  rx == 1.95269e-13
         delta == 0.01
Newt,GMRES == 1,0, f(u, N, dt, f_u, flags, dt) :  res == 0.988647
Newt,GMRES == 1,1, f(u, N, dt, f_u, flags, dt) :  res == 0.367436
Newt,GMRES == 1,2, f(u, N, dt, f_u, flags, dt) :  res == 0.0384324
GMRES converged. Breaking.
Hookstep optimization is currently not implemented with Arclength Continuation.
Optimized Newton algorithm with AC: Computing residual to check convergence...f(u, N, dt, f_u, flags, dt) : : gx = 2.55414e-08 < 6.24931e-07
The residual is decreasing if we take this AC-Newton step.

Taking best step and continuing Newton iteration.
L2Norm(G(x)) == 2.55414e-08
rx           == 3.26181e-16
L2Norm(dxN)  == 0.000133812
L2Norm(dxOpt)== 0.000133812
========================================================
Newton iteration number 2
Current state of Newton iteration:
   fcount_newton   == 7
   fcount_optimiza == 2
   L2Norm(x)       == 0.0212279
   L2Norm(dxN)     == 0.000133812
   L2Norm(dxOpt)   == 0.000133812
   L2Dist(x,x0)    == 0.00181651
gx == L2Norm(G(x)) : 
   initial  gx == 1.58836e-05
   previous gx == 6.24931e-07
   current  gx == 2.55414e-08
rx == 1/2 L2Norm2(G(x)) : 
   initial  rx == 1.26144e-10
   previous rx == 1.95269e-13
   current  rx == 3.26181e-16
         delta == 0.01
Newt,GMRES == 2,0, f(u, N, dt, f_u, flags, dt) :  res == 0.993305
Newt,GMRES == 2,1, f(u, N, dt, f_u, flags, dt) :  res == 0.187443
Newt,GMRES == 2,2, f(u, N, dt, f_u, flags, dt) :  res == 0.0607419
GMRES converged. Breaking.
Hookstep optimization is currently not implemented with Arclength Continuation.
Optimized Newton algorithm with AC: Computing residual to check convergence...f(u, N, dt, f_u, flags, dt) : : gx = 1.55131e-09 < 2.55414e-08
The residual is decreasing if we take this AC-Newton step.

Taking best step and continuing Newton iteration.
L2Norm(G(x)) == 1.55131e-09
rx           == 1.20328e-18
L2Norm(dxN)  == 3.17254e-06
L2Norm(dxOpt)== 3.17254e-06
========================================================
Newton iteration number 3
Current state of Newton iteration:
   fcount_newton   == 10
   fcount_optimiza == 3
   L2Norm(x)       == 0.0212275
   L2Norm(dxN)     == 3.17254e-06
   L2Norm(dxOpt)   == 3.17254e-06
   L2Dist(x,x0)    == 0.00181739
gx == L2Norm(G(x)) : 
   initial  gx == 1.58836e-05
   previous gx == 2.55414e-08
   current  gx == 1.55131e-09
rx == 1/2 L2Norm2(G(x)) : 
   initial  rx == 1.26144e-10
   previous rx == 3.26181e-16
   current  rx == 1.20328e-18
         delta == 0.01
Newton search converged. Breaking.
L2Norm(G(x)) == 1.55131e-09 < epsSearch == 1e-08
