f(u, N, dt, f_u, flags, dt) : Computing G(x)
f(u, N, dt, f_u, flags, dt) : 
========================================================
Newton iteration number 0
Current state of Newton iteration:
   fcount_newton   == 1
   fcount_optimiza == 0
   L2Norm(x)       == 0.0215552
   L2Norm(dxN)     == 0
   L2Norm(dxOpt)   == 0
   L2Dist(x,x0)    == 0
gx == L2Norm(G(x)) : 
   initial  gx == 1.86221e-05
   previous gx == 1.86221e-05
   current  gx == 1.86221e-05
rx == 1/2 L2Norm2(G(x)) : 
   initial  rx == 1.73391e-10
   previous rx == 1.73391e-10
   current  rx == 1.73391e-10
         delta == 0.01
Newt,GMRES == 0,0, f(u, N, dt, f_u, flags, dt) :  res == 0.999329
Newt,GMRES == 0,1, f(u, N, dt, f_u, flags, dt) :  res == 0.1401
Newt,GMRES == 0,2, f(u, N, dt, f_u, flags, dt) :  res == 0.0266437
GMRES converged. Breaking.
Hookstep optimization is currently not implemented with Arclength Continuation.
Optimized Newton algorithm with AC: Computing residual to check convergence...f(u, N, dt, f_u, flags, dt) : : gx = 7.98885e-07 < 1.86221e-05
The residual is decreasing if we take this AC-Newton step.

Taking best step and continuing Newton iteration.
L2Norm(G(x)) == 7.98885e-07
rx           == 3.19108e-13
L2Norm(dxN)  == 0.0021294
L2Norm(dxOpt)== 0.0021294
========================================================
Newton iteration number 1
Current state of Newton iteration:
   fcount_newton   == 4
   fcount_optimiza == 1
   L2Norm(x)       == 0.0197522
   L2Norm(dxN)     == 0.0021294
   L2Norm(dxOpt)   == 0.0021294
   L2Dist(x,x0)    == 0.00212941
gx == L2Norm(G(x)) : 
   initial  gx == 1.86221e-05
   previous gx == 1.86221e-05
   current  gx == 7.98885e-07
rx == 1/2 L2Norm2(G(x)) : 
   initial  rx == 1.73391e-10
   previous rx == 1.73391e-10
   current  rx == 3.19108e-13
         delta == 0.01
Newt,GMRES == 1,0, f(u, N, dt, f_u, flags, dt) :  res == 0.998615
Newt,GMRES == 1,1, f(u, N, dt, f_u, flags, dt) :  res == 0.115201
Newt,GMRES == 1,2, f(u, N, dt, f_u, flags, dt) :  res == 0.0164517
GMRES converged. Breaking.
Hookstep optimization is currently not implemented with Arclength Continuation.
Optimized Newton algorithm with AC: Computing residual to check convergence...f(u, N, dt, f_u, flags, dt) : : gx = 1.22218e-08 < 7.98885e-07
The residual is decreasing if we take this AC-Newton step.

Taking best step and continuing Newton iteration.
L2Norm(G(x)) == 1.22218e-08
rx           == 7.46859e-17
L2Norm(dxN)  == 0.000146234
L2Norm(dxOpt)== 0.000146234
========================================================
Newton iteration number 2
Current state of Newton iteration:
   fcount_newton   == 7
   fcount_optimiza == 2
   L2Norm(x)       == 0.0196362
   L2Norm(dxN)     == 0.000146234
   L2Norm(dxOpt)   == 0.000146234
   L2Dist(x,x0)    == 0.00222286
gx == L2Norm(G(x)) : 
   initial  gx == 1.86221e-05
   previous gx == 7.98885e-07
   current  gx == 1.22218e-08
rx == 1/2 L2Norm2(G(x)) : 
   initial  rx == 1.73391e-10
   previous rx == 3.19108e-13
   current  rx == 7.46859e-17
         delta == 0.01
Newt,GMRES == 2,0, f(u, N, dt, f_u, flags, dt) :  res == 0.995034
Newt,GMRES == 2,1, f(u, N, dt, f_u, flags, dt) :  res == 0.359962
Newt,GMRES == 2,2, f(u, N, dt, f_u, flags, dt) :  res == 0.0247412
GMRES converged. Breaking.
Hookstep optimization is currently not implemented with Arclength Continuation.
Optimized Newton algorithm with AC: Computing residual to check convergence...f(u, N, dt, f_u, flags, dt) : : gx = 3.02069e-10 < 1.22218e-08
The residual is decreasing if we take this AC-Newton step.

Taking best step and continuing Newton iteration.
L2Norm(G(x)) == 3.02069e-10
rx           == 4.56228e-20
L2Norm(dxN)  == 2.28031e-06
L2Norm(dxOpt)== 2.28031e-06
========================================================
Newton iteration number 3
Current state of Newton iteration:
   fcount_newton   == 10
   fcount_optimiza == 3
   L2Norm(x)       == 0.0196351
   L2Norm(dxN)     == 2.28031e-06
   L2Norm(dxOpt)   == 2.28031e-06
   L2Dist(x,x0)    == 0.00222375
gx == L2Norm(G(x)) : 
   initial  gx == 1.86221e-05
   previous gx == 1.22218e-08
   current  gx == 3.02069e-10
rx == 1/2 L2Norm2(G(x)) : 
   initial  rx == 1.73391e-10
   previous rx == 7.46859e-17
   current  rx == 4.56228e-20
         delta == 0.01
Newton search converged. Breaking.
L2Norm(G(x)) == 3.02069e-10 < epsSearch == 1e-08
