f(u, N, dt, f_u, flags, dt) : f(u, N, dt, f_u, flags, dt) : Computing G(x)
f(u, N, dt, f_u, flags, dt) : 
========================================================
Newton iteration number 0
Current state of Newton iteration:
   fcount_newton   == 1
   fcount_optimiza == 0
   L2Norm(x)       == 0.0243178
   L2Norm(dxN)     == 0
   L2Norm(dxOpt)   == 0
   L2Dist(x,x0)    == 0
gx == L2Norm(G(x)) : 
   initial  gx == 1.61964e-05
   previous gx == 1.61964e-05
   current  gx == 1.61964e-05
rx == 1/2 L2Norm2(G(x)) : 
   initial  rx == 1.31162e-10
   previous rx == 1.31162e-10
   current  rx == 1.31162e-10
         delta == 0.01
Newt,GMRES == 0,0, f(u, N, dt, f_u, flags, dt) :  res == 0.998859
Newt,GMRES == 0,1, f(u, N, dt, f_u, flags, dt) :  res == 0.612321
Newt,GMRES == 0,2, f(u, N, dt, f_u, flags, dt) :  res == 0.0972899
GMRES converged. Breaking.
Hookstep optimization is currently not implemented with Arclength Continuation.
Optimized Newton algorithm with AC: Computing residual to check convergence...f(u, N, dt, f_u, flags, dt) : : gx = 1.6902e-06 < 1.61964e-05
The residual is decreasing if we take this AC-Newton step.

Taking best step and continuing Newton iteration.
L2Norm(G(x)) == 1.6902e-06
rx           == 1.42839e-12
L2Norm(dxN)  == 0.00170313
L2Norm(dxOpt)== 0.00170313
========================================================
Newton iteration number 1
Current state of Newton iteration:
   fcount_newton   == 4
   fcount_optimiza == 1
   L2Norm(x)       == 0.0228944
   L2Norm(dxN)     == 0.00170313
   L2Norm(dxOpt)   == 0.00170313
   L2Dist(x,x0)    == 0.00170314
gx == L2Norm(G(x)) : 
   initial  gx == 1.61964e-05
   previous gx == 1.61964e-05
   current  gx == 1.6902e-06
rx == 1/2 L2Norm2(G(x)) : 
   initial  rx == 1.31162e-10
   previous rx == 1.31162e-10
   current  rx == 1.42839e-12
         delta == 0.01
Newt,GMRES == 1,0, f(u, N, dt, f_u, flags, dt) :  res == 0.911087
Newt,GMRES == 1,1, f(u, N, dt, f_u, flags, dt) :  res == 0.321642
Newt,GMRES == 1,2, f(u, N, dt, f_u, flags, dt) :  res == 0.250328
Newt,GMRES == 1,3, f(u, N, dt, f_u, flags, dt) :  res == 0.112537
Newt,GMRES == 1,4, f(u, N, dt, f_u, flags, dt) :  res == 0.0215277
GMRES converged. Breaking.
Hookstep optimization is currently not implemented with Arclength Continuation.
Optimized Newton algorithm with AC: Computing residual to check convergence...f(u, N, dt, f_u, flags, dt) : : gx = 3.84149e-08 < 1.6902e-06
The residual is decreasing if we take this AC-Newton step.

Taking best step and continuing Newton iteration.
L2Norm(G(x)) == 3.84149e-08
rx           == 7.37852e-16
L2Norm(dxN)  == 0.000214451
L2Norm(dxOpt)== 0.000214451
========================================================
Newton iteration number 2
Current state of Newton iteration:
   fcount_newton   == 9
   fcount_optimiza == 2
   L2Norm(x)       == 0.0227819
   L2Norm(dxN)     == 0.000214451
   L2Norm(dxOpt)   == 0.000214451
   L2Dist(x,x0)    == 0.0017521
gx == L2Norm(G(x)) : 
   initial  gx == 1.61964e-05
   previous gx == 1.6902e-06
   current  gx == 3.84149e-08
rx == 1/2 L2Norm2(G(x)) : 
   initial  rx == 1.31162e-10
   previous rx == 1.42839e-12
   current  rx == 7.37852e-16
         delta == 0.01
Newt,GMRES == 2,0, f(u, N, dt, f_u, flags, dt) :  res == 0.954677
Newt,GMRES == 2,1, f(u, N, dt, f_u, flags, dt) :  res == 0.739229
Newt,GMRES == 2,2, f(u, N, dt, f_u, flags, dt) :  res == 0.261966
Newt,GMRES == 2,3, f(u, N, dt, f_u, flags, dt) :  res == 0.0915082
GMRES converged. Breaking.
Hookstep optimization is currently not implemented with Arclength Continuation.
Optimized Newton algorithm with AC: Computing residual to check convergence...f(u, N, dt, f_u, flags, dt) : : gx = 3.49855e-09 < 3.84149e-08
The residual is decreasing if we take this AC-Newton step.

Taking best step and continuing Newton iteration.
L2Norm(G(x)) == 3.49855e-09
rx           == 6.11992e-18
L2Norm(dxN)  == 5.2028e-06
L2Norm(dxOpt)== 5.2028e-06
========================================================
Newton iteration number 3
Current state of Newton iteration:
   fcount_newton   == 13
   fcount_optimiza == 3
   L2Norm(x)       == 0.0227801
   L2Norm(dxN)     == 5.2028e-06
   L2Norm(dxOpt)   == 5.2028e-06
   L2Dist(x,x0)    == 0.00175382
gx == L2Norm(G(x)) : 
   initial  gx == 1.61964e-05
   previous gx == 3.84149e-08
   current  gx == 3.49855e-09
rx == 1/2 L2Norm2(G(x)) : 
   initial  rx == 1.31162e-10
   previous rx == 7.37852e-16
   current  rx == 6.11992e-18
         delta == 0.01
Newton search converged. Breaking.
L2Norm(G(x)) == 3.49855e-09 < epsSearch == 1e-08
