f(u, N, dt, f_u, flags, dt) : f(u, N, dt, f_u, flags, dt) : Computing G(x)
f(u, N, dt, f_u, flags, dt) : 
========================================================
Newton iteration number 0
Current state of Newton iteration:
   fcount_newton   == 1
   fcount_optimiza == 0
   L2Norm(x)       == 0.00919923
   L2Norm(dxN)     == 0
   L2Norm(dxOpt)   == 0
   L2Dist(x,x0)    == 0
gx == L2Norm(G(x)) : 
   initial  gx == 1.74225e-05
   previous gx == 1.74225e-05
   current  gx == 1.74225e-05
rx == 1/2 L2Norm2(G(x)) : 
   initial  rx == 1.51772e-10
   previous rx == 1.51772e-10
   current  rx == 1.51772e-10
         delta == 0.01
Newt,GMRES == 0,0, f(u, N, dt, f_u, flags, dt) :  res == 0.999245
Newt,GMRES == 0,1, f(u, N, dt, f_u, flags, dt) :  res == 0.866044
Newt,GMRES == 0,2, f(u, N, dt, f_u, flags, dt) :  res == 0.153501
Newt,GMRES == 0,3, f(u, N, dt, f_u, flags, dt) :  res == 0.0254217
GMRES converged. Breaking.
Hookstep optimization is currently not implemented with Arclength Continuation.
Optimized Newton algorithm with AC: Computing residual to check convergence...f(u, N, dt, f_u, flags, dt) : : gx = 1.02022e-05 < 1.74225e-05
The residual is decreasing if we take this AC-Newton step.

Taking best step and continuing Newton iteration.
L2Norm(G(x)) == 1.02022e-05
rx           == 5.20423e-11
L2Norm(dxN)  == 0.00186976
L2Norm(dxOpt)== 0.00186976
========================================================
Newton iteration number 1
Current state of Newton iteration:
   fcount_newton   == 5
   fcount_optimiza == 1
   L2Norm(x)       == 0.00753651
   L2Norm(dxN)     == 0.00186976
   L2Norm(dxOpt)   == 0.00186976
   L2Dist(x,x0)    == 0.00186977
gx == L2Norm(G(x)) : 
   initial  gx == 1.74225e-05
   previous gx == 1.74225e-05
   current  gx == 1.02022e-05
rx == 1/2 L2Norm2(G(x)) : 
   initial  rx == 1.51772e-10
   previous rx == 1.51772e-10
   current  rx == 5.20423e-11
         delta == 0.01
Newt,GMRES == 1,0, f(u, N, dt, f_u, flags, dt) :  res == 0.97628
Newt,GMRES == 1,1, f(u, N, dt, f_u, flags, dt) :  res == 0.357343
Newt,GMRES == 1,2, f(u, N, dt, f_u, flags, dt) :  res == 0.0560836
GMRES converged. Breaking.
Hookstep optimization is currently not implemented with Arclength Continuation.
Optimized Newton algorithm with AC: Computing residual to check convergence...f(u, N, dt, f_u, flags, dt) : : gx = 5.89215e-07 < 1.02022e-05
The residual is decreasing if we take this AC-Newton step.

Taking best step and continuing Newton iteration.
L2Norm(G(x)) == 5.89215e-07
rx           == 1.73587e-13
L2Norm(dxN)  == 0.000603026
L2Norm(dxOpt)== 0.000603026
========================================================
Newton iteration number 2
Current state of Newton iteration:
   fcount_newton   == 8
   fcount_optimiza == 2
   L2Norm(x)       == 0.00806405
   L2Norm(dxN)     == 0.000603026
   L2Norm(dxOpt)   == 0.000603026
   L2Dist(x,x0)    == 0.00140807
gx == L2Norm(G(x)) : 
   initial  gx == 1.74225e-05
   previous gx == 1.02022e-05
   current  gx == 5.89215e-07
rx == 1/2 L2Norm2(G(x)) : 
   initial  rx == 1.51772e-10
   previous rx == 5.20423e-11
   current  rx == 1.73587e-13
         delta == 0.01
Newt,GMRES == 2,0, f(u, N, dt, f_u, flags, dt) :  res == 0.991788
Newt,GMRES == 2,1, f(u, N, dt, f_u, flags, dt) :  res == 0.341684
Newt,GMRES == 2,2, f(u, N, dt, f_u, flags, dt) :  res == 0.291366
Newt,GMRES == 2,3, f(u, N, dt, f_u, flags, dt) :  res == 0.0241675
GMRES converged. Breaking.
Hookstep optimization is currently not implemented with Arclength Continuation.
Optimized Newton algorithm with AC: Computing residual to check convergence...f(u, N, dt, f_u, flags, dt) : : gx = 1.46903e-08 < 5.89215e-07
The residual is decreasing if we take this AC-Newton step.

Taking best step and continuing Newton iteration.
L2Norm(G(x)) == 1.46903e-08
rx           == 1.07903e-16
L2Norm(dxN)  == 8.86577e-05
L2Norm(dxOpt)== 8.86577e-05
========================================================
Newton iteration number 3
Current state of Newton iteration:
   fcount_newton   == 12
   fcount_optimiza == 3
   L2Norm(x)       == 0.00807514
   L2Norm(dxN)     == 8.86577e-05
   L2Norm(dxOpt)   == 8.86577e-05
   L2Dist(x,x0)    == 0.0013815
gx == L2Norm(G(x)) : 
   initial  gx == 1.74225e-05
   previous gx == 5.89215e-07
   current  gx == 1.46903e-08
rx == 1/2 L2Norm2(G(x)) : 
   initial  rx == 1.51772e-10
   previous rx == 1.73587e-13
   current  rx == 1.07903e-16
         delta == 0.01
Newt,GMRES == 3,0, f(u, N, dt, f_u, flags, dt) :  res == 0.981932
Newt,GMRES == 3,1, f(u, N, dt, f_u, flags, dt) :  res == 0.150588
Newt,GMRES == 3,2, f(u, N, dt, f_u, flags, dt) :  res == 0.0320166
GMRES converged. Breaking.
Hookstep optimization is currently not implemented with Arclength Continuation.
Optimized Newton algorithm with AC: Computing residual to check convergence...f(u, N, dt, f_u, flags, dt) : : gx = 4.88838e-10 < 1.46903e-08
The residual is decreasing if we take this AC-Newton step.

Taking best step and continuing Newton iteration.
L2Norm(G(x)) == 4.88838e-10
rx           == 1.19481e-19
L2Norm(dxN)  == 1.822e-06
L2Norm(dxOpt)== 1.822e-06
========================================================
Newton iteration number 4
Current state of Newton iteration:
   fcount_newton   == 15
   fcount_optimiza == 4
   L2Norm(x)       == 0.00807525
   L2Norm(dxN)     == 1.822e-06
   L2Norm(dxOpt)   == 1.822e-06
   L2Dist(x,x0)    == 0.00138099
gx == L2Norm(G(x)) : 
   initial  gx == 1.74225e-05
   previous gx == 1.46903e-08
   current  gx == 4.88838e-10
rx == 1/2 L2Norm2(G(x)) : 
   initial  rx == 1.51772e-10
   previous rx == 1.07903e-16
   current  rx == 1.19481e-19
         delta == 0.01
Newt,GMRES == 4,0, f(u, N, dt, f_u, flags, dt) :  res == 0.998947
Newt,GMRES == 4,1, f(u, N, dt, f_u, flags, dt) :  res == 0.979558
Newt,GMRES == 4,2, f(u, N, dt, f_u, flags, dt) :  res == 0.22605
Newt,GMRES == 4,3, f(u, N, dt, f_u, flags, dt) :  res == 0.0315905
GMRES converged. Breaking.
Hookstep optimization is currently not implemented with Arclength Continuation.
Optimized Newton algorithm with AC: Computing residual to check convergence...f(u, N, dt, f_u, flags, dt) : : gx = 1.53867e-11 < 4.88838e-10
The residual is decreasing if we take this AC-Newton step.

Taking best step and continuing Newton iteration.
L2Norm(G(x)) == 1.53867e-11
rx           == 1.18375e-22
L2Norm(dxN)  == 5.55572e-08
L2Norm(dxOpt)== 5.55572e-08
========================================================
Newton iteration number 5
Current state of Newton iteration:
   fcount_newton   == 19
   fcount_optimiza == 5
   L2Norm(x)       == 0.00807527
   L2Norm(dxN)     == 5.55572e-08
   L2Norm(dxOpt)   == 5.55572e-08
   L2Dist(x,x0)    == 0.00138097
gx == L2Norm(G(x)) : 
   initial  gx == 1.74225e-05
   previous gx == 4.88838e-10
   current  gx == 1.53867e-11
rx == 1/2 L2Norm2(G(x)) : 
   initial  rx == 1.51772e-10
   previous rx == 1.19481e-19
   current  rx == 1.18375e-22
         delta == 0.01
Newt,GMRES == 5,0, f(u, N, dt, f_u, flags, dt) :  res == 0.994843
Newt,GMRES == 5,1, f(u, N, dt, f_u, flags, dt) :  res == 0.462976
Newt,GMRES == 5,2, f(u, N, dt, f_u, flags, dt) :  res == 0.206131
Newt,GMRES == 5,3, f(u, N, dt, f_u, flags, dt) :  res == 0.0409917
GMRES converged. Breaking.
Hookstep optimization is currently not implemented with Arclength Continuation.
Optimized Newton algorithm with AC: Computing residual to check convergence...f(u, N, dt, f_u, flags, dt) : : gx = 7.76485e-13 < 1.53867e-11
The residual is decreasing if we take this AC-Newton step.

Taking best step and continuing Newton iteration.
L2Norm(G(x)) == 7.76485e-13
rx           == 3.01464e-25
L2Norm(dxN)  == 1.91385e-09
L2Norm(dxOpt)== 1.91385e-09
========================================================
Newton iteration number 6
Current state of Newton iteration:
   fcount_newton   == 23
   fcount_optimiza == 6
   L2Norm(x)       == 0.00807527
   L2Norm(dxN)     == 1.91385e-09
   L2Norm(dxOpt)   == 1.91385e-09
   L2Dist(x,x0)    == 0.00138097
gx == L2Norm(G(x)) : 
   initial  gx == 1.74225e-05
   previous gx == 1.53867e-11
   current  gx == 7.76485e-13
rx == 1/2 L2Norm2(G(x)) : 
   initial  rx == 1.51772e-10
   previous rx == 1.18375e-22
   current  rx == 3.01464e-25
         delta == 0.01
Newton search converged. Breaking.
L2Norm(G(x)) == 7.76485e-13 < epsSearch == 1e-11
