f(u, N, dt, f_u, flags, dt) : f(u, N, dt, f_u, flags, dt) : Computing G(x)
f(u, N, dt, f_u, flags, dt) : 
========================================================
Newton iteration number 0
Current state of Newton iteration:
   fcount_newton   == 1
   fcount_optimiza == 0
   L2Norm(x)       == 0.00953515
   L2Norm(dxN)     == 0
   L2Norm(dxOpt)   == 0
   L2Dist(x,x0)    == 0
gx == L2Norm(G(x)) : 
   initial  gx == 7.0771e-06
   previous gx == 7.0771e-06
   current  gx == 7.0771e-06
rx == 1/2 L2Norm2(G(x)) : 
   initial  rx == 2.50427e-11
   previous rx == 2.50427e-11
   current  rx == 2.50427e-11
         delta == 0.01
Newt,GMRES == 0,0, f(u, N, dt, f_u, flags, dt) :  res == 0.999881
Newt,GMRES == 0,1, f(u, N, dt, f_u, flags, dt) :  res == 0.996949
Newt,GMRES == 0,2, f(u, N, dt, f_u, flags, dt) :  res == 0.154873
Newt,GMRES == 0,3, f(u, N, dt, f_u, flags, dt) :  res == 0.0204114
GMRES converged. Breaking.
Hookstep optimization is currently not implemented with Arclength Continuation.
Optimized Newton algorithm with AC: Computing residual to check convergence...f(u, N, dt, f_u, flags, dt) : : gx = 2.38953e-06 < 7.0771e-06
The residual is decreasing if we take this AC-Newton step.

Taking best step and continuing Newton iteration.
L2Norm(G(x)) == 2.38953e-06
rx           == 2.85492e-12
L2Norm(dxN)  == 0.00087398
L2Norm(dxOpt)== 0.00087398
========================================================
Newton iteration number 1
Current state of Newton iteration:
   fcount_newton   == 5
   fcount_optimiza == 1
   L2Norm(x)       == 0.00874569
   L2Norm(dxN)     == 0.00087398
   L2Norm(dxOpt)   == 0.00087398
   L2Dist(x,x0)    == 0.000873982
gx == L2Norm(G(x)) : 
   initial  gx == 7.0771e-06
   previous gx == 7.0771e-06
   current  gx == 2.38953e-06
rx == 1/2 L2Norm2(G(x)) : 
   initial  rx == 2.50427e-11
   previous rx == 2.50427e-11
   current  rx == 2.85492e-12
         delta == 0.01
Newt,GMRES == 1,0, f(u, N, dt, f_u, flags, dt) :  res == 0.977309
Newt,GMRES == 1,1, f(u, N, dt, f_u, flags, dt) :  res == 0.324297
Newt,GMRES == 1,2, f(u, N, dt, f_u, flags, dt) :  res == 0.0558784
GMRES converged. Breaking.
Hookstep optimization is currently not implemented with Arclength Continuation.
Optimized Newton algorithm with AC: Computing residual to check convergence...f(u, N, dt, f_u, flags, dt) : : gx = 1.82032e-07 < 2.38953e-06
The residual is decreasing if we take this AC-Newton step.

Taking best step and continuing Newton iteration.
L2Norm(G(x)) == 1.82032e-07
rx           == 1.65678e-14
L2Norm(dxN)  == 0.000182062
L2Norm(dxOpt)== 0.000182062
========================================================
Newton iteration number 2
Current state of Newton iteration:
   fcount_newton   == 8
   fcount_optimiza == 2
   L2Norm(x)       == 0.00891731
   L2Norm(dxN)     == 0.000182062
   L2Norm(dxOpt)   == 0.000182062
   L2Dist(x,x0)    == 0.000732419
gx == L2Norm(G(x)) : 
   initial  gx == 7.0771e-06
   previous gx == 2.38953e-06
   current  gx == 1.82032e-07
rx == 1/2 L2Norm2(G(x)) : 
   initial  rx == 2.50427e-11
   previous rx == 2.85492e-12
   current  rx == 1.65678e-14
         delta == 0.01
Newt,GMRES == 2,0, f(u, N, dt, f_u, flags, dt) :  res == 0.999989
Newt,GMRES == 2,1, f(u, N, dt, f_u, flags, dt) :  res == 0.999961
Newt,GMRES == 2,2, f(u, N, dt, f_u, flags, dt) :  res == 0.278561
Newt,GMRES == 2,3, f(u, N, dt, f_u, flags, dt) :  res == 0.0160644
GMRES converged. Breaking.
Hookstep optimization is currently not implemented with Arclength Continuation.
Optimized Newton algorithm with AC: Computing residual to check convergence...f(u, N, dt, f_u, flags, dt) : : gx = 3.11246e-09 < 1.82032e-07
The residual is decreasing if we take this AC-Newton step.

Taking best step and continuing Newton iteration.
L2Norm(G(x)) == 3.11246e-09
rx           == 4.84369e-18
L2Norm(dxN)  == 2.24714e-05
L2Norm(dxOpt)== 2.24714e-05
========================================================
Newton iteration number 3
Current state of Newton iteration:
   fcount_newton   == 12
   fcount_optimiza == 3
   L2Norm(x)       == 0.00892875
   L2Norm(dxN)     == 2.24714e-05
   L2Norm(dxOpt)   == 2.24714e-05
   L2Dist(x,x0)    == 0.000718004
gx == L2Norm(G(x)) : 
   initial  gx == 7.0771e-06
   previous gx == 1.82032e-07
   current  gx == 3.11246e-09
rx == 1/2 L2Norm2(G(x)) : 
   initial  rx == 2.50427e-11
   previous rx == 1.65678e-14
   current  rx == 4.84369e-18
         delta == 0.01
Newt,GMRES == 3,0, f(u, N, dt, f_u, flags, dt) :  res == 0.716787
Newt,GMRES == 3,1, f(u, N, dt, f_u, flags, dt) :  res == 0.666063
Newt,GMRES == 3,2, f(u, N, dt, f_u, flags, dt) :  res == 0.1958
Newt,GMRES == 3,3, f(u, N, dt, f_u, flags, dt) :  res == 0.0278881
GMRES converged. Breaking.
Hookstep optimization is currently not implemented with Arclength Continuation.
Optimized Newton algorithm with AC: Computing residual to check convergence...f(u, N, dt, f_u, flags, dt) : : gx = 8.90793e-11 < 3.11246e-09
The residual is decreasing if we take this AC-Newton step.

Taking best step and continuing Newton iteration.
L2Norm(G(x)) == 8.90793e-11
rx           == 3.96756e-21
L2Norm(dxN)  == 3.72416e-07
L2Norm(dxOpt)== 3.72416e-07
========================================================
Newton iteration number 4
Current state of Newton iteration:
   fcount_newton   == 16
   fcount_optimiza == 4
   L2Norm(x)       == 0.00892884
   L2Norm(dxN)     == 3.72416e-07
   L2Norm(dxOpt)   == 3.72416e-07
   L2Dist(x,x0)    == 0.000717859
gx == L2Norm(G(x)) : 
   initial  gx == 7.0771e-06
   previous gx == 3.11246e-09
   current  gx == 8.90793e-11
rx == 1/2 L2Norm2(G(x)) : 
   initial  rx == 2.50427e-11
   previous rx == 4.84369e-18
   current  rx == 3.96756e-21
         delta == 0.01
Newt,GMRES == 4,0, f(u, N, dt, f_u, flags, dt) :  res == 0.962966
Newt,GMRES == 4,1, f(u, N, dt, f_u, flags, dt) :  res == 0.476208
Newt,GMRES == 4,2, f(u, N, dt, f_u, flags, dt) :  res == 0.297709
Newt,GMRES == 4,3, f(u, N, dt, f_u, flags, dt) :  res == 0.0368862
GMRES converged. Breaking.
Hookstep optimization is currently not implemented with Arclength Continuation.
Optimized Newton algorithm with AC: Computing residual to check convergence...f(u, N, dt, f_u, flags, dt) : : gx = 3.29435e-12 < 8.90793e-11
The residual is decreasing if we take this AC-Newton step.

Taking best step and continuing Newton iteration.
L2Norm(G(x)) == 3.29435e-12
rx           == 5.42636e-24
L2Norm(dxN)  == 1.15029e-08
L2Norm(dxOpt)== 1.15029e-08
========================================================
Newton iteration number 5
Current state of Newton iteration:
   fcount_newton   == 20
   fcount_optimiza == 5
   L2Norm(x)       == 0.00892884
   L2Norm(dxN)     == 1.15029e-08
   L2Norm(dxOpt)   == 1.15029e-08
   L2Dist(x,x0)    == 0.000717854
gx == L2Norm(G(x)) : 
   initial  gx == 7.0771e-06
   previous gx == 8.90793e-11
   current  gx == 3.29435e-12
rx == 1/2 L2Norm2(G(x)) : 
   initial  rx == 2.50427e-11
   previous rx == 3.96756e-21
   current  rx == 5.42636e-24
         delta == 0.01
Newton search converged. Breaking.
L2Norm(G(x)) == 3.29435e-12 < epsSearch == 1e-11
