f(u, N, dt, f_u, flags, dt) : Computing G(x)
f(u, N, dt, f_u, flags, dt) : 
========================================================
Newton iteration number 0
Current state of Newton iteration:
   fcount_newton   == 1
   fcount_optimiza == 0
   L2Norm(x)       == 0.0109202
   L2Norm(dxN)     == 0
   L2Norm(dxOpt)   == 0
   L2Dist(x,x0)    == 0
gx == L2Norm(G(x)) : 
   initial  gx == 1.94607e-07
   previous gx == 1.94607e-07
   current  gx == 1.94607e-07
rx == 1/2 L2Norm2(G(x)) : 
   initial  rx == 1.89359e-14
   previous rx == 1.89359e-14
   current  rx == 1.89359e-14
         delta == 0.01
Newt,GMRES == 0,0, f(u, N, dt, f_u, flags, dt) :  res == 0.999765
Newt,GMRES == 0,1, f(u, N, dt, f_u, flags, dt) :  res == 0.84242
Newt,GMRES == 0,2, f(u, N, dt, f_u, flags, dt) :  res == 0.838601
Newt,GMRES == 0,3, f(u, N, dt, f_u, flags, dt) :  res == 0.837923
Newt,GMRES == 0,4, f(u, N, dt, f_u, flags, dt) :  res == 0.805984
Newt,GMRES == 0,5, f(u, N, dt, f_u, flags, dt) :  res == 0.455325
Newt,GMRES == 0,6, f(u, N, dt, f_u, flags, dt) :  res == 0.419298
Newt,GMRES == 0,7, f(u, N, dt, f_u, flags, dt) :  res == 0.416482
Newt,GMRES == 0,8, f(u, N, dt, f_u, flags, dt) :  res == 0.392273
Newt,GMRES == 0,9, f(u, N, dt, f_u, flags, dt) :  res == 0.232504
Newt,GMRES == 0,10, f(u, N, dt, f_u, flags, dt) :  res == 0.0369631
GMRES converged. Breaking.
Hookstep optimization is currently not implemented with Arclength Continuation.
Optimized Newton algorithm with AC: Computing residual to check convergence...f(u, N, dt, f_u, flags, dt) : : gx = 6.22896e-06 > 1.94607e-07
The error is increasing if we take the Newton step. Newton step optimization leaves step size correction to arclength continuation.
