f(u, N, dt, f_u, flags, dt) : f(u, N, dt, f_u, flags, dt) : Computing G(x)
f(u, N, dt, f_u, flags, dt) : 
========================================================
Newton iteration number 0
Current state of Newton iteration:
   fcount_newton   == 1
   fcount_optimiza == 0
   L2Norm(x)       == 0.0225982
   L2Norm(dxN)     == 0
   L2Norm(dxOpt)   == 0
   L2Dist(x,x0)    == 0
gx == L2Norm(G(x)) : 
   initial  gx == 1.58316e-05
   previous gx == 1.58316e-05
   current  gx == 1.58316e-05
rx == 1/2 L2Norm2(G(x)) : 
   initial  rx == 1.2532e-10
   previous rx == 1.2532e-10
   current  rx == 1.2532e-10
         delta == 0.01
Newt,GMRES == 0,0, f(u, N, dt, f_u, flags, dt) :  res == 0.999602
Newt,GMRES == 0,1, f(u, N, dt, f_u, flags, dt) :  res == 0.12073
Newt,GMRES == 0,2, f(u, N, dt, f_u, flags, dt) :  res == 0.0445643
GMRES converged. Breaking.
Hookstep optimization is currently not implemented with Arclength Continuation.
Optimized Newton algorithm with AC: Computing residual to check convergence...f(u, N, dt, f_u, flags, dt) : : gx = 5.61798e-07 < 1.58316e-05
The residual is decreasing if we take this AC-Newton step.

Taking best step and continuing Newton iteration.
L2Norm(G(x)) == 5.61798e-07
rx           == 1.57809e-13
L2Norm(dxN)  == 0.00178847
L2Norm(dxOpt)== 0.00178847
========================================================
Newton iteration number 1
Current state of Newton iteration:
   fcount_newton   == 4
   fcount_optimiza == 1
   L2Norm(x)       == 0.0210749
   L2Norm(dxN)     == 0.00178847
   L2Norm(dxOpt)   == 0.00178847
   L2Dist(x,x0)    == 0.0017885
gx == L2Norm(G(x)) : 
   initial  gx == 1.58316e-05
   previous gx == 1.58316e-05
   current  gx == 5.61798e-07
rx == 1/2 L2Norm2(G(x)) : 
   initial  rx == 1.2532e-10
   previous rx == 1.2532e-10
   current  rx == 1.57809e-13
         delta == 0.01
Newt,GMRES == 1,0, f(u, N, dt, f_u, flags, dt) :  res == 0.991492
Newt,GMRES == 1,1, f(u, N, dt, f_u, flags, dt) :  res == 0.329466
Newt,GMRES == 1,2, f(u, N, dt, f_u, flags, dt) :  res == 0.0360748
GMRES converged. Breaking.
Hookstep optimization is currently not implemented with Arclength Continuation.
Optimized Newton algorithm with AC: Computing residual to check convergence...f(u, N, dt, f_u, flags, dt) : : gx = 2.09534e-08 < 5.61798e-07
The residual is decreasing if we take this AC-Newton step.

Taking best step and continuing Newton iteration.
L2Norm(G(x)) == 2.09534e-08
rx           == 2.19522e-16
L2Norm(dxN)  == 0.000113107
L2Norm(dxOpt)== 0.000113107
========================================================
Newton iteration number 2
Current state of Newton iteration:
   fcount_newton   == 7
   fcount_optimiza == 2
   L2Norm(x)       == 0.0210563
   L2Norm(dxN)     == 0.000113107
   L2Norm(dxOpt)   == 0.000113107
   L2Dist(x,x0)    == 0.00181683
gx == L2Norm(G(x)) : 
   initial  gx == 1.58316e-05
   previous gx == 5.61798e-07
   current  gx == 2.09534e-08
rx == 1/2 L2Norm2(G(x)) : 
   initial  rx == 1.2532e-10
   previous rx == 1.57809e-13
   current  rx == 2.19522e-16
         delta == 0.01
Newt,GMRES == 2,0, f(u, N, dt, f_u, flags, dt) :  res == 0.995936
Newt,GMRES == 2,1, f(u, N, dt, f_u, flags, dt) :  res == 0.1727
Newt,GMRES == 2,2, f(u, N, dt, f_u, flags, dt) :  res == 0.0529433
GMRES converged. Breaking.
Hookstep optimization is currently not implemented with Arclength Continuation.
Optimized Newton algorithm with AC: Computing residual to check convergence...f(u, N, dt, f_u, flags, dt) : : gx = 1.12852e-09 < 2.09534e-08
The residual is decreasing if we take this AC-Newton step.

Taking best step and continuing Newton iteration.
L2Norm(G(x)) == 1.12852e-09
rx           == 6.36773e-19
L2Norm(dxN)  == 2.54319e-06
L2Norm(dxOpt)== 2.54319e-06
========================================================
Newton iteration number 3
Current state of Newton iteration:
   fcount_newton   == 10
   fcount_optimiza == 3
   L2Norm(x)       == 0.0210557
   L2Norm(dxN)     == 2.54319e-06
   L2Norm(dxOpt)   == 2.54319e-06
   L2Dist(x,x0)    == 0.00181791
gx == L2Norm(G(x)) : 
   initial  gx == 1.58316e-05
   previous gx == 2.09534e-08
   current  gx == 1.12852e-09
rx == 1/2 L2Norm2(G(x)) : 
   initial  rx == 1.2532e-10
   previous rx == 2.19522e-16
   current  rx == 6.36773e-19
         delta == 0.01
Newton search converged. Breaking.
L2Norm(G(x)) == 1.12852e-09 < epsSearch == 1e-08
