f(u, N, dt, f_u, flags, dt) : f(u, N, dt, f_u, flags, dt) : Computing G(x)
f(u, N, dt, f_u, flags, dt) : 
========================================================
Newton iteration number 0
Current state of Newton iteration:
   fcount_newton   == 1
   fcount_optimiza == 0
   L2Norm(x)       == 0.211385
   L2Norm(dxN)     == 0
   L2Norm(dxOpt)   == 0
   L2Dist(x,x0)    == 0
gx == L2Norm(G(x)) : 
   initial  gx == 8.26886e-10
   previous gx == 8.26886e-10
   current  gx == 8.26886e-10
rx == 1/2 L2Norm2(G(x)) : 
   initial  rx == 3.4187e-19
   previous rx == 3.4187e-19
   current  rx == 3.4187e-19
         delta == 0.01
Newt,GMRES == 0,0, f(u, N, dt, f_u, flags, dt) :  res == 0.31487
Newt,GMRES == 0,1, f(u, N, dt, f_u, flags, dt) :  res == 0.239521
Newt,GMRES == 0,2, f(u, N, dt, f_u, flags, dt) :  res == 0.000146182
GMRES converged. Breaking.
Hookstep optimization is currently not implemented with Arclength Continuation.
Optimized Newton algorithm with AC: Computing residual to check convergence...f(u, N, dt, f_u, flags, dt) : : gx = 6.18488e-12 < 8.26886e-10
The residual is decreasing if we take this AC-Newton step.

Taking best step and continuing Newton iteration.
L2Norm(G(x)) == 6.18488e-12
rx           == 1.91264e-23
L2Norm(dxN)  == 1.09734e-07
L2Norm(dxOpt)== 1.09734e-07
========================================================
Newton iteration number 1
Current state of Newton iteration:
   fcount_newton   == 4
   fcount_optimiza == 1
   L2Norm(x)       == 0.211385
   L2Norm(dxN)     == 1.09734e-07
   L2Norm(dxOpt)   == 1.09734e-07
   L2Dist(x,x0)    == 1.09734e-07
gx == L2Norm(G(x)) : 
   initial  gx == 8.26886e-10
   previous gx == 8.26886e-10
   current  gx == 6.18488e-12
rx == 1/2 L2Norm2(G(x)) : 
   initial  rx == 3.4187e-19
   previous rx == 3.4187e-19
   current  rx == 1.91264e-23
         delta == 0.01
Newton search converged. Breaking.
L2Norm(G(x)) == 6.18488e-12 < epsSearch == 1e-11
