f(u, N, dt, f_u, flags, dt) : f(u, N, dt, f_u, flags, dt) : Computing G(x)
f(u, N, dt, f_u, flags, dt) : 
========================================================
Newton iteration number 0
Current state of Newton iteration:
   fcount_newton   == 1
   fcount_optimiza == 0
   L2Norm(x)       == 0.00839285
   L2Norm(dxN)     == 0
   L2Norm(dxOpt)   == 0
   L2Dist(x,x0)    == 0
gx == L2Norm(G(x)) : 
   initial  gx == 4.40663e-09
   previous gx == 4.40663e-09
   current  gx == 4.40663e-09
rx == 1/2 L2Norm2(G(x)) : 
   initial  rx == 9.70919e-18
   previous rx == 9.70919e-18
   current  rx == 9.70919e-18
         delta == 0.01
Newt,GMRES == 0,0, f(u, N, dt, f_u, flags, dt) :  res == 0.443024
Newt,GMRES == 0,1, f(u, N, dt, f_u, flags, dt) :  res == 0.0923666
GMRES converged. Breaking.
Hookstep optimization is currently not implemented with Arclength Continuation.
Optimized Newton algorithm with AC: Computing residual to check convergence...f(u, N, dt, f_u, flags, dt) : : gx = 4.0707e-10 < 4.40663e-09
The residual is decreasing if we take this AC-Newton step.

Taking best step and continuing Newton iteration.
L2Norm(G(x)) == 4.0707e-10
rx           == 8.28529e-20
L2Norm(dxN)  == 2.58625e-07
L2Norm(dxOpt)== 2.58625e-07
========================================================
Newton iteration number 1
Current state of Newton iteration:
   fcount_newton   == 3
   fcount_optimiza == 1
   L2Norm(x)       == 0.0083931
   L2Norm(dxN)     == 2.58625e-07
   L2Norm(dxOpt)   == 2.58625e-07
   L2Dist(x,x0)    == 2.58625e-07
gx == L2Norm(G(x)) : 
   initial  gx == 4.40663e-09
   previous gx == 4.40663e-09
   current  gx == 4.0707e-10
rx == 1/2 L2Norm2(G(x)) : 
   initial  rx == 9.70919e-18
   previous rx == 9.70919e-18
   current  rx == 8.28529e-20
         delta == 0.01
Newt,GMRES == 1,0, f(u, N, dt, f_u, flags, dt) :  res == 0.308719
Newt,GMRES == 1,1, f(u, N, dt, f_u, flags, dt) :  res == 0.267721
Newt,GMRES == 1,2, f(u, N, dt, f_u, flags, dt) :  res == 0.260795
Newt,GMRES == 1,3, f(u, N, dt, f_u, flags, dt) :  res == 0.0339828
GMRES converged. Breaking.
Hookstep optimization is currently not implemented with Arclength Continuation.
Optimized Newton algorithm with AC: Computing residual to check convergence...f(u, N, dt, f_u, flags, dt) : : gx = 1.38538e-11 < 4.0707e-10
The residual is decreasing if we take this AC-Newton step.

Taking best step and continuing Newton iteration.
L2Norm(G(x)) == 1.38538e-11
rx           == 9.59645e-23
L2Norm(dxN)  == 5.67763e-08
L2Norm(dxOpt)== 5.67763e-08
========================================================
Newton iteration number 2
Current state of Newton iteration:
   fcount_newton   == 7
   fcount_optimiza == 2
   L2Norm(x)       == 0.00839311
   L2Norm(dxN)     == 5.67763e-08
   L2Norm(dxOpt)   == 5.67763e-08
   L2Dist(x,x0)    == 2.63702e-07
gx == L2Norm(G(x)) : 
   initial  gx == 4.40663e-09
   previous gx == 4.0707e-10
   current  gx == 1.38538e-11
rx == 1/2 L2Norm2(G(x)) : 
   initial  rx == 9.70919e-18
   previous rx == 8.28529e-20
   current  rx == 9.59645e-23
         delta == 0.01
Newt,GMRES == 2,0, f(u, N, dt, f_u, flags, dt) :  res == 0.155195
Newt,GMRES == 2,1, f(u, N, dt, f_u, flags, dt) :  res == 0.154831
Newt,GMRES == 2,2, f(u, N, dt, f_u, flags, dt) :  res == 0.0726019
GMRES converged. Breaking.
Hookstep optimization is currently not implemented with Arclength Continuation.
Optimized Newton algorithm with AC: Computing residual to check convergence...f(u, N, dt, f_u, flags, dt) : : gx = 8.30076e-13 < 1.38538e-11
The residual is decreasing if we take this AC-Newton step.

Taking best step and continuing Newton iteration.
L2Norm(G(x)) == 8.30076e-13
rx           == 3.44513e-25
L2Norm(dxN)  == 1.82563e-09
L2Norm(dxOpt)== 1.82563e-09
========================================================
Newton iteration number 3
Current state of Newton iteration:
   fcount_newton   == 10
   fcount_optimiza == 3
   L2Norm(x)       == 0.00839311
   L2Norm(dxN)     == 1.82563e-09
   L2Norm(dxOpt)   == 1.82563e-09
   L2Dist(x,x0)    == 2.63712e-07
gx == L2Norm(G(x)) : 
   initial  gx == 4.40663e-09
   previous gx == 1.38538e-11
   current  gx == 8.30076e-13
rx == 1/2 L2Norm2(G(x)) : 
   initial  rx == 9.70919e-18
   previous rx == 9.59645e-23
   current  rx == 3.44513e-25
         delta == 0.01
Newton search converged. Breaking.
L2Norm(G(x)) == 8.30076e-13 < epsSearch == 1e-11
