f(u, N, dt, f_u, flags, dt) : Computing G(x)
f(u, N, dt, f_u, flags, dt) : 
========================================================
Newton iteration number 0
Current state of Newton iteration:
   fcount_newton   == 1
   fcount_optimiza == 0
   L2Norm(x)       == 0.0249496
   L2Norm(dxN)     == 0
   L2Norm(dxOpt)   == 0
   L2Dist(x,x0)    == 0
gx == L2Norm(G(x)) : 
   initial  gx == 1.99728e-05
   previous gx == 1.99728e-05
   current  gx == 1.99728e-05
rx == 1/2 L2Norm2(G(x)) : 
   initial  rx == 1.99456e-10
   previous rx == 1.99456e-10
   current  rx == 1.99456e-10
         delta == 0.01
Newt,GMRES == 0,0, f(u, N, dt, f_u, flags, dt) :  res == 0.999488
Newt,GMRES == 0,1, f(u, N, dt, f_u, flags, dt) :  res == 0.487314
Newt,GMRES == 0,2, f(u, N, dt, f_u, flags, dt) :  res == 0.166157
Newt,GMRES == 0,3, f(u, N, dt, f_u, flags, dt) :  res == 0.0449671
GMRES converged. Breaking.
Hookstep optimization is currently not implemented with Arclength Continuation.
Optimized Newton algorithm with AC: Computing residual to check convergence...f(u, N, dt, f_u, flags, dt) : : gx = 2.79794e-06 < 1.99728e-05
The residual is decreasing if we take this AC-Newton step.

Taking best step and continuing Newton iteration.
L2Norm(G(x)) == 2.79794e-06
rx           == 3.91423e-12
L2Norm(dxN)  == 0.00246316
L2Norm(dxOpt)== 0.00246316
========================================================
Newton iteration number 1
Current state of Newton iteration:
   fcount_newton   == 5
   fcount_optimiza == 1
   L2Norm(x)       == 0.0227584
   L2Norm(dxN)     == 0.00246316
   L2Norm(dxOpt)   == 0.00246316
   L2Dist(x,x0)    == 0.00246323
gx == L2Norm(G(x)) : 
   initial  gx == 1.99728e-05
   previous gx == 1.99728e-05
   current  gx == 2.79794e-06
rx == 1/2 L2Norm2(G(x)) : 
   initial  rx == 1.99456e-10
   previous rx == 1.99456e-10
   current  rx == 3.91423e-12
         delta == 0.01
Newt,GMRES == 1,0, f(u, N, dt, f_u, flags, dt) :  res == 0.997767
Newt,GMRES == 1,1, f(u, N, dt, f_u, flags, dt) :  res == 0.488083
Newt,GMRES == 1,2, f(u, N, dt, f_u, flags, dt) :  res == 0.20952
Newt,GMRES == 1,3, f(u, N, dt, f_u, flags, dt) :  res == 0.0517413
GMRES converged. Breaking.
Hookstep optimization is currently not implemented with Arclength Continuation.
Optimized Newton algorithm with AC: Computing residual to check convergence...f(u, N, dt, f_u, flags, dt) : : gx = 1.63112e-07 < 2.79794e-06
The residual is decreasing if we take this AC-Newton step.

Taking best step and continuing Newton iteration.
L2Norm(G(x)) == 1.63112e-07
rx           == 1.33027e-14
L2Norm(dxN)  == 0.000422889
L2Norm(dxOpt)== 0.000422889
========================================================
Newton iteration number 2
Current state of Newton iteration:
   fcount_newton   == 9
   fcount_optimiza == 2
   L2Norm(x)       == 0.0229801
   L2Norm(dxN)     == 0.000422889
   L2Norm(dxOpt)   == 0.000422889
   L2Dist(x,x0)    == 0.00227871
gx == L2Norm(G(x)) : 
   initial  gx == 1.99728e-05
   previous gx == 2.79794e-06
   current  gx == 1.63112e-07
rx == 1/2 L2Norm2(G(x)) : 
   initial  rx == 1.99456e-10
   previous rx == 3.91423e-12
   current  rx == 1.33027e-14
         delta == 0.01
Newt,GMRES == 2,0, f(u, N, dt, f_u, flags, dt) :  res == 0.98128
Newt,GMRES == 2,1, f(u, N, dt, f_u, flags, dt) :  res == 0.523442
Newt,GMRES == 2,2, f(u, N, dt, f_u, flags, dt) :  res == 0.509812
Newt,GMRES == 2,3, f(u, N, dt, f_u, flags, dt) :  res == 0.244157
Newt,GMRES == 2,4, f(u, N, dt, f_u, flags, dt) :  res == 0.0422963
GMRES converged. Breaking.
Hookstep optimization is currently not implemented with Arclength Continuation.
Optimized Newton algorithm with AC: Computing residual to check convergence...f(u, N, dt, f_u, flags, dt) : : gx = 6.96866e-09 < 1.63112e-07
The residual is decreasing if we take this AC-Newton step.

Taking best step and continuing Newton iteration.
L2Norm(G(x)) == 6.96866e-09
rx           == 2.42811e-17
L2Norm(dxN)  == 3.39068e-05
L2Norm(dxOpt)== 3.39068e-05
========================================================
Newton iteration number 3
Current state of Newton iteration:
   fcount_newton   == 14
   fcount_optimiza == 3
   L2Norm(x)       == 0.0229832
   L2Norm(dxN)     == 3.39068e-05
   L2Norm(dxOpt)   == 3.39068e-05
   L2Dist(x,x0)    == 0.00227975
gx == L2Norm(G(x)) : 
   initial  gx == 1.99728e-05
   previous gx == 1.63112e-07
   current  gx == 6.96866e-09
rx == 1/2 L2Norm2(G(x)) : 
   initial  rx == 1.99456e-10
   previous rx == 1.33027e-14
   current  rx == 2.42811e-17
         delta == 0.01
Newton search converged. Breaking.
L2Norm(G(x)) == 6.96866e-09 < epsSearch == 1e-08
