f(u, N, dt, f_u, flags, dt) : Computing G(x)
f(u, N, dt, f_u, flags, dt) : 
========================================================
Newton iteration number 0
Current state of Newton iteration:
   fcount_newton   == 1
   fcount_optimiza == 0
   L2Norm(x)       == 0.0222763
   L2Norm(dxN)     == 0
   L2Norm(dxOpt)   == 0
   L2Dist(x,x0)    == 0
gx == L2Norm(G(x)) : 
   initial  gx == 3.59067e-07
   previous gx == 3.59067e-07
   current  gx == 3.59067e-07
rx == 1/2 L2Norm2(G(x)) : 
   initial  rx == 6.44646e-14
   previous rx == 6.44646e-14
   current  rx == 6.44646e-14
         delta == 0.01
Newt,GMRES == 0,0, f(u, N, dt, f_u, flags, dt) :  res == 0.985285
Newt,GMRES == 0,1, f(u, N, dt, f_u, flags, dt) :  res == 0.104038
Newt,GMRES == 0,2, f(u, N, dt, f_u, flags, dt) :  res == 0.0694773
GMRES converged. Breaking.
Hookstep optimization is currently not implemented with Arclength Continuation.
Optimized Newton algorithm with AC: Computing residual to check convergence...f(u, N, dt, f_u, flags, dt) : : gx = 2.50366e-08 < 3.59067e-07
The residual is decreasing if we take this AC-Newton step.

Taking best step and continuing Newton iteration.
L2Norm(G(x)) == 2.50366e-08
rx           == 3.13415e-16
L2Norm(dxN)  == 3.89349e-05
L2Norm(dxOpt)== 3.89349e-05
========================================================
Newton iteration number 1
Current state of Newton iteration:
   fcount_newton   == 4
   fcount_optimiza == 1
   L2Norm(x)       == 0.0222521
   L2Norm(dxN)     == 3.89349e-05
   L2Norm(dxOpt)   == 3.89349e-05
   L2Dist(x,x0)    == 3.89349e-05
gx == L2Norm(G(x)) : 
   initial  gx == 3.59067e-07
   previous gx == 3.59067e-07
   current  gx == 2.50366e-08
rx == 1/2 L2Norm2(G(x)) : 
   initial  rx == 6.44646e-14
   previous rx == 6.44646e-14
   current  rx == 3.13415e-16
         delta == 0.01
Newt,GMRES == 1,0, f(u, N, dt, f_u, flags, dt) :  res == 0.99994
Newt,GMRES == 1,1, f(u, N, dt, f_u, flags, dt) :  res == 0.834121
Newt,GMRES == 1,2, f(u, N, dt, f_u, flags, dt) :  res == 0.462418
Newt,GMRES == 1,3, f(u, N, dt, f_u, flags, dt) :  res == 0.143441
Newt,GMRES == 1,4, f(u, N, dt, f_u, flags, dt) :  res == 0.0355541
GMRES converged. Breaking.
Hookstep optimization is currently not implemented with Arclength Continuation.
Optimized Newton algorithm with AC: Computing residual to check convergence...f(u, N, dt, f_u, flags, dt) : : gx = 3.49782e-09 < 2.50366e-08
The residual is decreasing if we take this AC-Newton step.

Taking best step and continuing Newton iteration.
L2Norm(G(x)) == 3.49782e-09
rx           == 6.11737e-18
L2Norm(dxN)  == 4.61709e-05
L2Norm(dxOpt)== 4.61709e-05
========================================================
Newton iteration number 2
Current state of Newton iteration:
   fcount_newton   == 9
   fcount_optimiza == 2
   L2Norm(x)       == 0.0222709
   L2Norm(dxN)     == 4.61709e-05
   L2Norm(dxOpt)   == 4.61709e-05
   L2Dist(x,x0)    == 6.52485e-05
gx == L2Norm(G(x)) : 
   initial  gx == 3.59067e-07
   previous gx == 2.50366e-08
   current  gx == 3.49782e-09
rx == 1/2 L2Norm2(G(x)) : 
   initial  rx == 6.44646e-14
   previous rx == 3.13415e-16
   current  rx == 6.11737e-18
         delta == 0.01
Newton search converged. Breaking.
L2Norm(G(x)) == 3.49782e-09 < epsSearch == 1e-08
