f(u, N, dt, f_u, flags, dt) : f(u, N, dt, f_u, flags, dt) : Computing G(x)
f(u, N, dt, f_u, flags, dt) : 
========================================================
Newton iteration number 0
Current state of Newton iteration:
   fcount_newton   == 1
   fcount_optimiza == 0
   L2Norm(x)       == 0.0683937
   L2Norm(dxN)     == 0
   L2Norm(dxOpt)   == 0
   L2Dist(x,x0)    == 0
gx == L2Norm(G(x)) : 
   initial  gx == 1.25926e-07
   previous gx == 1.25926e-07
   current  gx == 1.25926e-07
rx == 1/2 L2Norm2(G(x)) : 
   initial  rx == 7.92868e-15
   previous rx == 7.92868e-15
   current  rx == 7.92868e-15
         delta == 0.01
Newt,GMRES == 0,0, f(u, N, dt, f_u, flags, dt) :  res == 0.834775
Newt,GMRES == 0,1, f(u, N, dt, f_u, flags, dt) :  res == 0.0010428
Newt,GMRES == 0,2, f(u, N, dt, f_u, flags, dt) :  res == 3.61075e-11
GMRES converged. Breaking.
Hookstep optimization is currently not implemented with Arclength Continuation.
Optimized Newton algorithm with AC: Computing residual to check convergence...f(u, N, dt, f_u, flags, dt) : : gx = 1.98302e-11 < 1.25926e-07
The residual is decreasing if we take this AC-Newton step.

Taking best step and continuing Newton iteration.
L2Norm(G(x)) == 1.98302e-11
rx           == 1.96618e-22
L2Norm(dxN)  == 1.27322e-05
L2Norm(dxOpt)== 1.27322e-05
========================================================
Newton iteration number 1
Current state of Newton iteration:
   fcount_newton   == 4
   fcount_optimiza == 1
   L2Norm(x)       == 0.068381
   L2Norm(dxN)     == 1.27322e-05
   L2Norm(dxOpt)   == 1.27322e-05
   L2Dist(x,x0)    == 1.27322e-05
gx == L2Norm(G(x)) : 
   initial  gx == 1.25926e-07
   previous gx == 1.25926e-07
   current  gx == 1.98302e-11
rx == 1/2 L2Norm2(G(x)) : 
   initial  rx == 7.92868e-15
   previous rx == 7.92868e-15
   current  rx == 1.96618e-22
         delta == 0.01
Newt,GMRES == 1,0, f(u, N, dt, f_u, flags, dt) :  res == 0.831635
Newt,GMRES == 1,1, f(u, N, dt, f_u, flags, dt) :  res == 0.000101008
GMRES converged. Breaking.
Hookstep optimization is currently not implemented with Arclength Continuation.
Optimized Newton algorithm with AC: Computing residual to check convergence...f(u, N, dt, f_u, flags, dt) : : gx = 1.77442e-13 < 1.98302e-11
The residual is decreasing if we take this AC-Newton step.

Taking best step and continuing Newton iteration.
L2Norm(G(x)) == 1.77442e-13
rx           == 1.57429e-26
L2Norm(dxN)  == 2.00505e-09
L2Norm(dxOpt)== 2.00505e-09
========================================================
Newton iteration number 2
Current state of Newton iteration:
   fcount_newton   == 6
   fcount_optimiza == 2
   L2Norm(x)       == 0.068381
   L2Norm(dxN)     == 2.00505e-09
   L2Norm(dxOpt)   == 2.00505e-09
   L2Dist(x,x0)    == 1.27342e-05
gx == L2Norm(G(x)) : 
   initial  gx == 1.25926e-07
   previous gx == 1.98302e-11
   current  gx == 1.77442e-13
rx == 1/2 L2Norm2(G(x)) : 
   initial  rx == 7.92868e-15
   previous rx == 1.96618e-22
   current  rx == 1.57429e-26
         delta == 0.01
Newton search converged. Breaking.
L2Norm(G(x)) == 1.77442e-13 < epsSearch == 1e-11
