f(u, N, dt, f_u, flags, dt) : f(u, N, dt, f_u, flags, dt) : Computing G(x)
f(u, N, dt, f_u, flags, dt) : 
========================================================
Newton iteration number 0
Current state of Newton iteration:
   fcount_newton   == 1
   fcount_optimiza == 0
   L2Norm(x)       == 0.077507
   L2Norm(dxN)     == 0
   L2Norm(dxOpt)   == 0
   L2Dist(x,x0)    == 0
gx == L2Norm(G(x)) : 
   initial  gx == 3.03902e-08
   previous gx == 3.03902e-08
   current  gx == 3.03902e-08
rx == 1/2 L2Norm2(G(x)) : 
   initial  rx == 4.61783e-16
   previous rx == 4.61783e-16
   current  rx == 4.61783e-16
         delta == 0.01
Newt,GMRES == 0,0, f(u, N, dt, f_u, flags, dt) :  res == 0.745715
Newt,GMRES == 0,1, f(u, N, dt, f_u, flags, dt) :  res == 0.000164968
GMRES converged. Breaking.
Hookstep optimization is currently not implemented with Arclength Continuation.
Optimized Newton algorithm with AC: Computing residual to check convergence...f(u, N, dt, f_u, flags, dt) : : gx = 5.09491e-12 < 3.03902e-08
The residual is decreasing if we take this AC-Newton step.

Taking best step and continuing Newton iteration.
L2Norm(G(x)) == 5.09491e-12
rx           == 1.29791e-23
L2Norm(dxN)  == 3.04173e-06
L2Norm(dxOpt)== 3.04173e-06
========================================================
Newton iteration number 1
Current state of Newton iteration:
   fcount_newton   == 3
   fcount_optimiza == 1
   L2Norm(x)       == 0.077504
   L2Norm(dxN)     == 3.04173e-06
   L2Norm(dxOpt)   == 3.04173e-06
   L2Dist(x,x0)    == 3.04173e-06
gx == L2Norm(G(x)) : 
   initial  gx == 3.03902e-08
   previous gx == 3.03902e-08
   current  gx == 5.09491e-12
rx == 1/2 L2Norm2(G(x)) : 
   initial  rx == 4.61783e-16
   previous rx == 4.61783e-16
   current  rx == 1.29791e-23
         delta == 0.01
Newton search converged. Breaking.
L2Norm(G(x)) == 5.09491e-12 < epsSearch == 1e-11
