f(u, N, dt, f_u, flags, dt) : f(u, N, dt, f_u, flags, dt) : Computing G(x)
f(u, N, dt, f_u, flags, dt) : 
========================================================
Newton iteration number 0
Current state of Newton iteration:
   fcount_newton   == 1
   fcount_optimiza == 0
   L2Norm(x)       == 0.116037
   L2Norm(dxN)     == 0
   L2Norm(dxOpt)   == 0
   L2Dist(x,x0)    == 0
gx == L2Norm(G(x)) : 
   initial  gx == 9.28579e-10
   previous gx == 9.28579e-10
   current  gx == 9.28579e-10
rx == 1/2 L2Norm2(G(x)) : 
   initial  rx == 4.31129e-19
   previous rx == 4.31129e-19
   current  rx == 4.31129e-19
         delta == 0.01
Newt,GMRES == 0,0, f(u, N, dt, f_u, flags, dt) :  res == 0.50906
Newt,GMRES == 0,1, f(u, N, dt, f_u, flags, dt) :  res == 0.000132811
GMRES converged. Breaking.
Hookstep optimization is currently not implemented with Arclength Continuation.
Optimized Newton algorithm with AC: Computing residual to check convergence...f(u, N, dt, f_u, flags, dt) : : gx = 6.23704e-14 < 9.28579e-10
The residual is decreasing if we take this AC-Newton step.

Taking best step and continuing Newton iteration.
L2Norm(G(x)) == 6.23704e-14
rx           == 1.94503e-27
L2Norm(dxN)  == 9.28548e-08
L2Norm(dxOpt)== 9.28548e-08
========================================================
Newton iteration number 1
Current state of Newton iteration:
   fcount_newton   == 3
   fcount_optimiza == 1
   L2Norm(x)       == 0.116038
   L2Norm(dxN)     == 9.28548e-08
   L2Norm(dxOpt)   == 9.28548e-08
   L2Dist(x,x0)    == 9.28548e-08
gx == L2Norm(G(x)) : 
   initial  gx == 9.28579e-10
   previous gx == 9.28579e-10
   current  gx == 6.23704e-14
rx == 1/2 L2Norm2(G(x)) : 
   initial  rx == 4.31129e-19
   previous rx == 4.31129e-19
   current  rx == 1.94503e-27
         delta == 0.01
Newton search converged. Breaking.
L2Norm(G(x)) == 6.23704e-14 < epsSearch == 1e-11
