f(u, N, dt, f_u, flags, dt) : f(u, N, dt, f_u, flags, dt) : Computing G(x)
f(u, N, dt, f_u, flags, dt) : 
========================================================
Newton iteration number 0
Current state of Newton iteration:
   fcount_newton   == 1
   fcount_optimiza == 0
   L2Norm(x)       == 0.00962532
   L2Norm(dxN)     == 0
   L2Norm(dxOpt)   == 0
   L2Dist(x,x0)    == 0
gx == L2Norm(G(x)) : 
   initial  gx == 1.8143e-05
   previous gx == 1.8143e-05
   current  gx == 1.8143e-05
rx == 1/2 L2Norm2(G(x)) : 
   initial  rx == 1.64584e-10
   previous rx == 1.64584e-10
   current  rx == 1.64584e-10
         delta == 0.01
Newt,GMRES == 0,0, f(u, N, dt, f_u, flags, dt) :  res == 0.999997
Newt,GMRES == 0,1, f(u, N, dt, f_u, flags, dt) :  res == 0.999792
Newt,GMRES == 0,2, f(u, N, dt, f_u, flags, dt) :  res == 0.217006
Newt,GMRES == 0,3, f(u, N, dt, f_u, flags, dt) :  res == 0.0385836
GMRES converged. Breaking.
Hookstep optimization is currently not implemented with Arclength Continuation.
Optimized Newton algorithm with AC: Computing residual to check convergence...f(u, N, dt, f_u, flags, dt) : : gx = 1.63803e-05 < 1.8143e-05
The residual is decreasing if we take this AC-Newton step.

Taking best step and continuing Newton iteration.
L2Norm(G(x)) == 1.63803e-05
rx           == 1.34157e-10
L2Norm(dxN)  == 0.00252893
L2Norm(dxOpt)== 0.00252893
========================================================
Newton iteration number 1
Current state of Newton iteration:
   fcount_newton   == 5
   fcount_optimiza == 1
   L2Norm(x)       == 0.00739481
   L2Norm(dxN)     == 0.00252893
   L2Norm(dxOpt)   == 0.00252893
   L2Dist(x,x0)    == 0.00252895
gx == L2Norm(G(x)) : 
   initial  gx == 1.8143e-05
   previous gx == 1.8143e-05
   current  gx == 1.63803e-05
rx == 1/2 L2Norm2(G(x)) : 
   initial  rx == 1.64584e-10
   previous rx == 1.64584e-10
   current  rx == 1.34157e-10
         delta == 0.01
Newt,GMRES == 1,0, f(u, N, dt, f_u, flags, dt) :  res == 0.972075
Newt,GMRES == 1,1, f(u, N, dt, f_u, flags, dt) :  res == 0.372088
Newt,GMRES == 1,2, f(u, N, dt, f_u, flags, dt) :  res == 0.0494348
GMRES converged. Breaking.
Hookstep optimization is currently not implemented with Arclength Continuation.
Optimized Newton algorithm with AC: Computing residual to check convergence...f(u, N, dt, f_u, flags, dt) : : gx = 1.10811e-06 < 1.63803e-05
The residual is decreasing if we take this AC-Newton step.

Taking best step and continuing Newton iteration.
L2Norm(G(x)) == 1.10811e-06
rx           == 6.13952e-13
L2Norm(dxN)  == 0.00103836
L2Norm(dxOpt)== 0.00103836
========================================================
Newton iteration number 2
Current state of Newton iteration:
   fcount_newton   == 8
   fcount_optimiza == 2
   L2Norm(x)       == 0.00832931
   L2Norm(dxN)     == 0.00103836
   L2Norm(dxOpt)   == 0.00103836
   L2Dist(x,x0)    == 0.0017078
gx == L2Norm(G(x)) : 
   initial  gx == 1.8143e-05
   previous gx == 1.63803e-05
   current  gx == 1.10811e-06
rx == 1/2 L2Norm2(G(x)) : 
   initial  rx == 1.64584e-10
   previous rx == 1.34157e-10
   current  rx == 6.13952e-13
         delta == 0.01
Newt,GMRES == 2,0, f(u, N, dt, f_u, flags, dt) :  res == 0.999961
Newt,GMRES == 2,1, f(u, N, dt, f_u, flags, dt) :  res == 0.997986
Newt,GMRES == 2,2, f(u, N, dt, f_u, flags, dt) :  res == 0.262688
Newt,GMRES == 2,3, f(u, N, dt, f_u, flags, dt) :  res == 0.0232358
GMRES converged. Breaking.
Hookstep optimization is currently not implemented with Arclength Continuation.
Optimized Newton algorithm with AC: Computing residual to check convergence...f(u, N, dt, f_u, flags, dt) : : gx = 2.65449e-08 < 1.10811e-06
The residual is decreasing if we take this AC-Newton step.

Taking best step and continuing Newton iteration.
L2Norm(G(x)) == 2.65449e-08
rx           == 3.52315e-16
L2Norm(dxN)  == 0.00013376
L2Norm(dxOpt)== 0.00013376
========================================================
Newton iteration number 3
Current state of Newton iteration:
   fcount_newton   == 12
   fcount_optimiza == 3
   L2Norm(x)       == 0.00830802
   L2Norm(dxN)     == 0.00013376
   L2Norm(dxOpt)   == 0.00013376
   L2Dist(x,x0)    == 0.00171047
gx == L2Norm(G(x)) : 
   initial  gx == 1.8143e-05
   previous gx == 1.10811e-06
   current  gx == 2.65449e-08
rx == 1/2 L2Norm2(G(x)) : 
   initial  rx == 1.64584e-10
   previous rx == 6.13952e-13
   current  rx == 3.52315e-16
         delta == 0.01
Newt,GMRES == 3,0, f(u, N, dt, f_u, flags, dt) :  res == 0.968869
Newt,GMRES == 3,1, f(u, N, dt, f_u, flags, dt) :  res == 0.646337
Newt,GMRES == 3,2, f(u, N, dt, f_u, flags, dt) :  res == 0.178401
Newt,GMRES == 3,3, f(u, N, dt, f_u, flags, dt) :  res == 0.0337117
GMRES converged. Breaking.
Hookstep optimization is currently not implemented with Arclength Continuation.
Optimized Newton algorithm with AC: Computing residual to check convergence...f(u, N, dt, f_u, flags, dt) : : gx = 8.95464e-10 < 2.65449e-08
The residual is decreasing if we take this AC-Newton step.

Taking best step and continuing Newton iteration.
L2Norm(G(x)) == 8.95464e-10
rx           == 4.00928e-19
L2Norm(dxN)  == 3.15887e-06
L2Norm(dxOpt)== 3.15887e-06
========================================================
Newton iteration number 4
Current state of Newton iteration:
   fcount_newton   == 16
   fcount_optimiza == 4
   L2Norm(x)       == 0.0083085
   L2Norm(dxN)     == 3.15887e-06
   L2Norm(dxOpt)   == 3.15887e-06
   L2Dist(x,x0)    == 0.00170976
gx == L2Norm(G(x)) : 
   initial  gx == 1.8143e-05
   previous gx == 2.65449e-08
   current  gx == 8.95464e-10
rx == 1/2 L2Norm2(G(x)) : 
   initial  rx == 1.64584e-10
   previous rx == 3.52315e-16
   current  rx == 4.00928e-19
         delta == 0.01
Newt,GMRES == 4,0, f(u, N, dt, f_u, flags, dt) :  res == 0.870098
Newt,GMRES == 4,1, f(u, N, dt, f_u, flags, dt) :  res == 0.247632
Newt,GMRES == 4,2, f(u, N, dt, f_u, flags, dt) :  res == 0.247618
Newt,GMRES == 4,3, f(u, N, dt, f_u, flags, dt) :  res == 0.038137
GMRES converged. Breaking.
Hookstep optimization is currently not implemented with Arclength Continuation.
Optimized Newton algorithm with AC: Computing residual to check convergence...f(u, N, dt, f_u, flags, dt) : : gx = 3.42209e-11 < 8.95464e-10
The residual is decreasing if we take this AC-Newton step.

Taking best step and continuing Newton iteration.
L2Norm(G(x)) == 3.42209e-11
rx           == 5.85536e-22
L2Norm(dxN)  == 1.22771e-07
L2Norm(dxOpt)== 1.22771e-07
========================================================
Newton iteration number 5
Current state of Newton iteration:
   fcount_newton   == 20
   fcount_optimiza == 5
   L2Norm(x)       == 0.00830851
   L2Norm(dxN)     == 1.22771e-07
   L2Norm(dxOpt)   == 1.22771e-07
   L2Dist(x,x0)    == 0.00170975
gx == L2Norm(G(x)) : 
   initial  gx == 1.8143e-05
   previous gx == 8.95464e-10
   current  gx == 3.42209e-11
rx == 1/2 L2Norm2(G(x)) : 
   initial  rx == 1.64584e-10
   previous rx == 4.00928e-19
   current  rx == 5.85536e-22
         delta == 0.01
Newt,GMRES == 5,0, f(u, N, dt, f_u, flags, dt) :  res == 0.392585
Newt,GMRES == 5,1, f(u, N, dt, f_u, flags, dt) :  res == 0.383766
Newt,GMRES == 5,2, f(u, N, dt, f_u, flags, dt) :  res == 0.19249
Newt,GMRES == 5,3, f(u, N, dt, f_u, flags, dt) :  res == 0.0396417
GMRES converged. Breaking.
Hookstep optimization is currently not implemented with Arclength Continuation.
Optimized Newton algorithm with AC: Computing residual to check convergence...f(u, N, dt, f_u, flags, dt) : : gx = 1.38736e-12 < 3.42209e-11
The residual is decreasing if we take this AC-Newton step.

Taking best step and continuing Newton iteration.
L2Norm(G(x)) == 1.38736e-12
rx           == 9.62386e-25
L2Norm(dxN)  == 4.27026e-09
L2Norm(dxOpt)== 4.27026e-09
========================================================
Newton iteration number 6
Current state of Newton iteration:
   fcount_newton   == 24
   fcount_optimiza == 6
   L2Norm(x)       == 0.00830851
   L2Norm(dxN)     == 4.27026e-09
   L2Norm(dxOpt)   == 4.27026e-09
   L2Dist(x,x0)    == 0.00170975
gx == L2Norm(G(x)) : 
   initial  gx == 1.8143e-05
   previous gx == 3.42209e-11
   current  gx == 1.38736e-12
rx == 1/2 L2Norm2(G(x)) : 
   initial  rx == 1.64584e-10
   previous rx == 5.85536e-22
   current  rx == 9.62386e-25
         delta == 0.01
Newton search converged. Breaking.
L2Norm(G(x)) == 1.38736e-12 < epsSearch == 1e-11
