f(u, N, dt, f_u, flags, dt) : f(u, N, dt, f_u, flags, dt) : Computing G(x)
f(u, N, dt, f_u, flags, dt) : 
========================================================
Newton iteration number 0
Current state of Newton iteration:
   fcount_newton   == 1
   fcount_optimiza == 0
   L2Norm(x)       == 0.0305001
   L2Norm(dxN)     == 0
   L2Norm(dxOpt)   == 0
   L2Dist(x,x0)    == 0
gx == L2Norm(G(x)) : 
   initial  gx == 7.2135e-06
   previous gx == 7.2135e-06
   current  gx == 7.2135e-06
rx == 1/2 L2Norm2(G(x)) : 
   initial  rx == 2.60173e-11
   previous rx == 2.60173e-11
   current  rx == 2.60173e-11
         delta == 0.01
Newt,GMRES == 0,0, f(u, N, dt, f_u, flags, dt) :  res == 0.752216
Newt,GMRES == 0,1, f(u, N, dt, f_u, flags, dt) :  res == 0.0447643
Newt,GMRES == 0,2, f(u, N, dt, f_u, flags, dt) :  res == 0.00108173
Newt,GMRES == 0,3, f(u, N, dt, f_u, flags, dt) :  res == 4.82779e-09
GMRES converged. Breaking.
Hookstep optimization is currently not implemented with Arclength Continuation.
Optimized Newton algorithm with AC: Computing residual to check convergence...f(u, N, dt, f_u, flags, dt) : : gx = 3.70914e-08 < 7.2135e-06
The residual is decreasing if we take this AC-Newton step.

Taking best step and continuing Newton iteration.
L2Norm(G(x)) == 3.70914e-08
rx           == 6.87885e-16
L2Norm(dxN)  == 0.000340753
L2Norm(dxOpt)== 0.000340753
========================================================
Newton iteration number 1
Current state of Newton iteration:
   fcount_newton   == 5
   fcount_optimiza == 1
   L2Norm(x)       == 0.0301707
   L2Norm(dxN)     == 0.000340753
   L2Norm(dxOpt)   == 0.000340753
   L2Dist(x,x0)    == 0.000340753
gx == L2Norm(G(x)) : 
   initial  gx == 7.2135e-06
   previous gx == 7.2135e-06
   current  gx == 3.70914e-08
rx == 1/2 L2Norm2(G(x)) : 
   initial  rx == 2.60173e-11
   previous rx == 2.60173e-11
   current  rx == 6.87885e-16
         delta == 0.01
Newt,GMRES == 1,0, f(u, N, dt, f_u, flags, dt) :  res == 0.978943
Newt,GMRES == 1,1, f(u, N, dt, f_u, flags, dt) :  res == 0.966957
Newt,GMRES == 1,2, f(u, N, dt, f_u, flags, dt) :  res == 0.250171
Newt,GMRES == 1,3, f(u, N, dt, f_u, flags, dt) :  res == 1.59066e-07
GMRES converged. Breaking.
Hookstep optimization is currently not implemented with Arclength Continuation.
Optimized Newton algorithm with AC: Computing residual to check convergence...f(u, N, dt, f_u, flags, dt) : : gx = 1.16103e-09 < 3.70914e-08
The residual is decreasing if we take this AC-Newton step.

Taking best step and continuing Newton iteration.
L2Norm(G(x)) == 1.16103e-09
rx           == 6.73994e-19
L2Norm(dxN)  == 5.27313e-06
L2Norm(dxOpt)== 5.27313e-06
========================================================
Newton iteration number 2
Current state of Newton iteration:
   fcount_newton   == 9
   fcount_optimiza == 2
   L2Norm(x)       == 0.0301724
   L2Norm(dxN)     == 5.27313e-06
   L2Norm(dxOpt)   == 5.27313e-06
   L2Dist(x,x0)    == 0.000338281
gx == L2Norm(G(x)) : 
   initial  gx == 7.2135e-06
   previous gx == 3.70914e-08
   current  gx == 1.16103e-09
rx == 1/2 L2Norm2(G(x)) : 
   initial  rx == 2.60173e-11
   previous rx == 6.87885e-16
   current  rx == 6.73994e-19
         delta == 0.01
Newt,GMRES == 2,0, f(u, N, dt, f_u, flags, dt) :  res == 0.796568
Newt,GMRES == 2,1, f(u, N, dt, f_u, flags, dt) :  res == 0.0780566
Newt,GMRES == 2,2, f(u, N, dt, f_u, flags, dt) :  res == 0.00251432
Newt,GMRES == 2,3, f(u, N, dt, f_u, flags, dt) :  res == 8.02331e-09
GMRES converged. Breaking.
Hookstep optimization is currently not implemented with Arclength Continuation.
Optimized Newton algorithm with AC: Computing residual to check convergence...f(u, N, dt, f_u, flags, dt) : : gx = 5.04889e-11 < 1.16103e-09
The residual is decreasing if we take this AC-Newton step.

Taking best step and continuing Newton iteration.
L2Norm(G(x)) == 5.04889e-11
rx           == 1.27457e-21
L2Norm(dxN)  == 5.83658e-08
L2Norm(dxOpt)== 5.83658e-08
========================================================
Newton iteration number 3
Current state of Newton iteration:
   fcount_newton   == 13
   fcount_optimiza == 3
   L2Norm(x)       == 0.0301724
   L2Norm(dxN)     == 5.83658e-08
   L2Norm(dxOpt)   == 5.83658e-08
   L2Dist(x,x0)    == 0.000338333
gx == L2Norm(G(x)) : 
   initial  gx == 7.2135e-06
   previous gx == 1.16103e-09
   current  gx == 5.04889e-11
rx == 1/2 L2Norm2(G(x)) : 
   initial  rx == 2.60173e-11
   previous rx == 6.73994e-19
   current  rx == 1.27457e-21
         delta == 0.01
Newt,GMRES == 3,0, f(u, N, dt, f_u, flags, dt) :  res == 0.797067
Newt,GMRES == 3,1, f(u, N, dt, f_u, flags, dt) :  res == 0.00712061
Newt,GMRES == 3,2, f(u, N, dt, f_u, flags, dt) :  res == 6.6987e-05
GMRES converged. Breaking.
Hookstep optimization is currently not implemented with Arclength Continuation.
Optimized Newton algorithm with AC: Computing residual to check convergence...f(u, N, dt, f_u, flags, dt) : : gx = 1.0042e-11 < 5.04889e-11
The residual is decreasing if we take this AC-Newton step.

Taking best step and continuing Newton iteration.
L2Norm(G(x)) == 1.0042e-11
rx           == 5.04213e-23
L2Norm(dxN)  == 2.2663e-09
L2Norm(dxOpt)== 2.2663e-09
========================================================
Newton iteration number 4
Current state of Newton iteration:
   fcount_newton   == 16
   fcount_optimiza == 4
   L2Norm(x)       == 0.0301724
   L2Norm(dxN)     == 2.2663e-09
   L2Norm(dxOpt)   == 2.2663e-09
   L2Dist(x,x0)    == 0.000338331
gx == L2Norm(G(x)) : 
   initial  gx == 7.2135e-06
   previous gx == 5.04889e-11
   current  gx == 1.0042e-11
rx == 1/2 L2Norm2(G(x)) : 
   initial  rx == 2.60173e-11
   previous rx == 1.27457e-21
   current  rx == 5.04213e-23
         delta == 0.01
Newt,GMRES == 4,0, f(u, N, dt, f_u, flags, dt) :  res == 0.848297
Newt,GMRES == 4,1, f(u, N, dt, f_u, flags, dt) :  res == 0.476435
Newt,GMRES == 4,2, f(u, N, dt, f_u, flags, dt) :  res == 0.00112742
Newt,GMRES == 4,3, f(u, N, dt, f_u, flags, dt) :  res == 3.60092e-09
GMRES converged. Breaking.
Hookstep optimization is currently not implemented with Arclength Continuation.
Optimized Newton algorithm with AC: Computing residual to check convergence...f(u, N, dt, f_u, flags, dt) : : gx = 3.64648e-12 < 1.0042e-11
The residual is decreasing if we take this AC-Newton step.

Taking best step and continuing Newton iteration.
L2Norm(G(x)) == 3.64648e-12
rx           == 6.64842e-24
L2Norm(dxN)  == 1.43174e-09
L2Norm(dxOpt)== 1.43174e-09
========================================================
Newton iteration number 5
Current state of Newton iteration:
   fcount_newton   == 20
   fcount_optimiza == 5
   L2Norm(x)       == 0.0301724
   L2Norm(dxN)     == 1.43174e-09
   L2Norm(dxOpt)   == 1.43174e-09
   L2Dist(x,x0)    == 0.000338331
gx == L2Norm(G(x)) : 
   initial  gx == 7.2135e-06
   previous gx == 1.0042e-11
   current  gx == 3.64648e-12
rx == 1/2 L2Norm2(G(x)) : 
   initial  rx == 2.60173e-11
   previous rx == 5.04213e-23
   current  rx == 6.64842e-24
         delta == 0.01
Newton search converged. Breaking.
L2Norm(G(x)) == 3.64648e-12 < epsSearch == 1e-11
