f(u, N, dt, f_u, flags, dt) : f(u, N, dt, f_u, flags, dt) : Computing G(x)
f(u, N, dt, f_u, flags, dt) : 
========================================================
Newton iteration number 0
Current state of Newton iteration:
   fcount_newton   == 1
   fcount_optimiza == 0
   L2Norm(x)       == 0.0224853
   L2Norm(dxN)     == 0
   L2Norm(dxOpt)   == 0
   L2Dist(x,x0)    == 0
gx == L2Norm(G(x)) : 
   initial  gx == 5.31861e-07
   previous gx == 5.31861e-07
   current  gx == 5.31861e-07
rx == 1/2 L2Norm2(G(x)) : 
   initial  rx == 1.41438e-13
   previous rx == 1.41438e-13
   current  rx == 1.41438e-13
         delta == 0.01
Newt,GMRES == 0,0, f(u, N, dt, f_u, flags, dt) :  res == 0.999984
Newt,GMRES == 0,1, f(u, N, dt, f_u, flags, dt) :  res == 0.756255
Newt,GMRES == 0,2, f(u, N, dt, f_u, flags, dt) :  res == 0.13343
Newt,GMRES == 0,3, f(u, N, dt, f_u, flags, dt) :  res == 0.115604
Newt,GMRES == 0,4, f(u, N, dt, f_u, flags, dt) :  res == 0.0919217
GMRES converged. Breaking.
Hookstep optimization is currently not implemented with Arclength Continuation.
Optimized Newton algorithm with AC: Computing residual to check convergence...f(u, N, dt, f_u, flags, dt) : : gx = 1.13943e-07 < 5.31861e-07
The residual is decreasing if we take this AC-Newton step.

Taking best step and continuing Newton iteration.
L2Norm(G(x)) == 1.13943e-07
rx           == 6.49156e-15
L2Norm(dxN)  == 0.000212267
L2Norm(dxOpt)== 0.000212267
========================================================
Newton iteration number 1
Current state of Newton iteration:
   fcount_newton   == 6
   fcount_optimiza == 1
   L2Norm(x)       == 0.0224462
   L2Norm(dxN)     == 0.000212267
   L2Norm(dxOpt)   == 0.000212267
   L2Dist(x,x0)    == 0.000212268
gx == L2Norm(G(x)) : 
   initial  gx == 5.31861e-07
   previous gx == 5.31861e-07
   current  gx == 1.13943e-07
rx == 1/2 L2Norm2(G(x)) : 
   initial  rx == 1.41438e-13
   previous rx == 1.41438e-13
   current  rx == 6.49156e-15
         delta == 0.01
Newt,GMRES == 1,0, f(u, N, dt, f_u, flags, dt) :  res == 0.999997
Newt,GMRES == 1,1, f(u, N, dt, f_u, flags, dt) :  res == 0.99274
Newt,GMRES == 1,2, f(u, N, dt, f_u, flags, dt) :  res == 0.366682
Newt,GMRES == 1,3, f(u, N, dt, f_u, flags, dt) :  res == 0.170534
Newt,GMRES == 1,4, f(u, N, dt, f_u, flags, dt) :  res == 0.155022
Newt,GMRES == 1,5, f(u, N, dt, f_u, flags, dt) :  res == 0.140743
Newt,GMRES == 1,6, f(u, N, dt, f_u, flags, dt) :  res == 0.020536
GMRES converged. Breaking.
Hookstep optimization is currently not implemented with Arclength Continuation.
Optimized Newton algorithm with AC: Computing residual to check convergence...f(u, N, dt, f_u, flags, dt) : : gx = 1.44086e-08 < 1.13943e-07
The residual is decreasing if we take this AC-Newton step.

Taking best step and continuing Newton iteration.
L2Norm(G(x)) == 1.44086e-08
rx           == 1.03803e-16
L2Norm(dxN)  == 7.96353e-05
L2Norm(dxOpt)== 7.96353e-05
========================================================
Newton iteration number 2
Current state of Newton iteration:
   fcount_newton   == 13
   fcount_optimiza == 2
   L2Norm(x)       == 0.0224319
   L2Norm(dxN)     == 7.96353e-05
   L2Norm(dxOpt)   == 7.96353e-05
   L2Dist(x,x0)    == 0.000290814
gx == L2Norm(G(x)) : 
   initial  gx == 5.31861e-07
   previous gx == 1.13943e-07
   current  gx == 1.44086e-08
rx == 1/2 L2Norm2(G(x)) : 
   initial  rx == 1.41438e-13
   previous rx == 6.49156e-15
   current  rx == 1.03803e-16
         delta == 0.01
Newt,GMRES == 2,0, f(u, N, dt, f_u, flags, dt) :  res == 0.999994
Newt,GMRES == 2,1, f(u, N, dt, f_u, flags, dt) :  res == 0.980337
Newt,GMRES == 2,2, f(u, N, dt, f_u, flags, dt) :  res == 0.280681
Newt,GMRES == 2,3, f(u, N, dt, f_u, flags, dt) :  res == 0.0832053
GMRES converged. Breaking.
Hookstep optimization is currently not implemented with Arclength Continuation.
Optimized Newton algorithm with AC: Computing residual to check convergence...f(u, N, dt, f_u, flags, dt) : : gx = 1.32552e-09 < 1.44086e-08
The residual is decreasing if we take this AC-Newton step.

Taking best step and continuing Newton iteration.
L2Norm(G(x)) == 1.32552e-09
rx           == 8.78497e-19
L2Norm(dxN)  == 1.30415e-05
L2Norm(dxOpt)== 1.30415e-05
========================================================
Newton iteration number 3
Current state of Newton iteration:
   fcount_newton   == 17
   fcount_optimiza == 3
   L2Norm(x)       == 0.0224274
   L2Norm(dxN)     == 1.30415e-05
   L2Norm(dxOpt)   == 1.30415e-05
   L2Dist(x,x0)    == 0.000302197
gx == L2Norm(G(x)) : 
   initial  gx == 5.31861e-07
   previous gx == 1.44086e-08
   current  gx == 1.32552e-09
rx == 1/2 L2Norm2(G(x)) : 
   initial  rx == 1.41438e-13
   previous rx == 1.03803e-16
   current  rx == 8.78497e-19
         delta == 0.01
Newton search converged. Breaking.
L2Norm(G(x)) == 1.32552e-09 < epsSearch == 1e-08
