f(u, N, dt, f_u, flags, dt) : f(u, N, dt, f_u, flags, dt) : Computing G(x)
f(u, N, dt, f_u, flags, dt) : 
========================================================
Newton iteration number 0
Current state of Newton iteration:
   fcount_newton   == 1
   fcount_optimiza == 0
   L2Norm(x)       == 0.0147011
   L2Norm(dxN)     == 0
   L2Norm(dxOpt)   == 0
   L2Dist(x,x0)    == 0
gx == L2Norm(G(x)) : 
   initial  gx == 3.44661e-07
   previous gx == 3.44661e-07
   current  gx == 3.44661e-07
rx == 1/2 L2Norm2(G(x)) : 
   initial  rx == 5.93955e-14
   previous rx == 5.93955e-14
   current  rx == 5.93955e-14
         delta == 0.01
Newt,GMRES == 0,0, f(u, N, dt, f_u, flags, dt) :  res == 0.787798
Newt,GMRES == 0,1, f(u, N, dt, f_u, flags, dt) :  res == 0.178609
Newt,GMRES == 0,2, f(u, N, dt, f_u, flags, dt) :  res == 0.00013113
GMRES converged. Breaking.
Hookstep optimization is currently not implemented with Arclength Continuation.
Optimized Newton algorithm with AC: Computing residual to check convergence...f(u, N, dt, f_u, flags, dt) : : gx = 5.99685e-10 < 3.44661e-07
The residual is decreasing if we take this AC-Newton step.

Taking best step and continuing Newton iteration.
L2Norm(G(x)) == 5.99685e-10
rx           == 1.79811e-19
L2Norm(dxN)  == 2.27553e-05
L2Norm(dxOpt)== 2.27553e-05
========================================================
Newton iteration number 1
Current state of Newton iteration:
   fcount_newton   == 4
   fcount_optimiza == 1
   L2Norm(x)       == 0.0146784
   L2Norm(dxN)     == 2.27553e-05
   L2Norm(dxOpt)   == 2.27553e-05
   L2Dist(x,x0)    == 2.27553e-05
gx == L2Norm(G(x)) : 
   initial  gx == 3.44661e-07
   previous gx == 3.44661e-07
   current  gx == 5.99685e-10
rx == 1/2 L2Norm2(G(x)) : 
   initial  rx == 5.93955e-14
   previous rx == 5.93955e-14
   current  rx == 1.79811e-19
         delta == 0.01
Newt,GMRES == 1,0, f(u, N, dt, f_u, flags, dt) :  res == 0.936385
Newt,GMRES == 1,1, f(u, N, dt, f_u, flags, dt) :  res == 0.797705
Newt,GMRES == 1,2, f(u, N, dt, f_u, flags, dt) :  res == 0.11195
Newt,GMRES == 1,3, f(u, N, dt, f_u, flags, dt) :  res == 4.28269e-08
GMRES converged. Breaking.
Hookstep optimization is currently not implemented with Arclength Continuation.
Optimized Newton algorithm with AC: Computing residual to check convergence...f(u, N, dt, f_u, flags, dt) : : gx = 4.34089e-12 < 5.99685e-10
The residual is decreasing if we take this AC-Newton step.

Taking best step and continuing Newton iteration.
L2Norm(G(x)) == 4.34089e-12
rx           == 9.42165e-24
L2Norm(dxN)  == 4.23516e-08
L2Norm(dxOpt)== 4.23516e-08
========================================================
Newton iteration number 2
Current state of Newton iteration:
   fcount_newton   == 8
   fcount_optimiza == 2
   L2Norm(x)       == 0.0146783
   L2Norm(dxN)     == 4.23516e-08
   L2Norm(dxOpt)   == 4.23516e-08
   L2Dist(x,x0)    == 2.27849e-05
gx == L2Norm(G(x)) : 
   initial  gx == 3.44661e-07
   previous gx == 5.99685e-10
   current  gx == 4.34089e-12
rx == 1/2 L2Norm2(G(x)) : 
   initial  rx == 5.93955e-14
   previous rx == 1.79811e-19
   current  rx == 9.42165e-24
         delta == 0.01
Newton search converged. Breaking.
L2Norm(G(x)) == 4.34089e-12 < epsSearch == 1e-11
