f(u, N, dt, f_u, flags, dt) : Computing G(x)
f(u, N, dt, f_u, flags, dt) : 
========================================================
Newton iteration number 0
Current state of Newton iteration:
   fcount_newton   == 1
   fcount_optimiza == 0
   L2Norm(x)       == 0.0102302
   L2Norm(dxN)     == 0
   L2Norm(dxOpt)   == 0
   L2Dist(x,x0)    == 0
gx == L2Norm(G(x)) : 
   initial  gx == 1.22941e-06
   previous gx == 1.22941e-06
   current  gx == 1.22941e-06
rx == 1/2 L2Norm2(G(x)) : 
   initial  rx == 7.55727e-13
   previous rx == 7.55727e-13
   current  rx == 7.55727e-13
         delta == 0.01
Newt,GMRES == 0,0, f(u, N, dt, f_u, flags, dt) :  res == 1
Newt,GMRES == 0,1, f(u, N, dt, f_u, flags, dt) :  res == 0.999928
Newt,GMRES == 0,2, f(u, N, dt, f_u, flags, dt) :  res == 0.277751
Newt,GMRES == 0,3, f(u, N, dt, f_u, flags, dt) :  res == 0.0307325
GMRES converged. Breaking.
Hookstep optimization is currently not implemented with Arclength Continuation.
Optimized Newton algorithm with AC: Computing residual to check convergence...f(u, N, dt, f_u, flags, dt) : : gx = 2.98618e-07 < 1.22941e-06
The residual is decreasing if we take this AC-Newton step.

Taking best step and continuing Newton iteration.
L2Norm(G(x)) == 2.98618e-07
rx           == 4.45862e-14
L2Norm(dxN)  == 0.000357078
L2Norm(dxOpt)== 0.000357078
========================================================
Newton iteration number 1
Current state of Newton iteration:
   fcount_newton   == 5
   fcount_optimiza == 1
   L2Norm(x)       == 0.00990019
   L2Norm(dxN)     == 0.000357078
   L2Norm(dxOpt)   == 0.000357078
   L2Dist(x,x0)    == 0.000357078
gx == L2Norm(G(x)) : 
   initial  gx == 1.22941e-06
   previous gx == 1.22941e-06
   current  gx == 2.98618e-07
rx == 1/2 L2Norm2(G(x)) : 
   initial  rx == 7.55727e-13
   previous rx == 7.55727e-13
   current  rx == 4.45862e-14
         delta == 0.01
Newt,GMRES == 1,0, f(u, N, dt, f_u, flags, dt) :  res == 0.999126
Newt,GMRES == 1,1, f(u, N, dt, f_u, flags, dt) :  res == 0.849644
Newt,GMRES == 1,2, f(u, N, dt, f_u, flags, dt) :  res == 0.132694
Newt,GMRES == 1,3, f(u, N, dt, f_u, flags, dt) :  res == 0.0152852
GMRES converged. Breaking.
Hookstep optimization is currently not implemented with Arclength Continuation.
Optimized Newton algorithm with AC: Computing residual to check convergence...f(u, N, dt, f_u, flags, dt) : : gx = 1.04844e-08 < 2.98618e-07
The residual is decreasing if we take this AC-Newton step.

Taking best step and continuing Newton iteration.
L2Norm(G(x)) == 1.04844e-08
rx           == 5.49615e-17
L2Norm(dxN)  == 5.80541e-05
L2Norm(dxOpt)== 5.80541e-05
========================================================
Newton iteration number 2
Current state of Newton iteration:
   fcount_newton   == 9
   fcount_optimiza == 2
   L2Norm(x)       == 0.00995484
   L2Norm(dxN)     == 5.80541e-05
   L2Norm(dxOpt)   == 5.80541e-05
   L2Dist(x,x0)    == 0.000299367
gx == L2Norm(G(x)) : 
   initial  gx == 1.22941e-06
   previous gx == 2.98618e-07
   current  gx == 1.04844e-08
rx == 1/2 L2Norm2(G(x)) : 
   initial  rx == 7.55727e-13
   previous rx == 4.45862e-14
   current  rx == 5.49615e-17
         delta == 0.01
Newt,GMRES == 2,0, f(u, N, dt, f_u, flags, dt) :  res == 0.999997
Newt,GMRES == 2,1, f(u, N, dt, f_u, flags, dt) :  res == 0.999953
Newt,GMRES == 2,2, f(u, N, dt, f_u, flags, dt) :  res == 0.328534
Newt,GMRES == 2,3, f(u, N, dt, f_u, flags, dt) :  res == 0.0270709
GMRES converged. Breaking.
Hookstep optimization is currently not implemented with Arclength Continuation.
Optimized Newton algorithm with AC: Computing residual to check convergence...f(u, N, dt, f_u, flags, dt) : : gx = 2.88423e-10 < 1.04844e-08
The residual is decreasing if we take this AC-Newton step.

Taking best step and continuing Newton iteration.
L2Norm(G(x)) == 2.88423e-10
rx           == 4.15939e-20
L2Norm(dxN)  == 2.03013e-06
L2Norm(dxOpt)== 2.03013e-06
========================================================
Newton iteration number 3
Current state of Newton iteration:
   fcount_newton   == 13
   fcount_optimiza == 3
   L2Norm(x)       == 0.00995663
   L2Norm(dxN)     == 2.03013e-06
   L2Norm(dxOpt)   == 2.03013e-06
   L2Dist(x,x0)    == 0.000297425
gx == L2Norm(G(x)) : 
   initial  gx == 1.22941e-06
   previous gx == 1.04844e-08
   current  gx == 2.88423e-10
rx == 1/2 L2Norm2(G(x)) : 
   initial  rx == 7.55727e-13
   previous rx == 5.49615e-17
   current  rx == 4.15939e-20
         delta == 0.01
Newt,GMRES == 3,0, f(u, N, dt, f_u, flags, dt) :  res == 0.453869
Newt,GMRES == 3,1, f(u, N, dt, f_u, flags, dt) :  res == 0.259803
Newt,GMRES == 3,2, f(u, N, dt, f_u, flags, dt) :  res == 0.250442
Newt,GMRES == 3,3, f(u, N, dt, f_u, flags, dt) :  res == 0.0484886
GMRES converged. Breaking.
Hookstep optimization is currently not implemented with Arclength Continuation.
Optimized Newton algorithm with AC: Computing residual to check convergence...f(u, N, dt, f_u, flags, dt) : : gx = 1.40458e-11 < 2.88423e-10
The residual is decreasing if we take this AC-Newton step.

Taking best step and continuing Newton iteration.
L2Norm(G(x)) == 1.40458e-11
rx           == 9.86428e-23
L2Norm(dxN)  == 3.62218e-08
L2Norm(dxOpt)== 3.62218e-08
========================================================
Newton iteration number 4
Current state of Newton iteration:
   fcount_newton   == 17
   fcount_optimiza == 4
   L2Norm(x)       == 0.00995663
   L2Norm(dxN)     == 3.62218e-08
   L2Norm(dxOpt)   == 3.62218e-08
   L2Dist(x,x0)    == 0.00029741
gx == L2Norm(G(x)) : 
   initial  gx == 1.22941e-06
   previous gx == 2.88423e-10
   current  gx == 1.40458e-11
rx == 1/2 L2Norm2(G(x)) : 
   initial  rx == 7.55727e-13
   previous rx == 4.15939e-20
   current  rx == 9.86428e-23
         delta == 0.01
Newt,GMRES == 4,0, f(u, N, dt, f_u, flags, dt) :  res == 0.39188
Newt,GMRES == 4,1, f(u, N, dt, f_u, flags, dt) :  res == 0.203781
Newt,GMRES == 4,2, f(u, N, dt, f_u, flags, dt) :  res == 0.0860503
GMRES converged. Breaking.
Hookstep optimization is currently not implemented with Arclength Continuation.
Optimized Newton algorithm with AC: Computing residual to check convergence...f(u, N, dt, f_u, flags, dt) : : gx = 2.0919e-12 < 1.40458e-11
The residual is decreasing if we take this AC-Newton step.

Taking best step and continuing Newton iteration.
L2Norm(G(x)) == 2.0919e-12
rx           == 2.18802e-24
L2Norm(dxN)  == 1.93132e-09
L2Norm(dxOpt)== 1.93132e-09
========================================================
Newton iteration number 5
Current state of Newton iteration:
   fcount_newton   == 20
   fcount_optimiza == 5
   L2Norm(x)       == 0.00995663
   L2Norm(dxN)     == 1.93132e-09
   L2Norm(dxOpt)   == 1.93132e-09
   L2Dist(x,x0)    == 0.000297409
gx == L2Norm(G(x)) : 
   initial  gx == 1.22941e-06
   previous gx == 1.40458e-11
   current  gx == 2.0919e-12
rx == 1/2 L2Norm2(G(x)) : 
   initial  rx == 7.55727e-13
   previous rx == 9.86428e-23
   current  rx == 2.18802e-24
         delta == 0.01
Newton search converged. Breaking.
L2Norm(G(x)) == 2.0919e-12 < epsSearch == 1e-11
