f(u, N, dt, f_u, flags, dt) : f(u, N, dt, f_u, flags, dt) : Computing G(x)
f(u, N, dt, f_u, flags, dt) : 
========================================================
Newton iteration number 0
Current state of Newton iteration:
   fcount_newton   == 1
   fcount_optimiza == 0
   L2Norm(x)       == 0.174466
   L2Norm(dxN)     == 0
   L2Norm(dxOpt)   == 0
   L2Dist(x,x0)    == 0
gx == L2Norm(G(x)) : 
   initial  gx == 4.14022e-10
   previous gx == 4.14022e-10
   current  gx == 4.14022e-10
rx == 1/2 L2Norm2(G(x)) : 
   initial  rx == 8.5707e-20
   previous rx == 8.5707e-20
   current  rx == 8.5707e-20
         delta == 0.01
Newt,GMRES == 0,0, f(u, N, dt, f_u, flags, dt) :  res == 0.124195
Newt,GMRES == 0,1, f(u, N, dt, f_u, flags, dt) :  res == 0.0766175
Newt,GMRES == 0,2, f(u, N, dt, f_u, flags, dt) :  res == 4.66732e-06
GMRES converged. Breaking.
Hookstep optimization is currently not implemented with Arclength Continuation.
Optimized Newton algorithm with AC: Computing residual to check convergence...f(u, N, dt, f_u, flags, dt) : : gx = 1.66413e-11 < 4.14022e-10
The residual is decreasing if we take this AC-Newton step.

Taking best step and continuing Newton iteration.
L2Norm(G(x)) == 1.66413e-11
rx           == 1.38467e-22
L2Norm(dxN)  == 6.74166e-08
L2Norm(dxOpt)== 6.74166e-08
========================================================
Newton iteration number 1
Current state of Newton iteration:
   fcount_newton   == 4
   fcount_optimiza == 1
   L2Norm(x)       == 0.174466
   L2Norm(dxN)     == 6.74166e-08
   L2Norm(dxOpt)   == 6.74166e-08
   L2Dist(x,x0)    == 6.74166e-08
gx == L2Norm(G(x)) : 
   initial  gx == 4.14022e-10
   previous gx == 4.14022e-10
   current  gx == 1.66413e-11
rx == 1/2 L2Norm2(G(x)) : 
   initial  rx == 8.5707e-20
   previous rx == 8.5707e-20
   current  rx == 1.38467e-22
         delta == 0.01
Newt,GMRES == 1,0, f(u, N, dt, f_u, flags, dt) :  res == 0.2928
Newt,GMRES == 1,1, f(u, N, dt, f_u, flags, dt) :  res == 0.000209281
GMRES converged. Breaking.
Hookstep optimization is currently not implemented with Arclength Continuation.
Optimized Newton algorithm with AC: Computing residual to check convergence...f(u, N, dt, f_u, flags, dt) : : gx = 6.72121e-12 < 1.66413e-11
The residual is decreasing if we take this AC-Newton step.

Taking best step and continuing Newton iteration.
L2Norm(G(x)) == 6.72121e-12
rx           == 2.25874e-23
L2Norm(dxN)  == 2.65566e-09
L2Norm(dxOpt)== 2.65566e-09
========================================================
Newton iteration number 2
Current state of Newton iteration:
   fcount_newton   == 6
   fcount_optimiza == 2
   L2Norm(x)       == 0.174466
   L2Norm(dxN)     == 2.65566e-09
   L2Norm(dxOpt)   == 2.65566e-09
   L2Dist(x,x0)    == 6.47688e-08
gx == L2Norm(G(x)) : 
   initial  gx == 4.14022e-10
   previous gx == 1.66413e-11
   current  gx == 6.72121e-12
rx == 1/2 L2Norm2(G(x)) : 
   initial  rx == 8.5707e-20
   previous rx == 1.38467e-22
   current  rx == 2.25874e-23
         delta == 0.01
Newton search converged. Breaking.
L2Norm(G(x)) == 6.72121e-12 < epsSearch == 1e-11
