f(u, N, dt, f_u, flags, dt) : f(u, N, dt, f_u, flags, dt) : Computing G(x)
f(u, N, dt, f_u, flags, dt) : 
========================================================
Newton iteration number 0
Current state of Newton iteration:
   fcount_newton   == 1
   fcount_optimiza == 0
   L2Norm(x)       == 0.133864
   L2Norm(dxN)     == 0
   L2Norm(dxOpt)   == 0
   L2Dist(x,x0)    == 0
gx == L2Norm(G(x)) : 
   initial  gx == 3.06106e-10
   previous gx == 3.06106e-10
   current  gx == 3.06106e-10
rx == 1/2 L2Norm2(G(x)) : 
   initial  rx == 4.68505e-20
   previous rx == 4.68505e-20
   current  rx == 4.68505e-20
         delta == 0.01
Newt,GMRES == 0,0, f(u, N, dt, f_u, flags, dt) :  res == 0.454532
Newt,GMRES == 0,1, f(u, N, dt, f_u, flags, dt) :  res == 0.00185042
Newt,GMRES == 0,2, f(u, N, dt, f_u, flags, dt) :  res == 2.81728e-08
GMRES converged. Breaking.
Hookstep optimization is currently not implemented with Arclength Continuation.
Optimized Newton algorithm with AC: Computing residual to check convergence...f(u, N, dt, f_u, flags, dt) : : gx = 3.4657e-13 < 3.06106e-10
The residual is decreasing if we take this AC-Newton step.

Taking best step and continuing Newton iteration.
L2Norm(G(x)) == 3.4657e-13
rx           == 6.00553e-26
L2Norm(dxN)  == 3.06142e-08
L2Norm(dxOpt)== 3.06142e-08
========================================================
Newton iteration number 1
Current state of Newton iteration:
   fcount_newton   == 4
   fcount_optimiza == 1
   L2Norm(x)       == 0.133864
   L2Norm(dxN)     == 3.06142e-08
   L2Norm(dxOpt)   == 3.06142e-08
   L2Dist(x,x0)    == 3.06142e-08
gx == L2Norm(G(x)) : 
   initial  gx == 3.06106e-10
   previous gx == 3.06106e-10
   current  gx == 3.4657e-13
rx == 1/2 L2Norm2(G(x)) : 
   initial  rx == 4.68505e-20
   previous rx == 4.68505e-20
   current  rx == 6.00553e-26
         delta == 0.01
Newton search converged. Breaking.
L2Norm(G(x)) == 3.4657e-13 < epsSearch == 1e-11
