f(u, N, dt, f_u, flags, dt) : f(u, N, dt, f_u, flags, dt) : Computing G(x)
f(u, N, dt, f_u, flags, dt) : 
========================================================
Newton iteration number 0
Current state of Newton iteration:
   fcount_newton   == 1
   fcount_optimiza == 0
   L2Norm(x)       == 0.187864
   L2Norm(dxN)     == 0
   L2Norm(dxOpt)   == 0
   L2Dist(x,x0)    == 0
gx == L2Norm(G(x)) : 
   initial  gx == 1.01432e-09
   previous gx == 1.01432e-09
   current  gx == 1.01432e-09
rx == 1/2 L2Norm2(G(x)) : 
   initial  rx == 5.14421e-19
   previous rx == 5.14421e-19
   current  rx == 5.14421e-19
         delta == 0.01
Newt,GMRES == 0,0, f(u, N, dt, f_u, flags, dt) :  res == 0.341401
Newt,GMRES == 0,1, f(u, N, dt, f_u, flags, dt) :  res == 0.111519
Newt,GMRES == 0,2, f(u, N, dt, f_u, flags, dt) :  res == 4.95271e-06
GMRES converged. Breaking.
Hookstep optimization is currently not implemented with Arclength Continuation.
Optimized Newton algorithm with AC: Computing residual to check convergence...f(u, N, dt, f_u, flags, dt) : : gx = 2.83717e-11 < 1.01432e-09
The residual is decreasing if we take this AC-Newton step.

Taking best step and continuing Newton iteration.
L2Norm(G(x)) == 2.83717e-11
rx           == 4.02477e-22
L2Norm(dxN)  == 2.275e-07
L2Norm(dxOpt)== 2.275e-07
========================================================
Newton iteration number 1
Current state of Newton iteration:
   fcount_newton   == 4
   fcount_optimiza == 1
   L2Norm(x)       == 0.187864
   L2Norm(dxN)     == 2.275e-07
   L2Norm(dxOpt)   == 2.275e-07
   L2Dist(x,x0)    == 2.275e-07
gx == L2Norm(G(x)) : 
   initial  gx == 1.01432e-09
   previous gx == 1.01432e-09
   current  gx == 2.83717e-11
rx == 1/2 L2Norm2(G(x)) : 
   initial  rx == 5.14421e-19
   previous rx == 5.14421e-19
   current  rx == 4.02477e-22
         delta == 0.01
Newt,GMRES == 1,0, f(u, N, dt, f_u, flags, dt) :  res == 0.568519
Newt,GMRES == 1,1, f(u, N, dt, f_u, flags, dt) :  res == 0.000242406
GMRES converged. Breaking.
Hookstep optimization is currently not implemented with Arclength Continuation.
Optimized Newton algorithm with AC: Computing residual to check convergence...f(u, N, dt, f_u, flags, dt) : : gx = 5.91857e-13 < 2.83717e-11
The residual is decreasing if we take this AC-Newton step.

Taking best step and continuing Newton iteration.
L2Norm(G(x)) == 5.91857e-13
rx           == 1.75147e-25
L2Norm(dxN)  == 6.22101e-09
L2Norm(dxOpt)== 6.22101e-09
========================================================
Newton iteration number 2
Current state of Newton iteration:
   fcount_newton   == 6
   fcount_optimiza == 2
   L2Norm(x)       == 0.187864
   L2Norm(dxN)     == 6.22101e-09
   L2Norm(dxOpt)   == 6.22101e-09
   L2Dist(x,x0)    == 2.21284e-07
gx == L2Norm(G(x)) : 
   initial  gx == 1.01432e-09
   previous gx == 2.83717e-11
   current  gx == 5.91857e-13
rx == 1/2 L2Norm2(G(x)) : 
   initial  rx == 5.14421e-19
   previous rx == 4.02477e-22
   current  rx == 1.75147e-25
         delta == 0.01
Newton search converged. Breaking.
L2Norm(G(x)) == 5.91857e-13 < epsSearch == 1e-11
