Computing G(x)
f(u, N, dt, f_u, flags, dt) : 
========================================================
Newton iteration number 0
Current state of Newton iteration:
   fcount_newton   == 1
   fcount_optimiza == 0
   L2Norm(x)       == 0.0152928
   L2Norm(dxN)     == 0
   L2Norm(dxOpt)   == 0
   L2Dist(x,x0)    == 0
gx == L2Norm(G(x)) : 
   initial  gx == 1.39767e-05
   previous gx == 1.39767e-05
   current  gx == 1.39767e-05
rx == 1/2 L2Norm2(G(x)) : 
   initial  rx == 9.76734e-11
   previous rx == 9.76734e-11
   current  rx == 9.76734e-11
         delta == 0.01
Newt,GMRES == 0,0, f(u, N, dt, f_u, flags, dt) :  res == 0.959974
Newt,GMRES == 0,1, f(u, N, dt, f_u, flags, dt) :  res == 0.870755
Newt,GMRES == 0,2, f(u, N, dt, f_u, flags, dt) :  res == 0.250716
Newt,GMRES == 0,3, f(u, N, dt, f_u, flags, dt) :  res == 0.0662215
GMRES converged. Breaking.
------------------------------------------------
Beginning hookstep calculations.
-------------------------------------------
Hookstep number 0
delta == 0.01
Newton step is within trust region: 
L2Norm(dxN) == 0.00398713 <= 0.01 == delta
Computing residual of hookstep dxH
L2Norm(dxH) == 0.00398713
f(u, N, dt, f_u, flags, dt) : 
r(x), r(x+dxH) == 9.76734e-11, 1.8986e-10
Computing local quadratic model of residual
f(u, N, dt, f_u, flags, dt) : 
Determining what to do with current Newton/hookstep and trust region
rx       ==   9.76734e-11 residual at current position
rH       ==    1.8986e-10 residual of newton/hookstep
Delta_rH ==   9.21866e-11 actual improvement in residual from newton/hookstep

Delta_rH ==   9.21866e-11 ------> Unacceptable <------ 
             -3.89679e-13 lower bound for acceptable improvement
              1.61585e-11 upper bound for ok improvement.
              1.21189e-10 upper bound for good improvement.
              1.77744e-10 upper bound for accurate prediction.
              1.45427e-10 lower bound for accurate prediction.
             -3.89679e-10 local linear model of improvement
lambda       == 0.404344 is the reduction/increase factor for delta suggested by quadratic model
lambda*delta == 0.00404344 is the delta suggested by quadratic model
Improvement is unacceptable.
No backup step is available.
Reduce trust region by minimizing local quadratic model and recompute hookstep.
  old delta == 0.01
  new delta == 0.00404344
delta new == 0.00404344
That delta is still bigger than the Newton step.
Reducing delta to half the length of the Newton step.
  old delta == 0.00404344
  new delta == 0.00199356
-------------------------------------------
Hookstep number 1
delta == 0.00199356
Newton step is outside trust region: 
L2Norm(dxN) == 0.00398713 > 0.00199356 == delta
Calculate hookstep dxH(mu) with radius L2Norm(dxH(mu)) == delta
mu, L2Norm(dxH(mu)) == 0, 0.00398713
mu, L2Norm(dxH(mu)) == 0.00249826, 0.00228675
mu, L2Norm(dxH(mu)) == 0.00331038, 0.00201053
mu, L2Norm(dxH(mu)) == 0.00336746, 0.00199364
mu, L2Norm(dxH(mu)) == 0.00336771, 0.00199356
Found hookstep of proper radius
ndxHmu == 0.00199356 ~= 0.00199356 == delta 
Computing residual of hookstep dxH
L2Norm(dxH) == 0.00199356
f(u, N, dt, f_u, flags, dt) : 
r(x), r(x+dxH) == 9.76734e-11, 3.78032e-11
Computing local quadratic model of residual
f(u, N, dt, f_u, flags, dt) : 
Determining what to do with current Newton/hookstep and trust region
rx       ==   9.76734e-11 residual at current position
rH       ==   3.78032e-11 residual of newton/hookstep
Delta_rH ==  -5.98702e-11 actual improvement in residual from newton/hookstep

             -2.01616e-13 lower bound for acceptable improvement
             -5.87217e-12 upper bound for ok improvement.
             -4.40413e-11 upper bound for good improvement.
             -5.28495e-11 upper bound for accurate prediction.
Delta_rH ==  -5.98702e-11 ------> Accurate <------
             -6.45939e-11 lower bound for accurate prediction.
             -2.01616e-10 local linear model of improvement
lambda       == 0.711189 is the reduction/increase factor for delta suggested by quadratic model
lambda*delta == 0.0014178 is the delta suggested by quadratic model
Improvement is Accurate
  old delta == 0.00199356
  new delta == 0.00299035
Continue adjusting trust region radius delta because
Suggested delta has room: new_delta < deltaMaxLocal 0.00299035 < 0.01
Increase delta and recompute hookstep.
 old delta == 0.00199356
 new delta == 0.00299035
-------------------------------------------
Hookstep number 2
delta == 0.00299035
Newton step is outside trust region: 
L2Norm(dxN) == 0.00398713 > 0.00299035 == delta
Calculate hookstep dxH(mu) with radius L2Norm(dxH(mu)) == delta
mu, L2Norm(dxH(mu)) == 0, 0.00398713
mu, L2Norm(dxH(mu)) == 0.000971544, 0.00308939
mu, L2Norm(dxH(mu)) == 0.00111266, 0.00299193
mu, L2Norm(dxH(mu)) == 0.00111503, 0.00299035
Found hookstep of proper radius
ndxHmu == 0.00299035 ~= 0.00299035 == delta 
Computing residual of hookstep dxH
L2Norm(dxH) == 0.00299035
f(u, N, dt, f_u, flags, dt) : 
r(x), r(x+dxH) == 9.76734e-11, 9.51668e-11
Computing local quadratic model of residual
f(u, N, dt, f_u, flags, dt) : 
Determining what to do with current Newton/hookstep and trust region
rx       ==   9.76734e-11 residual at current position
rH       ==   9.51668e-11 residual of newton/hookstep
Delta_rH ==  -2.50654e-12 actual improvement in residual from newton/hookstep

             -2.96714e-13 lower bound for acceptable improvement
              1.89473e-12 upper bound for ok improvement.
              1.42105e-11 upper bound for good improvement.
Delta_rH ==  -2.50654e-12 ------> Good <------
               2.0842e-11 upper bound for accurate prediction.
              1.70525e-11 lower bound for accurate prediction.
             -2.96714e-10 local linear model of improvement
lambda       == 0.50426 is the reduction/increase factor for delta suggested by quadratic model
lambda*delta == 0.00150791 is the delta suggested by quadratic model
Improvement is Good (some form of acceptable).
Stop adjusting trust region and take a step because
Improvement is merely Poor, Ok, or Good : 1
Newton step is within trust region      : 0
Backup step is better                   : 1
Delta has reached local limit           : 0
Take backup step and set delta to backup value.
  old delta == 0.00299035
  new delta == 0.00199356

Taking best step and continuing Newton iteration.
L2Norm(G(x)) == 8.6952e-06
rx           == 3.78032e-11
L2Norm(dxN)  == 0.00398713
L2Norm(dxOpt)== 0.00199356
========================================================
Newton iteration number 1
Current state of Newton iteration:
   fcount_newton   == 5
   fcount_optimiza == 6
   L2Norm(x)       == 0.0135581
   L2Norm(dxN)     == 0.00398713
   L2Norm(dxOpt)   == 0.00199356
   L2Dist(x,x0)    == 0.00199356
gx == L2Norm(G(x)) : 
   initial  gx == 1.39767e-05
   previous gx == 1.39767e-05
   current  gx == 8.6952e-06
rx == 1/2 L2Norm2(G(x)) : 
   initial  rx == 9.76734e-11
   previous rx == 9.76734e-11
   current  rx == 3.78032e-11
         delta == 0.00199356
Newt,GMRES == 1,0, f(u, N, dt, f_u, flags, dt) :  res == 0.981932
Newt,GMRES == 1,1, f(u, N, dt, f_u, flags, dt) :  res == 0.185467
Newt,GMRES == 1,2, f(u, N, dt, f_u, flags, dt) :  res == 0.0119474
GMRES converged. Breaking.
------------------------------------------------
Beginning hookstep calculations.
-------------------------------------------
Hookstep number 0
delta == 0.00199356
Newton step is within trust region: 
L2Norm(dxN) == 0.00122268 <= 0.00199356 == delta
Computing residual of hookstep dxH
L2Norm(dxH) == 0.00122268
f(u, N, dt, f_u, flags, dt) : 
r(x), r(x+dxH) == 3.78032e-11, 1.47861e-12
Computing local quadratic model of residual
f(u, N, dt, f_u, flags, dt) : 
Determining what to do with current Newton/hookstep and trust region
rx       ==   3.78032e-11 residual at current position
rH       ==   1.47861e-12 residual of newton/hookstep
Delta_rH ==  -3.63246e-11 actual improvement in residual from newton/hookstep

             -7.53524e-14 lower bound for acceptable improvement
              -3.7797e-12 upper bound for ok improvement.
             -2.83478e-11 upper bound for good improvement.
             -3.40173e-11 upper bound for accurate prediction.
Delta_rH ==  -3.63246e-11 ------> Accurate <------
             -4.15767e-11 lower bound for accurate prediction.
             -7.53524e-11 local linear model of improvement
lambda       == 0.965369 is the reduction/increase factor for delta suggested by quadratic model
lambda*delta == 0.00192452 is the delta suggested by quadratic model
Improvement is Accurate (some form of acceptable).
Stop adjusting trust region and take a step because
Improvement is merely Poor, Ok, or Good : 0
Newton step is within trust region      : 1
Backup step is better                   : 0
Delta has reached local limit           : 0
Take current step and leave delta unchanged, for the following reasons:
improvement            : Accurate
|newtonstep| <= delta  : true
delta >= deltaMax      : false
delta == 0.00199356

Taking best step and continuing Newton iteration.
L2Norm(G(x)) == 1.71965e-06
rx           == 1.47861e-12
L2Norm(dxN)  == 0.00122268
L2Norm(dxOpt)== 0.00122268
========================================================
Newton iteration number 2
Current state of Newton iteration:
   fcount_newton   == 8
   fcount_optimiza == 8
   L2Norm(x)       == 0.0144677
   L2Norm(dxN)     == 0.00122268
   L2Norm(dxOpt)   == 0.00122268
   L2Dist(x,x0)    == 0.00147044
gx == L2Norm(G(x)) : 
   initial  gx == 1.39767e-05
   previous gx == 8.6952e-06
   current  gx == 1.71965e-06
rx == 1/2 L2Norm2(G(x)) : 
   initial  rx == 9.76734e-11
   previous rx == 3.78032e-11
   current  rx == 1.47861e-12
         delta == 0.00199356
Newt,GMRES == 2,0, f(u, N, dt, f_u, flags, dt) :  res == 0.855949
Newt,GMRES == 2,1, f(u, N, dt, f_u, flags, dt) :  res == 0.106863
Newt,GMRES == 2,2, f(u, N, dt, f_u, flags, dt) :  res == 0.0349369
GMRES converged. Breaking.
------------------------------------------------
Beginning hookstep calculations.
-------------------------------------------
Hookstep number 0
delta == 0.00199356
Newton step is within trust region: 
L2Norm(dxN) == 0.000192613 <= 0.00199356 == delta
Computing residual of hookstep dxH
L2Norm(dxH) == 0.000192613
f(u, N, dt, f_u, flags, dt) : 
r(x), r(x+dxH) == 1.47861e-12, 2.08178e-15
Computing local quadratic model of residual
f(u, N, dt, f_u, flags, dt) : 
Determining what to do with current Newton/hookstep and trust region
rx       ==   1.47861e-12 residual at current position
rH       ==   2.08178e-15 residual of newton/hookstep
Delta_rH ==  -1.47652e-12 actual improvement in residual from newton/hookstep

              -2.9293e-15 lower bound for acceptable improvement
             -1.47662e-13 upper bound for ok improvement.
             -1.10747e-12 upper bound for good improvement.
             -1.32896e-12 upper bound for accurate prediction.
Delta_rH ==  -1.47652e-12 ------> Accurate <------
             -1.62428e-12 lower bound for accurate prediction.
              -2.9293e-12 local linear model of improvement
lambda       == 1.00817 is the reduction/increase factor for delta suggested by quadratic model
lambda*delta == 0.00200986 is the delta suggested by quadratic model
Improvement is Accurate (some form of acceptable).
Stop adjusting trust region and take a step because
Improvement is merely Poor, Ok, or Good : 0
Newton step is within trust region      : 1
Backup step is better                   : 0
Delta has reached local limit           : 0
Take current step and leave delta unchanged, for the following reasons:
improvement            : Accurate
|newtonstep| <= delta  : true
delta >= deltaMax      : false
delta == 0.00199356

Taking best step and continuing Newton iteration.
L2Norm(G(x)) == 6.45256e-08
rx           == 2.08178e-15
L2Norm(dxN)  == 0.000192613
L2Norm(dxOpt)== 0.000192613
========================================================
Newton iteration number 3
Current state of Newton iteration:
   fcount_newton   == 11
   fcount_optimiza == 10
   L2Norm(x)       == 0.0142785
   L2Norm(dxN)     == 0.000192613
   L2Norm(dxOpt)   == 0.000192613
   L2Dist(x,x0)    == 0.00155648
gx == L2Norm(G(x)) : 
   initial  gx == 1.39767e-05
   previous gx == 1.71965e-06
   current  gx == 6.45256e-08
rx == 1/2 L2Norm2(G(x)) : 
   initial  rx == 9.76734e-11
   previous rx == 1.47861e-12
   current  rx == 2.08178e-15
         delta == 0.00199356
Newt,GMRES == 3,0, f(u, N, dt, f_u, flags, dt) :  res == 0.975154
Newt,GMRES == 3,1, f(u, N, dt, f_u, flags, dt) :  res == 0.307731
Newt,GMRES == 3,2, f(u, N, dt, f_u, flags, dt) :  res == 0.213209
Newt,GMRES == 3,3, f(u, N, dt, f_u, flags, dt) :  res == 0.0301713
GMRES converged. Breaking.
------------------------------------------------
Beginning hookstep calculations.
-------------------------------------------
Hookstep number 0
delta == 0.00199356
Newton step is within trust region: 
L2Norm(dxN) == 9.0018e-06 <= 0.00199356 == delta
Computing residual of hookstep dxH
L2Norm(dxH) == 9.0018e-06
f(u, N, dt, f_u, flags, dt) : 
r(x), r(x+dxH) == 2.08178e-15, 2.08957e-18
Computing local quadratic model of residual
f(u, N, dt, f_u, flags, dt) : 
Determining what to do with current Newton/hookstep and trust region
rx       ==   2.08178e-15 residual at current position
rH       ==   2.08957e-18 residual of newton/hookstep
Delta_rH ==  -2.07969e-15 actual improvement in residual from newton/hookstep

             -4.17334e-18 lower bound for acceptable improvement
             -2.07956e-16 upper bound for ok improvement.
             -1.55967e-15 upper bound for good improvement.
              -1.8716e-15 upper bound for accurate prediction.
Delta_rH ==  -2.07969e-15 ------> Accurate <------
             -2.28751e-15 lower bound for accurate prediction.
             -4.17334e-15 local linear model of improvement
lambda       == 0.996664 is the reduction/increase factor for delta suggested by quadratic model
lambda*delta == 0.00198691 is the delta suggested by quadratic model
Improvement is Accurate (some form of acceptable).
Stop adjusting trust region and take a step because
Improvement is merely Poor, Ok, or Good : 0
Newton step is within trust region      : 1
Backup step is better                   : 0
Delta has reached local limit           : 0
Take current step and leave delta unchanged, for the following reasons:
improvement            : Accurate
|newtonstep| <= delta  : true
delta >= deltaMax      : false
delta == 0.00199356

Taking best step and continuing Newton iteration.
L2Norm(G(x)) == 2.04429e-09
rx           == 2.08957e-18
L2Norm(dxN)  == 9.0018e-06
L2Norm(dxOpt)== 9.0018e-06
========================================================
Newton iteration number 4
Current state of Newton iteration:
   fcount_newton   == 15
   fcount_optimiza == 12
   L2Norm(x)       == 0.0142757
   L2Norm(dxN)     == 9.0018e-06
   L2Norm(dxOpt)   == 9.0018e-06
   L2Dist(x,x0)    == 0.00155734
gx == L2Norm(G(x)) : 
   initial  gx == 1.39767e-05
   previous gx == 6.45256e-08
   current  gx == 2.04429e-09
rx == 1/2 L2Norm2(G(x)) : 
   initial  rx == 9.76734e-11
   previous rx == 2.08178e-15
   current  rx == 2.08957e-18
         delta == 0.00199356
Newton search converged. Breaking.
L2Norm(G(x)) == 2.04429e-09 < epsSearch == 1e-08
