f(u, N, dt, f_u, flags, dt) : f(u, N, dt, f_u, flags, dt) : Computing G(x)
f(u, N, dt, f_u, flags, dt) : 
========================================================
Newton iteration number 0
Current state of Newton iteration:
   fcount_newton   == 1
   fcount_optimiza == 0
   L2Norm(x)       == 0.0223158
   L2Norm(dxN)     == 0
   L2Norm(dxOpt)   == 0
   L2Dist(x,x0)    == 0
gx == L2Norm(G(x)) : 
   initial  gx == 2.30405e-08
   previous gx == 2.30405e-08
   current  gx == 2.30405e-08
rx == 1/2 L2Norm2(G(x)) : 
   initial  rx == 2.65431e-16
   previous rx == 2.65431e-16
   current  rx == 2.65431e-16
         delta == 0.01
Newt,GMRES == 0,0, f(u, N, dt, f_u, flags, dt) :  res == 0.999988
Newt,GMRES == 0,1, f(u, N, dt, f_u, flags, dt) :  res == 0.924253
Newt,GMRES == 0,2, f(u, N, dt, f_u, flags, dt) :  res == 0.923626
Newt,GMRES == 0,3, f(u, N, dt, f_u, flags, dt) :  res == 0.911584
Newt,GMRES == 0,4, f(u, N, dt, f_u, flags, dt) :  res == 0.760814
Newt,GMRES == 0,5, f(u, N, dt, f_u, flags, dt) :  res == 0.302192
Newt,GMRES == 0,6, f(u, N, dt, f_u, flags, dt) :  res == 0.266833
Newt,GMRES == 0,7, f(u, N, dt, f_u, flags, dt) :  res == 0.264048
Newt,GMRES == 0,8, f(u, N, dt, f_u, flags, dt) :  res == 0.182229
Newt,GMRES == 0,9, f(u, N, dt, f_u, flags, dt) :  res == 0.100565
Newt,GMRES == 0,10, f(u, N, dt, f_u, flags, dt) :  res == 0.0990383
GMRES converged. Breaking.
Hookstep optimization is currently not implemented with Arclength Continuation.
Optimized Newton algorithm with AC: Computing residual to check convergence...f(u, N, dt, f_u, flags, dt) : : gx = 5.4863e-08 > 2.30405e-08
The error is increasing if we take the Newton step. Newton step optimization leaves step size correction to arclength continuation.
