f(u, N, dt, f_u, flags, dt) : Computing G(x)
f(u, N, dt, f_u, flags, dt) : 
========================================================
Newton iteration number 0
Current state of Newton iteration:
   fcount_newton   == 1
   fcount_optimiza == 0
   L2Norm(x)       == 0.0108755
   L2Norm(dxN)     == 0
   L2Norm(dxOpt)   == 0
   L2Dist(x,x0)    == 0
gx == L2Norm(G(x)) : 
   initial  gx == 1.17796e-08
   previous gx == 1.17796e-08
   current  gx == 1.17796e-08
rx == 1/2 L2Norm2(G(x)) : 
   initial  rx == 6.93791e-17
   previous rx == 6.93791e-17
   current  rx == 6.93791e-17
         delta == 0.01
Newt,GMRES == 0,0, f(u, N, dt, f_u, flags, dt) :  res == 0.999958
Newt,GMRES == 0,1, f(u, N, dt, f_u, flags, dt) :  res == 0.838702
Newt,GMRES == 0,2, f(u, N, dt, f_u, flags, dt) :  res == 0.833337
Newt,GMRES == 0,3, f(u, N, dt, f_u, flags, dt) :  res == 0.368088
Newt,GMRES == 0,4, f(u, N, dt, f_u, flags, dt) :  res == 0.0387951
GMRES converged. Breaking.
Hookstep optimization is currently not implemented with Arclength Continuation.
Optimized Newton algorithm with AC: Computing residual to check convergence...f(u, N, dt, f_u, flags, dt) : : gx = 6.39482e-09 < 1.17796e-08
The residual is decreasing if we take this AC-Newton step.

Taking best step and continuing Newton iteration.
L2Norm(G(x)) == 6.39482e-09
rx           == 2.04468e-17
L2Norm(dxN)  == 6.0346e-05
L2Norm(dxOpt)== 6.0346e-05
========================================================
Newton iteration number 1
Current state of Newton iteration:
   fcount_newton   == 6
   fcount_optimiza == 1
   L2Norm(x)       == 0.0109337
   L2Norm(dxN)     == 6.0346e-05
   L2Norm(dxOpt)   == 6.0346e-05
   L2Dist(x,x0)    == 6.03466e-05
gx == L2Norm(G(x)) : 
   initial  gx == 1.17796e-08
   previous gx == 1.17796e-08
   current  gx == 6.39482e-09
rx == 1/2 L2Norm2(G(x)) : 
   initial  rx == 6.93791e-17
   previous rx == 6.93791e-17
   current  rx == 2.04468e-17
         delta == 0.01
Newt,GMRES == 1,0, f(u, N, dt, f_u, flags, dt) :  res == 0.999979
Newt,GMRES == 1,1, f(u, N, dt, f_u, flags, dt) :  res == 0.78628
Newt,GMRES == 1,2, f(u, N, dt, f_u, flags, dt) :  res == 0.782285
Newt,GMRES == 1,3, f(u, N, dt, f_u, flags, dt) :  res == 0.773929
Newt,GMRES == 1,4, f(u, N, dt, f_u, flags, dt) :  res == 0.460417
Newt,GMRES == 1,5, f(u, N, dt, f_u, flags, dt) :  res == 0.115633
Newt,GMRES == 1,6, f(u, N, dt, f_u, flags, dt) :  res == 0.101586
Newt,GMRES == 1,7, f(u, N, dt, f_u, flags, dt) :  res == 0.101002
Newt,GMRES == 1,8, f(u, N, dt, f_u, flags, dt) :  res == 0.101002
Newt,GMRES == 1,9, f(u, N, dt, f_u, flags, dt) :  res == 0.0997825
GMRES converged. Breaking.
Hookstep optimization is currently not implemented with Arclength Continuation.
Optimized Newton algorithm with AC: Computing residual to check convergence...f(u, N, dt, f_u, flags, dt) : : gx = 8.34912e-09 > 6.39482e-09
The error is increasing if we take the Newton step. Newton step optimization leaves step size correction to arclength continuation.
