f(u, N, dt, f_u, flags, dt) : Computing G(x)
f(u, N, dt, f_u, flags, dt) : 
========================================================
Newton iteration number 0
Current state of Newton iteration:
   fcount_newton   == 1
   fcount_optimiza == 0
   L2Norm(x)       == 0.00921649
   L2Norm(dxN)     == 0
   L2Norm(dxOpt)   == 0
   L2Dist(x,x0)    == 0
gx == L2Norm(G(x)) : 
   initial  gx == 1.09234e-05
   previous gx == 1.09234e-05
   current  gx == 1.09234e-05
rx == 1/2 L2Norm2(G(x)) : 
   initial  rx == 5.96607e-11
   previous rx == 5.96607e-11
   current  rx == 5.96607e-11
         delta == 0.01
Newt,GMRES == 0,0, f(u, N, dt, f_u, flags, dt) :  res == 0.999371
Newt,GMRES == 0,1, f(u, N, dt, f_u, flags, dt) :  res == 0.906723
Newt,GMRES == 0,2, f(u, N, dt, f_u, flags, dt) :  res == 0.133496
Newt,GMRES == 0,3, f(u, N, dt, f_u, flags, dt) :  res == 0.019515
GMRES converged. Breaking.
Hookstep optimization is currently not implemented with Arclength Continuation.
Optimized Newton algorithm with AC: Computing residual to check convergence...f(u, N, dt, f_u, flags, dt) : : gx = 4.30786e-06 < 1.09234e-05
The residual is decreasing if we take this AC-Newton step.

Taking best step and continuing Newton iteration.
L2Norm(G(x)) == 4.30786e-06
rx           == 9.27882e-12
L2Norm(dxN)  == 0.0011561
L2Norm(dxOpt)== 0.0011561
========================================================
Newton iteration number 1
Current state of Newton iteration:
   fcount_newton   == 5
   fcount_optimiza == 1
   L2Norm(x)       == 0.00819113
   L2Norm(dxN)     == 0.0011561
   L2Norm(dxOpt)   == 0.0011561
   L2Dist(x,x0)    == 0.00115612
gx == L2Norm(G(x)) : 
   initial  gx == 1.09234e-05
   previous gx == 1.09234e-05
   current  gx == 4.30786e-06
rx == 1/2 L2Norm2(G(x)) : 
   initial  rx == 5.96607e-11
   previous rx == 5.96607e-11
   current  rx == 9.27882e-12
         delta == 0.01
Newt,GMRES == 1,0, f(u, N, dt, f_u, flags, dt) :  res == 0.989147
Newt,GMRES == 1,1, f(u, N, dt, f_u, flags, dt) :  res == 0.291773
Newt,GMRES == 1,2, f(u, N, dt, f_u, flags, dt) :  res == 0.0474707
GMRES converged. Breaking.
Hookstep optimization is currently not implemented with Arclength Continuation.
Optimized Newton algorithm with AC: Computing residual to check convergence...f(u, N, dt, f_u, flags, dt) : : gx = 2.71287e-07 < 4.30786e-06
The residual is decreasing if we take this AC-Newton step.

Taking best step and continuing Newton iteration.
L2Norm(G(x)) == 2.71287e-07
rx           == 3.67983e-14
L2Norm(dxN)  == 0.000263487
L2Norm(dxOpt)== 0.000263487
========================================================
Newton iteration number 2
Current state of Newton iteration:
   fcount_newton   == 8
   fcount_optimiza == 2
   L2Norm(x)       == 0.00843514
   L2Norm(dxN)     == 0.000263487
   L2Norm(dxOpt)   == 0.000263487
   L2Dist(x,x0)    == 0.000953302
gx == L2Norm(G(x)) : 
   initial  gx == 1.09234e-05
   previous gx == 4.30786e-06
   current  gx == 2.71287e-07
rx == 1/2 L2Norm2(G(x)) : 
   initial  rx == 5.96607e-11
   previous rx == 9.27882e-12
   current  rx == 3.67983e-14
         delta == 0.01
Newt,GMRES == 2,0, f(u, N, dt, f_u, flags, dt) :  res == 0.999666
Newt,GMRES == 2,1, f(u, N, dt, f_u, flags, dt) :  res == 0.995366
Newt,GMRES == 2,2, f(u, N, dt, f_u, flags, dt) :  res == 0.2556
Newt,GMRES == 2,3, f(u, N, dt, f_u, flags, dt) :  res == 0.0187911
GMRES converged. Breaking.
Hookstep optimization is currently not implemented with Arclength Continuation.
Optimized Newton algorithm with AC: Computing residual to check convergence...f(u, N, dt, f_u, flags, dt) : : gx = 5.13818e-09 < 2.71287e-07
The residual is decreasing if we take this AC-Newton step.

Taking best step and continuing Newton iteration.
L2Norm(G(x)) == 5.13818e-09
rx           == 1.32005e-17
L2Norm(dxN)  == 3.35365e-05
L2Norm(dxOpt)== 3.35365e-05
========================================================
Newton iteration number 3
Current state of Newton iteration:
   fcount_newton   == 12
   fcount_optimiza == 3
   L2Norm(x)       == 0.00844937
   L2Norm(dxN)     == 3.35365e-05
   L2Norm(dxOpt)   == 3.35365e-05
   L2Dist(x,x0)    == 0.000935616
gx == L2Norm(G(x)) : 
   initial  gx == 1.09234e-05
   previous gx == 2.71287e-07
   current  gx == 5.13818e-09
rx == 1/2 L2Norm2(G(x)) : 
   initial  rx == 5.96607e-11
   previous rx == 3.67983e-14
   current  rx == 1.32005e-17
         delta == 0.01
Newt,GMRES == 3,0, f(u, N, dt, f_u, flags, dt) :  res == 0.99186
Newt,GMRES == 3,1, f(u, N, dt, f_u, flags, dt) :  res == 0.223656
Newt,GMRES == 3,2, f(u, N, dt, f_u, flags, dt) :  res == 0.183
Newt,GMRES == 3,3, f(u, N, dt, f_u, flags, dt) :  res == 0.0322904
GMRES converged. Breaking.
Hookstep optimization is currently not implemented with Arclength Continuation.
Optimized Newton algorithm with AC: Computing residual to check convergence...f(u, N, dt, f_u, flags, dt) : : gx = 1.66618e-10 < 5.13818e-09
The residual is decreasing if we take this AC-Newton step.

Taking best step and continuing Newton iteration.
L2Norm(G(x)) == 1.66618e-10
rx           == 1.38808e-20
L2Norm(dxN)  == 6.25544e-07
L2Norm(dxOpt)== 6.25544e-07
========================================================
Newton iteration number 4
Current state of Newton iteration:
   fcount_newton   == 16
   fcount_optimiza == 4
   L2Norm(x)       == 0.00844939
   L2Norm(dxN)     == 6.25544e-07
   L2Norm(dxOpt)   == 6.25544e-07
   L2Dist(x,x0)    == 0.000935447
gx == L2Norm(G(x)) : 
   initial  gx == 1.09234e-05
   previous gx == 5.13818e-09
   current  gx == 1.66618e-10
rx == 1/2 L2Norm2(G(x)) : 
   initial  rx == 5.96607e-11
   previous rx == 1.32005e-17
   current  rx == 1.38808e-20
         delta == 0.01
Newt,GMRES == 4,0, f(u, N, dt, f_u, flags, dt) :  res == 0.994619
Newt,GMRES == 4,1, f(u, N, dt, f_u, flags, dt) :  res == 0.339588
Newt,GMRES == 4,2, f(u, N, dt, f_u, flags, dt) :  res == 0.282205
Newt,GMRES == 4,3, f(u, N, dt, f_u, flags, dt) :  res == 0.0375436
GMRES converged. Breaking.
Hookstep optimization is currently not implemented with Arclength Continuation.
Optimized Newton algorithm with AC: Computing residual to check convergence...f(u, N, dt, f_u, flags, dt) : : gx = 6.33152e-12 < 1.66618e-10
The residual is decreasing if we take this AC-Newton step.

Taking best step and continuing Newton iteration.
L2Norm(G(x)) == 6.33152e-12
rx           == 2.00441e-23
L2Norm(dxN)  == 2.23833e-08
L2Norm(dxOpt)== 2.23833e-08
========================================================
Newton iteration number 5
Current state of Newton iteration:
   fcount_newton   == 20
   fcount_optimiza == 5
   L2Norm(x)       == 0.00844939
   L2Norm(dxN)     == 2.23833e-08
   L2Norm(dxOpt)   == 2.23833e-08
   L2Dist(x,x0)    == 0.000935442
gx == L2Norm(G(x)) : 
   initial  gx == 1.09234e-05
   previous gx == 1.66618e-10
   current  gx == 6.33152e-12
rx == 1/2 L2Norm2(G(x)) : 
   initial  rx == 5.96607e-11
   previous rx == 1.38808e-20
   current  rx == 2.00441e-23
         delta == 0.01
Newton search converged. Breaking.
L2Norm(G(x)) == 6.33152e-12 < epsSearch == 1e-11
