f(u, N, dt, f_u, flags, dt) : f(u, N, dt, f_u, flags, dt) : Computing G(x)
f(u, N, dt, f_u, flags, dt) : 
========================================================
Newton iteration number 0
Current state of Newton iteration:
   fcount_newton   == 1
   fcount_optimiza == 0
   L2Norm(x)       == 0.0713034
   L2Norm(dxN)     == 0
   L2Norm(dxOpt)   == 0
   L2Dist(x,x0)    == 0
gx == L2Norm(G(x)) : 
   initial  gx == 7.69087e-08
   previous gx == 7.69087e-08
   current  gx == 7.69087e-08
rx == 1/2 L2Norm2(G(x)) : 
   initial  rx == 2.95747e-15
   previous rx == 2.95747e-15
   current  rx == 2.95747e-15
         delta == 0.01
Newt,GMRES == 0,0, f(u, N, dt, f_u, flags, dt) :  res == 0.805342
Newt,GMRES == 0,1, f(u, N, dt, f_u, flags, dt) :  res == 0.000608343
GMRES converged. Breaking.
Hookstep optimization is currently not implemented with Arclength Continuation.
Optimized Newton algorithm with AC: Computing residual to check convergence...f(u, N, dt, f_u, flags, dt) : : gx = 4.61987e-11 < 7.69087e-08
The residual is decreasing if we take this AC-Newton step.

Taking best step and continuing Newton iteration.
L2Norm(G(x)) == 4.61987e-11
rx           == 1.06716e-21
L2Norm(dxN)  == 7.73136e-06
L2Norm(dxOpt)== 7.73136e-06
========================================================
Newton iteration number 1
Current state of Newton iteration:
   fcount_newton   == 3
   fcount_optimiza == 1
   L2Norm(x)       == 0.0712957
   L2Norm(dxN)     == 7.73136e-06
   L2Norm(dxOpt)   == 7.73136e-06
   L2Dist(x,x0)    == 7.73136e-06
gx == L2Norm(G(x)) : 
   initial  gx == 7.69087e-08
   previous gx == 7.69087e-08
   current  gx == 4.61987e-11
rx == 1/2 L2Norm2(G(x)) : 
   initial  rx == 2.95747e-15
   previous rx == 2.95747e-15
   current  rx == 1.06716e-21
         delta == 0.01
Newt,GMRES == 1,0, f(u, N, dt, f_u, flags, dt) :  res == 0.046978
Newt,GMRES == 1,1, f(u, N, dt, f_u, flags, dt) :  res == 0.00114376
Newt,GMRES == 1,2, f(u, N, dt, f_u, flags, dt) :  res == 3.083e-08
GMRES converged. Breaking.
Hookstep optimization is currently not implemented with Arclength Continuation.
Optimized Newton algorithm with AC: Computing residual to check convergence...f(u, N, dt, f_u, flags, dt) : : gx = 2.84286e-14 < 4.61987e-11
The residual is decreasing if we take this AC-Newton step.

Taking best step and continuing Newton iteration.
L2Norm(G(x)) == 2.84286e-14
rx           == 4.04091e-28
L2Norm(dxN)  == 4.61923e-09
L2Norm(dxOpt)== 4.61923e-09
========================================================
Newton iteration number 2
Current state of Newton iteration:
   fcount_newton   == 6
   fcount_optimiza == 2
   L2Norm(x)       == 0.0712957
   L2Norm(dxN)     == 4.61923e-09
   L2Norm(dxOpt)   == 4.61923e-09
   L2Dist(x,x0)    == 7.73141e-06
gx == L2Norm(G(x)) : 
   initial  gx == 7.69087e-08
   previous gx == 4.61987e-11
   current  gx == 2.84286e-14
rx == 1/2 L2Norm2(G(x)) : 
   initial  rx == 2.95747e-15
   previous rx == 1.06716e-21
   current  rx == 4.04091e-28
         delta == 0.01
Newton search converged. Breaking.
L2Norm(G(x)) == 2.84286e-14 < epsSearch == 1e-11
