f(u, N, dt, f_u, flags, dt) : f(u, N, dt, f_u, flags, dt) : Computing G(x)
f(u, N, dt, f_u, flags, dt) : 
========================================================
Newton iteration number 0
Current state of Newton iteration:
   fcount_newton   == 1
   fcount_optimiza == 0
   L2Norm(x)       == 0.192268
   L2Norm(dxN)     == 0
   L2Norm(dxOpt)   == 0
   L2Dist(x,x0)    == 0
gx == L2Norm(G(x)) : 
   initial  gx == 1.08889e-09
   previous gx == 1.08889e-09
   current  gx == 1.08889e-09
rx == 1/2 L2Norm2(G(x)) : 
   initial  rx == 5.92843e-19
   previous rx == 5.92843e-19
   current  rx == 5.92843e-19
         delta == 0.01
Newt,GMRES == 0,0, f(u, N, dt, f_u, flags, dt) :  res == 0.252178
Newt,GMRES == 0,1, f(u, N, dt, f_u, flags, dt) :  res == 0.0930977
Newt,GMRES == 0,2, f(u, N, dt, f_u, flags, dt) :  res == 3.01112e-05
GMRES converged. Breaking.
Hookstep optimization is currently not implemented with Arclength Continuation.
Optimized Newton algorithm with AC: Computing residual to check convergence...f(u, N, dt, f_u, flags, dt) : : gx = 1.95107e-11 < 1.08889e-09
The residual is decreasing if we take this AC-Newton step.

Taking best step and continuing Newton iteration.
L2Norm(G(x)) == 1.95107e-11
rx           == 1.90334e-22
L2Norm(dxN)  == 2.44814e-07
L2Norm(dxOpt)== 2.44814e-07
========================================================
Newton iteration number 1
Current state of Newton iteration:
   fcount_newton   == 4
   fcount_optimiza == 1
   L2Norm(x)       == 0.192268
   L2Norm(dxN)     == 2.44814e-07
   L2Norm(dxOpt)   == 2.44814e-07
   L2Dist(x,x0)    == 2.44814e-07
gx == L2Norm(G(x)) : 
   initial  gx == 1.08889e-09
   previous gx == 1.08889e-09
   current  gx == 1.95107e-11
rx == 1/2 L2Norm2(G(x)) : 
   initial  rx == 5.92843e-19
   previous rx == 5.92843e-19
   current  rx == 1.90334e-22
         delta == 0.01
Newt,GMRES == 1,0, f(u, N, dt, f_u, flags, dt) :  res == 0.669468
Newt,GMRES == 1,1, f(u, N, dt, f_u, flags, dt) :  res == 0.00173706
Newt,GMRES == 1,2, f(u, N, dt, f_u, flags, dt) :  res == 3.40474e-07
GMRES converged. Breaking.
Hookstep optimization is currently not implemented with Arclength Continuation.
Optimized Newton algorithm with AC: Computing residual to check convergence...f(u, N, dt, f_u, flags, dt) : : gx = 1.19869e-11 < 1.95107e-11
The residual is decreasing if we take this AC-Newton step.

Taking best step and continuing Newton iteration.
L2Norm(G(x)) == 1.19869e-11
rx           == 7.18429e-23
L2Norm(dxN)  == 4.45152e-09
L2Norm(dxOpt)== 4.45152e-09
========================================================
Newton iteration number 2
Current state of Newton iteration:
   fcount_newton   == 7
   fcount_optimiza == 2
   L2Norm(x)       == 0.192268
   L2Norm(dxN)     == 4.45152e-09
   L2Norm(dxOpt)   == 4.45152e-09
   L2Dist(x,x0)    == 2.49263e-07
gx == L2Norm(G(x)) : 
   initial  gx == 1.08889e-09
   previous gx == 1.95107e-11
   current  gx == 1.19869e-11
rx == 1/2 L2Norm2(G(x)) : 
   initial  rx == 5.92843e-19
   previous rx == 1.90334e-22
   current  rx == 7.18429e-23
         delta == 0.01
Newt,GMRES == 2,0, f(u, N, dt, f_u, flags, dt) :  res == 0.818458
Newt,GMRES == 2,1, f(u, N, dt, f_u, flags, dt) :  res == 1.94668e-05
GMRES converged. Breaking.
Hookstep optimization is currently not implemented with Arclength Continuation.
Optimized Newton algorithm with AC: Computing residual to check convergence...f(u, N, dt, f_u, flags, dt) : : gx = 6.68993e-12 < 1.19869e-11
The residual is decreasing if we take this AC-Newton step.

Taking best step and continuing Newton iteration.
L2Norm(G(x)) == 6.68993e-12
rx           == 2.23776e-23
L2Norm(dxN)  == 2.82556e-09
L2Norm(dxOpt)== 2.82556e-09
========================================================
Newton iteration number 3
Current state of Newton iteration:
   fcount_newton   == 9
   fcount_optimiza == 3
   L2Norm(x)       == 0.192268
   L2Norm(dxN)     == 2.82556e-09
   L2Norm(dxOpt)   == 2.82556e-09
   L2Dist(x,x0)    == 2.46439e-07
gx == L2Norm(G(x)) : 
   initial  gx == 1.08889e-09
   previous gx == 1.19869e-11
   current  gx == 6.68993e-12
rx == 1/2 L2Norm2(G(x)) : 
   initial  rx == 5.92843e-19
   previous rx == 7.18429e-23
   current  rx == 2.23776e-23
         delta == 0.01
Newton search converged. Breaking.
L2Norm(G(x)) == 6.68993e-12 < epsSearch == 1e-11
