f(u, N, dt, f_u, flags, dt) : f(u, N, dt, f_u, flags, dt) : Computing G(x)
f(u, N, dt, f_u, flags, dt) : 
========================================================
Newton iteration number 0
Current state of Newton iteration:
   fcount_newton   == 1
   fcount_optimiza == 0
   L2Norm(x)       == 0.185841
   L2Norm(dxN)     == 0
   L2Norm(dxOpt)   == 0
   L2Dist(x,x0)    == 0
gx == L2Norm(G(x)) : 
   initial  gx == 7.68662e-10
   previous gx == 7.68662e-10
   current  gx == 7.68662e-10
rx == 1/2 L2Norm2(G(x)) : 
   initial  rx == 2.95421e-19
   previous rx == 2.95421e-19
   current  rx == 2.95421e-19
         delta == 0.01
Newt,GMRES == 0,0, f(u, N, dt, f_u, flags, dt) :  res == 0.337933
Newt,GMRES == 0,1, f(u, N, dt, f_u, flags, dt) :  res == 0.125094
Newt,GMRES == 0,2, f(u, N, dt, f_u, flags, dt) :  res == 1.34748e-05
GMRES converged. Breaking.
Hookstep optimization is currently not implemented with Arclength Continuation.
Optimized Newton algorithm with AC: Computing residual to check convergence...f(u, N, dt, f_u, flags, dt) : : gx = 2.41357e-11 < 7.68662e-10
The residual is decreasing if we take this AC-Newton step.

Taking best step and continuing Newton iteration.
L2Norm(G(x)) == 2.41357e-11
rx           == 2.91267e-22
L2Norm(dxN)  == 1.60827e-07
L2Norm(dxOpt)== 1.60827e-07
========================================================
Newton iteration number 1
Current state of Newton iteration:
   fcount_newton   == 4
   fcount_optimiza == 1
   L2Norm(x)       == 0.185841
   L2Norm(dxN)     == 1.60827e-07
   L2Norm(dxOpt)   == 1.60827e-07
   L2Dist(x,x0)    == 1.60827e-07
gx == L2Norm(G(x)) : 
   initial  gx == 7.68662e-10
   previous gx == 7.68662e-10
   current  gx == 2.41357e-11
rx == 1/2 L2Norm2(G(x)) : 
   initial  rx == 2.95421e-19
   previous rx == 2.95421e-19
   current  rx == 2.91267e-22
         delta == 0.01
Newt,GMRES == 1,0, f(u, N, dt, f_u, flags, dt) :  res == 0.498415
Newt,GMRES == 1,1, f(u, N, dt, f_u, flags, dt) :  res == 0.000502239
GMRES converged. Breaking.
Hookstep optimization is currently not implemented with Arclength Continuation.
Optimized Newton algorithm with AC: Computing residual to check convergence...f(u, N, dt, f_u, flags, dt) : : gx = 1.31723e-11 < 2.41357e-11
The residual is decreasing if we take this AC-Newton step.

Taking best step and continuing Newton iteration.
L2Norm(G(x)) == 1.31723e-11
rx           == 8.67548e-23
L2Norm(dxN)  == 5.28447e-09
L2Norm(dxOpt)== 5.28447e-09
========================================================
Newton iteration number 2
Current state of Newton iteration:
   fcount_newton   == 6
   fcount_optimiza == 2
   L2Norm(x)       == 0.185841
   L2Norm(dxN)     == 5.28447e-09
   L2Norm(dxOpt)   == 5.28447e-09
   L2Dist(x,x0)    == 1.66103e-07
gx == L2Norm(G(x)) : 
   initial  gx == 7.68662e-10
   previous gx == 2.41357e-11
   current  gx == 1.31723e-11
rx == 1/2 L2Norm2(G(x)) : 
   initial  rx == 2.95421e-19
   previous rx == 2.91267e-22
   current  rx == 8.67548e-23
         delta == 0.01
Newt,GMRES == 2,0, f(u, N, dt, f_u, flags, dt) :  res == 0.465085
Newt,GMRES == 2,1, f(u, N, dt, f_u, flags, dt) :  res == 0.00117184
Newt,GMRES == 2,2, f(u, N, dt, f_u, flags, dt) :  res == 1.97768e-07
GMRES converged. Breaking.
Hookstep optimization is currently not implemented with Arclength Continuation.
Optimized Newton algorithm with AC: Computing residual to check convergence...f(u, N, dt, f_u, flags, dt) : : gx = 3.30509e-12 < 1.31723e-11
The residual is decreasing if we take this AC-Newton step.

Taking best step and continuing Newton iteration.
L2Norm(G(x)) == 3.30509e-12
rx           == 5.46182e-24
L2Norm(dxN)  == 2.87903e-09
L2Norm(dxOpt)== 2.87903e-09
========================================================
Newton iteration number 3
Current state of Newton iteration:
   fcount_newton   == 9
   fcount_optimiza == 3
   L2Norm(x)       == 0.185841
   L2Norm(dxN)     == 2.87903e-09
   L2Norm(dxOpt)   == 2.87903e-09
   L2Dist(x,x0)    == 1.63229e-07
gx == L2Norm(G(x)) : 
   initial  gx == 7.68662e-10
   previous gx == 1.31723e-11
   current  gx == 3.30509e-12
rx == 1/2 L2Norm2(G(x)) : 
   initial  rx == 2.95421e-19
   previous rx == 8.67548e-23
   current  rx == 5.46182e-24
         delta == 0.01
Newton search converged. Breaking.
L2Norm(G(x)) == 3.30509e-12 < epsSearch == 1e-11
