f(u, N, dt, f_u, flags, dt) : f(u, N, dt, f_u, flags, dt) : Computing G(x)
f(u, N, dt, f_u, flags, dt) : 
========================================================
Newton iteration number 0
Current state of Newton iteration:
   fcount_newton   == 1
   fcount_optimiza == 0
   L2Norm(x)       == 0.0226006
   L2Norm(dxN)     == 0
   L2Norm(dxOpt)   == 0
   L2Dist(x,x0)    == 0
gx == L2Norm(G(x)) : 
   initial  gx == 1.21058e-06
   previous gx == 1.21058e-06
   current  gx == 1.21058e-06
rx == 1/2 L2Norm2(G(x)) : 
   initial  rx == 7.32751e-13
   previous rx == 7.32751e-13
   current  rx == 7.32751e-13
         delta == 0.01
Newt,GMRES == 0,0, f(u, N, dt, f_u, flags, dt) :  res == 0.738323
Newt,GMRES == 0,1, f(u, N, dt, f_u, flags, dt) :  res == 0.659261
Newt,GMRES == 0,2, f(u, N, dt, f_u, flags, dt) :  res == 0.45145
Newt,GMRES == 0,3, f(u, N, dt, f_u, flags, dt) :  res == 0.0741604
GMRES converged. Breaking.
Hookstep optimization is currently not implemented with Arclength Continuation.
Optimized Newton algorithm with AC: Computing residual to check convergence...f(u, N, dt, f_u, flags, dt) : : gx = 2.95805e-07 < 1.21058e-06
The residual is decreasing if we take this AC-Newton step.

Taking best step and continuing Newton iteration.
L2Norm(G(x)) == 2.95805e-07
rx           == 4.37502e-14
L2Norm(dxN)  == 0.000414383
L2Norm(dxOpt)== 0.000414383
========================================================
Newton iteration number 1
Current state of Newton iteration:
   fcount_newton   == 5
   fcount_optimiza == 1
   L2Norm(x)       == 0.0223709
   L2Norm(dxN)     == 0.000414383
   L2Norm(dxOpt)   == 0.000414383
   L2Dist(x,x0)    == 0.000414388
gx == L2Norm(G(x)) : 
   initial  gx == 1.21058e-06
   previous gx == 1.21058e-06
   current  gx == 2.95805e-07
rx == 1/2 L2Norm2(G(x)) : 
   initial  rx == 7.32751e-13
   previous rx == 7.32751e-13
   current  rx == 4.37502e-14
         delta == 0.01
Newt,GMRES == 1,0, f(u, N, dt, f_u, flags, dt) :  res == 0.999972
Newt,GMRES == 1,1, f(u, N, dt, f_u, flags, dt) :  res == 0.971097
Newt,GMRES == 1,2, f(u, N, dt, f_u, flags, dt) :  res == 0.849373
Newt,GMRES == 1,3, f(u, N, dt, f_u, flags, dt) :  res == 0.456006
Newt,GMRES == 1,4, f(u, N, dt, f_u, flags, dt) :  res == 0.0964152
GMRES converged. Breaking.
Hookstep optimization is currently not implemented with Arclength Continuation.
Optimized Newton algorithm with AC: Computing residual to check convergence...f(u, N, dt, f_u, flags, dt) : : gx = 1.13461e-06 > 2.95805e-07
The error is increasing if we take the Newton step. Newton step optimization leaves step size correction to arclength continuation.
