f(u, N, dt, f_u, flags, dt) : Computing G(x)
f(u, N, dt, f_u, flags, dt) : 
========================================================
Newton iteration number 0
Current state of Newton iteration:
   fcount_newton   == 1
   fcount_optimiza == 0
   L2Norm(x)       == 0.0168549
   L2Norm(dxN)     == 0
   L2Norm(dxOpt)   == 0
   L2Dist(x,x0)    == 0
gx == L2Norm(G(x)) : 
   initial  gx == 2.92484e-07
   previous gx == 2.92484e-07
   current  gx == 2.92484e-07
rx == 1/2 L2Norm2(G(x)) : 
   initial  rx == 4.27735e-14
   previous rx == 4.27735e-14
   current  rx == 4.27735e-14
         delta == 0.01
Newt,GMRES == 0,0, f(u, N, dt, f_u, flags, dt) :  res == 0.999674
Newt,GMRES == 0,1, f(u, N, dt, f_u, flags, dt) :  res == 0.522786
Newt,GMRES == 0,2, f(u, N, dt, f_u, flags, dt) :  res == 0.104346
Newt,GMRES == 0,3, f(u, N, dt, f_u, flags, dt) :  res == 0.0335244
GMRES converged. Breaking.
Hookstep optimization is currently not implemented with Arclength Continuation.
Optimized Newton algorithm with AC: Computing residual to check convergence...f(u, N, dt, f_u, flags, dt) : : gx = 4.66369e-08 < 2.92484e-07
The residual is decreasing if we take this AC-Newton step.

Taking best step and continuing Newton iteration.
L2Norm(G(x)) == 4.66369e-08
rx           == 1.0875e-15
L2Norm(dxN)  == 0.000163417
L2Norm(dxOpt)== 0.000163417
========================================================
Newton iteration number 1
Current state of Newton iteration:
   fcount_newton   == 5
   fcount_optimiza == 1
   L2Norm(x)       == 0.0169987
   L2Norm(dxN)     == 0.000163417
   L2Norm(dxOpt)   == 0.000163417
   L2Dist(x,x0)    == 0.000163417
gx == L2Norm(G(x)) : 
   initial  gx == 2.92484e-07
   previous gx == 2.92484e-07
   current  gx == 4.66369e-08
rx == 1/2 L2Norm2(G(x)) : 
   initial  rx == 4.27735e-14
   previous rx == 4.27735e-14
   current  rx == 1.0875e-15
         delta == 0.01
Newt,GMRES == 1,0, f(u, N, dt, f_u, flags, dt) :  res == 0.999958
Newt,GMRES == 1,1, f(u, N, dt, f_u, flags, dt) :  res == 0.901276
Newt,GMRES == 1,2, f(u, N, dt, f_u, flags, dt) :  res == 0.397097
Newt,GMRES == 1,3, f(u, N, dt, f_u, flags, dt) :  res == 0.0415752
GMRES converged. Breaking.
Hookstep optimization is currently not implemented with Arclength Continuation.
Optimized Newton algorithm with AC: Computing residual to check convergence...f(u, N, dt, f_u, flags, dt) : : gx = 4.18158e-09 < 4.66369e-08
The residual is decreasing if we take this AC-Newton step.

Taking best step and continuing Newton iteration.
L2Norm(G(x)) == 4.18158e-09
rx           == 8.74279e-18
L2Norm(dxN)  == 3.58696e-05
L2Norm(dxOpt)== 3.58696e-05
========================================================
Newton iteration number 2
Current state of Newton iteration:
   fcount_newton   == 9
   fcount_optimiza == 2
   L2Norm(x)       == 0.01703
   L2Norm(dxN)     == 3.58696e-05
   L2Norm(dxOpt)   == 3.58696e-05
   L2Dist(x,x0)    == 0.000199258
gx == L2Norm(G(x)) : 
   initial  gx == 2.92484e-07
   previous gx == 4.66369e-08
   current  gx == 4.18158e-09
rx == 1/2 L2Norm2(G(x)) : 
   initial  rx == 4.27735e-14
   previous rx == 1.0875e-15
   current  rx == 8.74279e-18
         delta == 0.01
Newton search converged. Breaking.
L2Norm(G(x)) == 4.18158e-09 < epsSearch == 1e-08
