f(u, N, dt, f_u, flags, dt) : f(u, N, dt, f_u, flags, dt) : Computing G(x)
f(u, N, dt, f_u, flags, dt) : 
========================================================
Newton iteration number 0
Current state of Newton iteration:
   fcount_newton   == 1
   fcount_optimiza == 0
   L2Norm(x)       == 0.00750971
   L2Norm(dxN)     == 0
   L2Norm(dxOpt)   == 0
   L2Dist(x,x0)    == 0
gx == L2Norm(G(x)) : 
   initial  gx == 5.82098e-07
   previous gx == 5.82098e-07
   current  gx == 5.82098e-07
rx == 1/2 L2Norm2(G(x)) : 
   initial  rx == 1.69419e-13
   previous rx == 1.69419e-13
   current  rx == 1.69419e-13
         delta == 0.01
Newt,GMRES == 0,0, f(u, N, dt, f_u, flags, dt) :  res == 0.997302
Newt,GMRES == 0,1, f(u, N, dt, f_u, flags, dt) :  res == 0.975267
Newt,GMRES == 0,2, f(u, N, dt, f_u, flags, dt) :  res == 0.00060315
GMRES converged. Breaking.
Hookstep optimization is currently not implemented with Arclength Continuation.
Optimized Newton algorithm with AC: Computing residual to check convergence...f(u, N, dt, f_u, flags, dt) : : gx = 1.04918e-08 < 5.82098e-07
The residual is decreasing if we take this AC-Newton step.

Taking best step and continuing Newton iteration.
L2Norm(G(x)) == 1.04918e-08
rx           == 5.50391e-17
L2Norm(dxN)  == 0.000100162
L2Norm(dxOpt)== 0.000100162
========================================================
Newton iteration number 1
Current state of Newton iteration:
   fcount_newton   == 4
   fcount_optimiza == 1
   L2Norm(x)       == 0.00741087
   L2Norm(dxN)     == 0.000100162
   L2Norm(dxOpt)   == 0.000100162
   L2Dist(x,x0)    == 0.000100162
gx == L2Norm(G(x)) : 
   initial  gx == 5.82098e-07
   previous gx == 5.82098e-07
   current  gx == 1.04918e-08
rx == 1/2 L2Norm2(G(x)) : 
   initial  rx == 1.69419e-13
   previous rx == 1.69419e-13
   current  rx == 5.50391e-17
         delta == 0.01
Newt,GMRES == 1,0, f(u, N, dt, f_u, flags, dt) :  res == 0.995998
Newt,GMRES == 1,1, f(u, N, dt, f_u, flags, dt) :  res == 0.914226
Newt,GMRES == 1,2, f(u, N, dt, f_u, flags, dt) :  res == 0.00933914
Newt,GMRES == 1,3, f(u, N, dt, f_u, flags, dt) :  res == 4.91444e-08
GMRES converged. Breaking.
Hookstep optimization is currently not implemented with Arclength Continuation.
Optimized Newton algorithm with AC: Computing residual to check convergence...f(u, N, dt, f_u, flags, dt) : : gx = 1.62106e-11 < 1.04918e-08
The residual is decreasing if we take this AC-Newton step.

Taking best step and continuing Newton iteration.
L2Norm(G(x)) == 1.62106e-11
rx           == 1.31393e-22
L2Norm(dxN)  == 2.27165e-06
L2Norm(dxOpt)== 2.27165e-06
========================================================
Newton iteration number 2
Current state of Newton iteration:
   fcount_newton   == 8
   fcount_optimiza == 2
   L2Norm(x)       == 0.0074086
   L2Norm(dxN)     == 2.27165e-06
   L2Norm(dxOpt)   == 2.27165e-06
   L2Dist(x,x0)    == 0.0001024
gx == L2Norm(G(x)) : 
   initial  gx == 5.82098e-07
   previous gx == 1.04918e-08
   current  gx == 1.62106e-11
rx == 1/2 L2Norm2(G(x)) : 
   initial  rx == 1.69419e-13
   previous rx == 5.50391e-17
   current  rx == 1.31393e-22
         delta == 0.01
Newt,GMRES == 2,0, f(u, N, dt, f_u, flags, dt) :  res == 0.980909
Newt,GMRES == 2,1, f(u, N, dt, f_u, flags, dt) :  res == 0.420938
Newt,GMRES == 2,2, f(u, N, dt, f_u, flags, dt) :  res == 0.0255251
Newt,GMRES == 2,3, f(u, N, dt, f_u, flags, dt) :  res == 8.31756e-08
GMRES converged. Breaking.
Hookstep optimization is currently not implemented with Arclength Continuation.
Optimized Newton algorithm with AC: Computing residual to check convergence...f(u, N, dt, f_u, flags, dt) : : gx = 1.40101e-12 < 1.62106e-11
The residual is decreasing if we take this AC-Newton step.

Taking best step and continuing Newton iteration.
L2Norm(G(x)) == 1.40101e-12
rx           == 9.81412e-25
L2Norm(dxN)  == 4.08701e-09
L2Norm(dxOpt)== 4.08701e-09
========================================================
Newton iteration number 3
Current state of Newton iteration:
   fcount_newton   == 12
   fcount_optimiza == 3
   L2Norm(x)       == 0.0074086
   L2Norm(dxN)     == 4.08701e-09
   L2Norm(dxOpt)   == 4.08701e-09
   L2Dist(x,x0)    == 0.000102396
gx == L2Norm(G(x)) : 
   initial  gx == 5.82098e-07
   previous gx == 1.62106e-11
   current  gx == 1.40101e-12
rx == 1/2 L2Norm2(G(x)) : 
   initial  rx == 1.69419e-13
   previous rx == 1.31393e-22
   current  rx == 9.81412e-25
         delta == 0.01
Newton search converged. Breaking.
L2Norm(G(x)) == 1.40101e-12 < epsSearch == 1e-11
