f(u, N, dt, f_u, flags, dt) : Computing G(x)
f(u, N, dt, f_u, flags, dt) : 
========================================================
Newton iteration number 0
Current state of Newton iteration:
   fcount_newton   == 1
   fcount_optimiza == 0
   L2Norm(x)       == 0.0439231
   L2Norm(dxN)     == 0
   L2Norm(dxOpt)   == 0
   L2Dist(x,x0)    == 0
gx == L2Norm(G(x)) : 
   initial  gx == 1.48725e-06
   previous gx == 1.48725e-06
   current  gx == 1.48725e-06
rx == 1/2 L2Norm2(G(x)) : 
   initial  rx == 1.10596e-12
   previous rx == 1.10596e-12
   current  rx == 1.10596e-12
         delta == 0.01
Newt,GMRES == 0,0, f(u, N, dt, f_u, flags, dt) :  res == 0.999946
Newt,GMRES == 0,1, f(u, N, dt, f_u, flags, dt) :  res == 0.269351
Newt,GMRES == 0,2, f(u, N, dt, f_u, flags, dt) :  res == 9.74125e-05
GMRES converged. Breaking.
Hookstep optimization is currently not implemented with Arclength Continuation.
Optimized Newton algorithm with AC: Computing residual to check convergence...f(u, N, dt, f_u, flags, dt) : : gx = 1.08307e-06 < 1.48725e-06
The residual is decreasing if we take this AC-Newton step.

Taking best step and continuing Newton iteration.
L2Norm(G(x)) == 1.08307e-06
rx           == 5.86515e-13
L2Norm(dxN)  == 0.0012849
L2Norm(dxOpt)== 0.0012849
========================================================
Newton iteration number 1
Current state of Newton iteration:
   fcount_newton   == 4
   fcount_optimiza == 1
   L2Norm(x)       == 0.0426593
   L2Norm(dxN)     == 0.0012849
   L2Norm(dxOpt)   == 0.0012849
   L2Dist(x,x0)    == 0.0012849
gx == L2Norm(G(x)) : 
   initial  gx == 1.48725e-06
   previous gx == 1.48725e-06
   current  gx == 1.08307e-06
rx == 1/2 L2Norm2(G(x)) : 
   initial  rx == 1.10596e-12
   previous rx == 1.10596e-12
   current  rx == 5.86515e-13
         delta == 0.01
Newt,GMRES == 1,0, f(u, N, dt, f_u, flags, dt) :  res == 0.999973
Newt,GMRES == 1,1, f(u, N, dt, f_u, flags, dt) :  res == 0.12944
Newt,GMRES == 1,2, f(u, N, dt, f_u, flags, dt) :  res == 0.000419275
GMRES converged. Breaking.
Hookstep optimization is currently not implemented with Arclength Continuation.
Optimized Newton algorithm with AC: Computing residual to check convergence...f(u, N, dt, f_u, flags, dt) : : gx = 1.11432e-07 < 1.08307e-06
The residual is decreasing if we take this AC-Newton step.

Taking best step and continuing Newton iteration.
L2Norm(G(x)) == 1.11432e-07
rx           == 6.20854e-15
L2Norm(dxN)  == 0.000350205
L2Norm(dxOpt)== 0.000350205
========================================================
Newton iteration number 2
Current state of Newton iteration:
   fcount_newton   == 7
   fcount_optimiza == 2
   L2Norm(x)       == 0.0430035
   L2Norm(dxN)     == 0.000350205
   L2Norm(dxOpt)   == 0.000350205
   L2Dist(x,x0)    == 0.000934698
gx == L2Norm(G(x)) : 
   initial  gx == 1.48725e-06
   previous gx == 1.08307e-06
   current  gx == 1.11432e-07
rx == 1/2 L2Norm2(G(x)) : 
   initial  rx == 1.10596e-12
   previous rx == 5.86515e-13
   current  rx == 6.20854e-15
         delta == 0.01
Newt,GMRES == 2,0, f(u, N, dt, f_u, flags, dt) :  res == 0.999957
Newt,GMRES == 2,1, f(u, N, dt, f_u, flags, dt) :  res == 0.144907
Newt,GMRES == 2,2, f(u, N, dt, f_u, flags, dt) :  res == 0.000471645
GMRES converged. Breaking.
Hookstep optimization is currently not implemented with Arclength Continuation.
Optimized Newton algorithm with AC: Computing residual to check convergence...f(u, N, dt, f_u, flags, dt) : : gx = 4.17368e-09 < 1.11432e-07
The residual is decreasing if we take this AC-Newton step.

Taking best step and continuing Newton iteration.
L2Norm(G(x)) == 4.17368e-09
rx           == 8.70982e-18
L2Norm(dxN)  == 4.40375e-05
L2Norm(dxOpt)== 4.40375e-05
========================================================
Newton iteration number 3
Current state of Newton iteration:
   fcount_newton   == 10
   fcount_optimiza == 3
   L2Norm(x)       == 0.0430468
   L2Norm(dxN)     == 4.40375e-05
   L2Norm(dxOpt)   == 4.40375e-05
   L2Dist(x,x0)    == 0.000890661
gx == L2Norm(G(x)) : 
   initial  gx == 1.48725e-06
   previous gx == 1.11432e-07
   current  gx == 4.17368e-09
rx == 1/2 L2Norm2(G(x)) : 
   initial  rx == 1.10596e-12
   previous rx == 6.20854e-15
   current  rx == 8.70982e-18
         delta == 0.01
Newt,GMRES == 3,0, f(u, N, dt, f_u, flags, dt) :  res == 0.999956
Newt,GMRES == 3,1, f(u, N, dt, f_u, flags, dt) :  res == 0.0990144
Newt,GMRES == 3,2, f(u, N, dt, f_u, flags, dt) :  res == 0.0221741
Newt,GMRES == 3,3, f(u, N, dt, f_u, flags, dt) :  res == 5.70701e-10
GMRES converged. Breaking.
Hookstep optimization is currently not implemented with Arclength Continuation.
Optimized Newton algorithm with AC: Computing residual to check convergence...f(u, N, dt, f_u, flags, dt) : : gx = 7.92885e-11 < 4.17368e-09
The residual is decreasing if we take this AC-Newton step.

Taking best step and continuing Newton iteration.
L2Norm(G(x)) == 7.92885e-11
rx           == 3.14333e-21
L2Norm(dxN)  == 1.69314e-06
L2Norm(dxOpt)== 1.69314e-06
========================================================
Newton iteration number 4
Current state of Newton iteration:
   fcount_newton   == 14
   fcount_optimiza == 4
   L2Norm(x)       == 0.0430485
   L2Norm(dxN)     == 1.69314e-06
   L2Norm(dxOpt)   == 1.69314e-06
   L2Dist(x,x0)    == 0.000888967
gx == L2Norm(G(x)) : 
   initial  gx == 1.48725e-06
   previous gx == 4.17368e-09
   current  gx == 7.92885e-11
rx == 1/2 L2Norm2(G(x)) : 
   initial  rx == 1.10596e-12
   previous rx == 8.70982e-18
   current  rx == 3.14333e-21
         delta == 0.01
Newt,GMRES == 4,0, f(u, N, dt, f_u, flags, dt) :  res == 0.999974
Newt,GMRES == 4,1, f(u, N, dt, f_u, flags, dt) :  res == 0.715691
Newt,GMRES == 4,2, f(u, N, dt, f_u, flags, dt) :  res == 0.00225802
Newt,GMRES == 4,3, f(u, N, dt, f_u, flags, dt) :  res == 3.91661e-11
GMRES converged. Breaking.
Hookstep optimization is currently not implemented with Arclength Continuation.
Optimized Newton algorithm with AC: Computing residual to check convergence...f(u, N, dt, f_u, flags, dt) : : gx = 7.27378e-12 < 7.92885e-11
The residual is decreasing if we take this AC-Newton step.

Taking best step and continuing Newton iteration.
L2Norm(G(x)) == 7.27378e-12
rx           == 2.64539e-23
L2Norm(dxN)  == 3.25505e-08
L2Norm(dxOpt)== 3.25505e-08
========================================================
Newton iteration number 5
Current state of Newton iteration:
   fcount_newton   == 18
   fcount_optimiza == 5
   L2Norm(x)       == 0.0430485
   L2Norm(dxN)     == 3.25505e-08
   L2Norm(dxOpt)   == 3.25505e-08
   L2Dist(x,x0)    == 0.000888935
gx == L2Norm(G(x)) : 
   initial  gx == 1.48725e-06
   previous gx == 7.92885e-11
   current  gx == 7.27378e-12
rx == 1/2 L2Norm2(G(x)) : 
   initial  rx == 1.10596e-12
   previous rx == 3.14333e-21
   current  rx == 2.64539e-23
         delta == 0.01
Newton search converged. Breaking.
L2Norm(G(x)) == 7.27378e-12 < epsSearch == 1e-11
