f(u, N, dt, f_u, flags, dt) : f(u, N, dt, f_u, flags, dt) : Computing G(x)
f(u, N, dt, f_u, flags, dt) : 
========================================================
Newton iteration number 0
Current state of Newton iteration:
   fcount_newton   == 1
   fcount_optimiza == 0
   L2Norm(x)       == 0.0224633
   L2Norm(dxN)     == 0
   L2Norm(dxOpt)   == 0
   L2Dist(x,x0)    == 0
gx == L2Norm(G(x)) : 
   initial  gx == 1.61804e-05
   previous gx == 1.61804e-05
   current  gx == 1.61804e-05
rx == 1/2 L2Norm2(G(x)) : 
   initial  rx == 1.30902e-10
   previous rx == 1.30902e-10
   current  rx == 1.30902e-10
         delta == 0.01
Newt,GMRES == 0,0, f(u, N, dt, f_u, flags, dt) :  res == 0.999589
Newt,GMRES == 0,1, f(u, N, dt, f_u, flags, dt) :  res == 0.124103
Newt,GMRES == 0,2, f(u, N, dt, f_u, flags, dt) :  res == 0.0418187
GMRES converged. Breaking.
Hookstep optimization is currently not implemented with Arclength Continuation.
Optimized Newton algorithm with AC: Computing residual to check convergence...f(u, N, dt, f_u, flags, dt) : : gx = 5.39274e-07 < 1.61804e-05
The residual is decreasing if we take this AC-Newton step.

Taking best step and continuing Newton iteration.
L2Norm(G(x)) == 5.39274e-07
rx           == 1.45408e-13
L2Norm(dxN)  == 0.0018342
L2Norm(dxOpt)== 0.0018342
========================================================
Newton iteration number 1
Current state of Newton iteration:
   fcount_newton   == 4
   fcount_optimiza == 1
   L2Norm(x)       == 0.0208978
   L2Norm(dxN)     == 0.0018342
   L2Norm(dxOpt)   == 0.0018342
   L2Dist(x,x0)    == 0.00183423
gx == L2Norm(G(x)) : 
   initial  gx == 1.61804e-05
   previous gx == 1.61804e-05
   current  gx == 5.39274e-07
rx == 1/2 L2Norm2(G(x)) : 
   initial  rx == 1.30902e-10
   previous rx == 1.30902e-10
   current  rx == 1.45408e-13
         delta == 0.01
Newt,GMRES == 1,0, f(u, N, dt, f_u, flags, dt) :  res == 0.994552
Newt,GMRES == 1,1, f(u, N, dt, f_u, flags, dt) :  res == 0.288638
Newt,GMRES == 1,2, f(u, N, dt, f_u, flags, dt) :  res == 0.0330165
GMRES converged. Breaking.
Hookstep optimization is currently not implemented with Arclength Continuation.
Optimized Newton algorithm with AC: Computing residual to check convergence...f(u, N, dt, f_u, flags, dt) : : gx = 1.88891e-08 < 5.39274e-07
The residual is decreasing if we take this AC-Newton step.

Taking best step and continuing Newton iteration.
L2Norm(G(x)) == 1.88891e-08
rx           == 1.784e-16
L2Norm(dxN)  == 0.000105152
L2Norm(dxOpt)== 0.000105152
========================================================
Newton iteration number 2
Current state of Newton iteration:
   fcount_newton   == 7
   fcount_optimiza == 2
   L2Norm(x)       == 0.0208765
   L2Norm(dxN)     == 0.000105152
   L2Norm(dxOpt)   == 0.000105152
   L2Dist(x,x0)    == 0.00186464
gx == L2Norm(G(x)) : 
   initial  gx == 1.61804e-05
   previous gx == 5.39274e-07
   current  gx == 1.88891e-08
rx == 1/2 L2Norm2(G(x)) : 
   initial  rx == 1.30902e-10
   previous rx == 1.45408e-13
   current  rx == 1.784e-16
         delta == 0.01
Newt,GMRES == 2,0, f(u, N, dt, f_u, flags, dt) :  res == 0.995916
Newt,GMRES == 2,1, f(u, N, dt, f_u, flags, dt) :  res == 0.19491
Newt,GMRES == 2,2, f(u, N, dt, f_u, flags, dt) :  res == 0.0580453
GMRES converged. Breaking.
Hookstep optimization is currently not implemented with Arclength Continuation.
Optimized Newton algorithm with AC: Computing residual to check convergence...f(u, N, dt, f_u, flags, dt) : : gx = 1.13533e-09 < 1.88891e-08
The residual is decreasing if we take this AC-Newton step.

Taking best step and continuing Newton iteration.
L2Norm(G(x)) == 1.13533e-09
rx           == 6.4449e-19
L2Norm(dxN)  == 2.42516e-06
L2Norm(dxOpt)== 2.42516e-06
========================================================
Newton iteration number 3
Current state of Newton iteration:
   fcount_newton   == 10
   fcount_optimiza == 3
   L2Norm(x)       == 0.0208759
   L2Norm(dxN)     == 2.42516e-06
   L2Norm(dxOpt)   == 2.42516e-06
   L2Dist(x,x0)    == 0.00186577
gx == L2Norm(G(x)) : 
   initial  gx == 1.61804e-05
   previous gx == 1.88891e-08
   current  gx == 1.13533e-09
rx == 1/2 L2Norm2(G(x)) : 
   initial  rx == 1.30902e-10
   previous rx == 1.784e-16
   current  rx == 6.4449e-19
         delta == 0.01
Newton search converged. Breaking.
L2Norm(G(x)) == 1.13533e-09 < epsSearch == 1e-08
