f(u, N, dt, f_u, flags, dt) : f(u, N, dt, f_u, flags, dt) : Computing G(x)
f(u, N, dt, f_u, flags, dt) : 
========================================================
Newton iteration number 0
Current state of Newton iteration:
   fcount_newton   == 1
   fcount_optimiza == 0
   L2Norm(x)       == 0.209483
   L2Norm(dxN)     == 0
   L2Norm(dxOpt)   == 0
   L2Dist(x,x0)    == 0
gx == L2Norm(G(x)) : 
   initial  gx == 8.04876e-10
   previous gx == 8.04876e-10
   current  gx == 8.04876e-10
rx == 1/2 L2Norm2(G(x)) : 
   initial  rx == 3.23912e-19
   previous rx == 3.23912e-19
   current  rx == 3.23912e-19
         delta == 0.01
Newt,GMRES == 0,0, f(u, N, dt, f_u, flags, dt) :  res == 0.335343
Newt,GMRES == 0,1, f(u, N, dt, f_u, flags, dt) :  res == 0.288164
Newt,GMRES == 0,2, f(u, N, dt, f_u, flags, dt) :  res == 0.000139288
GMRES converged. Breaking.
Hookstep optimization is currently not implemented with Arclength Continuation.
Optimized Newton algorithm with AC: Computing residual to check convergence...f(u, N, dt, f_u, flags, dt) : : gx = 2.7268e-11 < 8.04876e-10
The residual is decreasing if we take this AC-Newton step.

Taking best step and continuing Newton iteration.
L2Norm(G(x)) == 2.7268e-11
rx           == 3.71771e-22
L2Norm(dxN)  == 1.23158e-07
L2Norm(dxOpt)== 1.23158e-07
========================================================
Newton iteration number 1
Current state of Newton iteration:
   fcount_newton   == 4
   fcount_optimiza == 1
   L2Norm(x)       == 0.209483
   L2Norm(dxN)     == 1.23158e-07
   L2Norm(dxOpt)   == 1.23158e-07
   L2Dist(x,x0)    == 1.23158e-07
gx == L2Norm(G(x)) : 
   initial  gx == 8.04876e-10
   previous gx == 8.04876e-10
   current  gx == 2.7268e-11
rx == 1/2 L2Norm2(G(x)) : 
   initial  rx == 3.23912e-19
   previous rx == 3.23912e-19
   current  rx == 3.71771e-22
         delta == 0.01
Newt,GMRES == 1,0, f(u, N, dt, f_u, flags, dt) :  res == 0.473823
Newt,GMRES == 1,1, f(u, N, dt, f_u, flags, dt) :  res == 0.00376186
Newt,GMRES == 1,2, f(u, N, dt, f_u, flags, dt) :  res == 5.94489e-06
GMRES converged. Breaking.
Hookstep optimization is currently not implemented with Arclength Continuation.
Optimized Newton algorithm with AC: Computing residual to check convergence...f(u, N, dt, f_u, flags, dt) : : gx = 1.04263e-11 < 2.7268e-11
The residual is decreasing if we take this AC-Newton step.

Taking best step and continuing Newton iteration.
L2Norm(G(x)) == 1.04263e-11
rx           == 5.43544e-23
L2Norm(dxN)  == 4.75133e-09
L2Norm(dxOpt)== 4.75133e-09
========================================================
Newton iteration number 2
Current state of Newton iteration:
   fcount_newton   == 7
   fcount_optimiza == 2
   L2Norm(x)       == 0.209483
   L2Norm(dxN)     == 4.75133e-09
   L2Norm(dxOpt)   == 4.75133e-09
   L2Dist(x,x0)    == 1.18832e-07
gx == L2Norm(G(x)) : 
   initial  gx == 8.04876e-10
   previous gx == 2.7268e-11
   current  gx == 1.04263e-11
rx == 1/2 L2Norm2(G(x)) : 
   initial  rx == 3.23912e-19
   previous rx == 3.71771e-22
   current  rx == 5.43544e-23
         delta == 0.01
Newt,GMRES == 2,0, f(u, N, dt, f_u, flags, dt) :  res == 0.939251
Newt,GMRES == 2,1, f(u, N, dt, f_u, flags, dt) :  res == 0.000347894
GMRES converged. Breaking.
Hookstep optimization is currently not implemented with Arclength Continuation.
Optimized Newton algorithm with AC: Computing residual to check convergence...f(u, N, dt, f_u, flags, dt) : : gx = 7.74153e-12 < 1.04263e-11
The residual is decreasing if we take this AC-Newton step.

Taking best step and continuing Newton iteration.
L2Norm(G(x)) == 7.74153e-12
rx           == 2.99656e-23
L2Norm(dxN)  == 1.81679e-09
L2Norm(dxOpt)== 1.81679e-09
========================================================
Newton iteration number 3
Current state of Newton iteration:
   fcount_newton   == 9
   fcount_optimiza == 3
   L2Norm(x)       == 0.209483
   L2Norm(dxN)     == 1.81679e-09
   L2Norm(dxOpt)   == 1.81679e-09
   L2Dist(x,x0)    == 1.20481e-07
gx == L2Norm(G(x)) : 
   initial  gx == 8.04876e-10
   previous gx == 1.04263e-11
   current  gx == 7.74153e-12
rx == 1/2 L2Norm2(G(x)) : 
   initial  rx == 3.23912e-19
   previous rx == 5.43544e-23
   current  rx == 2.99656e-23
         delta == 0.01
Newton search converged. Breaking.
L2Norm(G(x)) == 7.74153e-12 < epsSearch == 1e-11
