f(u, N, dt, f_u, flags, dt) : f(u, N, dt, f_u, flags, dt) : Computing G(x)
f(u, N, dt, f_u, flags, dt) : 
========================================================
Newton iteration number 0
Current state of Newton iteration:
   fcount_newton   == 1
   fcount_optimiza == 0
   L2Norm(x)       == 0.224337
   L2Norm(dxN)     == 0
   L2Norm(dxOpt)   == 0
   L2Dist(x,x0)    == 0
gx == L2Norm(G(x)) : 
   initial  gx == 5.24027e-08
   previous gx == 5.24027e-08
   current  gx == 5.24027e-08
rx == 1/2 L2Norm2(G(x)) : 
   initial  rx == 1.37302e-15
   previous rx == 1.37302e-15
   current  rx == 1.37302e-15
         delta == 0.01
Newt,GMRES == 0,0, f(u, N, dt, f_u, flags, dt) :  res == 0.509921
Newt,GMRES == 0,1, f(u, N, dt, f_u, flags, dt) :  res == 0.0452618
Newt,GMRES == 0,2, f(u, N, dt, f_u, flags, dt) :  res == 0.000678314
GMRES converged. Breaking.
Hookstep optimization is currently not implemented with Arclength Continuation.
Optimized Newton algorithm with AC: Computing residual to check convergence...f(u, N, dt, f_u, flags, dt) : : gx = 4.26093e-10 < 5.24027e-08
The residual is decreasing if we take this AC-Newton step.

Taking best step and continuing Newton iteration.
L2Norm(G(x)) == 4.26093e-10
rx           == 9.07774e-20
L2Norm(dxN)  == 6.28724e-06
L2Norm(dxOpt)== 6.28724e-06
========================================================
Newton iteration number 1
Current state of Newton iteration:
   fcount_newton   == 4
   fcount_optimiza == 1
   L2Norm(x)       == 0.224339
   L2Norm(dxN)     == 6.28724e-06
   L2Norm(dxOpt)   == 6.28724e-06
   L2Dist(x,x0)    == 6.28724e-06
gx == L2Norm(G(x)) : 
   initial  gx == 5.24027e-08
   previous gx == 5.24027e-08
   current  gx == 4.26093e-10
rx == 1/2 L2Norm2(G(x)) : 
   initial  rx == 1.37302e-15
   previous rx == 1.37302e-15
   current  rx == 9.07774e-20
         delta == 0.01
Newt,GMRES == 1,0, f(u, N, dt, f_u, flags, dt) :  res == 0.321577
Newt,GMRES == 1,1, f(u, N, dt, f_u, flags, dt) :  res == 0.0721008
Newt,GMRES == 1,2, f(u, N, dt, f_u, flags, dt) :  res == 0.00240566
Newt,GMRES == 1,3, f(u, N, dt, f_u, flags, dt) :  res == 4.86841e-09
GMRES converged. Breaking.
Hookstep optimization is currently not implemented with Arclength Continuation.
Optimized Newton algorithm with AC: Computing residual to check convergence...f(u, N, dt, f_u, flags, dt) : : gx = 2.9068e-12 < 4.26093e-10
The residual is decreasing if we take this AC-Newton step.

Taking best step and continuing Newton iteration.
L2Norm(G(x)) == 2.9068e-12
rx           == 4.22474e-24
L2Norm(dxN)  == 5.39981e-08
L2Norm(dxOpt)== 5.39981e-08
========================================================
Newton iteration number 2
Current state of Newton iteration:
   fcount_newton   == 8
   fcount_optimiza == 2
   L2Norm(x)       == 0.224339
   L2Norm(dxN)     == 5.39981e-08
   L2Norm(dxOpt)   == 5.39981e-08
   L2Dist(x,x0)    == 6.31453e-06
gx == L2Norm(G(x)) : 
   initial  gx == 5.24027e-08
   previous gx == 4.26093e-10
   current  gx == 2.9068e-12
rx == 1/2 L2Norm2(G(x)) : 
   initial  rx == 1.37302e-15
   previous rx == 9.07774e-20
   current  rx == 4.22474e-24
         delta == 0.01
Newton search converged. Breaking.
L2Norm(G(x)) == 2.9068e-12 < epsSearch == 1e-11
