f(u, N, dt, f_u, flags, dt) : f(u, N, dt, f_u, flags, dt) : Computing G(x)
f(u, N, dt, f_u, flags, dt) : 
========================================================
Newton iteration number 0
Current state of Newton iteration:
   fcount_newton   == 1
   fcount_optimiza == 0
   L2Norm(x)       == 0.0632241
   L2Norm(dxN)     == 0
   L2Norm(dxOpt)   == 0
   L2Dist(x,x0)    == 0
gx == L2Norm(G(x)) : 
   initial  gx == 3.35866e-07
   previous gx == 3.35866e-07
   current  gx == 3.35866e-07
rx == 1/2 L2Norm2(G(x)) : 
   initial  rx == 5.6403e-14
   previous rx == 5.6403e-14
   current  rx == 5.6403e-14
         delta == 0.01
Newt,GMRES == 0,0, f(u, N, dt, f_u, flags, dt) :  res == 0.888399
Newt,GMRES == 0,1, f(u, N, dt, f_u, flags, dt) :  res == 0.00275962
Newt,GMRES == 0,2, f(u, N, dt, f_u, flags, dt) :  res == 2.09181e-06
GMRES converged. Breaking.
Hookstep optimization is currently not implemented with Arclength Continuation.
Optimized Newton algorithm with AC: Computing residual to check convergence...f(u, N, dt, f_u, flags, dt) : : gx = 2.06461e-10 < 3.35866e-07
The residual is decreasing if we take this AC-Newton step.

Taking best step and continuing Newton iteration.
L2Norm(G(x)) == 2.06461e-10
rx           == 2.13131e-20
L2Norm(dxN)  == 3.49442e-05
L2Norm(dxOpt)== 3.49442e-05
========================================================
Newton iteration number 1
Current state of Newton iteration:
   fcount_newton   == 4
   fcount_optimiza == 1
   L2Norm(x)       == 0.0631894
   L2Norm(dxN)     == 3.49442e-05
   L2Norm(dxOpt)   == 3.49442e-05
   L2Dist(x,x0)    == 3.49442e-05
gx == L2Norm(G(x)) : 
   initial  gx == 3.35866e-07
   previous gx == 3.35866e-07
   current  gx == 2.06461e-10
rx == 1/2 L2Norm2(G(x)) : 
   initial  rx == 5.6403e-14
   previous rx == 5.6403e-14
   current  rx == 2.13131e-20
         delta == 0.01
Newt,GMRES == 1,0, f(u, N, dt, f_u, flags, dt) :  res == 0.889884
Newt,GMRES == 1,1, f(u, N, dt, f_u, flags, dt) :  res == 0.00118421
Newt,GMRES == 1,2, f(u, N, dt, f_u, flags, dt) :  res == 8.53338e-08
GMRES converged. Breaking.
Hookstep optimization is currently not implemented with Arclength Continuation.
Optimized Newton algorithm with AC: Computing residual to check convergence...f(u, N, dt, f_u, flags, dt) : : gx = 1.26358e-12 < 2.06461e-10
The residual is decreasing if we take this AC-Newton step.

Taking best step and continuing Newton iteration.
L2Norm(G(x)) == 1.26358e-12
rx           == 7.98319e-25
L2Norm(dxN)  == 2.14182e-08
L2Norm(dxOpt)== 2.14182e-08
========================================================
Newton iteration number 2
Current state of Newton iteration:
   fcount_newton   == 7
   fcount_optimiza == 2
   L2Norm(x)       == 0.0631894
   L2Norm(dxN)     == 2.14182e-08
   L2Norm(dxOpt)   == 2.14182e-08
   L2Dist(x,x0)    == 3.4923e-05
gx == L2Norm(G(x)) : 
   initial  gx == 3.35866e-07
   previous gx == 2.06461e-10
   current  gx == 1.26358e-12
rx == 1/2 L2Norm2(G(x)) : 
   initial  rx == 5.6403e-14
   previous rx == 2.13131e-20
   current  rx == 7.98319e-25
         delta == 0.01
Newton search converged. Breaking.
L2Norm(G(x)) == 1.26358e-12 < epsSearch == 1e-11
