f(u, N, dt, f_u, flags, dt) : Computing G(x)
f(u, N, dt, f_u, flags, dt) : 
========================================================
Newton iteration number 0
Current state of Newton iteration:
   fcount_newton   == 1
   fcount_optimiza == 0
   L2Norm(x)       == 0.0131244
   L2Norm(dxN)     == 0
   L2Norm(dxOpt)   == 0
   L2Dist(x,x0)    == 0
gx == L2Norm(G(x)) : 
   initial  gx == 4.49335e-06
   previous gx == 4.49335e-06
   current  gx == 4.49335e-06
rx == 1/2 L2Norm2(G(x)) : 
   initial  rx == 1.00951e-11
   previous rx == 1.00951e-11
   current  rx == 1.00951e-11
         delta == 0.01
Newt,GMRES == 0,0, f(u, N, dt, f_u, flags, dt) :  res == 0.999658
Newt,GMRES == 0,1, f(u, N, dt, f_u, flags, dt) :  res == 0.182113
Newt,GMRES == 0,2, f(u, N, dt, f_u, flags, dt) :  res == 0.182091
Newt,GMRES == 0,3, f(u, N, dt, f_u, flags, dt) :  res == 0.0504039
GMRES converged. Breaking.
Hookstep optimization is currently not implemented with Arclength Continuation.
Optimized Newton algorithm with AC: Computing residual to check convergence...f(u, N, dt, f_u, flags, dt) : : gx = 3.43909e-07 < 4.49335e-06
The residual is decreasing if we take this AC-Newton step.

Taking best step and continuing Newton iteration.
L2Norm(G(x)) == 3.43909e-07
rx           == 5.91365e-14
L2Norm(dxN)  == 0.000832655
L2Norm(dxOpt)== 0.000832655
========================================================
Newton iteration number 1
Current state of Newton iteration:
   fcount_newton   == 5
   fcount_optimiza == 1
   L2Norm(x)       == 0.0123078
   L2Norm(dxN)     == 0.000832655
   L2Norm(dxOpt)   == 0.000832655
   L2Dist(x,x0)    == 0.000832676
gx == L2Norm(G(x)) : 
   initial  gx == 4.49335e-06
   previous gx == 4.49335e-06
   current  gx == 3.43909e-07
rx == 1/2 L2Norm2(G(x)) : 
   initial  rx == 1.00951e-11
   previous rx == 1.00951e-11
   current  rx == 5.91365e-14
         delta == 0.01
Newt,GMRES == 1,0, f(u, N, dt, f_u, flags, dt) :  res == 0.975697
Newt,GMRES == 1,1, f(u, N, dt, f_u, flags, dt) :  res == 0.107048
Newt,GMRES == 1,2, f(u, N, dt, f_u, flags, dt) :  res == 0.0567701
GMRES converged. Breaking.
Hookstep optimization is currently not implemented with Arclength Continuation.
Optimized Newton algorithm with AC: Computing residual to check convergence...f(u, N, dt, f_u, flags, dt) : : gx = 1.84988e-08 < 3.43909e-07
The residual is decreasing if we take this AC-Newton step.

Taking best step and continuing Newton iteration.
L2Norm(G(x)) == 1.84988e-08
rx           == 1.71102e-16
L2Norm(dxN)  == 4.845e-05
L2Norm(dxOpt)== 4.845e-05
========================================================
Newton iteration number 2
Current state of Newton iteration:
   fcount_newton   == 8
   fcount_optimiza == 2
   L2Norm(x)       == 0.0122847
   L2Norm(dxN)     == 4.845e-05
   L2Norm(dxOpt)   == 4.845e-05
   L2Dist(x,x0)    == 0.000852942
gx == L2Norm(G(x)) : 
   initial  gx == 4.49335e-06
   previous gx == 3.43909e-07
   current  gx == 1.84988e-08
rx == 1/2 L2Norm2(G(x)) : 
   initial  rx == 1.00951e-11
   previous rx == 5.91365e-14
   current  rx == 1.71102e-16
         delta == 0.01
Newt,GMRES == 2,0, f(u, N, dt, f_u, flags, dt) :  res == 1
Newt,GMRES == 2,1, f(u, N, dt, f_u, flags, dt) :  res == 0.998028
Newt,GMRES == 2,2, f(u, N, dt, f_u, flags, dt) :  res == 0.751963
Newt,GMRES == 2,3, f(u, N, dt, f_u, flags, dt) :  res == 0.380303
Newt,GMRES == 2,4, f(u, N, dt, f_u, flags, dt) :  res == 0.211291
Newt,GMRES == 2,5, f(u, N, dt, f_u, flags, dt) :  res == 0.032619
GMRES converged. Breaking.
Hookstep optimization is currently not implemented with Arclength Continuation.
Optimized Newton algorithm with AC: Computing residual to check convergence...f(u, N, dt, f_u, flags, dt) : : gx = 2.06487e-08 > 1.84988e-08
The error is increasing if we take the Newton step. Newton step optimization leaves step size correction to arclength continuation.
