f(u, N, dt, f_u, flags, dt) : f(u, N, dt, f_u, flags, dt) : Computing G(x)
f(u, N, dt, f_u, flags, dt) : 
========================================================
Newton iteration number 0
Current state of Newton iteration:
   fcount_newton   == 1
   fcount_optimiza == 0
   L2Norm(x)       == 0.0243333
   L2Norm(dxN)     == 0
   L2Norm(dxOpt)   == 0
   L2Dist(x,x0)    == 0
gx == L2Norm(G(x)) : 
   initial  gx == 8.09054e-06
   previous gx == 8.09054e-06
   current  gx == 8.09054e-06
rx == 1/2 L2Norm2(G(x)) : 
   initial  rx == 3.27284e-11
   previous rx == 3.27284e-11
   current  rx == 3.27284e-11
         delta == 0.01
Newt,GMRES == 0,0, f(u, N, dt, f_u, flags, dt) :  res == 0.999225
Newt,GMRES == 0,1, f(u, N, dt, f_u, flags, dt) :  res == 0.276207
Newt,GMRES == 0,2, f(u, N, dt, f_u, flags, dt) :  res == 0.234097
Newt,GMRES == 0,3, f(u, N, dt, f_u, flags, dt) :  res == 0.0467204
GMRES converged. Breaking.
Hookstep optimization is currently not implemented with Arclength Continuation.
Optimized Newton algorithm with AC: Computing residual to check convergence...f(u, N, dt, f_u, flags, dt) : : gx = 2.07329e-06 < 8.09054e-06
The residual is decreasing if we take this AC-Newton step.

Taking best step and continuing Newton iteration.
L2Norm(G(x)) == 2.07329e-06
rx           == 2.14927e-12
L2Norm(dxN)  == 0.00151904
L2Norm(dxOpt)== 0.00151904
========================================================
Newton iteration number 1
Current state of Newton iteration:
   fcount_newton   == 5
   fcount_optimiza == 1
   L2Norm(x)       == 0.023081
   L2Norm(dxN)     == 0.00151904
   L2Norm(dxOpt)   == 0.00151904
   L2Dist(x,x0)    == 0.00151942
gx == L2Norm(G(x)) : 
   initial  gx == 8.09054e-06
   previous gx == 8.09054e-06
   current  gx == 2.07329e-06
rx == 1/2 L2Norm2(G(x)) : 
   initial  rx == 3.27284e-11
   previous rx == 3.27284e-11
   current  rx == 2.14927e-12
         delta == 0.01
Newt,GMRES == 1,0, f(u, N, dt, f_u, flags, dt) :  res == 0.997217
Newt,GMRES == 1,1, f(u, N, dt, f_u, flags, dt) :  res == 0.827268
Newt,GMRES == 1,2, f(u, N, dt, f_u, flags, dt) :  res == 0.174374
Newt,GMRES == 1,3, f(u, N, dt, f_u, flags, dt) :  res == 0.0797905
GMRES converged. Breaking.
Hookstep optimization is currently not implemented with Arclength Continuation.
Optimized Newton algorithm with AC: Computing residual to check convergence...f(u, N, dt, f_u, flags, dt) : : gx = 2.50414e-07 < 2.07329e-06
The residual is decreasing if we take this AC-Newton step.

Taking best step and continuing Newton iteration.
L2Norm(G(x)) == 2.50414e-07
rx           == 3.13535e-14
L2Norm(dxN)  == 0.000381273
L2Norm(dxOpt)== 0.000381273
========================================================
Newton iteration number 2
Current state of Newton iteration:
   fcount_newton   == 9
   fcount_optimiza == 2
   L2Norm(x)       == 0.0233586
   L2Norm(dxN)     == 0.000381273
   L2Norm(dxOpt)   == 0.000381273
   L2Dist(x,x0)    == 0.0012394
gx == L2Norm(G(x)) : 
   initial  gx == 8.09054e-06
   previous gx == 2.07329e-06
   current  gx == 2.50414e-07
rx == 1/2 L2Norm2(G(x)) : 
   initial  rx == 3.27284e-11
   previous rx == 2.14927e-12
   current  rx == 3.13535e-14
         delta == 0.01
Newt,GMRES == 2,0, f(u, N, dt, f_u, flags, dt) :  res == 0.999992
Newt,GMRES == 2,1, f(u, N, dt, f_u, flags, dt) :  res == 0.999064
Newt,GMRES == 2,2, f(u, N, dt, f_u, flags, dt) :  res == 0.650266
Newt,GMRES == 2,3, f(u, N, dt, f_u, flags, dt) :  res == 0.165007
Newt,GMRES == 2,4, f(u, N, dt, f_u, flags, dt) :  res == 0.0136604
GMRES converged. Breaking.
Hookstep optimization is currently not implemented with Arclength Continuation.
Optimized Newton algorithm with AC: Computing residual to check convergence...f(u, N, dt, f_u, flags, dt) : : gx = 3.73646e-09 < 2.50414e-07
The residual is decreasing if we take this AC-Newton step.

Taking best step and continuing Newton iteration.
L2Norm(G(x)) == 3.73646e-09
rx           == 6.98056e-18
L2Norm(dxN)  == 6.99383e-05
L2Norm(dxOpt)== 6.99383e-05
========================================================
Newton iteration number 3
Current state of Newton iteration:
   fcount_newton   == 14
   fcount_optimiza == 3
   L2Norm(x)       == 0.0233834
   L2Norm(dxN)     == 6.99383e-05
   L2Norm(dxOpt)   == 6.99383e-05
   L2Dist(x,x0)    == 0.00121921
gx == L2Norm(G(x)) : 
   initial  gx == 8.09054e-06
   previous gx == 2.50414e-07
   current  gx == 3.73646e-09
rx == 1/2 L2Norm2(G(x)) : 
   initial  rx == 3.27284e-11
   previous rx == 3.13535e-14
   current  rx == 6.98056e-18
         delta == 0.01
Newton search converged. Breaking.
L2Norm(G(x)) == 3.73646e-09 < epsSearch == 1e-08
