f(u, N, dt, f_u, flags, dt) : f(u, N, dt, f_u, flags, dt) : Computing G(x)
f(u, N, dt, f_u, flags, dt) : 
========================================================
Newton iteration number 0
Current state of Newton iteration:
   fcount_newton   == 1
   fcount_optimiza == 0
   L2Norm(x)       == 0.0103598
   L2Norm(dxN)     == 0
   L2Norm(dxOpt)   == 0
   L2Dist(x,x0)    == 0
gx == L2Norm(G(x)) : 
   initial  gx == 2.17224e-07
   previous gx == 2.17224e-07
   current  gx == 2.17224e-07
rx == 1/2 L2Norm2(G(x)) : 
   initial  rx == 2.35931e-14
   previous rx == 2.35931e-14
   current  rx == 2.35931e-14
         delta == 0.01
Newt,GMRES == 0,0, f(u, N, dt, f_u, flags, dt) :  res == 0.998913
Newt,GMRES == 0,1, f(u, N, dt, f_u, flags, dt) :  res == 0.891331
Newt,GMRES == 0,2, f(u, N, dt, f_u, flags, dt) :  res == 0.190391
Newt,GMRES == 0,3, f(u, N, dt, f_u, flags, dt) :  res == 0.0199984
GMRES converged. Breaking.
Hookstep optimization is currently not implemented with Arclength Continuation.
Optimized Newton algorithm with AC: Computing residual to check convergence...f(u, N, dt, f_u, flags, dt) : : gx = 2.20334e-08 < 2.17224e-07
The residual is decreasing if we take this AC-Newton step.

Taking best step and continuing Newton iteration.
L2Norm(G(x)) == 2.20334e-08
rx           == 2.42736e-16
L2Norm(dxN)  == 9.12248e-05
L2Norm(dxOpt)== 9.12248e-05
========================================================
Newton iteration number 1
Current state of Newton iteration:
   fcount_newton   == 5
   fcount_optimiza == 1
   L2Norm(x)       == 0.0104485
   L2Norm(dxN)     == 9.12248e-05
   L2Norm(dxOpt)   == 9.12248e-05
   L2Dist(x,x0)    == 9.12248e-05
gx == L2Norm(G(x)) : 
   initial  gx == 2.17224e-07
   previous gx == 2.17224e-07
   current  gx == 2.20334e-08
rx == 1/2 L2Norm2(G(x)) : 
   initial  rx == 2.35931e-14
   previous rx == 2.35931e-14
   current  rx == 2.42736e-16
         delta == 0.01
Newt,GMRES == 1,0, f(u, N, dt, f_u, flags, dt) :  res == 1
Newt,GMRES == 1,1, f(u, N, dt, f_u, flags, dt) :  res == 0.999999
Newt,GMRES == 1,2, f(u, N, dt, f_u, flags, dt) :  res == 0.458657
Newt,GMRES == 1,3, f(u, N, dt, f_u, flags, dt) :  res == 0.012055
GMRES converged. Breaking.
Hookstep optimization is currently not implemented with Arclength Continuation.
Optimized Newton algorithm with AC: Computing residual to check convergence...f(u, N, dt, f_u, flags, dt) : : gx = 4.17889e-10 < 2.20334e-08
The residual is decreasing if we take this AC-Newton step.

Taking best step and continuing Newton iteration.
L2Norm(G(x)) == 4.17889e-10
rx           == 8.73156e-20
L2Norm(dxN)  == 1.0847e-05
L2Norm(dxOpt)== 1.0847e-05
========================================================
Newton iteration number 2
Current state of Newton iteration:
   fcount_newton   == 9
   fcount_optimiza == 2
   L2Norm(x)       == 0.0104589
   L2Norm(dxN)     == 1.0847e-05
   L2Norm(dxOpt)   == 1.0847e-05
   L2Dist(x,x0)    == 0.000102048
gx == L2Norm(G(x)) : 
   initial  gx == 2.17224e-07
   previous gx == 2.20334e-08
   current  gx == 4.17889e-10
rx == 1/2 L2Norm2(G(x)) : 
   initial  rx == 2.35931e-14
   previous rx == 2.42736e-16
   current  rx == 8.73156e-20
         delta == 0.01
Newt,GMRES == 2,0, f(u, N, dt, f_u, flags, dt) :  res == 0.992321
Newt,GMRES == 2,1, f(u, N, dt, f_u, flags, dt) :  res == 0.820459
Newt,GMRES == 2,2, f(u, N, dt, f_u, flags, dt) :  res == 0.511899
Newt,GMRES == 2,3, f(u, N, dt, f_u, flags, dt) :  res == 0.0871813
GMRES converged. Breaking.
Hookstep optimization is currently not implemented with Arclength Continuation.
Optimized Newton algorithm with AC: Computing residual to check convergence...f(u, N, dt, f_u, flags, dt) : : gx = 3.70994e-11 < 4.17889e-10
The residual is decreasing if we take this AC-Newton step.

Taking best step and continuing Newton iteration.
L2Norm(G(x)) == 3.70994e-11
rx           == 6.88182e-22
L2Norm(dxN)  == 1.61028e-07
L2Norm(dxOpt)== 1.61028e-07
========================================================
Newton iteration number 3
Current state of Newton iteration:
   fcount_newton   == 13
   fcount_optimiza == 3
   L2Norm(x)       == 0.0104591
   L2Norm(dxN)     == 1.61028e-07
   L2Norm(dxOpt)   == 1.61028e-07
   L2Dist(x,x0)    == 0.000102206
gx == L2Norm(G(x)) : 
   initial  gx == 2.17224e-07
   previous gx == 4.17889e-10
   current  gx == 3.70994e-11
rx == 1/2 L2Norm2(G(x)) : 
   initial  rx == 2.35931e-14
   previous rx == 8.73156e-20
   current  rx == 6.88182e-22
         delta == 0.01
Newt,GMRES == 3,0, f(u, N, dt, f_u, flags, dt) :  res == 0.717568
Newt,GMRES == 3,1, f(u, N, dt, f_u, flags, dt) :  res == 0.288381
Newt,GMRES == 3,2, f(u, N, dt, f_u, flags, dt) :  res == 0.263845
Newt,GMRES == 3,3, f(u, N, dt, f_u, flags, dt) :  res == 0.134918
Newt,GMRES == 3,4, f(u, N, dt, f_u, flags, dt) :  res == 0.0197545
GMRES converged. Breaking.
Hookstep optimization is currently not implemented with Arclength Continuation.
Optimized Newton algorithm with AC: Computing residual to check convergence...f(u, N, dt, f_u, flags, dt) : : gx = 7.97971e-13 < 3.70994e-11
The residual is decreasing if we take this AC-Newton step.

Taking best step and continuing Newton iteration.
L2Norm(G(x)) == 7.97971e-13
rx           == 3.18379e-25
L2Norm(dxN)  == 6.37074e-09
L2Norm(dxOpt)== 6.37074e-09
========================================================
Newton iteration number 4
Current state of Newton iteration:
   fcount_newton   == 18
   fcount_optimiza == 4
   L2Norm(x)       == 0.0104591
   L2Norm(dxN)     == 6.37074e-09
   L2Norm(dxOpt)   == 6.37074e-09
   L2Dist(x,x0)    == 0.00010221
gx == L2Norm(G(x)) : 
   initial  gx == 2.17224e-07
   previous gx == 3.70994e-11
   current  gx == 7.97971e-13
rx == 1/2 L2Norm2(G(x)) : 
   initial  rx == 2.35931e-14
   previous rx == 6.88182e-22
   current  rx == 3.18379e-25
         delta == 0.01
Newton search converged. Breaking.
L2Norm(G(x)) == 7.97971e-13 < epsSearch == 1e-11
