f(u, N, dt, f_u, flags, dt) : f(u, N, dt, f_u, flags, dt) : Computing G(x)
f(u, N, dt, f_u, flags, dt) : 
========================================================
Newton iteration number 0
Current state of Newton iteration:
   fcount_newton   == 1
   fcount_optimiza == 0
   L2Norm(x)       == 0.217882
   L2Norm(dxN)     == 0
   L2Norm(dxOpt)   == 0
   L2Dist(x,x0)    == 0
gx == L2Norm(G(x)) : 
   initial  gx == 2.42328e-09
   previous gx == 2.42328e-09
   current  gx == 2.42328e-09
rx == 1/2 L2Norm2(G(x)) : 
   initial  rx == 2.93614e-18
   previous rx == 2.93614e-18
   current  rx == 2.93614e-18
         delta == 0.01
Newt,GMRES == 0,0, f(u, N, dt, f_u, flags, dt) :  res == 0.316405
Newt,GMRES == 0,1, f(u, N, dt, f_u, flags, dt) :  res == 0.00316666
Newt,GMRES == 0,2, f(u, N, dt, f_u, flags, dt) :  res == 0.000235944
GMRES converged. Breaking.
Hookstep optimization is currently not implemented with Arclength Continuation.
Optimized Newton algorithm with AC: Computing residual to check convergence...f(u, N, dt, f_u, flags, dt) : : gx = 2.735e-11 < 2.42328e-09
The residual is decreasing if we take this AC-Newton step.

Taking best step and continuing Newton iteration.
L2Norm(G(x)) == 2.735e-11
rx           == 3.74011e-22
L2Norm(dxN)  == 2.46954e-07
L2Norm(dxOpt)== 2.46954e-07
========================================================
Newton iteration number 1
Current state of Newton iteration:
   fcount_newton   == 4
   fcount_optimiza == 1
   L2Norm(x)       == 0.217882
   L2Norm(dxN)     == 2.46954e-07
   L2Norm(dxOpt)   == 2.46954e-07
   L2Dist(x,x0)    == 2.46954e-07
gx == L2Norm(G(x)) : 
   initial  gx == 2.42328e-09
   previous gx == 2.42328e-09
   current  gx == 2.735e-11
rx == 1/2 L2Norm2(G(x)) : 
   initial  rx == 2.93614e-18
   previous rx == 2.93614e-18
   current  rx == 3.74011e-22
         delta == 0.01
Newt,GMRES == 1,0, f(u, N, dt, f_u, flags, dt) :  res == 0.639455
Newt,GMRES == 1,1, f(u, N, dt, f_u, flags, dt) :  res == 0.0164785
Newt,GMRES == 1,2, f(u, N, dt, f_u, flags, dt) :  res == 0.000150298
GMRES converged. Breaking.
Hookstep optimization is currently not implemented with Arclength Continuation.
Optimized Newton algorithm with AC: Computing residual to check convergence...f(u, N, dt, f_u, flags, dt) : : gx = 3.43959e-12 < 2.735e-11
The residual is decreasing if we take this AC-Newton step.

Taking best step and continuing Newton iteration.
L2Norm(G(x)) == 3.43959e-12
rx           == 5.9154e-24
L2Norm(dxN)  == 3.74397e-09
L2Norm(dxOpt)== 3.74397e-09
========================================================
Newton iteration number 2
Current state of Newton iteration:
   fcount_newton   == 7
   fcount_optimiza == 2
   L2Norm(x)       == 0.217882
   L2Norm(dxN)     == 3.74397e-09
   L2Norm(dxOpt)   == 3.74397e-09
   L2Dist(x,x0)    == 2.47456e-07
gx == L2Norm(G(x)) : 
   initial  gx == 2.42328e-09
   previous gx == 2.735e-11
   current  gx == 3.43959e-12
rx == 1/2 L2Norm2(G(x)) : 
   initial  rx == 2.93614e-18
   previous rx == 3.74011e-22
   current  rx == 5.9154e-24
         delta == 0.01
Newton search converged. Breaking.
L2Norm(G(x)) == 3.43959e-12 < epsSearch == 1e-11
