f(u, N, dt, f_u, flags, dt) : f(u, N, dt, f_u, flags, dt) : Computing G(x)
f(u, N, dt, f_u, flags, dt) : 
========================================================
Newton iteration number 0
Current state of Newton iteration:
   fcount_newton   == 1
   fcount_optimiza == 0
   L2Norm(x)       == 0.17865
   L2Norm(dxN)     == 0
   L2Norm(dxOpt)   == 0
   L2Dist(x,x0)    == 0
gx == L2Norm(G(x)) : 
   initial  gx == 2.23876e-10
   previous gx == 2.23876e-10
   current  gx == 2.23876e-10
rx == 1/2 L2Norm2(G(x)) : 
   initial  rx == 2.50602e-20
   previous rx == 2.50602e-20
   current  rx == 2.50602e-20
         delta == 0.01
Newt,GMRES == 0,0, f(u, N, dt, f_u, flags, dt) :  res == 0.192396
Newt,GMRES == 0,1, f(u, N, dt, f_u, flags, dt) :  res == 0.180732
Newt,GMRES == 0,2, f(u, N, dt, f_u, flags, dt) :  res == 1.32812e-05
GMRES converged. Breaking.
Hookstep optimization is currently not implemented with Arclength Continuation.
Optimized Newton algorithm with AC: Computing residual to check convergence...f(u, N, dt, f_u, flags, dt) : : gx = 5.93635e-15 < 2.23876e-10
The residual is decreasing if we take this AC-Newton step.

Taking best step and continuing Newton iteration.
L2Norm(G(x)) == 5.93635e-15
rx           == 1.76201e-29
L2Norm(dxN)  == 3.86317e-08
L2Norm(dxOpt)== 3.86317e-08
========================================================
Newton iteration number 1
Current state of Newton iteration:
   fcount_newton   == 4
   fcount_optimiza == 1
   L2Norm(x)       == 0.17865
   L2Norm(dxN)     == 3.86317e-08
   L2Norm(dxOpt)   == 3.86317e-08
   L2Dist(x,x0)    == 3.86317e-08
gx == L2Norm(G(x)) : 
   initial  gx == 2.23876e-10
   previous gx == 2.23876e-10
   current  gx == 5.93635e-15
rx == 1/2 L2Norm2(G(x)) : 
   initial  rx == 2.50602e-20
   previous rx == 2.50602e-20
   current  rx == 1.76201e-29
         delta == 0.01
Newton search converged. Breaking.
L2Norm(G(x)) == 5.93635e-15 < epsSearch == 1e-11
