f(u, N, dt, f_u, flags, dt) : Computing G(x)
f(u, N, dt, f_u, flags, dt) : 
========================================================
Newton iteration number 0
Current state of Newton iteration:
   fcount_newton   == 1
   fcount_optimiza == 0
   L2Norm(x)       == 0.0223388
   L2Norm(dxN)     == 0
   L2Norm(dxOpt)   == 0
   L2Dist(x,x0)    == 0
gx == L2Norm(G(x)) : 
   initial  gx == 2.33133e-08
   previous gx == 2.33133e-08
   current  gx == 2.33133e-08
rx == 1/2 L2Norm2(G(x)) : 
   initial  rx == 2.71756e-16
   previous rx == 2.71756e-16
   current  rx == 2.71756e-16
         delta == 0.01
Newt,GMRES == 0,0, f(u, N, dt, f_u, flags, dt) :  res == 0.999904
Newt,GMRES == 0,1, f(u, N, dt, f_u, flags, dt) :  res == 0.871118
Newt,GMRES == 0,2, f(u, N, dt, f_u, flags, dt) :  res == 0.864582
Newt,GMRES == 0,3, f(u, N, dt, f_u, flags, dt) :  res == 0.765563
Newt,GMRES == 0,4, f(u, N, dt, f_u, flags, dt) :  res == 0.398239
Newt,GMRES == 0,5, f(u, N, dt, f_u, flags, dt) :  res == 0.235176
Newt,GMRES == 0,6, f(u, N, dt, f_u, flags, dt) :  res == 0.235161
Newt,GMRES == 0,7, f(u, N, dt, f_u, flags, dt) :  res == 0.169318
Newt,GMRES == 0,8, f(u, N, dt, f_u, flags, dt) :  res == 0.059746
GMRES converged. Breaking.
Hookstep optimization is currently not implemented with Arclength Continuation.
Optimized Newton algorithm with AC: Computing residual to check convergence...f(u, N, dt, f_u, flags, dt) : : gx = 6.42747e-08 > 2.33133e-08
The error is increasing if we take the Newton step. Newton step optimization leaves step size correction to arclength continuation.
