Computing G(x)
f(u, N, dt, f_u, flags, dt) : 
========================================================
Newton iteration number 0
Current state of Newton iteration:
   fcount_newton   == 1
   fcount_optimiza == 0
   L2Norm(x)       == 0.0666667
   L2Norm(dxN)     == 0
   L2Norm(dxOpt)   == 0
   L2Dist(x,x0)    == 0
gx == L2Norm(G(x)) : 
   initial  gx == 0.000247792
   previous gx == 0.000247792
   current  gx == 0.000247792
rx == 1/2 L2Norm2(G(x)) : 
   initial  rx == 3.07003e-08
   previous rx == 3.07003e-08
   current  rx == 3.07003e-08
         delta == 0.01
Newt,GMRES == 0,0, f(u, N, dt, f_u, flags, dt) :  res == 0.722084
Newt,GMRES == 0,1, f(u, N, dt, f_u, flags, dt) :  res == 4.69821e-06
GMRES converged. Breaking.
------------------------------------------------
Beginning hookstep calculations.
-------------------------------------------
Hookstep number 0
delta == 0.01
Newton step is outside trust region: 
L2Norm(dxN) == 0.0173975 > 0.01 == delta
Calculate hookstep dxH(mu) with radius L2Norm(dxH(mu)) == delta
mu, L2Norm(dxH(mu)) == 0, 0.0173975
mu, L2Norm(dxH(mu)) == 0.00582748, 0.0109973
mu, L2Norm(dxH(mu)) == 0.00733709, 0.0100415
mu, L2Norm(dxH(mu)) == 0.00740912, 0.0100001
mu, L2Norm(dxH(mu)) == 0.00740927, 0.01
Found hookstep of proper radius
ndxHmu == 0.01 ~= 0.01 == delta 
Computing residual of hookstep dxH
L2Norm(dxH) == 0.01
f(u, N, dt, f_u, flags, dt) : 
r(x), r(x+dxH) == 3.07003e-08, 1.91194e-08
Computing local quadratic model of residual
f(u, N, dt, f_u, flags, dt) : 
Determining what to do with current Newton/hookstep and trust region
rx       ==   3.07003e-08 residual at current position
rH       ==   1.91194e-08 residual of newton/hookstep
Delta_rH ==  -1.15809e-08 actual improvement in residual from newton/hookstep

             -4.52852e-10 lower bound for acceptable improvement
              2.59399e-07 upper bound for ok improvement.
               1.9455e-06 upper bound for good improvement.
Delta_rH ==  -1.15809e-08 ------> Good <------
              2.85339e-06 upper bound for accurate prediction.
               2.3346e-06 lower bound for accurate prediction.
             -4.52852e-07 local linear model of improvement
lambda       == 0.513122 is the reduction/increase factor for delta suggested by quadratic model
lambda*delta == 0.00513122 is the delta suggested by quadratic model
Improvement is Good (some form of acceptable).
Stop adjusting trust region and take a step because
Improvement is merely Poor, Ok, or Good : 1
Newton step is within trust region      : 0
Backup step is better                   : 0
Delta has reached local limit           : 0
Take step and increase delta, if there's room.
lambda == 0.513122 is too small. Resetting to lambda == 1
  old delta == 0.01
  new delta == 0.01

Taking best step and continuing Newton iteration.
L2Norm(G(x)) == 0.000195547
rx           == 1.91194e-08
L2Norm(dxN)  == 0.0173975
L2Norm(dxOpt)== 0.01
========================================================
Newton iteration number 1
Current state of Newton iteration:
   fcount_newton   == 3
   fcount_optimiza == 2
   L2Norm(x)       == 0.0705737
   L2Norm(dxN)     == 0.0173975
   L2Norm(dxOpt)   == 0.01
   L2Dist(x,x0)    == 0.01
gx == L2Norm(G(x)) : 
   initial  gx == 0.000247792
   previous gx == 0.000247792
   current  gx == 0.000195547
rx == 1/2 L2Norm2(G(x)) : 
   initial  rx == 3.07003e-08
   previous rx == 3.07003e-08
   current  rx == 1.91194e-08
         delta == 0.01
Newt,GMRES == 1,0, f(u, N, dt, f_u, flags, dt) :  res == 0.00011119
GMRES converged. Breaking.
------------------------------------------------
Beginning hookstep calculations.
-------------------------------------------
Hookstep number 0
delta == 0.01
Newton step is outside trust region: 
L2Norm(dxN) == 0.0195589 > 0.01 == delta
Calculate hookstep dxH(mu) with radius L2Norm(dxH(mu)) == delta
mu, L2Norm(dxH(mu)) == 0, 0.0195589
mu, L2Norm(dxH(mu)) == 0.00722153, 0.0113562
mu, L2Norm(dxH(mu)) == 0.00941741, 0.0100718
mu, L2Norm(dxH(mu)) == 0.00955636, 0.0100003
mu, L2Norm(dxH(mu)) == 0.00955685, 0.01
Found hookstep of proper radius
ndxHmu == 0.01 ~= 0.01 == delta 
Computing residual of hookstep dxH
L2Norm(dxH) == 0.01
f(u, N, dt, f_u, flags, dt) : 
r(x), r(x+dxH) == 1.91194e-08, 4.56599e-09
Computing local quadratic model of residual
f(u, N, dt, f_u, flags, dt) : 
Determining what to do with current Newton/hookstep and trust region
rx       ==   1.91194e-08 residual at current position
rH       ==   4.56599e-09 residual of newton/hookstep
Delta_rH ==  -1.45534e-08 actual improvement in residual from newton/hookstep

             -1.95899e-11 lower bound for acceptable improvement
             -1.45719e-09 upper bound for ok improvement.
             -1.09289e-08 upper bound for good improvement.
             -1.31147e-08 upper bound for accurate prediction.
Delta_rH ==  -1.45534e-08 ------> Accurate <------
             -1.60291e-08 lower bound for accurate prediction.
             -1.95899e-08 local linear model of improvement
lambda       == 1.94481 is the reduction/increase factor for delta suggested by quadratic model
lambda*delta == 0.0194481 is the delta suggested by quadratic model
Improvement is Accurate
  old delta == 0.01
  new delta == 0.015
Continue adjusting trust region radius delta because
Suggested delta has room: new_delta < deltaMaxLocal 0.015 < 0.1
Increase delta and recompute hookstep.
 old delta == 0.01
 new delta == 0.015
-------------------------------------------
Hookstep number 1
delta == 0.015
Newton step is outside trust region: 
L2Norm(dxN) == 0.0195589 > 0.015 == delta
Calculate hookstep dxH(mu) with radius L2Norm(dxH(mu)) == delta
mu, L2Norm(dxH(mu)) == 0, 0.0195589
mu, L2Norm(dxH(mu)) == 0.00268448, 0.0154188
mu, L2Norm(dxH(mu)) == 0.00303379, 0.0150055
mu, L2Norm(dxH(mu)) == 0.0030386, 0.015
Found hookstep of proper radius
ndxHmu == 0.015 ~= 0.015 == delta 
Computing residual of hookstep dxH
L2Norm(dxH) == 0.015
f(u, N, dt, f_u, flags, dt) : 
r(x), r(x+dxH) == 1.91194e-08, 1.03809e-09
Computing local quadratic model of residual
f(u, N, dt, f_u, flags, dt) : 
Determining what to do with current Newton/hookstep and trust region
rx       ==   1.91194e-08 residual at current position
rH       ==   1.03809e-09 residual of newton/hookstep
Delta_rH ==  -1.80813e-08 actual improvement in residual from newton/hookstep

              -2.9392e-11 lower bound for acceptable improvement
              -1.8096e-09 upper bound for ok improvement.
              -1.3572e-08 upper bound for good improvement.
             -1.62864e-08 upper bound for accurate prediction.
Delta_rH ==  -1.80813e-08 ------> Accurate <------
             -1.99056e-08 lower bound for accurate prediction.
              -2.9392e-08 local linear model of improvement
lambda       == 1.2993 is the reduction/increase factor for delta suggested by quadratic model
lambda*delta == 0.0194895 is the delta suggested by quadratic model
Improvement is Accurate
  old delta == 0.015
  new delta == 0.0225
Continue adjusting trust region radius delta because
Suggested delta has room: new_delta < deltaMaxLocal 0.0225 < 0.1
And residual is improving:     rH < backup_sS     1.03809e-09 < 4.56599e-09
Increase delta and recompute hookstep.
 old delta == 0.015
 new delta == 0.0225
-------------------------------------------
Hookstep number 2
delta == 0.0225
Newton step is within trust region: 
L2Norm(dxN) == 0.0195589 <= 0.0225 == delta
Computing residual of hookstep dxH
L2Norm(dxH) == 0.0195589
f(u, N, dt, f_u, flags, dt) : 
r(x), r(x+dxH) == 1.91194e-08, 2.55946e-16
Computing local quadratic model of residual
f(u, N, dt, f_u, flags, dt) : 
Determining what to do with current Newton/hookstep and trust region
rx       ==   1.91194e-08 residual at current position
rH       ==   2.55946e-16 residual of newton/hookstep
Delta_rH ==  -1.91194e-08 actual improvement in residual from newton/hookstep

             -3.83313e-11 lower bound for acceptable improvement
             -1.91193e-09 upper bound for ok improvement.
             -1.43395e-08 upper bound for good improvement.
             -1.72074e-08 upper bound for accurate prediction.
Delta_rH ==  -1.91194e-08 ------> Accurate <------
             -2.10312e-08 lower bound for accurate prediction.
             -3.83313e-08 local linear model of improvement
lambda       == 0.997594 is the reduction/increase factor for delta suggested by quadratic model
lambda*delta == 0.0224459 is the delta suggested by quadratic model
Improvement is Accurate (some form of acceptable).
Stop adjusting trust region and take a step because
Improvement is merely Poor, Ok, or Good : 0
Newton step is within trust region      : 1
Backup step is better                   : 0
Delta has reached local limit           : 0
Take current step and keep current delta, since it's produced best result.
delta == 0.0225

Taking best step and continuing Newton iteration.
L2Norm(G(x)) == 2.2625e-08
rx           == 2.55946e-16
L2Norm(dxN)  == 0.0195589
L2Norm(dxOpt)== 0.0195589
========================================================
Newton iteration number 2
Current state of Newton iteration:
   fcount_newton   == 4
   fcount_optimiza == 8
   L2Norm(x)       == 0.0900141
   L2Norm(dxN)     == 0.0195589
   L2Norm(dxOpt)   == 0.0195589
   L2Dist(x,x0)    == 0.0247825
gx == L2Norm(G(x)) : 
   initial  gx == 0.000247792
   previous gx == 0.000195547
   current  gx == 2.2625e-08
rx == 1/2 L2Norm2(G(x)) : 
   initial  rx == 3.07003e-08
   previous rx == 1.91194e-08
   current  rx == 2.55946e-16
         delta == 0.0225
Newt,GMRES == 2,0, f(u, N, dt, f_u, flags, dt) :  res == 3.3284e-05
GMRES converged. Breaking.
------------------------------------------------
Beginning hookstep calculations.
-------------------------------------------
Hookstep number 0
delta == 0.0225
Newton step is within trust region: 
L2Norm(dxN) == 2.26258e-06 <= 0.0225 == delta
Computing residual of hookstep dxH
L2Norm(dxH) == 2.26258e-06
f(u, N, dt, f_u, flags, dt) : 
r(x), r(x+dxH) == 2.55946e-16, 5.78277e-25
Computing local quadratic model of residual
f(u, N, dt, f_u, flags, dt) : 
Determining what to do with current Newton/hookstep and trust region
rx       ==   2.55946e-16 residual at current position
rH       ==   5.78277e-25 residual of newton/hookstep
Delta_rH ==  -2.55946e-16 actual improvement in residual from newton/hookstep

             -5.11756e-19 lower bound for acceptable improvement
             -2.55946e-17 upper bound for ok improvement.
             -1.91959e-16 upper bound for good improvement.
             -2.30351e-16 upper bound for accurate prediction.
Delta_rH ==  -2.55946e-16 ------> Accurate <------
              -2.8154e-16 lower bound for accurate prediction.
             -5.11756e-16 local linear model of improvement
lambda       == 1.00027 is the reduction/increase factor for delta suggested by quadratic model
lambda*delta == 0.022506 is the delta suggested by quadratic model
Improvement is Accurate (some form of acceptable).
Stop adjusting trust region and take a step because
Improvement is merely Poor, Ok, or Good : 0
Newton step is within trust region      : 1
Backup step is better                   : 0
Delta has reached local limit           : 0
Take current step and leave delta unchanged, for the following reasons:
improvement            : Accurate
|newtonstep| <= delta  : true
delta >= deltaMax      : false
delta == 0.0225

Taking best step and continuing Newton iteration.
L2Norm(G(x)) == 1.07543e-12
rx           == 5.78277e-25
L2Norm(dxN)  == 2.26258e-06
L2Norm(dxOpt)== 2.26258e-06
========================================================
Newton iteration number 3
Current state of Newton iteration:
   fcount_newton   == 5
   fcount_optimiza == 10
   L2Norm(x)       == 0.0900119
   L2Norm(dxN)     == 2.26258e-06
   L2Norm(dxOpt)   == 2.26258e-06
   L2Dist(x,x0)    == 0.0247803
gx == L2Norm(G(x)) : 
   initial  gx == 0.000247792
   previous gx == 2.2625e-08
   current  gx == 1.07543e-12
rx == 1/2 L2Norm2(G(x)) : 
   initial  rx == 3.07003e-08
   previous rx == 2.55946e-16
   current  rx == 5.78277e-25
         delta == 0.0225
Newton search converged. Breaking.
L2Norm(G(x)) == 1.07543e-12 < epsSearch == 1e-11
