f(u, N, dt, f_u, flags, dt) : f(u, N, dt, f_u, flags, dt) : Computing G(x)
f(u, N, dt, f_u, flags, dt) : 
========================================================
Newton iteration number 0
Current state of Newton iteration:
   fcount_newton   == 1
   fcount_optimiza == 0
   L2Norm(x)       == 1.03879e-14
   L2Norm(dxN)     == 0
   L2Norm(dxOpt)   == 0
   L2Dist(x,x0)    == 0
gx == L2Norm(G(x)) : 
   initial  gx == 1.00989e-16
   previous gx == 1.00989e-16
   current  gx == 1.00989e-16
rx == 1/2 L2Norm2(G(x)) : 
   initial  rx == 5.0994e-33
   previous rx == 5.0994e-33
   current  rx == 5.0994e-33
         delta == 0.01
Newton search converged. Breaking.
L2Norm(G(x)) == 1.00989e-16 < epsSearch == 1e-11
