f(u, N, dt, f_u, flags, dt) : f(u, N, dt, f_u, flags, dt) : f(u, N, dt, f_u, flags, dt) : Computing G(x)
f(u, N, dt, f_u, flags, dt) : 
========================================================
Newton iteration number 0
Current state of Newton iteration:
   fcount_newton   == 1
   fcount_optimiza == 0
   L2Norm(x)       == 0.0278681
   L2Norm(dxN)     == 0
   L2Norm(dxOpt)   == 0
   L2Dist(x,x0)    == 0
gx == L2Norm(G(x)) : 
   initial  gx == 1.20678e-05
   previous gx == 1.20678e-05
   current  gx == 1.20678e-05
rx == 1/2 L2Norm2(G(x)) : 
   initial  rx == 7.28161e-11
   previous rx == 7.28161e-11
   current  rx == 7.28161e-11
         delta == 0.01
Newt,GMRES == 0,0, f(u, N, dt, f_u, flags, dt) :  res == 0.967649
Newt,GMRES == 0,1, f(u, N, dt, f_u, flags, dt) :  res == 0.214285
Newt,GMRES == 0,2, f(u, N, dt, f_u, flags, dt) :  res == 0.000775599
GMRES converged. Breaking.
------------------------------------------------
Beginning hookstep calculations.
-------------------------------------------
Hookstep number 0
delta == 0.01
Newton step is within trust region: 
L2Norm(dxN) == 0.00163531 <= 0.01 == delta
Computing residual of hookstep dxH
L2Norm(dxH) == 0.00163531
f(u, N, dt, f_u, flags, dt) : 
r(x), r(x+dxH) == 7.28161e-11, 4.99101e-12
Computing local quadratic model of residual
f(u, N, dt, f_u, flags, dt) : 
Determining what to do with current Newton/hookstep and trust region
rx       ==   7.28161e-11 residual at current position
rH       ==   4.99101e-12 residual of newton/hookstep
Delta_rH ==  -6.78251e-11 actual improvement in residual from newton/hookstep

             -1.35237e-13 lower bound for acceptable improvement
             -7.24417e-12 upper bound for ok improvement.
             -5.43312e-11 upper bound for good improvement.
             -6.51975e-11 upper bound for accurate prediction.
Delta_rH ==  -6.78251e-11 ------> Accurate <------
             -7.96858e-11 lower bound for accurate prediction.
             -1.35237e-10 local linear model of improvement
lambda       == 1.00307 is the reduction/increase factor for delta suggested by quadratic model
lambda*delta == 0.0100307 is the delta suggested by quadratic model
Improvement is Accurate (some form of acceptable).
Stop adjusting trust region and take a step because
Improvement is merely Poor, Ok, or Good : 0
Newton step is within trust region      : 1
Backup step is better                   : 0
Delta has reached local limit           : 0
Take current step and leave delta unchanged, for the following reasons:
improvement            : Accurate
|newtonstep| <= delta  : true
delta >= deltaMax      : false
delta == 0.01

Taking best step and continuing Newton iteration.
L2Norm(G(x)) == 3.15943e-06
rx           == 4.99101e-12
L2Norm(dxN)  == 0.00163531
L2Norm(dxOpt)== 0.00163531
========================================================
Newton iteration number 1
Current state of Newton iteration:
   fcount_newton   == 4
   fcount_optimiza == 2
   L2Norm(x)       == 0.0295034
   L2Norm(dxN)     == 0.00163531
   L2Norm(dxOpt)   == 0.00163531
   L2Dist(x,x0)    == 0.00163531
gx == L2Norm(G(x)) : 
   initial  gx == 1.20678e-05
   previous gx == 1.20678e-05
   current  gx == 3.15943e-06
rx == 1/2 L2Norm2(G(x)) : 
   initial  rx == 7.28161e-11
   previous rx == 7.28161e-11
   current  rx == 4.99101e-12
         delta == 0.01
Newt,GMRES == 1,0, f(u, N, dt, f_u, flags, dt) :  res == 0.796197
Newt,GMRES == 1,1, f(u, N, dt, f_u, flags, dt) :  res == 0.0518434
Newt,GMRES == 1,2, f(u, N, dt, f_u, flags, dt) :  res == 9.28207e-05
GMRES converged. Breaking.
------------------------------------------------
Beginning hookstep calculations.
-------------------------------------------
Hookstep number 0
delta == 0.01
Newton step is within trust region: 
L2Norm(dxN) == 0.000300116 <= 0.01 == delta
Computing residual of hookstep dxH
L2Norm(dxH) == 0.000300116
f(u, N, dt, f_u, flags, dt) : 
r(x), r(x+dxH) == 4.99101e-12, 1.43187e-14
Computing local quadratic model of residual
f(u, N, dt, f_u, flags, dt) : 
Determining what to do with current Newton/hookstep and trust region
rx       ==   4.99101e-12 residual at current position
rH       ==   1.43187e-14 residual of newton/hookstep
Delta_rH ==  -4.97669e-12 actual improvement in residual from newton/hookstep

             -1.00136e-14 lower bound for acceptable improvement
             -4.99071e-13 upper bound for ok improvement.
             -3.74303e-12 upper bound for good improvement.
             -4.49163e-12 upper bound for accurate prediction.
Delta_rH ==  -4.97669e-12 ------> Accurate <------
             -5.48978e-12 lower bound for accurate prediction.
             -1.00136e-11 local linear model of improvement
lambda       == 0.994018 is the reduction/increase factor for delta suggested by quadratic model
lambda*delta == 0.00994018 is the delta suggested by quadratic model
Improvement is Accurate (some form of acceptable).
Stop adjusting trust region and take a step because
Improvement is merely Poor, Ok, or Good : 0
Newton step is within trust region      : 1
Backup step is better                   : 0
Delta has reached local limit           : 0
Take current step and leave delta unchanged, for the following reasons:
improvement            : Accurate
|newtonstep| <= delta  : true
delta >= deltaMax      : false
delta == 0.01

Taking best step and continuing Newton iteration.
L2Norm(G(x)) == 1.69226e-07
rx           == 1.43187e-14
L2Norm(dxN)  == 0.000300116
L2Norm(dxOpt)== 0.000300116
========================================================
Newton iteration number 2
Current state of Newton iteration:
   fcount_newton   == 7
   fcount_optimiza == 4
   L2Norm(x)       == 0.0292033
   L2Norm(dxN)     == 0.000300116
   L2Norm(dxOpt)   == 0.000300116
   L2Dist(x,x0)    == 0.0013352
gx == L2Norm(G(x)) : 
   initial  gx == 1.20678e-05
   previous gx == 3.15943e-06
   current  gx == 1.69226e-07
rx == 1/2 L2Norm2(G(x)) : 
   initial  rx == 7.28161e-11
   previous rx == 4.99101e-12
   current  rx == 1.43187e-14
         delta == 0.01
Newton search converged. Breaking.
L2Norm(G(x)) == 1.69226e-07 < epsSearch == 1e-06
