f(u, N, dt, f_u, flags, dt) : f(u, N, dt, f_u, flags, dt) : Computing G(x)
f(u, N, dt, f_u, flags, dt) : 
========================================================
Newton iteration number 0
Current state of Newton iteration:
   fcount_newton   == 1
   fcount_optimiza == 0
   L2Norm(x)       == 0.00901671
   L2Norm(dxN)     == 0
   L2Norm(dxOpt)   == 0
   L2Dist(x,x0)    == 0
gx == L2Norm(G(x)) : 
   initial  gx == 1.74326e-05
   previous gx == 1.74326e-05
   current  gx == 1.74326e-05
rx == 1/2 L2Norm2(G(x)) : 
   initial  rx == 1.51949e-10
   previous rx == 1.51949e-10
   current  rx == 1.51949e-10
         delta == 0.01
Newt,GMRES == 0,0, f(u, N, dt, f_u, flags, dt) :  res == 0.99884
Newt,GMRES == 0,1, f(u, N, dt, f_u, flags, dt) :  res == 0.779061
Newt,GMRES == 0,2, f(u, N, dt, f_u, flags, dt) :  res == 0.134982
Newt,GMRES == 0,3, f(u, N, dt, f_u, flags, dt) :  res == 0.0224202
GMRES converged. Breaking.
Hookstep optimization is currently not implemented with Arclength Continuation.
Optimized Newton algorithm with AC: Computing residual to check convergence...f(u, N, dt, f_u, flags, dt) : : gx = 8.38439e-06 < 1.74326e-05
The residual is decreasing if we take this AC-Newton step.

Taking best step and continuing Newton iteration.
L2Norm(G(x)) == 8.38439e-06
rx           == 3.5149e-11
L2Norm(dxN)  == 0.00167979
L2Norm(dxOpt)== 0.00167979
========================================================
Newton iteration number 1
Current state of Newton iteration:
   fcount_newton   == 5
   fcount_optimiza == 1
   L2Norm(x)       == 0.00752692
   L2Norm(dxN)     == 0.00167979
   L2Norm(dxOpt)   == 0.00167979
   L2Dist(x,x0)    == 0.0016798
gx == L2Norm(G(x)) : 
   initial  gx == 1.74326e-05
   previous gx == 1.74326e-05
   current  gx == 8.38439e-06
rx == 1/2 L2Norm2(G(x)) : 
   initial  rx == 1.51949e-10
   previous rx == 1.51949e-10
   current  rx == 3.5149e-11
         delta == 0.01
Newt,GMRES == 1,0, f(u, N, dt, f_u, flags, dt) :  res == 0.979878
Newt,GMRES == 1,1, f(u, N, dt, f_u, flags, dt) :  res == 0.359131
Newt,GMRES == 1,2, f(u, N, dt, f_u, flags, dt) :  res == 0.0598931
GMRES converged. Breaking.
Hookstep optimization is currently not implemented with Arclength Continuation.
Optimized Newton algorithm with AC: Computing residual to check convergence...f(u, N, dt, f_u, flags, dt) : : gx = 5.1101e-07 < 8.38439e-06
The residual is decreasing if we take this AC-Newton step.

Taking best step and continuing Newton iteration.
L2Norm(G(x)) == 5.1101e-07
rx           == 1.30566e-13
L2Norm(dxN)  == 0.000488582
L2Norm(dxOpt)== 0.000488582
========================================================
Newton iteration number 2
Current state of Newton iteration:
   fcount_newton   == 8
   fcount_optimiza == 2
   L2Norm(x)       == 0.00794867
   L2Norm(dxN)     == 0.000488582
   L2Norm(dxOpt)   == 0.000488582
   L2Dist(x,x0)    == 0.00131488
gx == L2Norm(G(x)) : 
   initial  gx == 1.74326e-05
   previous gx == 8.38439e-06
   current  gx == 5.1101e-07
rx == 1/2 L2Norm2(G(x)) : 
   initial  rx == 1.51949e-10
   previous rx == 3.5149e-11
   current  rx == 1.30566e-13
         delta == 0.01
Newt,GMRES == 2,0, f(u, N, dt, f_u, flags, dt) :  res == 0.995195
Newt,GMRES == 2,1, f(u, N, dt, f_u, flags, dt) :  res == 0.412681
Newt,GMRES == 2,2, f(u, N, dt, f_u, flags, dt) :  res == 0.307722
Newt,GMRES == 2,3, f(u, N, dt, f_u, flags, dt) :  res == 0.0243982
GMRES converged. Breaking.
Hookstep optimization is currently not implemented with Arclength Continuation.
Optimized Newton algorithm with AC: Computing residual to check convergence...f(u, N, dt, f_u, flags, dt) : : gx = 1.34985e-08 < 5.1101e-07
The residual is decreasing if we take this AC-Newton step.

Taking best step and continuing Newton iteration.
L2Norm(G(x)) == 1.34985e-08
rx           == 9.11042e-17
L2Norm(dxN)  == 7.70847e-05
L2Norm(dxOpt)== 7.70847e-05
========================================================
Newton iteration number 3
Current state of Newton iteration:
   fcount_newton   == 12
   fcount_optimiza == 3
   L2Norm(x)       == 0.00795884
   L2Norm(dxN)     == 7.70847e-05
   L2Norm(dxOpt)   == 7.70847e-05
   L2Dist(x,x0)    == 0.0012891
gx == L2Norm(G(x)) : 
   initial  gx == 1.74326e-05
   previous gx == 5.1101e-07
   current  gx == 1.34985e-08
rx == 1/2 L2Norm2(G(x)) : 
   initial  rx == 1.51949e-10
   previous rx == 1.30566e-13
   current  rx == 9.11042e-17
         delta == 0.01
Newt,GMRES == 3,0, f(u, N, dt, f_u, flags, dt) :  res == 0.843074
Newt,GMRES == 3,1, f(u, N, dt, f_u, flags, dt) :  res == 0.829008
Newt,GMRES == 3,2, f(u, N, dt, f_u, flags, dt) :  res == 0.1981
Newt,GMRES == 3,3, f(u, N, dt, f_u, flags, dt) :  res == 0.0345281
GMRES converged. Breaking.
Hookstep optimization is currently not implemented with Arclength Continuation.
Optimized Newton algorithm with AC: Computing residual to check convergence...f(u, N, dt, f_u, flags, dt) : : gx = 4.67793e-10 < 1.34985e-08
The residual is decreasing if we take this AC-Newton step.

Taking best step and continuing Newton iteration.
L2Norm(G(x)) == 4.67793e-10
rx           == 1.09415e-19
L2Norm(dxN)  == 1.62013e-06
L2Norm(dxOpt)== 1.62013e-06
========================================================
Newton iteration number 4
Current state of Newton iteration:
   fcount_newton   == 16
   fcount_optimiza == 4
   L2Norm(x)       == 0.00795916
   L2Norm(dxN)     == 1.62013e-06
   L2Norm(dxOpt)   == 1.62013e-06
   L2Dist(x,x0)    == 0.0012885
gx == L2Norm(G(x)) : 
   initial  gx == 1.74326e-05
   previous gx == 1.34985e-08
   current  gx == 4.67793e-10
rx == 1/2 L2Norm2(G(x)) : 
   initial  rx == 1.51949e-10
   previous rx == 9.11042e-17
   current  rx == 1.09415e-19
         delta == 0.01
Newt,GMRES == 4,0, f(u, N, dt, f_u, flags, dt) :  res == 0.988694
Newt,GMRES == 4,1, f(u, N, dt, f_u, flags, dt) :  res == 0.22052
Newt,GMRES == 4,2, f(u, N, dt, f_u, flags, dt) :  res == 0.173364
Newt,GMRES == 4,3, f(u, N, dt, f_u, flags, dt) :  res == 0.0409818
GMRES converged. Breaking.
Hookstep optimization is currently not implemented with Arclength Continuation.
Optimized Newton algorithm with AC: Computing residual to check convergence...f(u, N, dt, f_u, flags, dt) : : gx = 1.91866e-11 < 4.67793e-10
The residual is decreasing if we take this AC-Newton step.

Taking best step and continuing Newton iteration.
L2Norm(G(x)) == 1.91866e-11
rx           == 1.84064e-22
L2Norm(dxN)  == 6.38485e-08
L2Norm(dxOpt)== 6.38485e-08
========================================================
Newton iteration number 5
Current state of Newton iteration:
   fcount_newton   == 20
   fcount_optimiza == 5
   L2Norm(x)       == 0.00795917
   L2Norm(dxN)     == 6.38485e-08
   L2Norm(dxOpt)   == 6.38485e-08
   L2Dist(x,x0)    == 0.00128848
gx == L2Norm(G(x)) : 
   initial  gx == 1.74326e-05
   previous gx == 4.67793e-10
   current  gx == 1.91866e-11
rx == 1/2 L2Norm2(G(x)) : 
   initial  rx == 1.51949e-10
   previous rx == 1.09415e-19
   current  rx == 1.84064e-22
         delta == 0.01
Newt,GMRES == 5,0, f(u, N, dt, f_u, flags, dt) :  res == 0.992505
Newt,GMRES == 5,1, f(u, N, dt, f_u, flags, dt) :  res == 0.159648
Newt,GMRES == 5,2, f(u, N, dt, f_u, flags, dt) :  res == 0.0651055
GMRES converged. Breaking.
Hookstep optimization is currently not implemented with Arclength Continuation.
Optimized Newton algorithm with AC: Computing residual to check convergence...f(u, N, dt, f_u, flags, dt) : : gx = 1.34867e-12 < 1.91866e-11
The residual is decreasing if we take this AC-Newton step.

Taking best step and continuing Newton iteration.
L2Norm(G(x)) == 1.34867e-12
rx           == 9.09455e-25
L2Norm(dxN)  == 2.44015e-09
L2Norm(dxOpt)== 2.44015e-09
========================================================
Newton iteration number 6
Current state of Newton iteration:
   fcount_newton   == 23
   fcount_optimiza == 6
   L2Norm(x)       == 0.00795917
   L2Norm(dxN)     == 2.44015e-09
   L2Norm(dxOpt)   == 2.44015e-09
   L2Dist(x,x0)    == 0.00128848
gx == L2Norm(G(x)) : 
   initial  gx == 1.74326e-05
   previous gx == 1.91866e-11
   current  gx == 1.34867e-12
rx == 1/2 L2Norm2(G(x)) : 
   initial  rx == 1.51949e-10
   previous rx == 1.84064e-22
   current  rx == 9.09455e-25
         delta == 0.01
Newton search converged. Breaking.
L2Norm(G(x)) == 1.34867e-12 < epsSearch == 1e-11
