f(u, N, dt, f_u, flags, dt) : Computing G(x)
f(u, N, dt, f_u, flags, dt) : 
========================================================
Newton iteration number 0
Current state of Newton iteration:
   fcount_newton   == 1
   fcount_optimiza == 0
   L2Norm(x)       == 0.0109385
   L2Norm(dxN)     == 0
   L2Norm(dxOpt)   == 0
   L2Dist(x,x0)    == 0
gx == L2Norm(G(x)) : 
   initial  gx == 6.07728e-09
   previous gx == 6.07728e-09
   current  gx == 6.07728e-09
rx == 1/2 L2Norm2(G(x)) : 
   initial  rx == 1.84667e-17
   previous rx == 1.84667e-17
   current  rx == 1.84667e-17
         delta == 0.01
Newt,GMRES == 0,0, f(u, N, dt, f_u, flags, dt) :  res == 0.99999
Newt,GMRES == 0,1, f(u, N, dt, f_u, flags, dt) :  res == 0.796438
Newt,GMRES == 0,2, f(u, N, dt, f_u, flags, dt) :  res == 0.796194
Newt,GMRES == 0,3, f(u, N, dt, f_u, flags, dt) :  res == 0.608521
Newt,GMRES == 0,4, f(u, N, dt, f_u, flags, dt) :  res == 0.155007
Newt,GMRES == 0,5, f(u, N, dt, f_u, flags, dt) :  res == 0.131735
Newt,GMRES == 0,6, f(u, N, dt, f_u, flags, dt) :  res == 0.131663
Newt,GMRES == 0,7, f(u, N, dt, f_u, flags, dt) :  res == 0.128678
Newt,GMRES == 0,8, f(u, N, dt, f_u, flags, dt) :  res == 0.0571735
GMRES converged. Breaking.
Hookstep optimization is currently not implemented with Arclength Continuation.
Optimized Newton algorithm with AC: Computing residual to check convergence...f(u, N, dt, f_u, flags, dt) : : gx = 2.38264e-09 < 6.07728e-09
The residual is decreasing if we take this AC-Newton step.

Taking best step and continuing Newton iteration.
L2Norm(G(x)) == 2.38264e-09
rx           == 2.83848e-18
L2Norm(dxN)  == 3.10682e-05
L2Norm(dxOpt)== 3.10682e-05
========================================================
Newton iteration number 1
Current state of Newton iteration:
   fcount_newton   == 10
   fcount_optimiza == 1
   L2Norm(x)       == 0.0109447
   L2Norm(dxN)     == 3.10682e-05
   L2Norm(dxOpt)   == 3.10682e-05
   L2Dist(x,x0)    == 3.10754e-05
gx == L2Norm(G(x)) : 
   initial  gx == 6.07728e-09
   previous gx == 6.07728e-09
   current  gx == 2.38264e-09
rx == 1/2 L2Norm2(G(x)) : 
   initial  rx == 1.84667e-17
   previous rx == 1.84667e-17
   current  rx == 2.83848e-18
         delta == 0.01
Newt,GMRES == 1,0, f(u, N, dt, f_u, flags, dt) :  res == 0.999989
Newt,GMRES == 1,1, f(u, N, dt, f_u, flags, dt) :  res == 0.694228
Newt,GMRES == 1,2, f(u, N, dt, f_u, flags, dt) :  res == 0.588461
Newt,GMRES == 1,3, f(u, N, dt, f_u, flags, dt) :  res == 0.143014
Newt,GMRES == 1,4, f(u, N, dt, f_u, flags, dt) :  res == 0.0263393
GMRES converged. Breaking.
Hookstep optimization is currently not implemented with Arclength Continuation.
Optimized Newton algorithm with AC: Computing residual to check convergence...f(u, N, dt, f_u, flags, dt) : : gx = 6.86781e-11 < 2.38264e-09
The residual is decreasing if we take this AC-Newton step.

Taking best step and continuing Newton iteration.
L2Norm(G(x)) == 6.86781e-11
rx           == 2.35834e-21
L2Norm(dxN)  == 3.41572e-06
L2Norm(dxOpt)== 3.41572e-06
========================================================
Newton iteration number 2
Current state of Newton iteration:
   fcount_newton   == 15
   fcount_optimiza == 2
   L2Norm(x)       == 0.0109481
   L2Norm(dxN)     == 3.41572e-06
   L2Norm(dxOpt)   == 3.41572e-06
   L2Dist(x,x0)    == 3.17202e-05
gx == L2Norm(G(x)) : 
   initial  gx == 6.07728e-09
   previous gx == 2.38264e-09
   current  gx == 6.86781e-11
rx == 1/2 L2Norm2(G(x)) : 
   initial  rx == 1.84667e-17
   previous rx == 2.83848e-18
   current  rx == 2.35834e-21
         delta == 0.01
Newt,GMRES == 2,0, f(u, N, dt, f_u, flags, dt) :  res == 0.999897
Newt,GMRES == 2,1, f(u, N, dt, f_u, flags, dt) :  res == 0.314888
Newt,GMRES == 2,2, f(u, N, dt, f_u, flags, dt) :  res == 0.137936
Newt,GMRES == 2,3, f(u, N, dt, f_u, flags, dt) :  res == 0.0564086
GMRES converged. Breaking.
Hookstep optimization is currently not implemented with Arclength Continuation.
Optimized Newton algorithm with AC: Computing residual to check convergence...f(u, N, dt, f_u, flags, dt) : : gx = 3.63937e-12 < 6.86781e-11
The residual is decreasing if we take this AC-Newton step.

Taking best step and continuing Newton iteration.
L2Norm(G(x)) == 3.63937e-12
rx           == 6.62251e-24
L2Norm(dxN)  == 2.65365e-08
L2Norm(dxOpt)== 2.65365e-08
========================================================
Newton iteration number 3
Current state of Newton iteration:
   fcount_newton   == 19
   fcount_optimiza == 3
   L2Norm(x)       == 0.0109481
   L2Norm(dxN)     == 2.65365e-08
   L2Norm(dxOpt)   == 2.65365e-08
   L2Dist(x,x0)    == 3.17335e-05
gx == L2Norm(G(x)) : 
   initial  gx == 6.07728e-09
   previous gx == 6.86781e-11
   current  gx == 3.63937e-12
rx == 1/2 L2Norm2(G(x)) : 
   initial  rx == 1.84667e-17
   previous rx == 2.35834e-21
   current  rx == 6.62251e-24
         delta == 0.01
Newton search converged. Breaking.
L2Norm(G(x)) == 3.63937e-12 < epsSearch == 1e-11
