f(u, N, dt, f_u, flags, dt) : Computing G(x)
f(u, N, dt, f_u, flags, dt) : 
========================================================
Newton iteration number 0
Current state of Newton iteration:
   fcount_newton   == 1
   fcount_optimiza == 0
   L2Norm(x)       == 0.0105845
   L2Norm(dxN)     == 0
   L2Norm(dxOpt)   == 0
   L2Dist(x,x0)    == 0
gx == L2Norm(G(x)) : 
   initial  gx == 9.80093e-08
   previous gx == 9.80093e-08
   current  gx == 9.80093e-08
rx == 1/2 L2Norm2(G(x)) : 
   initial  rx == 4.80291e-15
   previous rx == 4.80291e-15
   current  rx == 4.80291e-15
         delta == 0.01
Newt,GMRES == 0,0, f(u, N, dt, f_u, flags, dt) :  res == 0.999999
Newt,GMRES == 0,1, f(u, N, dt, f_u, flags, dt) :  res == 0.999846
Newt,GMRES == 0,2, f(u, N, dt, f_u, flags, dt) :  res == 0.377351
Newt,GMRES == 0,3, f(u, N, dt, f_u, flags, dt) :  res == 0.0419678
GMRES converged. Breaking.
Hookstep optimization is currently not implemented with Arclength Continuation.
Optimized Newton algorithm with AC: Computing residual to check convergence...f(u, N, dt, f_u, flags, dt) : : gx = 1.28585e-08 < 9.80093e-08
The residual is decreasing if we take this AC-Newton step.

Taking best step and continuing Newton iteration.
L2Norm(G(x)) == 1.28585e-08
rx           == 8.26704e-17
L2Norm(dxN)  == 7.44627e-05
L2Norm(dxOpt)== 7.44627e-05
========================================================
Newton iteration number 1
Current state of Newton iteration:
   fcount_newton   == 5
   fcount_optimiza == 1
   L2Norm(x)       == 0.0106567
   L2Norm(dxN)     == 7.44627e-05
   L2Norm(dxOpt)   == 7.44627e-05
   L2Dist(x,x0)    == 7.44627e-05
gx == L2Norm(G(x)) : 
   initial  gx == 9.80093e-08
   previous gx == 9.80093e-08
   current  gx == 1.28585e-08
rx == 1/2 L2Norm2(G(x)) : 
   initial  rx == 4.80291e-15
   previous rx == 4.80291e-15
   current  rx == 8.26704e-17
         delta == 0.01
Newt,GMRES == 1,0, f(u, N, dt, f_u, flags, dt) :  res == 0.999636
Newt,GMRES == 1,1, f(u, N, dt, f_u, flags, dt) :  res == 0.91179
Newt,GMRES == 1,2, f(u, N, dt, f_u, flags, dt) :  res == 0.763831
Newt,GMRES == 1,3, f(u, N, dt, f_u, flags, dt) :  res == 0.0508409
GMRES converged. Breaking.
Hookstep optimization is currently not implemented with Arclength Continuation.
Optimized Newton algorithm with AC: Computing residual to check convergence...f(u, N, dt, f_u, flags, dt) : : gx = 8.64194e-10 < 1.28585e-08
The residual is decreasing if we take this AC-Newton step.

Taking best step and continuing Newton iteration.
L2Norm(G(x)) == 8.64194e-10
rx           == 3.73415e-19
L2Norm(dxN)  == 1.12593e-05
L2Norm(dxOpt)== 1.12593e-05
========================================================
Newton iteration number 2
Current state of Newton iteration:
   fcount_newton   == 9
   fcount_optimiza == 2
   L2Norm(x)       == 0.0106675
   L2Norm(dxN)     == 1.12593e-05
   L2Norm(dxOpt)   == 1.12593e-05
   L2Dist(x,x0)    == 8.57027e-05
gx == L2Norm(G(x)) : 
   initial  gx == 9.80093e-08
   previous gx == 1.28585e-08
   current  gx == 8.64194e-10
rx == 1/2 L2Norm2(G(x)) : 
   initial  rx == 4.80291e-15
   previous rx == 8.26704e-17
   current  rx == 3.73415e-19
         delta == 0.01
Newt,GMRES == 2,0, f(u, N, dt, f_u, flags, dt) :  res == 0.992994
Newt,GMRES == 2,1, f(u, N, dt, f_u, flags, dt) :  res == 0.601253
Newt,GMRES == 2,2, f(u, N, dt, f_u, flags, dt) :  res == 0.547146
Newt,GMRES == 2,3, f(u, N, dt, f_u, flags, dt) :  res == 0.156347
Newt,GMRES == 2,4, f(u, N, dt, f_u, flags, dt) :  res == 0.017673
GMRES converged. Breaking.
Hookstep optimization is currently not implemented with Arclength Continuation.
Optimized Newton algorithm with AC: Computing residual to check convergence...f(u, N, dt, f_u, flags, dt) : : gx = 1.53942e-11 < 8.64194e-10
The residual is decreasing if we take this AC-Newton step.

Taking best step and continuing Newton iteration.
L2Norm(G(x)) == 1.53942e-11
rx           == 1.1849e-22
L2Norm(dxN)  == 5.4184e-07
L2Norm(dxOpt)== 5.4184e-07
========================================================
Newton iteration number 3
Current state of Newton iteration:
   fcount_newton   == 14
   fcount_optimiza == 3
   L2Norm(x)       == 0.010668
   L2Norm(dxN)     == 5.4184e-07
   L2Norm(dxOpt)   == 5.4184e-07
   L2Dist(x,x0)    == 8.62388e-05
gx == L2Norm(G(x)) : 
   initial  gx == 9.80093e-08
   previous gx == 8.64194e-10
   current  gx == 1.53942e-11
rx == 1/2 L2Norm2(G(x)) : 
   initial  rx == 4.80291e-15
   previous rx == 3.73415e-19
   current  rx == 1.1849e-22
         delta == 0.01
Newt,GMRES == 3,0, f(u, N, dt, f_u, flags, dt) :  res == 0.273586
Newt,GMRES == 3,1, f(u, N, dt, f_u, flags, dt) :  res == 0.16549
Newt,GMRES == 3,2, f(u, N, dt, f_u, flags, dt) :  res == 0.0584979
GMRES converged. Breaking.
Hookstep optimization is currently not implemented with Arclength Continuation.
Optimized Newton algorithm with AC: Computing residual to check convergence...f(u, N, dt, f_u, flags, dt) : : gx = 1.54029e-12 < 1.53942e-11
The residual is decreasing if we take this AC-Newton step.

Taking best step and continuing Newton iteration.
L2Norm(G(x)) == 1.54029e-12
rx           == 1.18625e-24
L2Norm(dxN)  == 1.98511e-09
L2Norm(dxOpt)== 1.98511e-09
========================================================
Newton iteration number 4
Current state of Newton iteration:
   fcount_newton   == 17
   fcount_optimiza == 4
   L2Norm(x)       == 0.010668
   L2Norm(dxN)     == 1.98511e-09
   L2Norm(dxOpt)   == 1.98511e-09
   L2Dist(x,x0)    == 8.6239e-05
gx == L2Norm(G(x)) : 
   initial  gx == 9.80093e-08
   previous gx == 1.53942e-11
   current  gx == 1.54029e-12
rx == 1/2 L2Norm2(G(x)) : 
   initial  rx == 4.80291e-15
   previous rx == 1.1849e-22
   current  rx == 1.18625e-24
         delta == 0.01
Newton search converged. Breaking.
L2Norm(G(x)) == 1.54029e-12 < epsSearch == 1e-11
