f(u, N, dt, f_u, flags, dt) : Computing G(x)
f(u, N, dt, f_u, flags, dt) : 
========================================================
Newton iteration number 0
Current state of Newton iteration:
   fcount_newton   == 1
   fcount_optimiza == 0
   L2Norm(x)       == 0.0451891
   L2Norm(dxN)     == 0
   L2Norm(dxOpt)   == 0
   L2Dist(x,x0)    == 0
gx == L2Norm(G(x)) : 
   initial  gx == 4.2875e-07
   previous gx == 4.2875e-07
   current  gx == 4.2875e-07
rx == 1/2 L2Norm2(G(x)) : 
   initial  rx == 9.19133e-14
   previous rx == 9.19133e-14
   current  rx == 9.19133e-14
         delta == 0.01
Newt,GMRES == 0,0, f(u, N, dt, f_u, flags, dt) :  res == 0.999999
Newt,GMRES == 0,1, f(u, N, dt, f_u, flags, dt) :  res == 0.41609
Newt,GMRES == 0,2, f(u, N, dt, f_u, flags, dt) :  res == 0.010471
Newt,GMRES == 0,3, f(u, N, dt, f_u, flags, dt) :  res == 4.45366e-09
GMRES converged. Breaking.
Hookstep optimization is currently not implemented with Arclength Continuation.
Optimized Newton algorithm with AC: Computing residual to check convergence...f(u, N, dt, f_u, flags, dt) : : gx = 2.19283e-07 < 4.2875e-07
The residual is decreasing if we take this AC-Newton step.

Taking best step and continuing Newton iteration.
L2Norm(G(x)) == 2.19283e-07
rx           == 2.40425e-14
L2Norm(dxN)  == 0.000588565
L2Norm(dxOpt)== 0.000588565
========================================================
Newton iteration number 1
Current state of Newton iteration:
   fcount_newton   == 5
   fcount_optimiza == 1
   L2Norm(x)       == 0.0446095
   L2Norm(dxN)     == 0.000588565
   L2Norm(dxOpt)   == 0.000588565
   L2Dist(x,x0)    == 0.000588571
gx == L2Norm(G(x)) : 
   initial  gx == 4.2875e-07
   previous gx == 4.2875e-07
   current  gx == 2.19283e-07
rx == 1/2 L2Norm2(G(x)) : 
   initial  rx == 9.19133e-14
   previous rx == 9.19133e-14
   current  rx == 2.40425e-14
         delta == 0.01
Newt,GMRES == 1,0, f(u, N, dt, f_u, flags, dt) :  res == 1
Newt,GMRES == 1,1, f(u, N, dt, f_u, flags, dt) :  res == 0.992228
Newt,GMRES == 1,2, f(u, N, dt, f_u, flags, dt) :  res == 0.987109
Newt,GMRES == 1,3, f(u, N, dt, f_u, flags, dt) :  res == 5.99154e-06
GMRES converged. Breaking.
Hookstep optimization is currently not implemented with Arclength Continuation.
Optimized Newton algorithm with AC: Computing residual to check convergence...f(u, N, dt, f_u, flags, dt) : : gx = 3.43732e-06 > 2.19283e-07
The error is increasing if we take the Newton step. Newton step optimization leaves step size correction to arclength continuation.
