f(u, N, dt, f_u, flags, dt) : f(u, N, dt, f_u, flags, dt) : Computing G(x)
f(u, N, dt, f_u, flags, dt) : 
========================================================
Newton iteration number 0
Current state of Newton iteration:
   fcount_newton   == 1
   fcount_optimiza == 0
   L2Norm(x)       == 0.198939
   L2Norm(dxN)     == 0
   L2Norm(dxOpt)   == 0
   L2Dist(x,x0)    == 0
gx == L2Norm(G(x)) : 
   initial  gx == 2.60729e-10
   previous gx == 2.60729e-10
   current  gx == 2.60729e-10
rx == 1/2 L2Norm2(G(x)) : 
   initial  rx == 3.39898e-20
   previous rx == 3.39898e-20
   current  rx == 3.39898e-20
         delta == 0.01
Newt,GMRES == 0,0, f(u, N, dt, f_u, flags, dt) :  res == 0.377389
Newt,GMRES == 0,1, f(u, N, dt, f_u, flags, dt) :  res == 0.246269
Newt,GMRES == 0,2, f(u, N, dt, f_u, flags, dt) :  res == 0.000372049
GMRES converged. Breaking.
Hookstep optimization is currently not implemented with Arclength Continuation.
Optimized Newton algorithm with AC: Computing residual to check convergence...f(u, N, dt, f_u, flags, dt) : : gx = 1.41352e-11 < 2.60729e-10
The residual is decreasing if we take this AC-Newton step.

Taking best step and continuing Newton iteration.
L2Norm(G(x)) == 1.41352e-11
rx           == 9.99018e-23
L2Norm(dxN)  == 3.57562e-08
L2Norm(dxOpt)== 3.57562e-08
========================================================
Newton iteration number 1
Current state of Newton iteration:
   fcount_newton   == 4
   fcount_optimiza == 1
   L2Norm(x)       == 0.198939
   L2Norm(dxN)     == 3.57562e-08
   L2Norm(dxOpt)   == 3.57562e-08
   L2Dist(x,x0)    == 3.57562e-08
gx == L2Norm(G(x)) : 
   initial  gx == 2.60729e-10
   previous gx == 2.60729e-10
   current  gx == 1.41352e-11
rx == 1/2 L2Norm2(G(x)) : 
   initial  rx == 3.39898e-20
   previous rx == 3.39898e-20
   current  rx == 9.99018e-23
         delta == 0.01
Newt,GMRES == 1,0, f(u, N, dt, f_u, flags, dt) :  res == 0.468403
Newt,GMRES == 1,1, f(u, N, dt, f_u, flags, dt) :  res == 0.00784808
Newt,GMRES == 1,2, f(u, N, dt, f_u, flags, dt) :  res == 4.63433e-06
GMRES converged. Breaking.
Hookstep optimization is currently not implemented with Arclength Continuation.
Optimized Newton algorithm with AC: Computing residual to check convergence...f(u, N, dt, f_u, flags, dt) : : gx = 4.00868e-12 < 1.41352e-11
The residual is decreasing if we take this AC-Newton step.

Taking best step and continuing Newton iteration.
L2Norm(G(x)) == 4.00868e-12
rx           == 8.03475e-24
L2Norm(dxN)  == 3.06718e-09
L2Norm(dxOpt)== 3.06718e-09
========================================================
Newton iteration number 2
Current state of Newton iteration:
   fcount_newton   == 7
   fcount_optimiza == 2
   L2Norm(x)       == 0.198939
   L2Norm(dxN)     == 3.06718e-09
   L2Norm(dxOpt)   == 3.06718e-09
   L2Dist(x,x0)    == 3.81927e-08
gx == L2Norm(G(x)) : 
   initial  gx == 2.60729e-10
   previous gx == 1.41352e-11
   current  gx == 4.00868e-12
rx == 1/2 L2Norm2(G(x)) : 
   initial  rx == 3.39898e-20
   previous rx == 9.99018e-23
   current  rx == 8.03475e-24
         delta == 0.01
Newton search converged. Breaking.
L2Norm(G(x)) == 4.00868e-12 < epsSearch == 1e-11
