f(u, N, dt, f_u, flags, dt) : f(u, N, dt, f_u, flags, dt) : Computing G(x)
f(u, N, dt, f_u, flags, dt) : 
========================================================
Newton iteration number 0
Current state of Newton iteration:
   fcount_newton   == 1
   fcount_optimiza == 0
   L2Norm(x)       == 0.00870509
   L2Norm(dxN)     == 0
   L2Norm(dxOpt)   == 0
   L2Dist(x,x0)    == 0
gx == L2Norm(G(x)) : 
   initial  gx == 1.72094e-05
   previous gx == 1.72094e-05
   current  gx == 1.72094e-05
rx == 1/2 L2Norm2(G(x)) : 
   initial  rx == 1.48081e-10
   previous rx == 1.48081e-10
   current  rx == 1.48081e-10
         delta == 0.01
Newt,GMRES == 0,0, f(u, N, dt, f_u, flags, dt) :  res == 0.997993
Newt,GMRES == 0,1, f(u, N, dt, f_u, flags, dt) :  res == 0.653172
Newt,GMRES == 0,2, f(u, N, dt, f_u, flags, dt) :  res == 0.11145
Newt,GMRES == 0,3, f(u, N, dt, f_u, flags, dt) :  res == 0.0191924
GMRES converged. Breaking.
Hookstep optimization is currently not implemented with Arclength Continuation.
Optimized Newton algorithm with AC: Computing residual to check convergence...f(u, N, dt, f_u, flags, dt) : : gx = 5.7213e-06 < 1.72094e-05
The residual is decreasing if we take this AC-Newton step.

Taking best step and continuing Newton iteration.
L2Norm(G(x)) == 5.7213e-06
rx           == 1.63667e-11
L2Norm(dxN)  == 0.00139749
L2Norm(dxOpt)== 0.00139749
========================================================
Newton iteration number 1
Current state of Newton iteration:
   fcount_newton   == 5
   fcount_optimiza == 1
   L2Norm(x)       == 0.00748135
   L2Norm(dxN)     == 0.00139749
   L2Norm(dxOpt)   == 0.00139749
   L2Dist(x,x0)    == 0.0013975
gx == L2Norm(G(x)) : 
   initial  gx == 1.72094e-05
   previous gx == 1.72094e-05
   current  gx == 5.7213e-06
rx == 1/2 L2Norm2(G(x)) : 
   initial  rx == 1.48081e-10
   previous rx == 1.48081e-10
   current  rx == 1.63667e-11
         delta == 0.01
Newt,GMRES == 1,0, f(u, N, dt, f_u, flags, dt) :  res == 0.984906
Newt,GMRES == 1,1, f(u, N, dt, f_u, flags, dt) :  res == 0.366537
Newt,GMRES == 1,2, f(u, N, dt, f_u, flags, dt) :  res == 0.0678342
GMRES converged. Breaking.
Hookstep optimization is currently not implemented with Arclength Continuation.
Optimized Newton algorithm with AC: Computing residual to check convergence...f(u, N, dt, f_u, flags, dt) : : gx = 3.9226e-07 < 5.7213e-06
The residual is decreasing if we take this AC-Newton step.

Taking best step and continuing Newton iteration.
L2Norm(G(x)) == 3.9226e-07
rx           == 7.6934e-14
L2Norm(dxN)  == 0.000326715
L2Norm(dxOpt)== 0.000326715
========================================================
Newton iteration number 2
Current state of Newton iteration:
   fcount_newton   == 8
   fcount_optimiza == 2
   L2Norm(x)       == 0.00775584
   L2Norm(dxN)     == 0.000326715
   L2Norm(dxOpt)   == 0.000326715
   L2Dist(x,x0)    == 0.00116842
gx == L2Norm(G(x)) : 
   initial  gx == 1.72094e-05
   previous gx == 5.7213e-06
   current  gx == 3.9226e-07
rx == 1/2 L2Norm2(G(x)) : 
   initial  rx == 1.48081e-10
   previous rx == 1.63667e-11
   current  rx == 7.6934e-14
         delta == 0.01
Newt,GMRES == 2,0, f(u, N, dt, f_u, flags, dt) :  res == 0.99721
Newt,GMRES == 2,1, f(u, N, dt, f_u, flags, dt) :  res == 0.46663
Newt,GMRES == 2,2, f(u, N, dt, f_u, flags, dt) :  res == 0.327968
Newt,GMRES == 2,3, f(u, N, dt, f_u, flags, dt) :  res == 0.0242146
GMRES converged. Breaking.
Hookstep optimization is currently not implemented with Arclength Continuation.
Optimized Newton algorithm with AC: Computing residual to check convergence...f(u, N, dt, f_u, flags, dt) : : gx = 9.74327e-09 < 3.9226e-07
The residual is decreasing if we take this AC-Newton step.

Taking best step and continuing Newton iteration.
L2Norm(G(x)) == 9.74327e-09
rx           == 4.74657e-17
L2Norm(dxN)  == 5.9231e-05
L2Norm(dxOpt)== 5.9231e-05
========================================================
Newton iteration number 3
Current state of Newton iteration:
   fcount_newton   == 12
   fcount_optimiza == 3
   L2Norm(x)       == 0.00776495
   L2Norm(dxN)     == 5.9231e-05
   L2Norm(dxOpt)   == 5.9231e-05
   L2Dist(x,x0)    == 0.00114548
gx == L2Norm(G(x)) : 
   initial  gx == 1.72094e-05
   previous gx == 3.9226e-07
   current  gx == 9.74327e-09
rx == 1/2 L2Norm2(G(x)) : 
   initial  rx == 1.48081e-10
   previous rx == 7.6934e-14
   current  rx == 4.74657e-17
         delta == 0.01
Newt,GMRES == 3,0, f(u, N, dt, f_u, flags, dt) :  res == 0.967268
Newt,GMRES == 3,1, f(u, N, dt, f_u, flags, dt) :  res == 0.413937
Newt,GMRES == 3,2, f(u, N, dt, f_u, flags, dt) :  res == 0.213545
Newt,GMRES == 3,3, f(u, N, dt, f_u, flags, dt) :  res == 0.0347165
GMRES converged. Breaking.
Hookstep optimization is currently not implemented with Arclength Continuation.
Optimized Newton algorithm with AC: Computing residual to check convergence...f(u, N, dt, f_u, flags, dt) : : gx = 3.56004e-10 < 9.74327e-09
The residual is decreasing if we take this AC-Newton step.

Taking best step and continuing Newton iteration.
L2Norm(G(x)) == 3.56004e-10
rx           == 6.33695e-20
L2Norm(dxN)  == 1.2557e-06
L2Norm(dxOpt)== 1.2557e-06
========================================================
Newton iteration number 4
Current state of Newton iteration:
   fcount_newton   == 16
   fcount_optimiza == 4
   L2Norm(x)       == 0.00776508
   L2Norm(dxN)     == 1.2557e-06
   L2Norm(dxOpt)   == 1.2557e-06
   L2Dist(x,x0)    == 0.00114515
gx == L2Norm(G(x)) : 
   initial  gx == 1.72094e-05
   previous gx == 9.74327e-09
   current  gx == 3.56004e-10
rx == 1/2 L2Norm2(G(x)) : 
   initial  rx == 1.48081e-10
   previous rx == 4.74657e-17
   current  rx == 6.33695e-20
         delta == 0.01
Newt,GMRES == 4,0, f(u, N, dt, f_u, flags, dt) :  res == 0.999203
Newt,GMRES == 4,1, f(u, N, dt, f_u, flags, dt) :  res == 0.896293
Newt,GMRES == 4,2, f(u, N, dt, f_u, flags, dt) :  res == 0.279269
Newt,GMRES == 4,3, f(u, N, dt, f_u, flags, dt) :  res == 0.0395895
GMRES converged. Breaking.
Hookstep optimization is currently not implemented with Arclength Continuation.
Optimized Newton algorithm with AC: Computing residual to check convergence...f(u, N, dt, f_u, flags, dt) : : gx = 1.40999e-11 < 3.56004e-10
The residual is decreasing if we take this AC-Newton step.

Taking best step and continuing Newton iteration.
L2Norm(G(x)) == 1.40999e-11
rx           == 9.94041e-23
L2Norm(dxN)  == 4.65693e-08
L2Norm(dxOpt)== 4.65693e-08
========================================================
Newton iteration number 5
Current state of Newton iteration:
   fcount_newton   == 20
   fcount_optimiza == 5
   L2Norm(x)       == 0.00776508
   L2Norm(dxN)     == 4.65693e-08
   L2Norm(dxOpt)   == 4.65693e-08
   L2Dist(x,x0)    == 0.00114514
gx == L2Norm(G(x)) : 
   initial  gx == 1.72094e-05
   previous gx == 3.56004e-10
   current  gx == 1.40999e-11
rx == 1/2 L2Norm2(G(x)) : 
   initial  rx == 1.48081e-10
   previous rx == 6.33695e-20
   current  rx == 9.94041e-23
         delta == 0.01
Newt,GMRES == 5,0, f(u, N, dt, f_u, flags, dt) :  res == 0.995879
Newt,GMRES == 5,1, f(u, N, dt, f_u, flags, dt) :  res == 0.242863
Newt,GMRES == 5,2, f(u, N, dt, f_u, flags, dt) :  res == 0.210521
Newt,GMRES == 5,3, f(u, N, dt, f_u, flags, dt) :  res == 0.04824
GMRES converged. Breaking.
Hookstep optimization is currently not implemented with Arclength Continuation.
Optimized Newton algorithm with AC: Computing residual to check convergence...f(u, N, dt, f_u, flags, dt) : : gx = 2.43598e-12 < 1.40999e-11
The residual is decreasing if we take this AC-Newton step.

Taking best step and continuing Newton iteration.
L2Norm(G(x)) == 2.43598e-12
rx           == 2.96701e-24
L2Norm(dxN)  == 1.83485e-09
L2Norm(dxOpt)== 1.83485e-09
========================================================
Newton iteration number 6
Current state of Newton iteration:
   fcount_newton   == 24
   fcount_optimiza == 6
   L2Norm(x)       == 0.00776508
   L2Norm(dxN)     == 1.83485e-09
   L2Norm(dxOpt)   == 1.83485e-09
   L2Dist(x,x0)    == 0.00114514
gx == L2Norm(G(x)) : 
   initial  gx == 1.72094e-05
   previous gx == 1.40999e-11
   current  gx == 2.43598e-12
rx == 1/2 L2Norm2(G(x)) : 
   initial  rx == 1.48081e-10
   previous rx == 9.94041e-23
   current  rx == 2.96701e-24
         delta == 0.01
Newton search converged. Breaking.
L2Norm(G(x)) == 2.43598e-12 < epsSearch == 1e-11
