f(u, N, dt, f_u, flags, dt) : Computing G(x)
f(u, N, dt, f_u, flags, dt) : 
========================================================
Newton iteration number 0
Current state of Newton iteration:
   fcount_newton   == 1
   fcount_optimiza == 0
   L2Norm(x)       == 0.0242004
   L2Norm(dxN)     == 0
   L2Norm(dxOpt)   == 0
   L2Dist(x,x0)    == 0
gx == L2Norm(G(x)) : 
   initial  gx == 5.34e-08
   previous gx == 5.34e-08
   current  gx == 5.34e-08
rx == 1/2 L2Norm2(G(x)) : 
   initial  rx == 1.42578e-15
   previous rx == 1.42578e-15
   current  rx == 1.42578e-15
         delta == 0.01
Newt,GMRES == 0,0, f(u, N, dt, f_u, flags, dt) :  res == 0.999994
Newt,GMRES == 0,1, f(u, N, dt, f_u, flags, dt) :  res == 0.926592
Newt,GMRES == 0,2, f(u, N, dt, f_u, flags, dt) :  res == 0.78824
Newt,GMRES == 0,3, f(u, N, dt, f_u, flags, dt) :  res == 0.385488
Newt,GMRES == 0,4, f(u, N, dt, f_u, flags, dt) :  res == 0.312521
Newt,GMRES == 0,5, f(u, N, dt, f_u, flags, dt) :  res == 0.258657
Newt,GMRES == 0,6, f(u, N, dt, f_u, flags, dt) :  res == 0.216465
Newt,GMRES == 0,7, f(u, N, dt, f_u, flags, dt) :  res == 0.0795025
GMRES converged. Breaking.
Hookstep optimization is currently not implemented with Arclength Continuation.
Optimized Newton algorithm with AC: Computing residual to check convergence...f(u, N, dt, f_u, flags, dt) : : gx = 5.29606e-08 < 5.34e-08
The residual is decreasing if we take this AC-Newton step.

Taking best step and continuing Newton iteration.
L2Norm(G(x)) == 5.29606e-08
rx           == 1.40241e-15
L2Norm(dxN)  == 0.000194065
L2Norm(dxOpt)== 0.000194065
========================================================
Newton iteration number 1
Current state of Newton iteration:
   fcount_newton   == 9
   fcount_optimiza == 1
   L2Norm(x)       == 0.0240787
   L2Norm(dxN)     == 0.000194065
   L2Norm(dxOpt)   == 0.000194065
   L2Dist(x,x0)    == 0.000194069
gx == L2Norm(G(x)) : 
   initial  gx == 5.34e-08
   previous gx == 5.34e-08
   current  gx == 5.29606e-08
rx == 1/2 L2Norm2(G(x)) : 
   initial  rx == 1.42578e-15
   previous rx == 1.42578e-15
   current  rx == 1.40241e-15
         delta == 0.01
Newt,GMRES == 1,0, f(u, N, dt, f_u, flags, dt) :  res == 1
Newt,GMRES == 1,1, f(u, N, dt, f_u, flags, dt) :  res == 0.994243
Newt,GMRES == 1,2, f(u, N, dt, f_u, flags, dt) :  res == 0.935527
Newt,GMRES == 1,3, f(u, N, dt, f_u, flags, dt) :  res == 0.875056
Newt,GMRES == 1,4, f(u, N, dt, f_u, flags, dt) :  res == 0.870308
Newt,GMRES == 1,5, f(u, N, dt, f_u, flags, dt) :  res == 0.870307
Newt,GMRES == 1,6, f(u, N, dt, f_u, flags, dt) :  res == 0.869858
Newt,GMRES == 1,7, f(u, N, dt, f_u, flags, dt) :  res == 0.850721
Newt,GMRES == 1,8, f(u, N, dt, f_u, flags, dt) :  res == 0.812502
Newt,GMRES == 1,9, f(u, N, dt, f_u, flags, dt) :  res == 0.77584
Newt,GMRES == 1,10, f(u, N, dt, f_u, flags, dt) :  res == 0.240391
Newt,GMRES == 1,11, f(u, N, dt, f_u, flags, dt) :  res == 0.0157287
GMRES converged. Breaking.
Hookstep optimization is currently not implemented with Arclength Continuation.
Optimized Newton algorithm with AC: Computing residual to check convergence...f(u, N, dt, f_u, flags, dt) : : gx = 1.47843e-08 < 5.29606e-08
The residual is decreasing if we take this AC-Newton step.

Taking best step and continuing Newton iteration.
L2Norm(G(x)) == 1.47843e-08
rx           == 1.09288e-16
L2Norm(dxN)  == 0.000105269
L2Norm(dxOpt)== 0.000105269
========================================================
Newton iteration number 2
Current state of Newton iteration:
   fcount_newton   == 21
   fcount_optimiza == 2
   L2Norm(x)       == 0.0240593
   L2Norm(dxN)     == 0.000105269
   L2Norm(dxOpt)   == 0.000105269
   L2Dist(x,x0)    == 0.000224038
gx == L2Norm(G(x)) : 
   initial  gx == 5.34e-08
   previous gx == 5.29606e-08
   current  gx == 1.47843e-08
rx == 1/2 L2Norm2(G(x)) : 
   initial  rx == 1.42578e-15
   previous rx == 1.40241e-15
   current  rx == 1.09288e-16
         delta == 0.01
Newt,GMRES == 2,0, f(u, N, dt, f_u, flags, dt) :  res == 1
Newt,GMRES == 2,1, f(u, N, dt, f_u, flags, dt) :  res == 0.731415
Newt,GMRES == 2,2, f(u, N, dt, f_u, flags, dt) :  res == 0.472514
Newt,GMRES == 2,3, f(u, N, dt, f_u, flags, dt) :  res == 0.471641
Newt,GMRES == 2,4, f(u, N, dt, f_u, flags, dt) :  res == 0.337099
Newt,GMRES == 2,5, f(u, N, dt, f_u, flags, dt) :  res == 0.0563168
GMRES converged. Breaking.
Hookstep optimization is currently not implemented with Arclength Continuation.
Optimized Newton algorithm with AC: Computing residual to check convergence...f(u, N, dt, f_u, flags, dt) : : gx = 2.22897e-09 < 1.47843e-08
The residual is decreasing if we take this AC-Newton step.

Taking best step and continuing Newton iteration.
L2Norm(G(x)) == 2.22897e-09
rx           == 2.48415e-18
L2Norm(dxN)  == 3.26523e-05
L2Norm(dxOpt)== 3.26523e-05
========================================================
Newton iteration number 3
Current state of Newton iteration:
   fcount_newton   == 27
   fcount_optimiza == 3
   L2Norm(x)       == 0.0240547
   L2Norm(dxN)     == 3.26523e-05
   L2Norm(dxOpt)   == 3.26523e-05
   L2Dist(x,x0)    == 0.0002264
gx == L2Norm(G(x)) : 
   initial  gx == 5.34e-08
   previous gx == 1.47843e-08
   current  gx == 2.22897e-09
rx == 1/2 L2Norm2(G(x)) : 
   initial  rx == 1.42578e-15
   previous rx == 1.09288e-16
   current  rx == 2.48415e-18
         delta == 0.01
Newton search converged. Breaking.
L2Norm(G(x)) == 2.22897e-09 < epsSearch == 1e-08
