f(u, N, dt, f_u, flags, dt) : f(u, N, dt, f_u, flags, dt) : Computing G(x)
f(u, N, dt, f_u, flags, dt) : 
========================================================
Newton iteration number 0
Current state of Newton iteration:
   fcount_newton   == 1
   fcount_optimiza == 0
   L2Norm(x)       == 0.207389
   L2Norm(dxN)     == 0
   L2Norm(dxOpt)   == 0
   L2Dist(x,x0)    == 0
gx == L2Norm(G(x)) : 
   initial  gx == 7.73616e-10
   previous gx == 7.73616e-10
   current  gx == 7.73616e-10
rx == 1/2 L2Norm2(G(x)) : 
   initial  rx == 2.99241e-19
   previous rx == 2.99241e-19
   current  rx == 2.99241e-19
         delta == 0.01
Newt,GMRES == 0,0, f(u, N, dt, f_u, flags, dt) :  res == 0.345197
Newt,GMRES == 0,1, f(u, N, dt, f_u, flags, dt) :  res == 0.304475
Newt,GMRES == 0,2, f(u, N, dt, f_u, flags, dt) :  res == 0.00014901
GMRES converged. Breaking.
Hookstep optimization is currently not implemented with Arclength Continuation.
Optimized Newton algorithm with AC: Computing residual to check convergence...f(u, N, dt, f_u, flags, dt) : : gx = 1.46219e-11 < 7.73616e-10
The residual is decreasing if we take this AC-Newton step.

Taking best step and continuing Newton iteration.
L2Norm(G(x)) == 1.46219e-11
rx           == 1.069e-22
L2Norm(dxN)  == 1.30008e-07
L2Norm(dxOpt)== 1.30008e-07
========================================================
Newton iteration number 1
Current state of Newton iteration:
   fcount_newton   == 4
   fcount_optimiza == 1
   L2Norm(x)       == 0.207389
   L2Norm(dxN)     == 1.30008e-07
   L2Norm(dxOpt)   == 1.30008e-07
   L2Dist(x,x0)    == 1.30008e-07
gx == L2Norm(G(x)) : 
   initial  gx == 7.73616e-10
   previous gx == 7.73616e-10
   current  gx == 1.46219e-11
rx == 1/2 L2Norm2(G(x)) : 
   initial  rx == 2.99241e-19
   previous rx == 2.99241e-19
   current  rx == 1.069e-22
         delta == 0.01
Newt,GMRES == 1,0, f(u, N, dt, f_u, flags, dt) :  res == 0.0184734
Newt,GMRES == 1,1, f(u, N, dt, f_u, flags, dt) :  res == 0.00625219
Newt,GMRES == 1,2, f(u, N, dt, f_u, flags, dt) :  res == 3.22175e-06
GMRES converged. Breaking.
Hookstep optimization is currently not implemented with Arclength Continuation.
Optimized Newton algorithm with AC: Computing residual to check convergence...f(u, N, dt, f_u, flags, dt) : : gx = 1.85803e-11 > 1.46219e-11
The error is increasing if we take the Newton step. Newton step optimization leaves step size correction to arclength continuation.
