f(u, N, dt, f_u, flags, dt) : f(u, N, dt, f_u, flags, dt) : Computing G(x)
f(u, N, dt, f_u, flags, dt) : 
========================================================
Newton iteration number 0
Current state of Newton iteration:
   fcount_newton   == 1
   fcount_optimiza == 0
   L2Norm(x)       == 0.195819
   L2Norm(dxN)     == 0
   L2Norm(dxOpt)   == 0
   L2Dist(x,x0)    == 0
gx == L2Norm(G(x)) : 
   initial  gx == 6.58811e-10
   previous gx == 6.58811e-10
   current  gx == 6.58811e-10
rx == 1/2 L2Norm2(G(x)) : 
   initial  rx == 2.17016e-19
   previous rx == 2.17016e-19
   current  rx == 2.17016e-19
         delta == 0.01
Newt,GMRES == 0,0, f(u, N, dt, f_u, flags, dt) :  res == 0.229663
Newt,GMRES == 0,1, f(u, N, dt, f_u, flags, dt) :  res == 0.229403
Newt,GMRES == 0,2, f(u, N, dt, f_u, flags, dt) :  res == 6.44997e-05
GMRES converged. Breaking.
Hookstep optimization is currently not implemented with Arclength Continuation.
Optimized Newton algorithm with AC: Computing residual to check convergence...f(u, N, dt, f_u, flags, dt) : : gx = 2.81285e-11 < 6.58811e-10
The residual is decreasing if we take this AC-Newton step.

Taking best step and continuing Newton iteration.
L2Norm(G(x)) == 2.81285e-11
rx           == 3.95606e-22
L2Norm(dxN)  == 1.41331e-07
L2Norm(dxOpt)== 1.41331e-07
========================================================
Newton iteration number 1
Current state of Newton iteration:
   fcount_newton   == 4
   fcount_optimiza == 1
   L2Norm(x)       == 0.195819
   L2Norm(dxN)     == 1.41331e-07
   L2Norm(dxOpt)   == 1.41331e-07
   L2Dist(x,x0)    == 1.41331e-07
gx == L2Norm(G(x)) : 
   initial  gx == 6.58811e-10
   previous gx == 6.58811e-10
   current  gx == 2.81285e-11
rx == 1/2 L2Norm2(G(x)) : 
   initial  rx == 2.17016e-19
   previous rx == 2.17016e-19
   current  rx == 3.95606e-22
         delta == 0.01
Newt,GMRES == 1,0, f(u, N, dt, f_u, flags, dt) :  res == 0.483863
Newt,GMRES == 1,1, f(u, N, dt, f_u, flags, dt) :  res == 0.00445963
Newt,GMRES == 1,2, f(u, N, dt, f_u, flags, dt) :  res == 8.9693e-07
GMRES converged. Breaking.
Hookstep optimization is currently not implemented with Arclength Continuation.
Optimized Newton algorithm with AC: Computing residual to check convergence...f(u, N, dt, f_u, flags, dt) : : gx = 7.47127e-12 < 2.81285e-11
The residual is decreasing if we take this AC-Newton step.

Taking best step and continuing Newton iteration.
L2Norm(G(x)) == 7.47127e-12
rx           == 2.791e-23
L2Norm(dxN)  == 6.40789e-09
L2Norm(dxOpt)== 6.40789e-09
========================================================
Newton iteration number 2
Current state of Newton iteration:
   fcount_newton   == 7
   fcount_optimiza == 2
   L2Norm(x)       == 0.195819
   L2Norm(dxN)     == 6.40789e-09
   L2Norm(dxOpt)   == 6.40789e-09
   L2Dist(x,x0)    == 1.47707e-07
gx == L2Norm(G(x)) : 
   initial  gx == 6.58811e-10
   previous gx == 2.81285e-11
   current  gx == 7.47127e-12
rx == 1/2 L2Norm2(G(x)) : 
   initial  rx == 2.17016e-19
   previous rx == 3.95606e-22
   current  rx == 2.791e-23
         delta == 0.01
Newton search converged. Breaking.
L2Norm(G(x)) == 7.47127e-12 < epsSearch == 1e-11
