f(u, N, dt, f_u, flags, dt) : f(u, N, dt, f_u, flags, dt) : Computing G(x)
f(u, N, dt, f_u, flags, dt) : 
========================================================
Newton iteration number 0
Current state of Newton iteration:
   fcount_newton   == 1
   fcount_optimiza == 0
   L2Norm(x)       == 0.0109988
   L2Norm(dxN)     == 0
   L2Norm(dxOpt)   == 0
   L2Dist(x,x0)    == 0
gx == L2Norm(G(x)) : 
   initial  gx == 2.41887e-08
   previous gx == 2.41887e-08
   current  gx == 2.41887e-08
rx == 1/2 L2Norm2(G(x)) : 
   initial  rx == 2.92547e-16
   previous rx == 2.92547e-16
   current  rx == 2.92547e-16
         delta == 0.01
Newt,GMRES == 0,0, f(u, N, dt, f_u, flags, dt) :  res == 0.99999
Newt,GMRES == 0,1, f(u, N, dt, f_u, flags, dt) :  res == 0.76276
Newt,GMRES == 0,2, f(u, N, dt, f_u, flags, dt) :  res == 0.744287
Newt,GMRES == 0,3, f(u, N, dt, f_u, flags, dt) :  res == 0.547331
Newt,GMRES == 0,4, f(u, N, dt, f_u, flags, dt) :  res == 0.0706028
GMRES converged. Breaking.
Hookstep optimization is currently not implemented with Arclength Continuation.
Optimized Newton algorithm with AC: Computing residual to check convergence...f(u, N, dt, f_u, flags, dt) : : gx = 2.54116e-08 > 2.41887e-08
The error is increasing if we take the Newton step. Newton step optimization leaves step size correction to arclength continuation.
