f(u, N, dt, f_u, flags, dt) : f(u, N, dt, f_u, flags, dt) : Computing G(x)
f(u, N, dt, f_u, flags, dt) : 
========================================================
Newton iteration number 0
Current state of Newton iteration:
   fcount_newton   == 1
   fcount_optimiza == 0
   L2Norm(x)       == 0.191074
   L2Norm(dxN)     == 0
   L2Norm(dxOpt)   == 0
   L2Dist(x,x0)    == 0
gx == L2Norm(G(x)) : 
   initial  gx == 1.16383e-09
   previous gx == 1.16383e-09
   current  gx == 1.16383e-09
rx == 1/2 L2Norm2(G(x)) : 
   initial  rx == 6.77252e-19
   previous rx == 6.77252e-19
   current  rx == 6.77252e-19
         delta == 0.01
Newt,GMRES == 0,0, f(u, N, dt, f_u, flags, dt) :  res == 0.281762
Newt,GMRES == 0,1, f(u, N, dt, f_u, flags, dt) :  res == 0.0850842
Newt,GMRES == 0,2, f(u, N, dt, f_u, flags, dt) :  res == 2.54483e-05
GMRES converged. Breaking.
Hookstep optimization is currently not implemented with Arclength Continuation.
Optimized Newton algorithm with AC: Computing residual to check convergence...f(u, N, dt, f_u, flags, dt) : : gx = 2.77569e-11 < 1.16383e-09
The residual is decreasing if we take this AC-Newton step.

Taking best step and continuing Newton iteration.
L2Norm(G(x)) == 2.77569e-11
rx           == 3.85223e-22
L2Norm(dxN)  == 2.58435e-07
L2Norm(dxOpt)== 2.58435e-07
========================================================
Newton iteration number 1
Current state of Newton iteration:
   fcount_newton   == 4
   fcount_optimiza == 1
   L2Norm(x)       == 0.191074
   L2Norm(dxN)     == 2.58435e-07
   L2Norm(dxOpt)   == 2.58435e-07
   L2Dist(x,x0)    == 2.58435e-07
gx == L2Norm(G(x)) : 
   initial  gx == 1.16383e-09
   previous gx == 1.16383e-09
   current  gx == 2.77569e-11
rx == 1/2 L2Norm2(G(x)) : 
   initial  rx == 6.77252e-19
   previous rx == 6.77252e-19
   current  rx == 3.85223e-22
         delta == 0.01
Newt,GMRES == 1,0, f(u, N, dt, f_u, flags, dt) :  res == 0.077261
Newt,GMRES == 1,1, f(u, N, dt, f_u, flags, dt) :  res == 0.00176364
Newt,GMRES == 1,2, f(u, N, dt, f_u, flags, dt) :  res == 3.31988e-07
GMRES converged. Breaking.
Hookstep optimization is currently not implemented with Arclength Continuation.
Optimized Newton algorithm with AC: Computing residual to check convergence...f(u, N, dt, f_u, flags, dt) : : gx = 8.02181e-12 < 2.77569e-11
The residual is decreasing if we take this AC-Newton step.

Taking best step and continuing Newton iteration.
L2Norm(G(x)) == 8.02181e-12
rx           == 3.21747e-23
L2Norm(dxN)  == 6.35221e-09
L2Norm(dxOpt)== 6.35221e-09
========================================================
Newton iteration number 2
Current state of Newton iteration:
   fcount_newton   == 7
   fcount_optimiza == 2
   L2Norm(x)       == 0.191074
   L2Norm(dxN)     == 6.35221e-09
   L2Norm(dxOpt)   == 6.35221e-09
   L2Dist(x,x0)    == 2.64784e-07
gx == L2Norm(G(x)) : 
   initial  gx == 1.16383e-09
   previous gx == 2.77569e-11
   current  gx == 8.02181e-12
rx == 1/2 L2Norm2(G(x)) : 
   initial  rx == 6.77252e-19
   previous rx == 3.85223e-22
   current  rx == 3.21747e-23
         delta == 0.01
Newton search converged. Breaking.
L2Norm(G(x)) == 8.02181e-12 < epsSearch == 1e-11
