f(u, N, dt, f_u, flags, dt) : Computing G(x)
f(u, N, dt, f_u, flags, dt) : 
========================================================
Newton iteration number 0
Current state of Newton iteration:
   fcount_newton   == 1
   fcount_optimiza == 0
   L2Norm(x)       == 0.00826982
   L2Norm(dxN)     == 0
   L2Norm(dxOpt)   == 0
   L2Dist(x,x0)    == 0
gx == L2Norm(G(x)) : 
   initial  gx == 1.93927e-05
   previous gx == 1.93927e-05
   current  gx == 1.93927e-05
rx == 1/2 L2Norm2(G(x)) : 
   initial  rx == 1.88039e-10
   previous rx == 1.88039e-10
   current  rx == 1.88039e-10
         delta == 0.01
Newt,GMRES == 0,0, f(u, N, dt, f_u, flags, dt) :  res == 0.999769
Newt,GMRES == 0,1, f(u, N, dt, f_u, flags, dt) :  res == 0.328532
Newt,GMRES == 0,2, f(u, N, dt, f_u, flags, dt) :  res == 0.0362803
GMRES converged. Breaking.
Hookstep optimization is currently not implemented with Arclength Continuation.
Optimized Newton algorithm with AC: Computing residual to check convergence...f(u, N, dt, f_u, flags, dt) : : gx = 2.67849e-06 < 1.93927e-05
The residual is decreasing if we take this AC-Newton step.

Taking best step and continuing Newton iteration.
L2Norm(G(x)) == 2.67849e-06
rx           == 3.58717e-12
L2Norm(dxN)  == 0.00158212
L2Norm(dxOpt)== 0.00158212
========================================================
Newton iteration number 1
Current state of Newton iteration:
   fcount_newton   == 4
   fcount_optimiza == 1
   L2Norm(x)       == 0.00977961
   L2Norm(dxN)     == 0.00158212
   L2Norm(dxOpt)   == 0.00158212
   L2Dist(x,x0)    == 0.00158216
gx == L2Norm(G(x)) : 
   initial  gx == 1.93927e-05
   previous gx == 1.93927e-05
   current  gx == 2.67849e-06
rx == 1/2 L2Norm2(G(x)) : 
   initial  rx == 1.88039e-10
   previous rx == 1.88039e-10
   current  rx == 3.58717e-12
         delta == 0.01
Newt,GMRES == 1,0, f(u, N, dt, f_u, flags, dt) :  res == 0.999857
Newt,GMRES == 1,1, f(u, N, dt, f_u, flags, dt) :  res == 0.857898
Newt,GMRES == 1,2, f(u, N, dt, f_u, flags, dt) :  res == 0.208107
Newt,GMRES == 1,3, f(u, N, dt, f_u, flags, dt) :  res == 0.0100727
GMRES converged. Breaking.
Hookstep optimization is currently not implemented with Arclength Continuation.
Optimized Newton algorithm with AC: Computing residual to check convergence...f(u, N, dt, f_u, flags, dt) : : gx = 5.38024e-07 < 2.67849e-06
The residual is decreasing if we take this AC-Newton step.

Taking best step and continuing Newton iteration.
L2Norm(G(x)) == 5.38024e-07
rx           == 1.44735e-13
L2Norm(dxN)  == 0.000448836
L2Norm(dxOpt)== 0.000448836
========================================================
Newton iteration number 2
Current state of Newton iteration:
   fcount_newton   == 8
   fcount_optimiza == 2
   L2Norm(x)       == 0.0101913
   L2Norm(dxN)     == 0.000448836
   L2Norm(dxOpt)   == 0.000448836
   L2Dist(x,x0)    == 0.00201942
gx == L2Norm(G(x)) : 
   initial  gx == 1.93927e-05
   previous gx == 2.67849e-06
   current  gx == 5.38024e-07
rx == 1/2 L2Norm2(G(x)) : 
   initial  rx == 1.88039e-10
   previous rx == 3.58717e-12
   current  rx == 1.44735e-13
         delta == 0.01
Newt,GMRES == 2,0, f(u, N, dt, f_u, flags, dt) :  res == 0.999871
Newt,GMRES == 2,1, f(u, N, dt, f_u, flags, dt) :  res == 0.911199
Newt,GMRES == 2,2, f(u, N, dt, f_u, flags, dt) :  res == 0.221594
Newt,GMRES == 2,3, f(u, N, dt, f_u, flags, dt) :  res == 0.0204807
GMRES converged. Breaking.
Hookstep optimization is currently not implemented with Arclength Continuation.
Optimized Newton algorithm with AC: Computing residual to check convergence...f(u, N, dt, f_u, flags, dt) : : gx = 6.92848e-08 < 5.38024e-07
The residual is decreasing if we take this AC-Newton step.

Taking best step and continuing Newton iteration.
L2Norm(G(x)) == 6.92848e-08
rx           == 2.40019e-15
L2Norm(dxN)  == 0.000158349
L2Norm(dxOpt)== 0.000158349
========================================================
Newton iteration number 3
Current state of Newton iteration:
   fcount_newton   == 12
   fcount_optimiza == 3
   L2Norm(x)       == 0.0103435
   L2Norm(dxN)     == 0.000158349
   L2Norm(dxOpt)   == 0.000158349
   L2Dist(x,x0)    == 0.00217764
gx == L2Norm(G(x)) : 
   initial  gx == 1.93927e-05
   previous gx == 5.38024e-07
   current  gx == 6.92848e-08
rx == 1/2 L2Norm2(G(x)) : 
   initial  rx == 1.88039e-10
   previous rx == 1.44735e-13
   current  rx == 2.40019e-15
         delta == 0.01
Newt,GMRES == 3,0, f(u, N, dt, f_u, flags, dt) :  res == 0.999945
Newt,GMRES == 3,1, f(u, N, dt, f_u, flags, dt) :  res == 0.984257
Newt,GMRES == 3,2, f(u, N, dt, f_u, flags, dt) :  res == 0.348207
Newt,GMRES == 3,3, f(u, N, dt, f_u, flags, dt) :  res == 0.0109762
GMRES converged. Breaking.
Hookstep optimization is currently not implemented with Arclength Continuation.
Optimized Newton algorithm with AC: Computing residual to check convergence...f(u, N, dt, f_u, flags, dt) : : gx = 2.08543e-09 < 6.92848e-08
The residual is decreasing if we take this AC-Newton step.

Taking best step and continuing Newton iteration.
L2Norm(G(x)) == 2.08543e-09
rx           == 2.1745e-18
L2Norm(dxN)  == 2.70226e-05
L2Norm(dxOpt)== 2.70226e-05
========================================================
Newton iteration number 4
Current state of Newton iteration:
   fcount_newton   == 16
   fcount_optimiza == 4
   L2Norm(x)       == 0.0103694
   L2Norm(dxN)     == 2.70226e-05
   L2Norm(dxOpt)   == 2.70226e-05
   L2Dist(x,x0)    == 0.00220461
gx == L2Norm(G(x)) : 
   initial  gx == 1.93927e-05
   previous gx == 6.92848e-08
   current  gx == 2.08543e-09
rx == 1/2 L2Norm2(G(x)) : 
   initial  rx == 1.88039e-10
   previous rx == 2.40019e-15
   current  rx == 2.1745e-18
         delta == 0.01
Newt,GMRES == 4,0, f(u, N, dt, f_u, flags, dt) :  res == 0.999989
Newt,GMRES == 4,1, f(u, N, dt, f_u, flags, dt) :  res == 0.998318
Newt,GMRES == 4,2, f(u, N, dt, f_u, flags, dt) :  res == 0.37409
Newt,GMRES == 4,3, f(u, N, dt, f_u, flags, dt) :  res == 0.0518227
GMRES converged. Breaking.
Hookstep optimization is currently not implemented with Arclength Continuation.
Optimized Newton algorithm with AC: Computing residual to check convergence...f(u, N, dt, f_u, flags, dt) : : gx = 1.09025e-10 < 2.08543e-09
The residual is decreasing if we take this AC-Newton step.

Taking best step and continuing Newton iteration.
L2Norm(G(x)) == 1.09025e-10
rx           == 5.94321e-21
L2Norm(dxN)  == 8.2186e-07
L2Norm(dxOpt)== 8.2186e-07
========================================================
Newton iteration number 5
Current state of Newton iteration:
   fcount_newton   == 20
   fcount_optimiza == 5
   L2Norm(x)       == 0.0103702
   L2Norm(dxN)     == 8.2186e-07
   L2Norm(dxOpt)   == 8.2186e-07
   L2Dist(x,x0)    == 0.00220542
gx == L2Norm(G(x)) : 
   initial  gx == 1.93927e-05
   previous gx == 2.08543e-09
   current  gx == 1.09025e-10
rx == 1/2 L2Norm2(G(x)) : 
   initial  rx == 1.88039e-10
   previous rx == 2.1745e-18
   current  rx == 5.94321e-21
         delta == 0.01
Newt,GMRES == 5,0, f(u, N, dt, f_u, flags, dt) :  res == 0.406576
Newt,GMRES == 5,1, f(u, N, dt, f_u, flags, dt) :  res == 0.203519
Newt,GMRES == 5,2, f(u, N, dt, f_u, flags, dt) :  res == 0.168228
Newt,GMRES == 5,3, f(u, N, dt, f_u, flags, dt) :  res == 0.0981239
GMRES converged. Breaking.
Hookstep optimization is currently not implemented with Arclength Continuation.
Optimized Newton algorithm with AC: Computing residual to check convergence...f(u, N, dt, f_u, flags, dt) : : gx = 1.02397e-11 < 1.09025e-10
The residual is decreasing if we take this AC-Newton step.

Taking best step and continuing Newton iteration.
L2Norm(G(x)) == 1.02397e-11
rx           == 5.24257e-23
L2Norm(dxN)  == 1.36777e-08
L2Norm(dxOpt)== 1.36777e-08
========================================================
Newton iteration number 6
Current state of Newton iteration:
   fcount_newton   == 24
   fcount_optimiza == 6
   L2Norm(x)       == 0.0103702
   L2Norm(dxN)     == 1.36777e-08
   L2Norm(dxOpt)   == 1.36777e-08
   L2Dist(x,x0)    == 0.00220543
gx == L2Norm(G(x)) : 
   initial  gx == 1.93927e-05
   previous gx == 1.09025e-10
   current  gx == 1.02397e-11
rx == 1/2 L2Norm2(G(x)) : 
   initial  rx == 1.88039e-10
   previous rx == 5.94321e-21
   current  rx == 5.24257e-23
         delta == 0.01
Newt,GMRES == 6,0, f(u, N, dt, f_u, flags, dt) :  res == 0.956761
Newt,GMRES == 6,1, f(u, N, dt, f_u, flags, dt) :  res == 0.510739
Newt,GMRES == 6,2, f(u, N, dt, f_u, flags, dt) :  res == 0.477858
Newt,GMRES == 6,3, f(u, N, dt, f_u, flags, dt) :  res == 0.118839
Newt,GMRES == 6,4, f(u, N, dt, f_u, flags, dt) :  res == 0.0184884
GMRES converged. Breaking.
Hookstep optimization is currently not implemented with Arclength Continuation.
Optimized Newton algorithm with AC: Computing residual to check convergence...f(u, N, dt, f_u, flags, dt) : : gx = 9.7216e-13 < 1.02397e-11
The residual is decreasing if we take this AC-Newton step.

Taking best step and continuing Newton iteration.
L2Norm(G(x)) == 9.7216e-13
rx           == 4.72547e-25
L2Norm(dxN)  == 2.20712e-09
L2Norm(dxOpt)== 2.20712e-09
========================================================
Newton iteration number 7
Current state of Newton iteration:
   fcount_newton   == 29
   fcount_optimiza == 7
   L2Norm(x)       == 0.0103702
   L2Norm(dxN)     == 2.20712e-09
   L2Norm(dxOpt)   == 2.20712e-09
   L2Dist(x,x0)    == 0.00220543
gx == L2Norm(G(x)) : 
   initial  gx == 1.93927e-05
   previous gx == 1.02397e-11
   current  gx == 9.7216e-13
rx == 1/2 L2Norm2(G(x)) : 
   initial  rx == 1.88039e-10
   previous rx == 5.24257e-23
   current  rx == 4.72547e-25
         delta == 0.01
Newton search converged. Breaking.
L2Norm(G(x)) == 9.7216e-13 < epsSearch == 1e-11
