f(u, N, dt, f_u, flags, dt) : f(u, N, dt, f_u, flags, dt) : Computing G(x)
f(u, N, dt, f_u, flags, dt) : 
========================================================
Newton iteration number 0
Current state of Newton iteration:
   fcount_newton   == 1
   fcount_optimiza == 0
   L2Norm(x)       == 0.0242639
   L2Norm(dxN)     == 0
   L2Norm(dxOpt)   == 0
   L2Dist(x,x0)    == 0
gx == L2Norm(G(x)) : 
   initial  gx == 6.6767e-06
   previous gx == 6.6767e-06
   current  gx == 6.6767e-06
rx == 1/2 L2Norm2(G(x)) : 
   initial  rx == 2.22892e-11
   previous rx == 2.22892e-11
   current  rx == 2.22892e-11
         delta == 0.01
Newt,GMRES == 0,0, f(u, N, dt, f_u, flags, dt) :  res == 0.998977
Newt,GMRES == 0,1, f(u, N, dt, f_u, flags, dt) :  res == 0.251706
Newt,GMRES == 0,2, f(u, N, dt, f_u, flags, dt) :  res == 0.237283
Newt,GMRES == 0,3, f(u, N, dt, f_u, flags, dt) :  res == 0.0348518
GMRES converged. Breaking.
Hookstep optimization is currently not implemented with Arclength Continuation.
Optimized Newton algorithm with AC: Computing residual to check convergence...f(u, N, dt, f_u, flags, dt) : : gx = 1.08403e-06 < 6.6767e-06
The residual is decreasing if we take this AC-Newton step.

Taking best step and continuing Newton iteration.
L2Norm(G(x)) == 1.08403e-06
rx           == 5.87555e-13
L2Norm(dxN)  == 0.00109482
L2Norm(dxOpt)== 0.00109482
========================================================
Newton iteration number 1
Current state of Newton iteration:
   fcount_newton   == 5
   fcount_optimiza == 1
   L2Norm(x)       == 0.0232935
   L2Norm(dxN)     == 0.00109482
   L2Norm(dxOpt)   == 0.00109482
   L2Dist(x,x0)    == 0.00109488
gx == L2Norm(G(x)) : 
   initial  gx == 6.6767e-06
   previous gx == 6.6767e-06
   current  gx == 1.08403e-06
rx == 1/2 L2Norm2(G(x)) : 
   initial  rx == 2.22892e-11
   previous rx == 2.22892e-11
   current  rx == 5.87555e-13
         delta == 0.01
Newt,GMRES == 1,0, f(u, N, dt, f_u, flags, dt) :  res == 0.989566
Newt,GMRES == 1,1, f(u, N, dt, f_u, flags, dt) :  res == 0.608657
Newt,GMRES == 1,2, f(u, N, dt, f_u, flags, dt) :  res == 0.212596
Newt,GMRES == 1,3, f(u, N, dt, f_u, flags, dt) :  res == 0.088525
GMRES converged. Breaking.
Hookstep optimization is currently not implemented with Arclength Continuation.
Optimized Newton algorithm with AC: Computing residual to check convergence...f(u, N, dt, f_u, flags, dt) : : gx = 1.25178e-07 < 1.08403e-06
The residual is decreasing if we take this AC-Newton step.

Taking best step and continuing Newton iteration.
L2Norm(G(x)) == 1.25178e-07
rx           == 7.83482e-15
L2Norm(dxN)  == 0.000252623
L2Norm(dxOpt)== 0.000252623
========================================================
Newton iteration number 2
Current state of Newton iteration:
   fcount_newton   == 9
   fcount_optimiza == 2
   L2Norm(x)       == 0.0234532
   L2Norm(dxN)     == 0.000252623
   L2Norm(dxOpt)   == 0.000252623
   L2Dist(x,x0)    == 0.000920215
gx == L2Norm(G(x)) : 
   initial  gx == 6.6767e-06
   previous gx == 1.08403e-06
   current  gx == 1.25178e-07
rx == 1/2 L2Norm2(G(x)) : 
   initial  rx == 2.22892e-11
   previous rx == 5.87555e-13
   current  rx == 7.83482e-15
         delta == 0.01
Newt,GMRES == 2,0, f(u, N, dt, f_u, flags, dt) :  res == 0.972038
Newt,GMRES == 2,1, f(u, N, dt, f_u, flags, dt) :  res == 0.917538
Newt,GMRES == 2,2, f(u, N, dt, f_u, flags, dt) :  res == 0.67611
Newt,GMRES == 2,3, f(u, N, dt, f_u, flags, dt) :  res == 0.31049
Newt,GMRES == 2,4, f(u, N, dt, f_u, flags, dt) :  res == 0.0621539
GMRES converged. Breaking.
Hookstep optimization is currently not implemented with Arclength Continuation.
Optimized Newton algorithm with AC: Computing residual to check convergence...f(u, N, dt, f_u, flags, dt) : : gx = 8.23661e-09 < 1.25178e-07
The residual is decreasing if we take this AC-Newton step.

Taking best step and continuing Newton iteration.
L2Norm(G(x)) == 8.23661e-09
rx           == 3.39208e-17
L2Norm(dxN)  == 3.33125e-05
L2Norm(dxOpt)== 3.33125e-05
========================================================
Newton iteration number 3
Current state of Newton iteration:
   fcount_newton   == 14
   fcount_optimiza == 3
   L2Norm(x)       == 0.0234676
   L2Norm(dxN)     == 3.33125e-05
   L2Norm(dxOpt)   == 3.33125e-05
   L2Dist(x,x0)    == 0.00090644
gx == L2Norm(G(x)) : 
   initial  gx == 6.6767e-06
   previous gx == 1.25178e-07
   current  gx == 8.23661e-09
rx == 1/2 L2Norm2(G(x)) : 
   initial  rx == 2.22892e-11
   previous rx == 7.83482e-15
   current  rx == 3.39208e-17
         delta == 0.01
Newton search converged. Breaking.
L2Norm(G(x)) == 8.23661e-09 < epsSearch == 1e-08
