f(u, N, dt, f_u, flags, dt) : f(u, N, dt, f_u, flags, dt) : Computing G(x)
f(u, N, dt, f_u, flags, dt) : 
========================================================
Newton iteration number 0
Current state of Newton iteration:
   fcount_newton   == 1
   fcount_optimiza == 0
   L2Norm(x)       == 0.00979331
   L2Norm(dxN)     == 0
   L2Norm(dxOpt)   == 0
   L2Dist(x,x0)    == 0
gx == L2Norm(G(x)) : 
   initial  gx == 6.06036e-08
   previous gx == 6.06036e-08
   current  gx == 6.06036e-08
rx == 1/2 L2Norm2(G(x)) : 
   initial  rx == 1.8364e-15
   previous rx == 1.8364e-15
   current  rx == 1.8364e-15
         delta == 0.01
Newt,GMRES == 0,0, f(u, N, dt, f_u, flags, dt) :  res == 0.963589
Newt,GMRES == 0,1, f(u, N, dt, f_u, flags, dt) :  res == 0.432143
Newt,GMRES == 0,2, f(u, N, dt, f_u, flags, dt) :  res == 0.0714163
GMRES converged. Breaking.
Hookstep optimization is currently not implemented with Arclength Continuation.
Optimized Newton algorithm with AC: Computing residual to check convergence...f(u, N, dt, f_u, flags, dt) : : gx = 4.35612e-09 < 6.06036e-08
The residual is decreasing if we take this AC-Newton step.

Taking best step and continuing Newton iteration.
L2Norm(G(x)) == 4.35612e-09
rx           == 9.48788e-18
L2Norm(dxN)  == 1.06803e-05
L2Norm(dxOpt)== 1.06803e-05
========================================================
Newton iteration number 1
Current state of Newton iteration:
   fcount_newton   == 4
   fcount_optimiza == 1
   L2Norm(x)       == 0.00980373
   L2Norm(dxN)     == 1.06803e-05
   L2Norm(dxOpt)   == 1.06803e-05
   L2Dist(x,x0)    == 1.06803e-05
gx == L2Norm(G(x)) : 
   initial  gx == 6.06036e-08
   previous gx == 6.06036e-08
   current  gx == 4.35612e-09
rx == 1/2 L2Norm2(G(x)) : 
   initial  rx == 1.8364e-15
   previous rx == 1.8364e-15
   current  rx == 9.48788e-18
         delta == 0.01
Newt,GMRES == 1,0, f(u, N, dt, f_u, flags, dt) :  res == 0.29484
Newt,GMRES == 1,1, f(u, N, dt, f_u, flags, dt) :  res == 0.212674
Newt,GMRES == 1,2, f(u, N, dt, f_u, flags, dt) :  res == 0.145351
Newt,GMRES == 1,3, f(u, N, dt, f_u, flags, dt) :  res == 0.0413107
GMRES converged. Breaking.
Hookstep optimization is currently not implemented with Arclength Continuation.
Optimized Newton algorithm with AC: Computing residual to check convergence...f(u, N, dt, f_u, flags, dt) : : gx = 1.78217e-10 < 4.35612e-09
The residual is decreasing if we take this AC-Newton step.

Taking best step and continuing Newton iteration.
L2Norm(G(x)) == 1.78217e-10
rx           == 1.58806e-20
L2Norm(dxN)  == 5.52009e-07
L2Norm(dxOpt)== 5.52009e-07
========================================================
Newton iteration number 2
Current state of Newton iteration:
   fcount_newton   == 8
   fcount_optimiza == 2
   L2Norm(x)       == 0.00980381
   L2Norm(dxN)     == 5.52009e-07
   L2Norm(dxOpt)   == 5.52009e-07
   L2Dist(x,x0)    == 1.07455e-05
gx == L2Norm(G(x)) : 
   initial  gx == 6.06036e-08
   previous gx == 4.35612e-09
   current  gx == 1.78217e-10
rx == 1/2 L2Norm2(G(x)) : 
   initial  rx == 1.8364e-15
   previous rx == 9.48788e-18
   current  rx == 1.58806e-20
         delta == 0.01
Newt,GMRES == 2,0, f(u, N, dt, f_u, flags, dt) :  res == 0.33816
Newt,GMRES == 2,1, f(u, N, dt, f_u, flags, dt) :  res == 0.206064
Newt,GMRES == 2,2, f(u, N, dt, f_u, flags, dt) :  res == 0.199183
Newt,GMRES == 2,3, f(u, N, dt, f_u, flags, dt) :  res == 0.046953
GMRES converged. Breaking.
Hookstep optimization is currently not implemented with Arclength Continuation.
Optimized Newton algorithm with AC: Computing residual to check convergence...f(u, N, dt, f_u, flags, dt) : : gx = 8.47703e-12 < 1.78217e-10
The residual is decreasing if we take this AC-Newton step.

Taking best step and continuing Newton iteration.
L2Norm(G(x)) == 8.47703e-12
rx           == 3.593e-23
L2Norm(dxN)  == 2.13579e-08
L2Norm(dxOpt)== 2.13579e-08
========================================================
Newton iteration number 3
Current state of Newton iteration:
   fcount_newton   == 12
   fcount_optimiza == 3
   L2Norm(x)       == 0.00980381
   L2Norm(dxN)     == 2.13579e-08
   L2Norm(dxOpt)   == 2.13579e-08
   L2Dist(x,x0)    == 1.07507e-05
gx == L2Norm(G(x)) : 
   initial  gx == 6.06036e-08
   previous gx == 1.78217e-10
   current  gx == 8.47703e-12
rx == 1/2 L2Norm2(G(x)) : 
   initial  rx == 1.8364e-15
   previous rx == 1.58806e-20
   current  rx == 3.593e-23
         delta == 0.01
Newton search converged. Breaking.
L2Norm(G(x)) == 8.47703e-12 < epsSearch == 1e-11
