f(u, N, dt, f_u, flags, dt) : f(u, N, dt, f_u, flags, dt) : Computing G(x)
f(u, N, dt, f_u, flags, dt) : 
========================================================
Newton iteration number 0
Current state of Newton iteration:
   fcount_newton   == 1
   fcount_optimiza == 0
   L2Norm(x)       == 0.215194
   L2Norm(dxN)     == 0
   L2Norm(dxOpt)   == 0
   L2Dist(x,x0)    == 0
gx == L2Norm(G(x)) : 
   initial  gx == 1.25895e-09
   previous gx == 1.25895e-09
   current  gx == 1.25895e-09
rx == 1/2 L2Norm2(G(x)) : 
   initial  rx == 7.92476e-19
   previous rx == 7.92476e-19
   current  rx == 7.92476e-19
         delta == 0.01
Newt,GMRES == 0,0, f(u, N, dt, f_u, flags, dt) :  res == 0.287902
Newt,GMRES == 0,1, f(u, N, dt, f_u, flags, dt) :  res == 0.054764
Newt,GMRES == 0,2, f(u, N, dt, f_u, flags, dt) :  res == 0.000212296
GMRES converged. Breaking.
Hookstep optimization is currently not implemented with Arclength Continuation.
Optimized Newton algorithm with AC: Computing residual to check convergence...f(u, N, dt, f_u, flags, dt) : : gx = 1.58718e-11 < 1.25895e-09
The residual is decreasing if we take this AC-Newton step.

Taking best step and continuing Newton iteration.
L2Norm(G(x)) == 1.58718e-11
rx           == 1.25958e-22
L2Norm(dxN)  == 1.29114e-07
L2Norm(dxOpt)== 1.29114e-07
========================================================
Newton iteration number 1
Current state of Newton iteration:
   fcount_newton   == 4
   fcount_optimiza == 1
   L2Norm(x)       == 0.215194
   L2Norm(dxN)     == 1.29114e-07
   L2Norm(dxOpt)   == 1.29114e-07
   L2Dist(x,x0)    == 1.29114e-07
gx == L2Norm(G(x)) : 
   initial  gx == 1.25895e-09
   previous gx == 1.25895e-09
   current  gx == 1.58718e-11
rx == 1/2 L2Norm2(G(x)) : 
   initial  rx == 7.92476e-19
   previous rx == 7.92476e-19
   current  rx == 1.25958e-22
         delta == 0.01
Newt,GMRES == 1,0, f(u, N, dt, f_u, flags, dt) :  res == 0.594355
Newt,GMRES == 1,1, f(u, N, dt, f_u, flags, dt) :  res == 0.00843099
Newt,GMRES == 1,2, f(u, N, dt, f_u, flags, dt) :  res == 5.23188e-05
GMRES converged. Breaking.
Hookstep optimization is currently not implemented with Arclength Continuation.
Optimized Newton algorithm with AC: Computing residual to check convergence...f(u, N, dt, f_u, flags, dt) : : gx = 1.75275e-12 < 1.58718e-11
The residual is decreasing if we take this AC-Newton step.

Taking best step and continuing Newton iteration.
L2Norm(G(x)) == 1.75275e-12
rx           == 1.53606e-24
L2Norm(dxN)  == 2.3489e-09
L2Norm(dxOpt)== 2.3489e-09
========================================================
Newton iteration number 2
Current state of Newton iteration:
   fcount_newton   == 7
   fcount_optimiza == 2
   L2Norm(x)       == 0.215194
   L2Norm(dxN)     == 2.3489e-09
   L2Norm(dxOpt)   == 2.3489e-09
   L2Dist(x,x0)    == 1.2964e-07
gx == L2Norm(G(x)) : 
   initial  gx == 1.25895e-09
   previous gx == 1.58718e-11
   current  gx == 1.75275e-12
rx == 1/2 L2Norm2(G(x)) : 
   initial  rx == 7.92476e-19
   previous rx == 1.25958e-22
   current  rx == 1.53606e-24
         delta == 0.01
Newton search converged. Breaking.
L2Norm(G(x)) == 1.75275e-12 < epsSearch == 1e-11
