f(u, N, dt, f_u, flags, dt) : f(u, N, dt, f_u, flags, dt) : Computing G(x)
f(u, N, dt, f_u, flags, dt) : 
========================================================
Newton iteration number 0
Current state of Newton iteration:
   fcount_newton   == 1
   fcount_optimiza == 0
   L2Norm(x)       == 0.180308
   L2Norm(dxN)     == 0
   L2Norm(dxOpt)   == 0
   L2Dist(x,x0)    == 0
gx == L2Norm(G(x)) : 
   initial  gx == 8.82889e-11
   previous gx == 8.82889e-11
   current  gx == 8.82889e-11
rx == 1/2 L2Norm2(G(x)) : 
   initial  rx == 3.89746e-21
   previous rx == 3.89746e-21
   current  rx == 3.89746e-21
         delta == 0.01
Newt,GMRES == 0,0, f(u, N, dt, f_u, flags, dt) :  res == 0.290556
Newt,GMRES == 0,1, f(u, N, dt, f_u, flags, dt) :  res == 0.26814
Newt,GMRES == 0,2, f(u, N, dt, f_u, flags, dt) :  res == 4.64038e-05
GMRES converged. Breaking.
Hookstep optimization is currently not implemented with Arclength Continuation.
Optimized Newton algorithm with AC: Computing residual to check convergence...f(u, N, dt, f_u, flags, dt) : : gx = 2.24446e-11 < 8.82889e-11
The residual is decreasing if we take this AC-Newton step.

Taking best step and continuing Newton iteration.
L2Norm(G(x)) == 2.24446e-11
rx           == 2.5188e-22
L2Norm(dxN)  == 1.26447e-08
L2Norm(dxOpt)== 1.26447e-08
========================================================
Newton iteration number 1
Current state of Newton iteration:
   fcount_newton   == 4
   fcount_optimiza == 1
   L2Norm(x)       == 0.180308
   L2Norm(dxN)     == 1.26447e-08
   L2Norm(dxOpt)   == 1.26447e-08
   L2Dist(x,x0)    == 1.26447e-08
gx == L2Norm(G(x)) : 
   initial  gx == 8.82889e-11
   previous gx == 8.82889e-11
   current  gx == 2.24446e-11
rx == 1/2 L2Norm2(G(x)) : 
   initial  rx == 3.89746e-21
   previous rx == 3.89746e-21
   current  rx == 2.5188e-22
         delta == 0.01
Newt,GMRES == 1,0, f(u, N, dt, f_u, flags, dt) :  res == 0.219157
Newt,GMRES == 1,1, f(u, N, dt, f_u, flags, dt) :  res == 0.000106001
GMRES converged. Breaking.
Hookstep optimization is currently not implemented with Arclength Continuation.
Optimized Newton algorithm with AC: Computing residual to check convergence...f(u, N, dt, f_u, flags, dt) : : gx = 9.45275e-12 < 2.24446e-11
The residual is decreasing if we take this AC-Newton step.

Taking best step and continuing Newton iteration.
L2Norm(G(x)) == 9.45275e-12
rx           == 4.46772e-23
L2Norm(dxN)  == 4.26833e-09
L2Norm(dxOpt)== 4.26833e-09
========================================================
Newton iteration number 2
Current state of Newton iteration:
   fcount_newton   == 6
   fcount_optimiza == 2
   L2Norm(x)       == 0.180308
   L2Norm(dxN)     == 4.26833e-09
   L2Norm(dxOpt)   == 4.26833e-09
   L2Dist(x,x0)    == 1.64616e-08
gx == L2Norm(G(x)) : 
   initial  gx == 8.82889e-11
   previous gx == 2.24446e-11
   current  gx == 9.45275e-12
rx == 1/2 L2Norm2(G(x)) : 
   initial  rx == 3.89746e-21
   previous rx == 2.5188e-22
   current  rx == 4.46772e-23
         delta == 0.01
Newton search converged. Breaking.
L2Norm(G(x)) == 9.45275e-12 < epsSearch == 1e-11
