f(u, N, dt, f_u, flags, dt) : Computing G(x)
f(u, N, dt, f_u, flags, dt) : 
========================================================
Newton iteration number 0
Current state of Newton iteration:
   fcount_newton   == 1
   fcount_optimiza == 0
   L2Norm(x)       == 0.045487
   L2Norm(dxN)     == 0
   L2Norm(dxOpt)   == 0
   L2Dist(x,x0)    == 0
gx == L2Norm(G(x)) : 
   initial  gx == 1.79622e-06
   previous gx == 1.79622e-06
   current  gx == 1.79622e-06
rx == 1/2 L2Norm2(G(x)) : 
   initial  rx == 1.6132e-12
   previous rx == 1.6132e-12
   current  rx == 1.6132e-12
         delta == 0.01
Newt,GMRES == 0,0, f(u, N, dt, f_u, flags, dt) :  res == 0.999988
Newt,GMRES == 0,1, f(u, N, dt, f_u, flags, dt) :  res == 0.306688
Newt,GMRES == 0,2, f(u, N, dt, f_u, flags, dt) :  res == 0.00398756
Newt,GMRES == 0,3, f(u, N, dt, f_u, flags, dt) :  res == 3.55693e-10
GMRES converged. Breaking.
Hookstep optimization is currently not implemented with Arclength Continuation.
Optimized Newton algorithm with AC: Computing residual to check convergence...f(u, N, dt, f_u, flags, dt) : : gx = 2.33582e-06 > 1.79622e-06
The error is increasing if we take the Newton step. Newton step optimization leaves step size correction to arclength continuation.
