f(u, N, dt, f_u, flags, dt) : f(u, N, dt, f_u, flags, dt) : Computing G(x)
f(u, N, dt, f_u, flags, dt) : 
========================================================
Newton iteration number 0
Current state of Newton iteration:
   fcount_newton   == 1
   fcount_optimiza == 0
   L2Norm(x)       == 0.2028
   L2Norm(dxN)     == 0
   L2Norm(dxOpt)   == 0
   L2Dist(x,x0)    == 0
gx == L2Norm(G(x)) : 
   initial  gx == 4.92627e-10
   previous gx == 4.92627e-10
   current  gx == 4.92627e-10
rx == 1/2 L2Norm2(G(x)) : 
   initial  rx == 1.21341e-19
   previous rx == 1.21341e-19
   current  rx == 1.21341e-19
         delta == 0.01
Newt,GMRES == 0,0, f(u, N, dt, f_u, flags, dt) :  res == 0.422963
Newt,GMRES == 0,1, f(u, N, dt, f_u, flags, dt) :  res == 0.344578
Newt,GMRES == 0,2, f(u, N, dt, f_u, flags, dt) :  res == 0.00024378
GMRES converged. Breaking.
Hookstep optimization is currently not implemented with Arclength Continuation.
Optimized Newton algorithm with AC: Computing residual to check convergence...f(u, N, dt, f_u, flags, dt) : : gx = 4.24444e-12 < 4.92627e-10
The residual is decreasing if we take this AC-Newton step.

Taking best step and continuing Newton iteration.
L2Norm(G(x)) == 4.24444e-12
rx           == 9.00763e-24
L2Norm(dxN)  == 8.50945e-08
L2Norm(dxOpt)== 8.50945e-08
========================================================
Newton iteration number 1
Current state of Newton iteration:
   fcount_newton   == 4
   fcount_optimiza == 1
   L2Norm(x)       == 0.2028
   L2Norm(dxN)     == 8.50945e-08
   L2Norm(dxOpt)   == 8.50945e-08
   L2Dist(x,x0)    == 8.50945e-08
gx == L2Norm(G(x)) : 
   initial  gx == 4.92627e-10
   previous gx == 4.92627e-10
   current  gx == 4.24444e-12
rx == 1/2 L2Norm2(G(x)) : 
   initial  rx == 1.21341e-19
   previous rx == 1.21341e-19
   current  rx == 9.00763e-24
         delta == 0.01
Newton search converged. Breaking.
L2Norm(G(x)) == 4.24444e-12 < epsSearch == 1e-11
