f(u, N, dt, f_u, flags, dt) : f(u, N, dt, f_u, flags, dt) : Computing G(x)
f(u, N, dt, f_u, flags, dt) : 
========================================================
Newton iteration number 0
Current state of Newton iteration:
   fcount_newton   == 1
   fcount_optimiza == 0
   L2Norm(x)       == 0.220616
   L2Norm(dxN)     == 0
   L2Norm(dxOpt)   == 0
   L2Dist(x,x0)    == 0
gx == L2Norm(G(x)) : 
   initial  gx == 6.16132e-09
   previous gx == 6.16132e-09
   current  gx == 6.16132e-09
rx == 1/2 L2Norm2(G(x)) : 
   initial  rx == 1.8981e-17
   previous rx == 1.8981e-17
   current  rx == 1.8981e-17
         delta == 0.01
Newt,GMRES == 0,0, f(u, N, dt, f_u, flags, dt) :  res == 0.360158
Newt,GMRES == 0,1, f(u, N, dt, f_u, flags, dt) :  res == 0.0286503
Newt,GMRES == 0,2, f(u, N, dt, f_u, flags, dt) :  res == 0.000356628
GMRES converged. Breaking.
Hookstep optimization is currently not implemented with Arclength Continuation.
Optimized Newton algorithm with AC: Computing residual to check convergence...f(u, N, dt, f_u, flags, dt) : : gx = 3.54791e-11 < 6.16132e-09
The residual is decreasing if we take this AC-Newton step.

Taking best step and continuing Newton iteration.
L2Norm(G(x)) == 3.54791e-11
rx           == 6.29384e-22
L2Norm(dxN)  == 6.48052e-07
L2Norm(dxOpt)== 6.48052e-07
========================================================
Newton iteration number 1
Current state of Newton iteration:
   fcount_newton   == 4
   fcount_optimiza == 1
   L2Norm(x)       == 0.220617
   L2Norm(dxN)     == 6.48052e-07
   L2Norm(dxOpt)   == 6.48052e-07
   L2Dist(x,x0)    == 6.48052e-07
gx == L2Norm(G(x)) : 
   initial  gx == 6.16132e-09
   previous gx == 6.16132e-09
   current  gx == 3.54791e-11
rx == 1/2 L2Norm2(G(x)) : 
   initial  rx == 1.8981e-17
   previous rx == 1.8981e-17
   current  rx == 6.29384e-22
         delta == 0.01
Newt,GMRES == 1,0, f(u, N, dt, f_u, flags, dt) :  res == 0.4395
Newt,GMRES == 1,1, f(u, N, dt, f_u, flags, dt) :  res == 0.0390198
Newt,GMRES == 1,2, f(u, N, dt, f_u, flags, dt) :  res == 0.000537347
GMRES converged. Breaking.
Hookstep optimization is currently not implemented with Arclength Continuation.
Optimized Newton algorithm with AC: Computing residual to check convergence...f(u, N, dt, f_u, flags, dt) : : gx = 6.50638e-12 < 3.54791e-11
The residual is decreasing if we take this AC-Newton step.

Taking best step and continuing Newton iteration.
L2Norm(G(x)) == 6.50638e-12
rx           == 2.11665e-23
L2Norm(dxN)  == 4.68537e-09
L2Norm(dxOpt)== 4.68537e-09
========================================================
Newton iteration number 2
Current state of Newton iteration:
   fcount_newton   == 7
   fcount_optimiza == 2
   L2Norm(x)       == 0.220617
   L2Norm(dxN)     == 4.68537e-09
   L2Norm(dxOpt)   == 4.68537e-09
   L2Dist(x,x0)    == 6.49053e-07
gx == L2Norm(G(x)) : 
   initial  gx == 6.16132e-09
   previous gx == 3.54791e-11
   current  gx == 6.50638e-12
rx == 1/2 L2Norm2(G(x)) : 
   initial  rx == 1.8981e-17
   previous rx == 6.29384e-22
   current  rx == 2.11665e-23
         delta == 0.01
Newton search converged. Breaking.
L2Norm(G(x)) == 6.50638e-12 < epsSearch == 1e-11
