f(u, N, dt, f_u, flags, dt) : Computing G(x)
f(u, N, dt, f_u, flags, dt) : 
========================================================
Newton iteration number 0
Current state of Newton iteration:
   fcount_newton   == 1
   fcount_optimiza == 0
   L2Norm(x)       == 0.0224624
   L2Norm(dxN)     == 0
   L2Norm(dxOpt)   == 0
   L2Dist(x,x0)    == 0
gx == L2Norm(G(x)) : 
   initial  gx == 1.991e-05
   previous gx == 1.991e-05
   current  gx == 1.991e-05
rx == 1/2 L2Norm2(G(x)) : 
   initial  rx == 1.98204e-10
   previous rx == 1.98204e-10
   current  rx == 1.98204e-10
         delta == 0.01
Newt,GMRES == 0,0, f(u, N, dt, f_u, flags, dt) :  res == 0.999607
Newt,GMRES == 0,1, f(u, N, dt, f_u, flags, dt) :  res == 0.126713
Newt,GMRES == 0,2, f(u, N, dt, f_u, flags, dt) :  res == 0.0364636
GMRES converged. Breaking.
Hookstep optimization is currently not implemented with Arclength Continuation.
Optimized Newton algorithm with AC: Computing residual to check convergence...f(u, N, dt, f_u, flags, dt) : : gx = 5.79964e-07 < 1.991e-05
The residual is decreasing if we take this AC-Newton step.

Taking best step and continuing Newton iteration.
L2Norm(G(x)) == 5.79964e-07
rx           == 1.68179e-13
L2Norm(dxN)  == 0.00226445
L2Norm(dxOpt)== 0.00226445
========================================================
Newton iteration number 1
Current state of Newton iteration:
   fcount_newton   == 4
   fcount_optimiza == 1
   L2Norm(x)       == 0.0205149
   L2Norm(dxN)     == 0.00226445
   L2Norm(dxOpt)   == 0.00226445
   L2Dist(x,x0)    == 0.00226448
gx == L2Norm(G(x)) : 
   initial  gx == 1.991e-05
   previous gx == 1.991e-05
   current  gx == 5.79964e-07
rx == 1/2 L2Norm2(G(x)) : 
   initial  rx == 1.98204e-10
   previous rx == 1.98204e-10
   current  rx == 1.68179e-13
         delta == 0.01
Newt,GMRES == 1,0, f(u, N, dt, f_u, flags, dt) :  res == 0.998385
Newt,GMRES == 1,1, f(u, N, dt, f_u, flags, dt) :  res == 0.191386
Newt,GMRES == 1,2, f(u, N, dt, f_u, flags, dt) :  res == 0.0195273
GMRES converged. Breaking.
Hookstep optimization is currently not implemented with Arclength Continuation.
Optimized Newton algorithm with AC: Computing residual to check convergence...f(u, N, dt, f_u, flags, dt) : : gx = 1.38151e-08 < 5.79964e-07
The residual is decreasing if we take this AC-Newton step.

Taking best step and continuing Newton iteration.
L2Norm(G(x)) == 1.38151e-08
rx           == 9.54289e-17
L2Norm(dxN)  == 0.000109038
L2Norm(dxOpt)== 0.000109038
========================================================
Newton iteration number 2
Current state of Newton iteration:
   fcount_newton   == 7
   fcount_optimiza == 2
   L2Norm(x)       == 0.0204686
   L2Norm(dxN)     == 0.000109038
   L2Norm(dxOpt)   == 0.000109038
   L2Dist(x,x0)    == 0.00231257
gx == L2Norm(G(x)) : 
   initial  gx == 1.991e-05
   previous gx == 5.79964e-07
   current  gx == 1.38151e-08
rx == 1/2 L2Norm2(G(x)) : 
   initial  rx == 1.98204e-10
   previous rx == 1.68179e-13
   current  rx == 9.54289e-17
         delta == 0.01
Newt,GMRES == 2,0, f(u, N, dt, f_u, flags, dt) :  res == 0.977327
Newt,GMRES == 2,1, f(u, N, dt, f_u, flags, dt) :  res == 0.287652
Newt,GMRES == 2,2, f(u, N, dt, f_u, flags, dt) :  res == 0.0548318
GMRES converged. Breaking.
Hookstep optimization is currently not implemented with Arclength Continuation.
Optimized Newton algorithm with AC: Computing residual to check convergence...f(u, N, dt, f_u, flags, dt) : : gx = 7.75974e-10 < 1.38151e-08
The residual is decreasing if we take this AC-Newton step.

Taking best step and continuing Newton iteration.
L2Norm(G(x)) == 7.75974e-10
rx           == 3.01068e-19
L2Norm(dxN)  == 2.36477e-06
L2Norm(dxOpt)== 2.36477e-06
========================================================
Newton iteration number 3
Current state of Newton iteration:
   fcount_newton   == 10
   fcount_optimiza == 3
   L2Norm(x)       == 0.0204689
   L2Norm(dxN)     == 2.36477e-06
   L2Norm(dxOpt)   == 2.36477e-06
   L2Dist(x,x0)    == 0.00231277
gx == L2Norm(G(x)) : 
   initial  gx == 1.991e-05
   previous gx == 1.38151e-08
   current  gx == 7.75974e-10
rx == 1/2 L2Norm2(G(x)) : 
   initial  rx == 1.98204e-10
   previous rx == 9.54289e-17
   current  rx == 3.01068e-19
         delta == 0.01
Newton search converged. Breaking.
L2Norm(G(x)) == 7.75974e-10 < epsSearch == 1e-08
