f(u, N, dt, f_u, flags, dt) : Computing G(x)
f(u, N, dt, f_u, flags, dt) : 
========================================================
Newton iteration number 0
Current state of Newton iteration:
   fcount_newton   == 1
   fcount_optimiza == 0
   L2Norm(x)       == 0.0223189
   L2Norm(dxN)     == 0
   L2Norm(dxOpt)   == 0
   L2Dist(x,x0)    == 0
gx == L2Norm(G(x)) : 
   initial  gx == 1.65358e-06
   previous gx == 1.65358e-06
   current  gx == 1.65358e-06
rx == 1/2 L2Norm2(G(x)) : 
   initial  rx == 1.36716e-12
   previous rx == 1.36716e-12
   current  rx == 1.36716e-12
         delta == 0.01
Newt,GMRES == 0,0, f(u, N, dt, f_u, flags, dt) :  res == 0.996985
Newt,GMRES == 0,1, f(u, N, dt, f_u, flags, dt) :  res == 0.0717309
GMRES converged. Breaking.
Hookstep optimization is currently not implemented with Arclength Continuation.
Optimized Newton algorithm with AC: Computing residual to check convergence...f(u, N, dt, f_u, flags, dt) : : gx = 1.19597e-07 < 1.65358e-06
The residual is decreasing if we take this AC-Newton step.

Taking best step and continuing Newton iteration.
L2Norm(G(x)) == 1.19597e-07
rx           == 7.15172e-15
L2Norm(dxN)  == 0.0001731
L2Norm(dxOpt)== 0.0001731
========================================================
Newton iteration number 1
Current state of Newton iteration:
   fcount_newton   == 3
   fcount_optimiza == 1
   L2Norm(x)       == 0.0221948
   L2Norm(dxN)     == 0.0001731
   L2Norm(dxOpt)   == 0.0001731
   L2Dist(x,x0)    == 0.000173101
gx == L2Norm(G(x)) : 
   initial  gx == 1.65358e-06
   previous gx == 1.65358e-06
   current  gx == 1.19597e-07
rx == 1/2 L2Norm2(G(x)) : 
   initial  rx == 1.36716e-12
   previous rx == 1.36716e-12
   current  rx == 7.15172e-15
         delta == 0.01
Newt,GMRES == 1,0, f(u, N, dt, f_u, flags, dt) :  res == 0.98335
Newt,GMRES == 1,1, f(u, N, dt, f_u, flags, dt) :  res == 0.377758
Newt,GMRES == 1,2, f(u, N, dt, f_u, flags, dt) :  res == 0.221085
Newt,GMRES == 1,3, f(u, N, dt, f_u, flags, dt) :  res == 0.170402
Newt,GMRES == 1,4, f(u, N, dt, f_u, flags, dt) :  res == 0.0684319
GMRES converged. Breaking.
Hookstep optimization is currently not implemented with Arclength Continuation.
Optimized Newton algorithm with AC: Computing residual to check convergence...f(u, N, dt, f_u, flags, dt) : : gx = 7.52612e-09 < 1.19597e-07
The residual is decreasing if we take this AC-Newton step.

Taking best step and continuing Newton iteration.
L2Norm(G(x)) == 7.52612e-09
rx           == 2.83213e-17
L2Norm(dxN)  == 4.12577e-05
L2Norm(dxOpt)== 4.12577e-05
========================================================
Newton iteration number 2
Current state of Newton iteration:
   fcount_newton   == 8
   fcount_optimiza == 2
   L2Norm(x)       == 0.0221796
   L2Norm(dxN)     == 4.12577e-05
   L2Norm(dxOpt)   == 4.12577e-05
   L2Dist(x,x0)    == 0.000180589
gx == L2Norm(G(x)) : 
   initial  gx == 1.65358e-06
   previous gx == 1.19597e-07
   current  gx == 7.52612e-09
rx == 1/2 L2Norm2(G(x)) : 
   initial  rx == 1.36716e-12
   previous rx == 7.15172e-15
   current  rx == 2.83213e-17
         delta == 0.01
Newton search converged. Breaking.
L2Norm(G(x)) == 7.52612e-09 < epsSearch == 1e-08
