f(u, N, dt, f_u, flags, dt) : Computing G(x)
f(u, N, dt, f_u, flags, dt) : 
========================================================
Newton iteration number 0
Current state of Newton iteration:
   fcount_newton   == 1
   fcount_optimiza == 0
   L2Norm(x)       == 0.0223524
   L2Norm(dxN)     == 0
   L2Norm(dxOpt)   == 0
   L2Dist(x,x0)    == 0
gx == L2Norm(G(x)) : 
   initial  gx == 8.01387e-08
   previous gx == 8.01387e-08
   current  gx == 8.01387e-08
rx == 1/2 L2Norm2(G(x)) : 
   initial  rx == 3.21111e-15
   previous rx == 3.21111e-15
   current  rx == 3.21111e-15
         delta == 0.01
Newt,GMRES == 0,0, f(u, N, dt, f_u, flags, dt) :  res == 0.981477
Newt,GMRES == 0,1, f(u, N, dt, f_u, flags, dt) :  res == 0.338445
Newt,GMRES == 0,2, f(u, N, dt, f_u, flags, dt) :  res == 0.338438
Newt,GMRES == 0,3, f(u, N, dt, f_u, flags, dt) :  res == 0.201368
Newt,GMRES == 0,4, f(u, N, dt, f_u, flags, dt) :  res == 0.0696629
GMRES converged. Breaking.
Hookstep optimization is currently not implemented with Arclength Continuation.
Optimized Newton algorithm with AC: Computing residual to check convergence...f(u, N, dt, f_u, flags, dt) : : gx = 1.08867e-08 < 8.01387e-08
The residual is decreasing if we take this AC-Newton step.

Taking best step and continuing Newton iteration.
L2Norm(G(x)) == 1.08867e-08
rx           == 5.926e-17
L2Norm(dxN)  == 7.05714e-05
L2Norm(dxOpt)== 7.05714e-05
========================================================
Newton iteration number 1
Current state of Newton iteration:
   fcount_newton   == 6
   fcount_optimiza == 1
   L2Norm(x)       == 0.0223299
   L2Norm(dxN)     == 7.05714e-05
   L2Norm(dxOpt)   == 7.05714e-05
   L2Dist(x,x0)    == 7.05717e-05
gx == L2Norm(G(x)) : 
   initial  gx == 8.01387e-08
   previous gx == 8.01387e-08
   current  gx == 1.08867e-08
rx == 1/2 L2Norm2(G(x)) : 
   initial  rx == 3.21111e-15
   previous rx == 3.21111e-15
   current  rx == 5.926e-17
         delta == 0.01
Newt,GMRES == 1,0, f(u, N, dt, f_u, flags, dt) :  res == 0.999976
Newt,GMRES == 1,1, f(u, N, dt, f_u, flags, dt) :  res == 0.887012
Newt,GMRES == 1,2, f(u, N, dt, f_u, flags, dt) :  res == 0.886707
Newt,GMRES == 1,3, f(u, N, dt, f_u, flags, dt) :  res == 0.85223
Newt,GMRES == 1,4, f(u, N, dt, f_u, flags, dt) :  res == 0.282222
Newt,GMRES == 1,5, f(u, N, dt, f_u, flags, dt) :  res == 0.163465
Newt,GMRES == 1,6, f(u, N, dt, f_u, flags, dt) :  res == 0.161259
Newt,GMRES == 1,7, f(u, N, dt, f_u, flags, dt) :  res == 0.157296
Newt,GMRES == 1,8, f(u, N, dt, f_u, flags, dt) :  res == 0.0849459
GMRES converged. Breaking.
Hookstep optimization is currently not implemented with Arclength Continuation.
Optimized Newton algorithm with AC: Computing residual to check convergence...f(u, N, dt, f_u, flags, dt) : : gx = 2.25e-08 > 1.08867e-08
The error is increasing if we take the Newton step. Newton step optimization leaves step size correction to arclength continuation.
