f(u, N, dt, f_u, flags, dt) : f(u, N, dt, f_u, flags, dt) : Computing G(x)
f(u, N, dt, f_u, flags, dt) : 
========================================================
Newton iteration number 0
Current state of Newton iteration:
   fcount_newton   == 1
   fcount_optimiza == 0
   L2Norm(x)       == 0.167216
   L2Norm(dxN)     == 0
   L2Norm(dxOpt)   == 0
   L2Dist(x,x0)    == 0
gx == L2Norm(G(x)) : 
   initial  gx == 3.51902e-10
   previous gx == 3.51902e-10
   current  gx == 3.51902e-10
rx == 1/2 L2Norm2(G(x)) : 
   initial  rx == 6.19176e-20
   previous rx == 6.19176e-20
   current  rx == 6.19176e-20
         delta == 0.01
Newt,GMRES == 0,0, f(u, N, dt, f_u, flags, dt) :  res == 0.101366
Newt,GMRES == 0,1, f(u, N, dt, f_u, flags, dt) :  res == 0.0558062
Newt,GMRES == 0,2, f(u, N, dt, f_u, flags, dt) :  res == 2.8649e-06
GMRES converged. Breaking.
Hookstep optimization is currently not implemented with Arclength Continuation.
Optimized Newton algorithm with AC: Computing residual to check convergence...f(u, N, dt, f_u, flags, dt) : : gx = 7.77788e-12 < 3.51902e-10
The residual is decreasing if we take this AC-Newton step.

Taking best step and continuing Newton iteration.
L2Norm(G(x)) == 7.77788e-12
rx           == 3.02477e-23
L2Norm(dxN)  == 4.74794e-08
L2Norm(dxOpt)== 4.74794e-08
========================================================
Newton iteration number 1
Current state of Newton iteration:
   fcount_newton   == 4
   fcount_optimiza == 1
   L2Norm(x)       == 0.167216
   L2Norm(dxN)     == 4.74794e-08
   L2Norm(dxOpt)   == 4.74794e-08
   L2Dist(x,x0)    == 4.74794e-08
gx == L2Norm(G(x)) : 
   initial  gx == 3.51902e-10
   previous gx == 3.51902e-10
   current  gx == 7.77788e-12
rx == 1/2 L2Norm2(G(x)) : 
   initial  rx == 6.19176e-20
   previous rx == 6.19176e-20
   current  rx == 3.02477e-23
         delta == 0.01
Newton search converged. Breaking.
L2Norm(G(x)) == 7.77788e-12 < epsSearch == 1e-11
